[2024-02-07T03:42:23.132+0000] {taskinstance.py:1956} INFO - Dependencies all met for dep_context=non-requeueable deps ti=<TaskInstance: Read_and_load_of_API_to_MySQLDB.Load_API_posts manual__2024-02-06T23:01:45.347640+00:00 [queued]>
[2024-02-07T03:42:23.152+0000] {taskinstance.py:1956} INFO - Dependencies all met for dep_context=requeueable deps ti=<TaskInstance: Read_and_load_of_API_to_MySQLDB.Load_API_posts manual__2024-02-06T23:01:45.347640+00:00 [queued]>
[2024-02-07T03:42:23.153+0000] {taskinstance.py:2170} INFO - Starting attempt 59 of 63
[2024-02-07T03:42:23.182+0000] {taskinstance.py:2191} INFO - Executing <Task(_PythonDecoratedOperator): Load_API_posts> on 2024-02-06 23:01:45.347640+00:00
[2024-02-07T03:42:23.190+0000] {standard_task_runner.py:60} INFO - Started process 292 to run task
[2024-02-07T03:42:23.196+0000] {standard_task_runner.py:87} INFO - Running: ['***', 'tasks', 'run', 'Read_and_load_of_API_to_MySQLDB', 'Load_API_posts', 'manual__2024-02-06T23:01:45.347640+00:00', '--job-id', '276', '--raw', '--subdir', 'DAGS_FOLDER/CRM.py', '--cfg-path', '/tmp/tmpu_slay7m']
[2024-02-07T03:42:23.200+0000] {standard_task_runner.py:88} INFO - Job 276: Subtask Load_API_posts
[2024-02-07T03:42:23.295+0000] {task_command.py:423} INFO - Running <TaskInstance: Read_and_load_of_API_to_MySQLDB.Load_API_posts manual__2024-02-06T23:01:45.347640+00:00 [running]> on host c35f28e50200
[2024-02-07T03:42:23.484+0000] {taskinstance.py:2480} INFO - Exporting env vars: AIRFLOW_CTX_DAG_OWNER='jmoc' AIRFLOW_CTX_DAG_ID='Read_and_load_of_API_to_MySQLDB' AIRFLOW_CTX_TASK_ID='Load_API_posts' AIRFLOW_CTX_EXECUTION_DATE='2024-02-06T23:01:45.347640+00:00' AIRFLOW_CTX_TRY_NUMBER='59' AIRFLOW_CTX_DAG_RUN_ID='manual__2024-02-06T23:01:45.347640+00:00'
[2024-02-07T03:42:23.926+0000] {base.py:83} INFO - Using connection ID 'redis_connection' for task execution.
[2024-02-07T03:42:23.930+0000] {taskinstance.py:2698} ERROR - Task failed with exception
Traceback (most recent call last):
  File "/home/airflow/.local/lib/python3.8/site-packages/airflow/models/taskinstance.py", line 433, in _execute_task
    result = execute_callable(context=context, **execute_callable_kwargs)
  File "/home/airflow/.local/lib/python3.8/site-packages/airflow/decorators/base.py", line 241, in execute
    return_value = super().execute(context)
  File "/home/airflow/.local/lib/python3.8/site-packages/airflow/operators/python.py", line 199, in execute
    return_value = self.execute_callable()
  File "/home/airflow/.local/lib/python3.8/site-packages/airflow/operators/python.py", line 216, in execute_callable
    return self.python_callable(*self.op_args, **self.op_kwargs)
  File "/opt/airflow/dags/CRM.py", line 102, in Load_API_posts
    hook.execute_command('SET', 'name', 'joe')
  File "/home/airflow/.local/lib/python3.8/site-packages/redis/client.py", line 1266, in execute_command
    conn = self.connection or pool.get_connection(command_name, **options)
  File "/home/airflow/.local/lib/python3.8/site-packages/redis/connection.py", line 1461, in get_connection
    connection.connect()
  File "/home/airflow/.local/lib/python3.8/site-packages/redis/connection.py", line 719, in connect
    self.on_connect()
  File "/home/airflow/.local/lib/python3.8/site-packages/redis/connection.py", line 763, in on_connect
    auth_response = self.read_response()
  File "/home/airflow/.local/lib/python3.8/site-packages/redis/connection.py", line 882, in read_response
    response = self._parser.read_response(disable_decoding=disable_decoding)
  File "/home/airflow/.local/lib/python3.8/site-packages/redis/connection.py", line 349, in read_response
    result = self._read_response(disable_decoding=disable_decoding)
  File "/home/airflow/.local/lib/python3.8/site-packages/redis/connection.py", line 372, in _read_response
    raise error
redis.exceptions.AuthenticationError: invalid username-password pair or user is disabled.
[2024-02-07T03:42:23.953+0000] {taskinstance.py:1138} INFO - Marking task as UP_FOR_RETRY. dag_id=Read_and_load_of_API_to_MySQLDB, task_id=Load_API_posts, execution_date=20240206T230145, start_date=20240207T034223, end_date=20240207T034223
[2024-02-07T03:42:23.990+0000] {standard_task_runner.py:107} ERROR - Failed to execute job 276 for task Load_API_posts (invalid username-password pair or user is disabled.; 292)
[2024-02-07T03:42:24.014+0000] {local_task_job_runner.py:234} INFO - Task exited with return code 1
[2024-02-07T03:42:24.050+0000] {taskinstance.py:3280} INFO - 0 downstream tasks scheduled from follow-on schedule check
