[2024-02-07T03:53:59.117+0000] {taskinstance.py:1956} INFO - Dependencies all met for dep_context=non-requeueable deps ti=<TaskInstance: Read_and_load_of_API_to_MySQLDB.Load_API_posts manual__2024-02-06T23:01:45.347640+00:00 [queued]>
[2024-02-07T03:53:59.157+0000] {taskinstance.py:1956} INFO - Dependencies all met for dep_context=requeueable deps ti=<TaskInstance: Read_and_load_of_API_to_MySQLDB.Load_API_posts manual__2024-02-06T23:01:45.347640+00:00 [queued]>
[2024-02-07T03:53:59.158+0000] {taskinstance.py:2170} INFO - Starting attempt 65 of 70
[2024-02-07T03:53:59.218+0000] {taskinstance.py:2191} INFO - Executing <Task(_PythonDecoratedOperator): Load_API_posts> on 2024-02-06 23:01:45.347640+00:00
[2024-02-07T03:53:59.231+0000] {standard_task_runner.py:60} INFO - Started process 560 to run task
[2024-02-07T03:53:59.250+0000] {standard_task_runner.py:87} INFO - Running: ['***', 'tasks', 'run', 'Read_and_load_of_API_to_MySQLDB', 'Load_API_posts', 'manual__2024-02-06T23:01:45.347640+00:00', '--job-id', '282', '--raw', '--subdir', 'DAGS_FOLDER/CRM.py', '--cfg-path', '/tmp/tmpv_dtr5ay']
[2024-02-07T03:53:59.254+0000] {standard_task_runner.py:88} INFO - Job 282: Subtask Load_API_posts
[2024-02-07T03:53:59.375+0000] {task_command.py:423} INFO - Running <TaskInstance: Read_and_load_of_API_to_MySQLDB.Load_API_posts manual__2024-02-06T23:01:45.347640+00:00 [running]> on host c35f28e50200
[2024-02-07T03:53:59.601+0000] {taskinstance.py:2480} INFO - Exporting env vars: AIRFLOW_CTX_DAG_OWNER='jmoc' AIRFLOW_CTX_DAG_ID='Read_and_load_of_API_to_MySQLDB' AIRFLOW_CTX_TASK_ID='Load_API_posts' AIRFLOW_CTX_EXECUTION_DATE='2024-02-06T23:01:45.347640+00:00' AIRFLOW_CTX_TRY_NUMBER='65' AIRFLOW_CTX_DAG_RUN_ID='manual__2024-02-06T23:01:45.347640+00:00'
[2024-02-07T03:54:00.076+0000] {base.py:83} INFO - Using connection ID 'redis_connection' for task execution.
[2024-02-07T03:54:00.079+0000] {taskinstance.py:2698} ERROR - Task failed with exception
Traceback (most recent call last):
  File "/home/airflow/.local/lib/python3.8/site-packages/airflow/models/taskinstance.py", line 433, in _execute_task
    result = execute_callable(context=context, **execute_callable_kwargs)
  File "/home/airflow/.local/lib/python3.8/site-packages/airflow/decorators/base.py", line 241, in execute
    return_value = super().execute(context)
  File "/home/airflow/.local/lib/python3.8/site-packages/airflow/operators/python.py", line 199, in execute
    return_value = self.execute_callable()
  File "/home/airflow/.local/lib/python3.8/site-packages/airflow/operators/python.py", line 216, in execute_callable
    return self.python_callable(*self.op_args, **self.op_kwargs)
  File "/opt/airflow/dags/CRM.py", line 102, in Load_API_posts
    hook.execute_command('SETEX', 'posts',json.dump({'content':res}),604800)
TypeError: dump() missing 1 required positional argument: 'fp'
[2024-02-07T03:54:00.107+0000] {taskinstance.py:1138} INFO - Marking task as UP_FOR_RETRY. dag_id=Read_and_load_of_API_to_MySQLDB, task_id=Load_API_posts, execution_date=20240206T230145, start_date=20240207T035359, end_date=20240207T035400
[2024-02-07T03:54:00.155+0000] {standard_task_runner.py:107} ERROR - Failed to execute job 282 for task Load_API_posts (dump() missing 1 required positional argument: 'fp'; 560)
[2024-02-07T03:54:00.192+0000] {local_task_job_runner.py:234} INFO - Task exited with return code 1
[2024-02-07T03:54:00.234+0000] {taskinstance.py:3280} INFO - 0 downstream tasks scheduled from follow-on schedule check
