[2024-02-18T04:53:28.870+0000] {taskinstance.py:1956} INFO - Dependencies all met for dep_context=non-requeueable deps ti=<TaskInstance: ETL_From_an_API_to_MySQL_Postgres_and_Redis.load_companies_to_MySQL_and_Postgres scheduled__2024-01-07T00:00:00+00:00 [queued]>
[2024-02-18T04:53:28.893+0000] {taskinstance.py:1956} INFO - Dependencies all met for dep_context=requeueable deps ti=<TaskInstance: ETL_From_an_API_to_MySQL_Postgres_and_Redis.load_companies_to_MySQL_and_Postgres scheduled__2024-01-07T00:00:00+00:00 [queued]>
[2024-02-18T04:53:28.895+0000] {taskinstance.py:2170} INFO - Starting attempt 3 of 6
[2024-02-18T04:53:28.958+0000] {taskinstance.py:2191} INFO - Executing <Task(_PythonDecoratedOperator): load_companies_to_MySQL_and_Postgres> on 2024-01-07 00:00:00+00:00
[2024-02-18T04:53:28.974+0000] {standard_task_runner.py:60} INFO - Started process 6255 to run task
[2024-02-18T04:53:29.000+0000] {standard_task_runner.py:87} INFO - Running: ['***', 'tasks', 'run', 'ETL_From_an_API_to_MySQL_Postgres_and_Redis', 'load_companies_to_MySQL_and_Postgres', 'scheduled__2024-01-07T00:00:00+00:00', '--job-id', '679', '--raw', '--subdir', 'DAGS_FOLDER/CRM.py', '--cfg-path', '/tmp/tmp00n1dv3_']
[2024-02-18T04:53:29.011+0000] {standard_task_runner.py:88} INFO - Job 679: Subtask load_companies_to_MySQL_and_Postgres
[2024-02-18T04:53:29.223+0000] {task_command.py:423} INFO - Running <TaskInstance: ETL_From_an_API_to_MySQL_Postgres_and_Redis.load_companies_to_MySQL_and_Postgres scheduled__2024-01-07T00:00:00+00:00 [running]> on host 091c4b0f3ebe
[2024-02-18T04:53:29.457+0000] {taskinstance.py:2480} INFO - Exporting env vars: AIRFLOW_CTX_DAG_OWNER='jmoc' AIRFLOW_CTX_DAG_ID='ETL_From_an_API_to_MySQL_Postgres_and_Redis' AIRFLOW_CTX_TASK_ID='load_companies_to_MySQL_and_Postgres' AIRFLOW_CTX_EXECUTION_DATE='2024-01-07T00:00:00+00:00' AIRFLOW_CTX_TRY_NUMBER='3' AIRFLOW_CTX_DAG_RUN_ID='scheduled__2024-01-07T00:00:00+00:00'
[2024-02-18T04:53:29.522+0000] {base.py:83} INFO - Using connection ID 'mysql_connection' for task execution.
[2024-02-18T04:53:29.565+0000] {sql.py:450} INFO - Running statement: INSERT IGNORE INTO companies(name, catchPhrase, bs) VALUES ('Romaguera-Crona','Multi-layered client-server neural-net', 'harness real-time e-markets');, parameters: None
[2024-02-18T04:53:29.572+0000] {sql.py:459} INFO - Rows affected: 0
[2024-02-18T04:53:29.597+0000] {base.py:83} INFO - Using connection ID 'postgres_connection' for task execution.
[2024-02-18T04:53:29.609+0000] {sql.py:450} INFO - Running statement: INSERT INTO companies(name, catchPhrase, bs) VALUES ('Romaguera-Crona','Multi-layered client-server neural-net', 'harness real-time e-markets') ON CONFLICT DO NOTHING;, parameters: None
[2024-02-18T04:53:29.615+0000] {sql.py:459} INFO - Rows affected: 0
[2024-02-18T04:53:29.639+0000] {base.py:83} INFO - Using connection ID 'mysql_connection' for task execution.
[2024-02-18T04:53:29.643+0000] {sql.py:450} INFO - Running statement: INSERT IGNORE INTO companies(name, catchPhrase, bs) VALUES ('Deckow-Crist','Proactive didactic contingency', 'synergize scalable supply-chains');, parameters: None
[2024-02-18T04:53:29.646+0000] {sql.py:459} INFO - Rows affected: 0
[2024-02-18T04:53:29.666+0000] {base.py:83} INFO - Using connection ID 'postgres_connection' for task execution.
[2024-02-18T04:53:29.688+0000] {sql.py:450} INFO - Running statement: INSERT INTO companies(name, catchPhrase, bs) VALUES ('Deckow-Crist','Proactive didactic contingency', 'synergize scalable supply-chains') ON CONFLICT DO NOTHING;, parameters: None
[2024-02-18T04:53:29.692+0000] {sql.py:459} INFO - Rows affected: 0
[2024-02-18T04:53:29.718+0000] {base.py:83} INFO - Using connection ID 'mysql_connection' for task execution.
[2024-02-18T04:53:29.725+0000] {sql.py:450} INFO - Running statement: INSERT IGNORE INTO companies(name, catchPhrase, bs) VALUES ('Romaguera-Jacobson','Face to face bifurcated interface', 'e-enable strategic applications');, parameters: None
[2024-02-18T04:53:29.729+0000] {sql.py:459} INFO - Rows affected: 0
[2024-02-18T04:53:29.755+0000] {base.py:83} INFO - Using connection ID 'postgres_connection' for task execution.
[2024-02-18T04:53:29.779+0000] {sql.py:450} INFO - Running statement: INSERT INTO companies(name, catchPhrase, bs) VALUES ('Romaguera-Jacobson','Face to face bifurcated interface', 'e-enable strategic applications') ON CONFLICT DO NOTHING;, parameters: None
[2024-02-18T04:53:29.791+0000] {sql.py:459} INFO - Rows affected: 0
[2024-02-18T04:53:29.824+0000] {base.py:83} INFO - Using connection ID 'mysql_connection' for task execution.
[2024-02-18T04:53:29.834+0000] {sql.py:450} INFO - Running statement: INSERT IGNORE INTO companies(name, catchPhrase, bs) VALUES ('Robel-Corkery','Multi-tiered zero tolerance productivity', 'transition cutting-edge web services');, parameters: None
[2024-02-18T04:53:29.843+0000] {sql.py:459} INFO - Rows affected: 0
[2024-02-18T04:53:29.887+0000] {base.py:83} INFO - Using connection ID 'postgres_connection' for task execution.
[2024-02-18T04:53:29.908+0000] {sql.py:450} INFO - Running statement: INSERT INTO companies(name, catchPhrase, bs) VALUES ('Robel-Corkery','Multi-tiered zero tolerance productivity', 'transition cutting-edge web services') ON CONFLICT DO NOTHING;, parameters: None
[2024-02-18T04:53:29.919+0000] {sql.py:459} INFO - Rows affected: 0
[2024-02-18T04:53:29.943+0000] {base.py:83} INFO - Using connection ID 'mysql_connection' for task execution.
[2024-02-18T04:53:29.947+0000] {sql.py:450} INFO - Running statement: INSERT IGNORE INTO companies(name, catchPhrase, bs) VALUES ('Keebler LLC','User-centric fault-tolerant solution', 'revolutionize end-to-end systems');, parameters: None
[2024-02-18T04:53:29.950+0000] {sql.py:459} INFO - Rows affected: 0
[2024-02-18T04:53:29.981+0000] {base.py:83} INFO - Using connection ID 'postgres_connection' for task execution.
[2024-02-18T04:53:30.004+0000] {sql.py:450} INFO - Running statement: INSERT INTO companies(name, catchPhrase, bs) VALUES ('Keebler LLC','User-centric fault-tolerant solution', 'revolutionize end-to-end systems') ON CONFLICT DO NOTHING;, parameters: None
[2024-02-18T04:53:30.010+0000] {sql.py:459} INFO - Rows affected: 0
[2024-02-18T04:53:30.027+0000] {base.py:83} INFO - Using connection ID 'mysql_connection' for task execution.
[2024-02-18T04:53:30.033+0000] {sql.py:450} INFO - Running statement: INSERT IGNORE INTO companies(name, catchPhrase, bs) VALUES ('Considine-Lockman','Synchronised bottom-line interface', 'e-enable innovative applications');, parameters: None
[2024-02-18T04:53:30.038+0000] {sql.py:459} INFO - Rows affected: 0
[2024-02-18T04:53:30.062+0000] {base.py:83} INFO - Using connection ID 'postgres_connection' for task execution.
[2024-02-18T04:53:30.076+0000] {sql.py:450} INFO - Running statement: INSERT INTO companies(name, catchPhrase, bs) VALUES ('Considine-Lockman','Synchronised bottom-line interface', 'e-enable innovative applications') ON CONFLICT DO NOTHING;, parameters: None
[2024-02-18T04:53:30.084+0000] {sql.py:459} INFO - Rows affected: 0
[2024-02-18T04:53:30.130+0000] {base.py:83} INFO - Using connection ID 'mysql_connection' for task execution.
[2024-02-18T04:53:30.139+0000] {sql.py:450} INFO - Running statement: INSERT IGNORE INTO companies(name, catchPhrase, bs) VALUES ('Johns Group','Configurable multimedia task-force', 'generate enterprise e-tailers');, parameters: None
[2024-02-18T04:53:30.143+0000] {sql.py:459} INFO - Rows affected: 0
[2024-02-18T04:53:30.172+0000] {base.py:83} INFO - Using connection ID 'postgres_connection' for task execution.
[2024-02-18T04:53:30.182+0000] {sql.py:450} INFO - Running statement: INSERT INTO companies(name, catchPhrase, bs) VALUES ('Johns Group','Configurable multimedia task-force', 'generate enterprise e-tailers') ON CONFLICT DO NOTHING;, parameters: None
[2024-02-18T04:53:30.191+0000] {sql.py:459} INFO - Rows affected: 0
[2024-02-18T04:53:30.242+0000] {base.py:83} INFO - Using connection ID 'mysql_connection' for task execution.
[2024-02-18T04:53:30.250+0000] {sql.py:450} INFO - Running statement: INSERT IGNORE INTO companies(name, catchPhrase, bs) VALUES ('Abernathy Group','Implemented secondary concept', 'e-enable extensible e-tailers');, parameters: None
[2024-02-18T04:53:30.257+0000] {sql.py:459} INFO - Rows affected: 0
[2024-02-18T04:53:30.279+0000] {base.py:83} INFO - Using connection ID 'postgres_connection' for task execution.
[2024-02-18T04:53:30.290+0000] {sql.py:450} INFO - Running statement: INSERT INTO companies(name, catchPhrase, bs) VALUES ('Abernathy Group','Implemented secondary concept', 'e-enable extensible e-tailers') ON CONFLICT DO NOTHING;, parameters: None
[2024-02-18T04:53:30.294+0000] {sql.py:459} INFO - Rows affected: 0
[2024-02-18T04:53:30.327+0000] {base.py:83} INFO - Using connection ID 'mysql_connection' for task execution.
[2024-02-18T04:53:30.333+0000] {sql.py:450} INFO - Running statement: INSERT IGNORE INTO companies(name, catchPhrase, bs) VALUES ('Yost and Sons','Switchable contextually-based project', 'aggregate real-time technologies');, parameters: None
[2024-02-18T04:53:30.336+0000] {sql.py:459} INFO - Rows affected: 0
[2024-02-18T04:53:30.359+0000] {base.py:83} INFO - Using connection ID 'postgres_connection' for task execution.
[2024-02-18T04:53:30.377+0000] {sql.py:450} INFO - Running statement: INSERT INTO companies(name, catchPhrase, bs) VALUES ('Yost and Sons','Switchable contextually-based project', 'aggregate real-time technologies') ON CONFLICT DO NOTHING;, parameters: None
[2024-02-18T04:53:30.384+0000] {sql.py:459} INFO - Rows affected: 0
[2024-02-18T04:53:30.419+0000] {base.py:83} INFO - Using connection ID 'mysql_connection' for task execution.
[2024-02-18T04:53:30.424+0000] {sql.py:450} INFO - Running statement: INSERT IGNORE INTO companies(name, catchPhrase, bs) VALUES ('Hoeger LLC','Centralized empowering task-force', 'target end-to-end models');, parameters: None
[2024-02-18T04:53:30.430+0000] {sql.py:459} INFO - Rows affected: 0
[2024-02-18T04:53:30.454+0000] {base.py:83} INFO - Using connection ID 'postgres_connection' for task execution.
[2024-02-18T04:53:30.462+0000] {sql.py:450} INFO - Running statement: INSERT INTO companies(name, catchPhrase, bs) VALUES ('Hoeger LLC','Centralized empowering task-force', 'target end-to-end models') ON CONFLICT DO NOTHING;, parameters: None
[2024-02-18T04:53:30.465+0000] {sql.py:459} INFO - Rows affected: 0
[2024-02-18T04:53:30.467+0000] {python.py:201} INFO - Done. Returned value was: None
[2024-02-18T04:53:30.509+0000] {taskinstance.py:1138} INFO - Marking task as SUCCESS. dag_id=ETL_From_an_API_to_MySQL_Postgres_and_Redis, task_id=load_companies_to_MySQL_and_Postgres, execution_date=20240107T000000, start_date=20240218T045328, end_date=20240218T045330
[2024-02-18T04:53:30.605+0000] {local_task_job_runner.py:234} INFO - Task exited with return code 0
[2024-02-18T04:53:30.694+0000] {taskinstance.py:3280} INFO - 0 downstream tasks scheduled from follow-on schedule check
