[2024-02-06T03:27:44.927+0000] {taskinstance.py:1956} INFO - Dependencies all met for dep_context=non-requeueable deps ti=<TaskInstance: Read_and_load_of_API_to_MySQLDB.Load_cities_registers manual__2024-02-06T03:05:04.018386+00:00 [queued]>
[2024-02-06T03:27:44.986+0000] {taskinstance.py:1956} INFO - Dependencies all met for dep_context=requeueable deps ti=<TaskInstance: Read_and_load_of_API_to_MySQLDB.Load_cities_registers manual__2024-02-06T03:05:04.018386+00:00 [queued]>
[2024-02-06T03:27:44.989+0000] {taskinstance.py:2170} INFO - Starting attempt 6 of 11
[2024-02-06T03:27:45.037+0000] {taskinstance.py:2191} INFO - Executing <Task(_PythonDecoratedOperator): Load_cities_registers> on 2024-02-06 03:05:04.018386+00:00
[2024-02-06T03:27:45.059+0000] {standard_task_runner.py:60} INFO - Started process 1913 to run task
[2024-02-06T03:27:45.076+0000] {standard_task_runner.py:87} INFO - Running: ['***', 'tasks', 'run', 'Read_and_load_of_API_to_MySQLDB', 'Load_cities_registers', 'manual__2024-02-06T03:05:04.018386+00:00', '--job-id', '160', '--raw', '--subdir', 'DAGS_FOLDER/CRM.py', '--cfg-path', '/tmp/tmp3pv65czm']
[2024-02-06T03:27:45.086+0000] {standard_task_runner.py:88} INFO - Job 160: Subtask Load_cities_registers
[2024-02-06T03:27:45.319+0000] {task_command.py:423} INFO - Running <TaskInstance: Read_and_load_of_API_to_MySQLDB.Load_cities_registers manual__2024-02-06T03:05:04.018386+00:00 [running]> on host 648978c3a8b9
[2024-02-06T03:27:45.578+0000] {taskinstance.py:2480} INFO - Exporting env vars: AIRFLOW_CTX_DAG_OWNER='jmoc' AIRFLOW_CTX_DAG_ID='Read_and_load_of_API_to_MySQLDB' AIRFLOW_CTX_TASK_ID='Load_cities_registers' AIRFLOW_CTX_EXECUTION_DATE='2024-02-06T03:05:04.018386+00:00' AIRFLOW_CTX_TRY_NUMBER='6' AIRFLOW_CTX_DAG_RUN_ID='manual__2024-02-06T03:05:04.018386+00:00'
[2024-02-06T03:27:45.645+0000] {base.py:83} INFO - Using connection ID 'mysql_connection' for task execution.
[2024-02-06T03:27:45.704+0000] {sql.py:450} INFO - Running statement: INSERT IGNORE INTO ***_PI.cities(name) VALUES ('Bartholomebury'), parameters: None
[2024-02-06T03:27:45.717+0000] {sql.py:459} INFO - Rows affected: 0
[2024-02-06T03:27:45.744+0000] {base.py:83} INFO - Using connection ID 'mysql_connection' for task execution.
[2024-02-06T03:27:45.762+0000] {sql.py:450} INFO - Running statement: INSERT IGNORE INTO ***_PI.cities(name) VALUES ('Wisokyburgh'), parameters: None
[2024-02-06T03:27:45.772+0000] {sql.py:459} INFO - Rows affected: 0
[2024-02-06T03:27:45.805+0000] {base.py:83} INFO - Using connection ID 'mysql_connection' for task execution.
[2024-02-06T03:27:45.827+0000] {sql.py:450} INFO - Running statement: INSERT IGNORE INTO ***_PI.cities(name) VALUES ('Gwenborough'), parameters: None
[2024-02-06T03:27:45.839+0000] {sql.py:459} INFO - Rows affected: 0
[2024-02-06T03:27:45.869+0000] {base.py:83} INFO - Using connection ID 'mysql_connection' for task execution.
[2024-02-06T03:27:45.894+0000] {sql.py:450} INFO - Running statement: INSERT IGNORE INTO ***_PI.cities(name) VALUES ('South Christy'), parameters: None
[2024-02-06T03:27:45.900+0000] {sql.py:459} INFO - Rows affected: 0
[2024-02-06T03:27:45.923+0000] {base.py:83} INFO - Using connection ID 'mysql_connection' for task execution.
[2024-02-06T03:27:45.936+0000] {sql.py:450} INFO - Running statement: INSERT IGNORE INTO ***_PI.cities(name) VALUES ('Aliyaview'), parameters: None
[2024-02-06T03:27:45.939+0000] {sql.py:459} INFO - Rows affected: 0
[2024-02-06T03:27:45.970+0000] {base.py:83} INFO - Using connection ID 'mysql_connection' for task execution.
[2024-02-06T03:27:45.984+0000] {sql.py:450} INFO - Running statement: INSERT IGNORE INTO ***_PI.cities(name) VALUES ('Lebsackbury'), parameters: None
[2024-02-06T03:27:45.989+0000] {sql.py:459} INFO - Rows affected: 0
[2024-02-06T03:27:46.056+0000] {base.py:83} INFO - Using connection ID 'mysql_connection' for task execution.
[2024-02-06T03:27:46.074+0000] {sql.py:450} INFO - Running statement: INSERT IGNORE INTO ***_PI.cities(name) VALUES ('McKenziehaven'), parameters: None
[2024-02-06T03:27:46.087+0000] {sql.py:459} INFO - Rows affected: 0
[2024-02-06T03:27:46.124+0000] {base.py:83} INFO - Using connection ID 'mysql_connection' for task execution.
[2024-02-06T03:27:46.142+0000] {sql.py:450} INFO - Running statement: INSERT IGNORE INTO ***_PI.cities(name) VALUES ('Howemouth'), parameters: None
[2024-02-06T03:27:46.151+0000] {sql.py:459} INFO - Rows affected: 0
[2024-02-06T03:27:46.194+0000] {base.py:83} INFO - Using connection ID 'mysql_connection' for task execution.
[2024-02-06T03:27:46.209+0000] {sql.py:450} INFO - Running statement: INSERT IGNORE INTO ***_PI.cities(name) VALUES ('Roscoeview'), parameters: None
[2024-02-06T03:27:46.214+0000] {sql.py:459} INFO - Rows affected: 0
[2024-02-06T03:27:46.275+0000] {base.py:83} INFO - Using connection ID 'mysql_connection' for task execution.
[2024-02-06T03:27:46.299+0000] {sql.py:450} INFO - Running statement: INSERT IGNORE INTO ***_PI.cities(name) VALUES ('South Elvis'), parameters: None
[2024-02-06T03:27:46.306+0000] {sql.py:459} INFO - Rows affected: 0
[2024-02-06T03:27:46.315+0000] {python.py:201} INFO - Done. Returned value was: None
[2024-02-06T03:27:46.353+0000] {taskinstance.py:1138} INFO - Marking task as SUCCESS. dag_id=Read_and_load_of_API_to_MySQLDB, task_id=Load_cities_registers, execution_date=20240206T030504, start_date=20240206T032744, end_date=20240206T032746
[2024-02-06T03:27:46.443+0000] {local_task_job_runner.py:234} INFO - Task exited with return code 0
[2024-02-06T03:27:46.503+0000] {taskinstance.py:3280} INFO - 1 downstream tasks scheduled from follow-on schedule check
