[2024-02-06T03:08:44.222+0000] {taskinstance.py:1956} INFO - Dependencies all met for dep_context=non-requeueable deps ti=<TaskInstance: Read_and_load_of_API_to_MySQLDB.Load_cities_registers manual__2024-02-06T03:05:04.018386+00:00 [queued]>
[2024-02-06T03:08:44.246+0000] {taskinstance.py:1956} INFO - Dependencies all met for dep_context=requeueable deps ti=<TaskInstance: Read_and_load_of_API_to_MySQLDB.Load_cities_registers manual__2024-02-06T03:05:04.018386+00:00 [queued]>
[2024-02-06T03:08:44.247+0000] {taskinstance.py:2170} INFO - Starting attempt 2 of 7
[2024-02-06T03:08:44.281+0000] {taskinstance.py:2191} INFO - Executing <Task(_PythonDecoratedOperator): Load_cities_registers> on 2024-02-06 03:05:04.018386+00:00
[2024-02-06T03:08:44.289+0000] {standard_task_runner.py:60} INFO - Started process 1461 to run task
[2024-02-06T03:08:44.300+0000] {standard_task_runner.py:87} INFO - Running: ['***', 'tasks', 'run', 'Read_and_load_of_API_to_MySQLDB', 'Load_cities_registers', 'manual__2024-02-06T03:05:04.018386+00:00', '--job-id', '142', '--raw', '--subdir', 'DAGS_FOLDER/CRM.py', '--cfg-path', '/tmp/tmpo9yzdw2n']
[2024-02-06T03:08:44.304+0000] {standard_task_runner.py:88} INFO - Job 142: Subtask Load_cities_registers
[2024-02-06T03:08:44.450+0000] {task_command.py:423} INFO - Running <TaskInstance: Read_and_load_of_API_to_MySQLDB.Load_cities_registers manual__2024-02-06T03:05:04.018386+00:00 [running]> on host 648978c3a8b9
[2024-02-06T03:08:44.712+0000] {taskinstance.py:2480} INFO - Exporting env vars: AIRFLOW_CTX_DAG_OWNER='jmoc' AIRFLOW_CTX_DAG_ID='Read_and_load_of_API_to_MySQLDB' AIRFLOW_CTX_TASK_ID='Load_cities_registers' AIRFLOW_CTX_EXECUTION_DATE='2024-02-06T03:05:04.018386+00:00' AIRFLOW_CTX_TRY_NUMBER='2' AIRFLOW_CTX_DAG_RUN_ID='manual__2024-02-06T03:05:04.018386+00:00'
[2024-02-06T03:08:44.746+0000] {taskinstance.py:2698} ERROR - Task failed with exception
Traceback (most recent call last):
  File "/home/airflow/.local/lib/python3.8/site-packages/airflow/models/taskinstance.py", line 433, in _execute_task
    result = execute_callable(context=context, **execute_callable_kwargs)
  File "/home/airflow/.local/lib/python3.8/site-packages/airflow/decorators/base.py", line 241, in execute
    return_value = super().execute(context)
  File "/home/airflow/.local/lib/python3.8/site-packages/airflow/operators/python.py", line 199, in execute
    return_value = self.execute_callable()
  File "/home/airflow/.local/lib/python3.8/site-packages/airflow/operators/python.py", line 216, in execute_callable
    return self.python_callable(*self.op_args, **self.op_kwargs)
  File "/opt/airflow/dags/CRM.py", line 73, in Load_cities_registers
    city_register = City(x)
  File "/opt/airflow/dags/models/City.py", line 6, in __init__
    self.__name = body['name']
TypeError: string indices must be integers
[2024-02-06T03:08:44.790+0000] {taskinstance.py:1138} INFO - Marking task as UP_FOR_RETRY. dag_id=Read_and_load_of_API_to_MySQLDB, task_id=Load_cities_registers, execution_date=20240206T030504, start_date=20240206T030844, end_date=20240206T030844
[2024-02-06T03:08:44.869+0000] {standard_task_runner.py:107} ERROR - Failed to execute job 142 for task Load_cities_registers (string indices must be integers; 1461)
[2024-02-06T03:08:44.953+0000] {local_task_job_runner.py:234} INFO - Task exited with return code 1
[2024-02-06T03:08:45.043+0000] {taskinstance.py:3280} INFO - 0 downstream tasks scheduled from follow-on schedule check
