[2024-02-06T03:20:36.920+0000] {taskinstance.py:1956} INFO - Dependencies all met for dep_context=non-requeueable deps ti=<TaskInstance: Read_and_load_of_API_to_MySQLDB.Load_cities_registers manual__2024-02-06T03:05:04.018386+00:00 [queued]>
[2024-02-06T03:20:37.032+0000] {taskinstance.py:1956} INFO - Dependencies all met for dep_context=requeueable deps ti=<TaskInstance: Read_and_load_of_API_to_MySQLDB.Load_cities_registers manual__2024-02-06T03:05:04.018386+00:00 [queued]>
[2024-02-06T03:20:37.067+0000] {taskinstance.py:2170} INFO - Starting attempt 4 of 9
[2024-02-06T03:20:37.336+0000] {taskinstance.py:2191} INFO - Executing <Task(_PythonDecoratedOperator): Load_cities_registers> on 2024-02-06 03:05:04.018386+00:00
[2024-02-06T03:20:37.377+0000] {standard_task_runner.py:60} INFO - Started process 1738 to run task
[2024-02-06T03:20:37.392+0000] {standard_task_runner.py:87} INFO - Running: ['***', 'tasks', 'run', 'Read_and_load_of_API_to_MySQLDB', 'Load_cities_registers', 'manual__2024-02-06T03:05:04.018386+00:00', '--job-id', '149', '--raw', '--subdir', 'DAGS_FOLDER/CRM.py', '--cfg-path', '/tmp/tmpeye5ox63']
[2024-02-06T03:20:37.419+0000] {standard_task_runner.py:88} INFO - Job 149: Subtask Load_cities_registers
[2024-02-06T03:20:37.727+0000] {task_command.py:423} INFO - Running <TaskInstance: Read_and_load_of_API_to_MySQLDB.Load_cities_registers manual__2024-02-06T03:05:04.018386+00:00 [running]> on host 648978c3a8b9
[2024-02-06T03:20:38.340+0000] {taskinstance.py:2480} INFO - Exporting env vars: AIRFLOW_CTX_DAG_OWNER='jmoc' AIRFLOW_CTX_DAG_ID='Read_and_load_of_API_to_MySQLDB' AIRFLOW_CTX_TASK_ID='Load_cities_registers' AIRFLOW_CTX_EXECUTION_DATE='2024-02-06T03:05:04.018386+00:00' AIRFLOW_CTX_TRY_NUMBER='4' AIRFLOW_CTX_DAG_RUN_ID='manual__2024-02-06T03:05:04.018386+00:00'
[2024-02-06T03:20:38.718+0000] {base.py:83} INFO - Using connection ID 'mysql_connection' for task execution.
[2024-02-06T03:20:39.017+0000] {sql.py:450} INFO - Running statement: INSERT IGNORE INTO ***_PI.cities(name) VALUES ('Bartholomebury'), parameters: None
[2024-02-06T03:20:39.278+0000] {sql.py:459} INFO - Rows affected: 0
[2024-02-06T03:20:39.418+0000] {base.py:83} INFO - Using connection ID 'mysql_connection' for task execution.
[2024-02-06T03:20:39.458+0000] {sql.py:450} INFO - Running statement: INSERT IGNORE INTO ***_PI.cities(name) VALUES ('Wisokyburgh'), parameters: None
[2024-02-06T03:20:39.481+0000] {sql.py:459} INFO - Rows affected: 0
[2024-02-06T03:20:39.610+0000] {base.py:83} INFO - Using connection ID 'mysql_connection' for task execution.
[2024-02-06T03:20:39.652+0000] {sql.py:450} INFO - Running statement: INSERT IGNORE INTO ***_PI.cities(name) VALUES ('Gwenborough'), parameters: None
[2024-02-06T03:20:39.673+0000] {sql.py:459} INFO - Rows affected: 0
[2024-02-06T03:20:39.730+0000] {base.py:83} INFO - Using connection ID 'mysql_connection' for task execution.
[2024-02-06T03:20:39.746+0000] {sql.py:450} INFO - Running statement: INSERT IGNORE INTO ***_PI.cities(name) VALUES ('South Christy'), parameters: None
[2024-02-06T03:20:39.753+0000] {sql.py:459} INFO - Rows affected: 0
[2024-02-06T03:20:39.792+0000] {base.py:83} INFO - Using connection ID 'mysql_connection' for task execution.
[2024-02-06T03:20:39.812+0000] {sql.py:450} INFO - Running statement: INSERT IGNORE INTO ***_PI.cities(name) VALUES ('Aliyaview'), parameters: None
[2024-02-06T03:20:39.817+0000] {sql.py:459} INFO - Rows affected: 0
[2024-02-06T03:20:39.863+0000] {base.py:83} INFO - Using connection ID 'mysql_connection' for task execution.
[2024-02-06T03:20:39.876+0000] {sql.py:450} INFO - Running statement: INSERT IGNORE INTO ***_PI.cities(name) VALUES ('Lebsackbury'), parameters: None
[2024-02-06T03:20:39.883+0000] {sql.py:459} INFO - Rows affected: 0
[2024-02-06T03:20:39.906+0000] {base.py:83} INFO - Using connection ID 'mysql_connection' for task execution.
[2024-02-06T03:20:39.924+0000] {sql.py:450} INFO - Running statement: INSERT IGNORE INTO ***_PI.cities(name) VALUES ('McKenziehaven'), parameters: None
[2024-02-06T03:20:39.929+0000] {sql.py:459} INFO - Rows affected: 0
[2024-02-06T03:20:39.956+0000] {base.py:83} INFO - Using connection ID 'mysql_connection' for task execution.
[2024-02-06T03:20:39.968+0000] {sql.py:450} INFO - Running statement: INSERT IGNORE INTO ***_PI.cities(name) VALUES ('Howemouth'), parameters: None
[2024-02-06T03:20:39.979+0000] {sql.py:459} INFO - Rows affected: 0
[2024-02-06T03:20:40.004+0000] {base.py:83} INFO - Using connection ID 'mysql_connection' for task execution.
[2024-02-06T03:20:40.018+0000] {sql.py:450} INFO - Running statement: INSERT IGNORE INTO ***_PI.cities(name) VALUES ('Roscoeview'), parameters: None
[2024-02-06T03:20:40.029+0000] {sql.py:459} INFO - Rows affected: 0
[2024-02-06T03:20:40.050+0000] {base.py:83} INFO - Using connection ID 'mysql_connection' for task execution.
[2024-02-06T03:20:40.061+0000] {sql.py:450} INFO - Running statement: INSERT IGNORE INTO ***_PI.cities(name) VALUES ('South Elvis'), parameters: None
[2024-02-06T03:20:40.064+0000] {sql.py:459} INFO - Rows affected: 0
[2024-02-06T03:20:40.072+0000] {python.py:201} INFO - Done. Returned value was: None
[2024-02-06T03:20:40.112+0000] {taskinstance.py:1138} INFO - Marking task as SUCCESS. dag_id=Read_and_load_of_API_to_MySQLDB, task_id=Load_cities_registers, execution_date=20240206T030504, start_date=20240206T032036, end_date=20240206T032040
[2024-02-06T03:20:40.218+0000] {local_task_job_runner.py:234} INFO - Task exited with return code 0
[2024-02-06T03:20:40.314+0000] {taskinstance.py:3280} INFO - 0 downstream tasks scheduled from follow-on schedule check
