[2024-02-18T04:49:09.059+0000] {taskinstance.py:1956} INFO - Dependencies all met for dep_context=non-requeueable deps ti=<TaskInstance: ETL_From_an_API_to_MySQL_Postgres_and_Redis.users_table_creation scheduled__2024-01-21T00:00:00+00:00 [queued]>
[2024-02-18T04:49:09.152+0000] {taskinstance.py:1956} INFO - Dependencies all met for dep_context=requeueable deps ti=<TaskInstance: ETL_From_an_API_to_MySQL_Postgres_and_Redis.users_table_creation scheduled__2024-01-21T00:00:00+00:00 [queued]>
[2024-02-18T04:49:09.176+0000] {taskinstance.py:2170} INFO - Starting attempt 1 of 6
[2024-02-18T04:49:09.336+0000] {taskinstance.py:2191} INFO - Executing <Task(_PythonDecoratedOperator): users_table_creation> on 2024-01-21 00:00:00+00:00
[2024-02-18T04:49:09.356+0000] {standard_task_runner.py:60} INFO - Started process 6066 to run task
[2024-02-18T04:49:09.403+0000] {standard_task_runner.py:87} INFO - Running: ['***', 'tasks', 'run', 'ETL_From_an_API_to_MySQL_Postgres_and_Redis', 'users_table_creation', 'scheduled__2024-01-21T00:00:00+00:00', '--job-id', '629', '--raw', '--subdir', 'DAGS_FOLDER/CRM.py', '--cfg-path', '/tmp/tmp96xs6jyz']
[2024-02-18T04:49:09.421+0000] {standard_task_runner.py:88} INFO - Job 629: Subtask users_table_creation
[2024-02-18T04:49:09.966+0000] {task_command.py:423} INFO - Running <TaskInstance: ETL_From_an_API_to_MySQL_Postgres_and_Redis.users_table_creation scheduled__2024-01-21T00:00:00+00:00 [running]> on host 091c4b0f3ebe
[2024-02-18T04:49:10.749+0000] {taskinstance.py:2480} INFO - Exporting env vars: AIRFLOW_CTX_DAG_OWNER='jmoc' AIRFLOW_CTX_DAG_ID='ETL_From_an_API_to_MySQL_Postgres_and_Redis' AIRFLOW_CTX_TASK_ID='users_table_creation' AIRFLOW_CTX_EXECUTION_DATE='2024-01-21T00:00:00+00:00' AIRFLOW_CTX_TRY_NUMBER='1' AIRFLOW_CTX_DAG_RUN_ID='scheduled__2024-01-21T00:00:00+00:00'
[2024-02-18T04:49:10.837+0000] {base.py:83} INFO - Using connection ID 'mysql_connection' for task execution.
[2024-02-18T04:49:10.917+0000] {sql.py:450} INFO - Running statement: 
            CREATE TABLE IF NOT EXISTS users(
              id INT AUTO_INCREMENT  PRIMARY KEY NOT NULL,
              name VARCHAR(25) NOT NULL,
              username VARCHAR(25) NOT NULL,
              email VARCHAR(255) NOT NULL UNIQUE,
              address VARCHAR(50),
              city_id INT,
              zipcode VARCHAR(10),
              latitud VARCHAR(20),
              longitud VARCHAR(20),
              phone VARCHAR(30),
              website VARCHAR(50),
              company_id INT,
              FOREIGN KEY (city_id) REFERENCES cities(id),
              FOREIGN KEY (company_id) REFERENCES companies(id)
            );
            , parameters: None
[2024-02-18T04:49:10.981+0000] {sql.py:459} INFO - Rows affected: 0
[2024-02-18T04:49:11.019+0000] {base.py:83} INFO - Using connection ID 'postgres_connection' for task execution.
[2024-02-18T04:49:11.132+0000] {sql.py:450} INFO - Running statement: 
            CREATE TABLE IF NOT EXISTS users(
              id BIGSERIAL PRIMARY KEY NOT NULL,
              name VARCHAR(25) NOT NULL,
              username VARCHAR(25) NOT NULL,
              email VARCHAR(255) NOT NULL UNIQUE,
              address VARCHAR(50),
              city_id INT,
              zipcode VARCHAR(10),
              latitud VARCHAR(20),
              longitud VARCHAR(20),
              phone VARCHAR(30),
              website VARCHAR(50),
              company_id INT,
              FOREIGN KEY (city_id) REFERENCES cities(id),
              FOREIGN KEY (company_id) REFERENCES companies(id)
            );
            , parameters: None
[2024-02-18T04:49:11.138+0000] {python.py:201} INFO - Done. Returned value was: None
[2024-02-18T04:49:11.245+0000] {taskinstance.py:1138} INFO - Marking task as SUCCESS. dag_id=ETL_From_an_API_to_MySQL_Postgres_and_Redis, task_id=users_table_creation, execution_date=20240121T000000, start_date=20240218T044909, end_date=20240218T044911
[2024-02-18T04:49:11.488+0000] {local_task_job_runner.py:234} INFO - Task exited with return code 0
[2024-02-18T04:49:11.695+0000] {taskinstance.py:3280} INFO - 1 downstream tasks scheduled from follow-on schedule check
