[2024-02-18T04:52:47.456+0000] {taskinstance.py:1956} INFO - Dependencies all met for dep_context=non-requeueable deps ti=<TaskInstance: ETL_From_an_API_to_MySQL_Postgres_and_Redis.load_cities_to_MySQL_and_Postgres scheduled__2024-01-28T00:00:00+00:00 [queued]>
[2024-02-18T04:52:47.622+0000] {taskinstance.py:1956} INFO - Dependencies all met for dep_context=requeueable deps ti=<TaskInstance: ETL_From_an_API_to_MySQL_Postgres_and_Redis.load_cities_to_MySQL_and_Postgres scheduled__2024-01-28T00:00:00+00:00 [queued]>
[2024-02-18T04:52:47.634+0000] {taskinstance.py:2170} INFO - Starting attempt 3 of 6
[2024-02-18T04:52:47.769+0000] {taskinstance.py:2191} INFO - Executing <Task(_PythonDecoratedOperator): load_cities_to_MySQL_and_Postgres> on 2024-01-28 00:00:00+00:00
[2024-02-18T04:52:47.779+0000] {standard_task_runner.py:60} INFO - Started process 6213 to run task
[2024-02-18T04:52:47.792+0000] {standard_task_runner.py:87} INFO - Running: ['***', 'tasks', 'run', 'ETL_From_an_API_to_MySQL_Postgres_and_Redis', 'load_cities_to_MySQL_and_Postgres', 'scheduled__2024-01-28T00:00:00+00:00', '--job-id', '662', '--raw', '--subdir', 'DAGS_FOLDER/CRM.py', '--cfg-path', '/tmp/tmpa3hex4ux']
[2024-02-18T04:52:47.806+0000] {standard_task_runner.py:88} INFO - Job 662: Subtask load_cities_to_MySQL_and_Postgres
[2024-02-18T04:52:48.046+0000] {task_command.py:423} INFO - Running <TaskInstance: ETL_From_an_API_to_MySQL_Postgres_and_Redis.load_cities_to_MySQL_and_Postgres scheduled__2024-01-28T00:00:00+00:00 [running]> on host 091c4b0f3ebe
[2024-02-18T04:52:48.756+0000] {taskinstance.py:2480} INFO - Exporting env vars: AIRFLOW_CTX_DAG_OWNER='jmoc' AIRFLOW_CTX_DAG_ID='ETL_From_an_API_to_MySQL_Postgres_and_Redis' AIRFLOW_CTX_TASK_ID='load_cities_to_MySQL_and_Postgres' AIRFLOW_CTX_EXECUTION_DATE='2024-01-28T00:00:00+00:00' AIRFLOW_CTX_TRY_NUMBER='3' AIRFLOW_CTX_DAG_RUN_ID='scheduled__2024-01-28T00:00:00+00:00'
[2024-02-18T04:52:48.827+0000] {base.py:83} INFO - Using connection ID 'mysql_connection' for task execution.
[2024-02-18T04:52:48.868+0000] {sql.py:450} INFO - Running statement: INSERT IGNORE INTO cities(name) VALUES ('Roscoeview');, parameters: None
[2024-02-18T04:52:48.873+0000] {sql.py:459} INFO - Rows affected: 0
[2024-02-18T04:52:48.906+0000] {base.py:83} INFO - Using connection ID 'postgres_connection' for task execution.
[2024-02-18T04:52:48.921+0000] {sql.py:450} INFO - Running statement: INSERT INTO cities(name) VALUES ('Roscoeview') ON CONFLICT DO NOTHING;, parameters: None
[2024-02-18T04:52:48.931+0000] {sql.py:459} INFO - Rows affected: 0
[2024-02-18T04:52:48.962+0000] {base.py:83} INFO - Using connection ID 'mysql_connection' for task execution.
[2024-02-18T04:52:48.971+0000] {sql.py:450} INFO - Running statement: INSERT IGNORE INTO cities(name) VALUES ('Lebsackbury');, parameters: None
[2024-02-18T04:52:48.975+0000] {sql.py:459} INFO - Rows affected: 0
[2024-02-18T04:52:49.010+0000] {base.py:83} INFO - Using connection ID 'postgres_connection' for task execution.
[2024-02-18T04:52:49.021+0000] {sql.py:450} INFO - Running statement: INSERT INTO cities(name) VALUES ('Lebsackbury') ON CONFLICT DO NOTHING;, parameters: None
[2024-02-18T04:52:49.025+0000] {sql.py:459} INFO - Rows affected: 0
[2024-02-18T04:52:49.065+0000] {base.py:83} INFO - Using connection ID 'mysql_connection' for task execution.
[2024-02-18T04:52:49.085+0000] {sql.py:450} INFO - Running statement: INSERT IGNORE INTO cities(name) VALUES ('South Christy');, parameters: None
[2024-02-18T04:52:49.091+0000] {sql.py:459} INFO - Rows affected: 0
[2024-02-18T04:52:49.119+0000] {base.py:83} INFO - Using connection ID 'postgres_connection' for task execution.
[2024-02-18T04:52:49.139+0000] {sql.py:450} INFO - Running statement: INSERT INTO cities(name) VALUES ('South Christy') ON CONFLICT DO NOTHING;, parameters: None
[2024-02-18T04:52:49.144+0000] {sql.py:459} INFO - Rows affected: 0
[2024-02-18T04:52:49.194+0000] {base.py:83} INFO - Using connection ID 'mysql_connection' for task execution.
[2024-02-18T04:52:49.207+0000] {sql.py:450} INFO - Running statement: INSERT IGNORE INTO cities(name) VALUES ('South Elvis');, parameters: None
[2024-02-18T04:52:49.210+0000] {sql.py:459} INFO - Rows affected: 0
[2024-02-18T04:52:49.227+0000] {base.py:83} INFO - Using connection ID 'postgres_connection' for task execution.
[2024-02-18T04:52:49.241+0000] {sql.py:450} INFO - Running statement: INSERT INTO cities(name) VALUES ('South Elvis') ON CONFLICT DO NOTHING;, parameters: None
[2024-02-18T04:52:49.245+0000] {sql.py:459} INFO - Rows affected: 0
[2024-02-18T04:52:49.275+0000] {base.py:83} INFO - Using connection ID 'mysql_connection' for task execution.
[2024-02-18T04:52:49.282+0000] {sql.py:450} INFO - Running statement: INSERT IGNORE INTO cities(name) VALUES ('Wisokyburgh');, parameters: None
[2024-02-18T04:52:49.285+0000] {sql.py:459} INFO - Rows affected: 0
[2024-02-18T04:52:49.306+0000] {base.py:83} INFO - Using connection ID 'postgres_connection' for task execution.
[2024-02-18T04:52:49.324+0000] {sql.py:450} INFO - Running statement: INSERT INTO cities(name) VALUES ('Wisokyburgh') ON CONFLICT DO NOTHING;, parameters: None
[2024-02-18T04:52:49.334+0000] {sql.py:459} INFO - Rows affected: 0
[2024-02-18T04:52:49.359+0000] {base.py:83} INFO - Using connection ID 'mysql_connection' for task execution.
[2024-02-18T04:52:49.367+0000] {sql.py:450} INFO - Running statement: INSERT IGNORE INTO cities(name) VALUES ('Aliyaview');, parameters: None
[2024-02-18T04:52:49.371+0000] {sql.py:459} INFO - Rows affected: 0
[2024-02-18T04:52:49.417+0000] {base.py:83} INFO - Using connection ID 'postgres_connection' for task execution.
[2024-02-18T04:52:49.437+0000] {sql.py:450} INFO - Running statement: INSERT INTO cities(name) VALUES ('Aliyaview') ON CONFLICT DO NOTHING;, parameters: None
[2024-02-18T04:52:49.443+0000] {sql.py:459} INFO - Rows affected: 0
[2024-02-18T04:52:49.488+0000] {base.py:83} INFO - Using connection ID 'mysql_connection' for task execution.
[2024-02-18T04:52:49.498+0000] {sql.py:450} INFO - Running statement: INSERT IGNORE INTO cities(name) VALUES ('Gwenborough');, parameters: None
[2024-02-18T04:52:49.503+0000] {sql.py:459} INFO - Rows affected: 0
[2024-02-18T04:52:49.542+0000] {base.py:83} INFO - Using connection ID 'postgres_connection' for task execution.
[2024-02-18T04:52:49.570+0000] {sql.py:450} INFO - Running statement: INSERT INTO cities(name) VALUES ('Gwenborough') ON CONFLICT DO NOTHING;, parameters: None
[2024-02-18T04:52:49.574+0000] {sql.py:459} INFO - Rows affected: 0
[2024-02-18T04:52:49.619+0000] {base.py:83} INFO - Using connection ID 'mysql_connection' for task execution.
[2024-02-18T04:52:49.640+0000] {sql.py:450} INFO - Running statement: INSERT IGNORE INTO cities(name) VALUES ('Bartholomebury');, parameters: None
[2024-02-18T04:52:49.642+0000] {sql.py:459} INFO - Rows affected: 0
[2024-02-18T04:52:49.722+0000] {base.py:83} INFO - Using connection ID 'postgres_connection' for task execution.
[2024-02-18T04:52:49.733+0000] {sql.py:450} INFO - Running statement: INSERT INTO cities(name) VALUES ('Bartholomebury') ON CONFLICT DO NOTHING;, parameters: None
[2024-02-18T04:52:49.741+0000] {sql.py:459} INFO - Rows affected: 0
[2024-02-18T04:52:49.758+0000] {base.py:83} INFO - Using connection ID 'mysql_connection' for task execution.
[2024-02-18T04:52:49.771+0000] {sql.py:450} INFO - Running statement: INSERT IGNORE INTO cities(name) VALUES ('Howemouth');, parameters: None
[2024-02-18T04:52:49.790+0000] {sql.py:459} INFO - Rows affected: 0
[2024-02-18T04:52:49.820+0000] {base.py:83} INFO - Using connection ID 'postgres_connection' for task execution.
[2024-02-18T04:52:49.830+0000] {sql.py:450} INFO - Running statement: INSERT INTO cities(name) VALUES ('Howemouth') ON CONFLICT DO NOTHING;, parameters: None
[2024-02-18T04:52:49.842+0000] {sql.py:459} INFO - Rows affected: 0
[2024-02-18T04:52:49.864+0000] {base.py:83} INFO - Using connection ID 'mysql_connection' for task execution.
[2024-02-18T04:52:49.877+0000] {sql.py:450} INFO - Running statement: INSERT IGNORE INTO cities(name) VALUES ('McKenziehaven');, parameters: None
[2024-02-18T04:52:49.880+0000] {sql.py:459} INFO - Rows affected: 0
[2024-02-18T04:52:49.925+0000] {base.py:83} INFO - Using connection ID 'postgres_connection' for task execution.
[2024-02-18T04:52:49.950+0000] {sql.py:450} INFO - Running statement: INSERT INTO cities(name) VALUES ('McKenziehaven') ON CONFLICT DO NOTHING;, parameters: None
[2024-02-18T04:52:49.954+0000] {sql.py:459} INFO - Rows affected: 0
[2024-02-18T04:52:49.959+0000] {python.py:201} INFO - Done. Returned value was: None
[2024-02-18T04:52:49.992+0000] {taskinstance.py:1138} INFO - Marking task as SUCCESS. dag_id=ETL_From_an_API_to_MySQL_Postgres_and_Redis, task_id=load_cities_to_MySQL_and_Postgres, execution_date=20240128T000000, start_date=20240218T045247, end_date=20240218T045249
[2024-02-18T04:52:50.101+0000] {local_task_job_runner.py:234} INFO - Task exited with return code 0
[2024-02-18T04:52:50.172+0000] {taskinstance.py:3280} INFO - 1 downstream tasks scheduled from follow-on schedule check
