[2024-02-05T21:11:45.016+0000] {taskinstance.py:1956} INFO - Dependencies all met for dep_context=non-requeueable deps ti=<TaskInstance: Read_and_load_of_API_to_MySQLDB.Get_API_users manual__2024-02-05T20:56:39.402511+00:00 [queued]>
[2024-02-05T21:11:45.041+0000] {taskinstance.py:1956} INFO - Dependencies all met for dep_context=requeueable deps ti=<TaskInstance: Read_and_load_of_API_to_MySQLDB.Get_API_users manual__2024-02-05T20:56:39.402511+00:00 [queued]>
[2024-02-05T21:11:45.042+0000] {taskinstance.py:2170} INFO - Starting attempt 9 of 14
[2024-02-05T21:11:45.085+0000] {taskinstance.py:2191} INFO - Executing <Task(_PythonDecoratedOperator): Get_API_users> on 2024-02-05 20:56:39.402511+00:00
[2024-02-05T21:11:45.105+0000] {standard_task_runner.py:60} INFO - Started process 1587 to run task
[2024-02-05T21:11:45.116+0000] {standard_task_runner.py:87} INFO - Running: ['***', 'tasks', 'run', 'Read_and_load_of_API_to_MySQLDB', 'Get_API_users', 'manual__2024-02-05T20:56:39.402511+00:00', '--job-id', '88', '--raw', '--subdir', 'DAGS_FOLDER/CRM.py', '--cfg-path', '/tmp/tmptoa__wpy']
[2024-02-05T21:11:45.120+0000] {standard_task_runner.py:88} INFO - Job 88: Subtask Get_API_users
[2024-02-05T21:11:45.474+0000] {task_command.py:423} INFO - Running <TaskInstance: Read_and_load_of_API_to_MySQLDB.Get_API_users manual__2024-02-05T20:56:39.402511+00:00 [running]> on host 648978c3a8b9
[2024-02-05T21:11:45.715+0000] {taskinstance.py:2480} INFO - Exporting env vars: AIRFLOW_CTX_DAG_OWNER='jmoc' AIRFLOW_CTX_DAG_ID='Read_and_load_of_API_to_MySQLDB' AIRFLOW_CTX_TASK_ID='Get_API_users' AIRFLOW_CTX_EXECUTION_DATE='2024-02-05T20:56:39.402511+00:00' AIRFLOW_CTX_TRY_NUMBER='9' AIRFLOW_CTX_DAG_RUN_ID='manual__2024-02-05T20:56:39.402511+00:00'
[2024-02-05T21:11:46.302+0000] {taskinstance.py:2698} ERROR - Task failed with exception
Traceback (most recent call last):
  File "/home/airflow/.local/lib/python3.8/site-packages/airflow/models/taskinstance.py", line 433, in _execute_task
    result = execute_callable(context=context, **execute_callable_kwargs)
  File "/home/airflow/.local/lib/python3.8/site-packages/airflow/decorators/base.py", line 241, in execute
    return_value = super().execute(context)
  File "/home/airflow/.local/lib/python3.8/site-packages/airflow/operators/python.py", line 199, in execute
    return_value = self.execute_callable()
  File "/home/airflow/.local/lib/python3.8/site-packages/airflow/operators/python.py", line 216, in execute_callable
    return self.python_callable(*self.op_args, **self.op_kwargs)
  File "/opt/airflow/dags/CRM.py", line 63, in Get_API_users
    ti.xcoms_push(key='cities_name', value=cities)
AttributeError: 'TaskInstance' object has no attribute 'xcoms_push'
[2024-02-05T21:11:46.339+0000] {taskinstance.py:1138} INFO - Marking task as UP_FOR_RETRY. dag_id=Read_and_load_of_API_to_MySQLDB, task_id=Get_API_users, execution_date=20240205T205639, start_date=20240205T211145, end_date=20240205T211146
[2024-02-05T21:11:46.373+0000] {standard_task_runner.py:107} ERROR - Failed to execute job 88 for task Get_API_users ('TaskInstance' object has no attribute 'xcoms_push'; 1587)
[2024-02-05T21:11:46.407+0000] {local_task_job_runner.py:234} INFO - Task exited with return code 1
[2024-02-05T21:11:46.488+0000] {taskinstance.py:3280} INFO - 0 downstream tasks scheduled from follow-on schedule check
