[2024-02-18T02:02:19.358+0000] {taskinstance.py:1956} INFO - Dependencies all met for dep_context=non-requeueable deps ti=<TaskInstance: Read_and_load_of_API_to_MySQLDB.Load_users_registers scheduled__2024-02-11T00:00:00+00:00 [queued]>
[2024-02-18T02:02:19.404+0000] {taskinstance.py:1956} INFO - Dependencies all met for dep_context=requeueable deps ti=<TaskInstance: Read_and_load_of_API_to_MySQLDB.Load_users_registers scheduled__2024-02-11T00:00:00+00:00 [queued]>
[2024-02-18T02:02:19.405+0000] {taskinstance.py:2170} INFO - Starting attempt 13 of 18
[2024-02-18T02:02:19.452+0000] {taskinstance.py:2191} INFO - Executing <Task(_PythonDecoratedOperator): Load_users_registers> on 2024-02-11 00:00:00+00:00
[2024-02-18T02:02:19.462+0000] {standard_task_runner.py:60} INFO - Started process 2249 to run task
[2024-02-18T02:02:19.471+0000] {standard_task_runner.py:87} INFO - Running: ['***', 'tasks', 'run', 'Read_and_load_of_API_to_MySQLDB', 'Load_users_registers', 'scheduled__2024-02-11T00:00:00+00:00', '--job-id', '554', '--raw', '--subdir', 'DAGS_FOLDER/CRM.py', '--cfg-path', '/tmp/tmpegigbh1s']
[2024-02-18T02:02:19.475+0000] {standard_task_runner.py:88} INFO - Job 554: Subtask Load_users_registers
[2024-02-18T02:02:19.619+0000] {task_command.py:423} INFO - Running <TaskInstance: Read_and_load_of_API_to_MySQLDB.Load_users_registers scheduled__2024-02-11T00:00:00+00:00 [running]> on host 091c4b0f3ebe
[2024-02-18T02:02:20.013+0000] {taskinstance.py:2480} INFO - Exporting env vars: AIRFLOW_CTX_DAG_OWNER='jmoc' AIRFLOW_CTX_DAG_ID='Read_and_load_of_API_to_MySQLDB' AIRFLOW_CTX_TASK_ID='Load_users_registers' AIRFLOW_CTX_EXECUTION_DATE='2024-02-11T00:00:00+00:00' AIRFLOW_CTX_TRY_NUMBER='13' AIRFLOW_CTX_DAG_RUN_ID='scheduled__2024-02-11T00:00:00+00:00'
[2024-02-18T02:02:20.089+0000] {base.py:83} INFO - Using connection ID 'mysql_connection' for task execution.
[2024-02-18T02:02:20.188+0000] {sql.py:450} INFO - Running statement: SELECT id FROM cities WHERE name = 'Gwenborough';, parameters: None
[2024-02-18T02:02:20.221+0000] {sql.py:459} INFO - Rows affected: 1
[2024-02-18T02:02:20.237+0000] {base.py:83} INFO - Using connection ID 'mysql_connection' for task execution.
[2024-02-18T02:02:20.244+0000] {sql.py:450} INFO - Running statement: SELECT id FROM companies WHERE name = 'Romaguera-Crona';, parameters: None
[2024-02-18T02:02:20.246+0000] {sql.py:459} INFO - Rows affected: 1
[2024-02-18T02:02:20.260+0000] {base.py:83} INFO - Using connection ID 'mysql_connection' for task execution.
[2024-02-18T02:02:20.267+0000] {sql.py:450} INFO - Running statement: INSERT IGNORE INTO users(name, username, email, address, city_id, zipcode, latitud, longitud, phone, website, company_id) VALUES ('Leanne Graham','Bret','Sincere@april.biz','Kulas Light Apt. 556','7','92998-3874','-37.3159','81.1496','1-770-736-8031 x56442','hildegard.org','1');, parameters: None
[2024-02-18T02:02:20.296+0000] {sql.py:459} INFO - Rows affected: 1
[2024-02-18T02:02:20.315+0000] {base.py:83} INFO - Using connection ID 'postgres_connection' for task execution.
[2024-02-18T02:02:20.330+0000] {sql.py:450} INFO - Running statement: INSERT INTO users (name, username, email, address, city_id, zipcode, latitud, longitud, phone, website, company_id) VALUES ('Leanne Graham','Bret','Sincere@april.biz','Kulas Light Apt. 556','7','92998-3874','-37.3159','81.1496','1-770-736-8031 x56442','hildegard.org','1') ON CONFLICT (email) DO NOTHING;, parameters: None
[2024-02-18T02:02:20.347+0000] {sql.py:459} INFO - Rows affected: 1
[2024-02-18T02:02:20.370+0000] {base.py:83} INFO - Using connection ID 'mysql_connection' for task execution.
[2024-02-18T02:02:20.375+0000] {sql.py:450} INFO - Running statement: SELECT id FROM cities WHERE name = 'Wisokyburgh';, parameters: None
[2024-02-18T02:02:20.377+0000] {sql.py:459} INFO - Rows affected: 1
[2024-02-18T02:02:20.395+0000] {base.py:83} INFO - Using connection ID 'mysql_connection' for task execution.
[2024-02-18T02:02:20.406+0000] {sql.py:450} INFO - Running statement: SELECT id FROM companies WHERE name = 'Deckow-Crist';, parameters: None
[2024-02-18T02:02:20.408+0000] {sql.py:459} INFO - Rows affected: 1
[2024-02-18T02:02:20.422+0000] {base.py:83} INFO - Using connection ID 'mysql_connection' for task execution.
[2024-02-18T02:02:20.429+0000] {sql.py:450} INFO - Running statement: INSERT IGNORE INTO users(name, username, email, address, city_id, zipcode, latitud, longitud, phone, website, company_id) VALUES ('Ervin Howell','Antonette','Shanna@melissa.tv','Victor Plains Suite 879','5','90566-7771','-43.9509','-34.4618','010-692-6593 x09125','anastasia.net','2');, parameters: None
[2024-02-18T02:02:20.432+0000] {sql.py:459} INFO - Rows affected: 1
[2024-02-18T02:02:20.459+0000] {base.py:83} INFO - Using connection ID 'postgres_connection' for task execution.
[2024-02-18T02:02:20.468+0000] {sql.py:450} INFO - Running statement: INSERT INTO users (name, username, email, address, city_id, zipcode, latitud, longitud, phone, website, company_id) VALUES ('Ervin Howell','Antonette','Shanna@melissa.tv','Victor Plains Suite 879','5','90566-7771','-43.9509','-34.4618','010-692-6593 x09125','anastasia.net','2') ON CONFLICT (email) DO NOTHING;, parameters: None
[2024-02-18T02:02:20.474+0000] {sql.py:459} INFO - Rows affected: 1
[2024-02-18T02:02:20.494+0000] {base.py:83} INFO - Using connection ID 'mysql_connection' for task execution.
[2024-02-18T02:02:20.506+0000] {sql.py:450} INFO - Running statement: SELECT id FROM cities WHERE name = 'McKenziehaven';, parameters: None
[2024-02-18T02:02:20.509+0000] {sql.py:459} INFO - Rows affected: 1
[2024-02-18T02:02:20.525+0000] {base.py:83} INFO - Using connection ID 'mysql_connection' for task execution.
[2024-02-18T02:02:20.536+0000] {sql.py:450} INFO - Running statement: SELECT id FROM companies WHERE name = 'Romaguera-Jacobson';, parameters: None
[2024-02-18T02:02:20.538+0000] {sql.py:459} INFO - Rows affected: 1
[2024-02-18T02:02:20.580+0000] {base.py:83} INFO - Using connection ID 'mysql_connection' for task execution.
[2024-02-18T02:02:20.590+0000] {sql.py:450} INFO - Running statement: INSERT IGNORE INTO users(name, username, email, address, city_id, zipcode, latitud, longitud, phone, website, company_id) VALUES ('Clementine Bauch','Samantha','Nathan@yesenia.net','Douglas Extension Suite 847','10','59590-4157','-68.6102','-47.0653','1-463-123-4447','ramiro.info','3');, parameters: None
[2024-02-18T02:02:20.592+0000] {sql.py:459} INFO - Rows affected: 1
[2024-02-18T02:02:20.625+0000] {base.py:83} INFO - Using connection ID 'postgres_connection' for task execution.
[2024-02-18T02:02:20.637+0000] {sql.py:450} INFO - Running statement: INSERT INTO users (name, username, email, address, city_id, zipcode, latitud, longitud, phone, website, company_id) VALUES ('Clementine Bauch','Samantha','Nathan@yesenia.net','Douglas Extension Suite 847','10','59590-4157','-68.6102','-47.0653','1-463-123-4447','ramiro.info','3') ON CONFLICT (email) DO NOTHING;, parameters: None
[2024-02-18T02:02:20.642+0000] {sql.py:459} INFO - Rows affected: 1
[2024-02-18T02:02:20.699+0000] {base.py:83} INFO - Using connection ID 'mysql_connection' for task execution.
[2024-02-18T02:02:20.712+0000] {sql.py:450} INFO - Running statement: SELECT id FROM cities WHERE name = 'South Elvis';, parameters: None
[2024-02-18T02:02:20.715+0000] {sql.py:459} INFO - Rows affected: 1
[2024-02-18T02:02:20.732+0000] {base.py:83} INFO - Using connection ID 'mysql_connection' for task execution.
[2024-02-18T02:02:20.741+0000] {sql.py:450} INFO - Running statement: SELECT id FROM companies WHERE name = 'Robel-Corkery';, parameters: None
[2024-02-18T02:02:20.743+0000] {sql.py:459} INFO - Rows affected: 1
[2024-02-18T02:02:20.756+0000] {base.py:83} INFO - Using connection ID 'mysql_connection' for task execution.
[2024-02-18T02:02:20.762+0000] {sql.py:450} INFO - Running statement: INSERT IGNORE INTO users(name, username, email, address, city_id, zipcode, latitud, longitud, phone, website, company_id) VALUES ('Patricia Lebsack','Karianne','Julianne.OConner@kory.org','Hoeger Mall Apt. 692','4','53919-4257','29.4572','-164.2990','493-170-9623 x156','kale.biz','4');, parameters: None
[2024-02-18T02:02:20.765+0000] {sql.py:459} INFO - Rows affected: 1
[2024-02-18T02:02:20.783+0000] {base.py:83} INFO - Using connection ID 'postgres_connection' for task execution.
[2024-02-18T02:02:20.793+0000] {sql.py:450} INFO - Running statement: INSERT INTO users (name, username, email, address, city_id, zipcode, latitud, longitud, phone, website, company_id) VALUES ('Patricia Lebsack','Karianne','Julianne.OConner@kory.org','Hoeger Mall Apt. 692','4','53919-4257','29.4572','-164.2990','493-170-9623 x156','kale.biz','4') ON CONFLICT (email) DO NOTHING;, parameters: None
[2024-02-18T02:02:20.797+0000] {sql.py:459} INFO - Rows affected: 1
[2024-02-18T02:02:20.811+0000] {base.py:83} INFO - Using connection ID 'mysql_connection' for task execution.
[2024-02-18T02:02:20.818+0000] {sql.py:450} INFO - Running statement: SELECT id FROM cities WHERE name = 'Roscoeview';, parameters: None
[2024-02-18T02:02:20.820+0000] {sql.py:459} INFO - Rows affected: 1
[2024-02-18T02:02:20.833+0000] {base.py:83} INFO - Using connection ID 'mysql_connection' for task execution.
[2024-02-18T02:02:20.841+0000] {sql.py:450} INFO - Running statement: SELECT id FROM companies WHERE name = 'Keebler LLC';, parameters: None
[2024-02-18T02:02:20.843+0000] {sql.py:459} INFO - Rows affected: 1
[2024-02-18T02:02:20.857+0000] {base.py:83} INFO - Using connection ID 'mysql_connection' for task execution.
[2024-02-18T02:02:20.863+0000] {sql.py:450} INFO - Running statement: INSERT IGNORE INTO users(name, username, email, address, city_id, zipcode, latitud, longitud, phone, website, company_id) VALUES ('Chelsey Dietrich','Kamren','Lucio_Hettinger@annie.ca','Skiles Walks Suite 351','1','33263','-31.8129','62.5342','(254)954-1289','demarco.info','5');, parameters: None
[2024-02-18T02:02:20.866+0000] {sql.py:459} INFO - Rows affected: 1
[2024-02-18T02:02:20.884+0000] {base.py:83} INFO - Using connection ID 'postgres_connection' for task execution.
[2024-02-18T02:02:20.893+0000] {sql.py:450} INFO - Running statement: INSERT INTO users (name, username, email, address, city_id, zipcode, latitud, longitud, phone, website, company_id) VALUES ('Chelsey Dietrich','Kamren','Lucio_Hettinger@annie.ca','Skiles Walks Suite 351','1','33263','-31.8129','62.5342','(254)954-1289','demarco.info','5') ON CONFLICT (email) DO NOTHING;, parameters: None
[2024-02-18T02:02:20.898+0000] {sql.py:459} INFO - Rows affected: 1
[2024-02-18T02:02:20.913+0000] {base.py:83} INFO - Using connection ID 'mysql_connection' for task execution.
[2024-02-18T02:02:20.920+0000] {sql.py:450} INFO - Running statement: SELECT id FROM cities WHERE name = 'South Christy';, parameters: None
[2024-02-18T02:02:20.923+0000] {sql.py:459} INFO - Rows affected: 1
[2024-02-18T02:02:20.939+0000] {base.py:83} INFO - Using connection ID 'mysql_connection' for task execution.
[2024-02-18T02:02:20.947+0000] {sql.py:450} INFO - Running statement: SELECT id FROM companies WHERE name = 'Considine-Lockman';, parameters: None
[2024-02-18T02:02:20.950+0000] {sql.py:459} INFO - Rows affected: 1
[2024-02-18T02:02:20.972+0000] {base.py:83} INFO - Using connection ID 'mysql_connection' for task execution.
[2024-02-18T02:02:20.979+0000] {sql.py:450} INFO - Running statement: INSERT IGNORE INTO users(name, username, email, address, city_id, zipcode, latitud, longitud, phone, website, company_id) VALUES ('Mrs. Dennis Schulist','Leopoldo_Corkery','Karley_Dach@jasper.info','Norberto Crossing Apt. 950','3','23505-1337','-71.4197','71.7478','1-477-935-8478 x6430','ola.org','6');, parameters: None
[2024-02-18T02:02:20.983+0000] {sql.py:459} INFO - Rows affected: 1
[2024-02-18T02:02:21.017+0000] {base.py:83} INFO - Using connection ID 'postgres_connection' for task execution.
[2024-02-18T02:02:21.026+0000] {sql.py:450} INFO - Running statement: INSERT INTO users (name, username, email, address, city_id, zipcode, latitud, longitud, phone, website, company_id) VALUES ('Mrs. Dennis Schulist','Leopoldo_Corkery','Karley_Dach@jasper.info','Norberto Crossing Apt. 950','3','23505-1337','-71.4197','71.7478','1-477-935-8478 x6430','ola.org','6') ON CONFLICT (email) DO NOTHING;, parameters: None
[2024-02-18T02:02:21.031+0000] {sql.py:459} INFO - Rows affected: 1
[2024-02-18T02:02:21.049+0000] {base.py:83} INFO - Using connection ID 'mysql_connection' for task execution.
[2024-02-18T02:02:21.057+0000] {sql.py:450} INFO - Running statement: SELECT id FROM cities WHERE name = 'Howemouth';, parameters: None
[2024-02-18T02:02:21.059+0000] {sql.py:459} INFO - Rows affected: 1
[2024-02-18T02:02:21.074+0000] {base.py:83} INFO - Using connection ID 'mysql_connection' for task execution.
[2024-02-18T02:02:21.096+0000] {sql.py:450} INFO - Running statement: SELECT id FROM companies WHERE name = 'Johns Group';, parameters: None
[2024-02-18T02:02:21.098+0000] {sql.py:459} INFO - Rows affected: 1
[2024-02-18T02:02:21.118+0000] {base.py:83} INFO - Using connection ID 'mysql_connection' for task execution.
[2024-02-18T02:02:21.131+0000] {sql.py:450} INFO - Running statement: INSERT IGNORE INTO users(name, username, email, address, city_id, zipcode, latitud, longitud, phone, website, company_id) VALUES ('Kurtis Weissnat','Elwyn.Skiles','Telly.Hoeger@billy.biz','Rex Trail Suite 280','9','58804-1099','24.8918','21.8984','210.067.6132','elvis.io','7');, parameters: None
[2024-02-18T02:02:21.135+0000] {sql.py:459} INFO - Rows affected: 1
[2024-02-18T02:02:21.157+0000] {base.py:83} INFO - Using connection ID 'postgres_connection' for task execution.
[2024-02-18T02:02:21.165+0000] {sql.py:450} INFO - Running statement: INSERT INTO users (name, username, email, address, city_id, zipcode, latitud, longitud, phone, website, company_id) VALUES ('Kurtis Weissnat','Elwyn.Skiles','Telly.Hoeger@billy.biz','Rex Trail Suite 280','9','58804-1099','24.8918','21.8984','210.067.6132','elvis.io','7') ON CONFLICT (email) DO NOTHING;, parameters: None
[2024-02-18T02:02:21.177+0000] {sql.py:459} INFO - Rows affected: 1
[2024-02-18T02:02:21.194+0000] {base.py:83} INFO - Using connection ID 'mysql_connection' for task execution.
[2024-02-18T02:02:21.200+0000] {sql.py:450} INFO - Running statement: SELECT id FROM cities WHERE name = 'Aliyaview';, parameters: None
[2024-02-18T02:02:21.202+0000] {sql.py:459} INFO - Rows affected: 1
[2024-02-18T02:02:21.215+0000] {base.py:83} INFO - Using connection ID 'mysql_connection' for task execution.
[2024-02-18T02:02:21.223+0000] {sql.py:450} INFO - Running statement: SELECT id FROM companies WHERE name = 'Abernathy Group';, parameters: None
[2024-02-18T02:02:21.225+0000] {sql.py:459} INFO - Rows affected: 1
[2024-02-18T02:02:21.236+0000] {base.py:83} INFO - Using connection ID 'mysql_connection' for task execution.
[2024-02-18T02:02:21.244+0000] {sql.py:450} INFO - Running statement: INSERT IGNORE INTO users(name, username, email, address, city_id, zipcode, latitud, longitud, phone, website, company_id) VALUES ('Nicholas Runolfsdottir V','Maxime_Nienow','Sherwood@rosamond.me','Ellsworth Summit Suite 729','6','45169','-14.3990','-120.7677','586.493.6943 x140','jacynthe.com','8');, parameters: None
[2024-02-18T02:02:21.246+0000] {sql.py:459} INFO - Rows affected: 1
[2024-02-18T02:02:21.263+0000] {base.py:83} INFO - Using connection ID 'postgres_connection' for task execution.
[2024-02-18T02:02:21.273+0000] {sql.py:450} INFO - Running statement: INSERT INTO users (name, username, email, address, city_id, zipcode, latitud, longitud, phone, website, company_id) VALUES ('Nicholas Runolfsdottir V','Maxime_Nienow','Sherwood@rosamond.me','Ellsworth Summit Suite 729','6','45169','-14.3990','-120.7677','586.493.6943 x140','jacynthe.com','8') ON CONFLICT (email) DO NOTHING;, parameters: None
[2024-02-18T02:02:21.277+0000] {sql.py:459} INFO - Rows affected: 1
[2024-02-18T02:02:21.292+0000] {base.py:83} INFO - Using connection ID 'mysql_connection' for task execution.
[2024-02-18T02:02:21.298+0000] {sql.py:450} INFO - Running statement: SELECT id FROM cities WHERE name = 'Bartholomebury';, parameters: None
[2024-02-18T02:02:21.300+0000] {sql.py:459} INFO - Rows affected: 1
[2024-02-18T02:02:21.314+0000] {base.py:83} INFO - Using connection ID 'mysql_connection' for task execution.
[2024-02-18T02:02:21.325+0000] {sql.py:450} INFO - Running statement: SELECT id FROM companies WHERE name = 'Yost and Sons';, parameters: None
[2024-02-18T02:02:21.327+0000] {sql.py:459} INFO - Rows affected: 1
[2024-02-18T02:02:21.339+0000] {base.py:83} INFO - Using connection ID 'mysql_connection' for task execution.
[2024-02-18T02:02:21.346+0000] {sql.py:450} INFO - Running statement: INSERT IGNORE INTO users(name, username, email, address, city_id, zipcode, latitud, longitud, phone, website, company_id) VALUES ('Glenna Reichert','Delphine','Chaim_McDermott@dana.io','Dayna Park Suite 449','8','76495-3109','24.6463','-168.8889','(775)976-6794 x41206','conrad.com','9');, parameters: None
[2024-02-18T02:02:21.348+0000] {sql.py:459} INFO - Rows affected: 1
[2024-02-18T02:02:21.367+0000] {base.py:83} INFO - Using connection ID 'postgres_connection' for task execution.
[2024-02-18T02:02:21.375+0000] {sql.py:450} INFO - Running statement: INSERT INTO users (name, username, email, address, city_id, zipcode, latitud, longitud, phone, website, company_id) VALUES ('Glenna Reichert','Delphine','Chaim_McDermott@dana.io','Dayna Park Suite 449','8','76495-3109','24.6463','-168.8889','(775)976-6794 x41206','conrad.com','9') ON CONFLICT (email) DO NOTHING;, parameters: None
[2024-02-18T02:02:21.380+0000] {sql.py:459} INFO - Rows affected: 1
[2024-02-18T02:02:21.396+0000] {base.py:83} INFO - Using connection ID 'mysql_connection' for task execution.
[2024-02-18T02:02:21.402+0000] {sql.py:450} INFO - Running statement: SELECT id FROM cities WHERE name = 'Lebsackbury';, parameters: None
[2024-02-18T02:02:21.406+0000] {sql.py:459} INFO - Rows affected: 1
[2024-02-18T02:02:21.417+0000] {base.py:83} INFO - Using connection ID 'mysql_connection' for task execution.
[2024-02-18T02:02:21.427+0000] {sql.py:450} INFO - Running statement: SELECT id FROM companies WHERE name = 'Hoeger LLC';, parameters: None
[2024-02-18T02:02:21.432+0000] {sql.py:459} INFO - Rows affected: 1
[2024-02-18T02:02:21.449+0000] {base.py:83} INFO - Using connection ID 'mysql_connection' for task execution.
[2024-02-18T02:02:21.463+0000] {sql.py:450} INFO - Running statement: INSERT IGNORE INTO users(name, username, email, address, city_id, zipcode, latitud, longitud, phone, website, company_id) VALUES ('Clementina DuBuque','Moriah.Stanton','Rey.Padberg@karina.biz','Kattie Turnpike Suite 198','2','31428-2261','-38.2386','57.2232','024-648-3804','ambrose.net','10');, parameters: None
[2024-02-18T02:02:21.467+0000] {sql.py:459} INFO - Rows affected: 1
[2024-02-18T02:02:21.488+0000] {base.py:83} INFO - Using connection ID 'postgres_connection' for task execution.
[2024-02-18T02:02:21.497+0000] {sql.py:450} INFO - Running statement: INSERT INTO users (name, username, email, address, city_id, zipcode, latitud, longitud, phone, website, company_id) VALUES ('Clementina DuBuque','Moriah.Stanton','Rey.Padberg@karina.biz','Kattie Turnpike Suite 198','2','31428-2261','-38.2386','57.2232','024-648-3804','ambrose.net','10') ON CONFLICT (email) DO NOTHING;, parameters: None
[2024-02-18T02:02:21.505+0000] {sql.py:459} INFO - Rows affected: 1
[2024-02-18T02:02:21.510+0000] {python.py:201} INFO - Done. Returned value was: None
[2024-02-18T02:02:21.534+0000] {taskinstance.py:1138} INFO - Marking task as SUCCESS. dag_id=Read_and_load_of_API_to_MySQLDB, task_id=Load_users_registers, execution_date=20240211T000000, start_date=20240218T020219, end_date=20240218T020221
[2024-02-18T02:02:21.621+0000] {local_task_job_runner.py:234} INFO - Task exited with return code 0
[2024-02-18T02:02:21.677+0000] {taskinstance.py:3280} INFO - 1 downstream tasks scheduled from follow-on schedule check
