[2024-02-18T01:58:52.660+0000] {taskinstance.py:1956} INFO - Dependencies all met for dep_context=non-requeueable deps ti=<TaskInstance: Read_and_load_of_API_to_MySQLDB.Load_users_registers scheduled__2024-02-11T00:00:00+00:00 [queued]>
[2024-02-18T01:58:52.685+0000] {taskinstance.py:1956} INFO - Dependencies all met for dep_context=requeueable deps ti=<TaskInstance: Read_and_load_of_API_to_MySQLDB.Load_users_registers scheduled__2024-02-11T00:00:00+00:00 [queued]>
[2024-02-18T01:58:52.686+0000] {taskinstance.py:2170} INFO - Starting attempt 12 of 17
[2024-02-18T01:58:52.723+0000] {taskinstance.py:2191} INFO - Executing <Task(_PythonDecoratedOperator): Load_users_registers> on 2024-02-11 00:00:00+00:00
[2024-02-18T01:58:52.733+0000] {standard_task_runner.py:60} INFO - Started process 2160 to run task
[2024-02-18T01:58:52.739+0000] {standard_task_runner.py:87} INFO - Running: ['***', 'tasks', 'run', 'Read_and_load_of_API_to_MySQLDB', 'Load_users_registers', 'scheduled__2024-02-11T00:00:00+00:00', '--job-id', '545', '--raw', '--subdir', 'DAGS_FOLDER/CRM.py', '--cfg-path', '/tmp/tmp3s102vhc']
[2024-02-18T01:58:52.743+0000] {standard_task_runner.py:88} INFO - Job 545: Subtask Load_users_registers
[2024-02-18T01:58:52.846+0000] {task_command.py:423} INFO - Running <TaskInstance: Read_and_load_of_API_to_MySQLDB.Load_users_registers scheduled__2024-02-11T00:00:00+00:00 [running]> on host 091c4b0f3ebe
[2024-02-18T01:58:53.053+0000] {taskinstance.py:2480} INFO - Exporting env vars: AIRFLOW_CTX_DAG_OWNER='jmoc' AIRFLOW_CTX_DAG_ID='Read_and_load_of_API_to_MySQLDB' AIRFLOW_CTX_TASK_ID='Load_users_registers' AIRFLOW_CTX_EXECUTION_DATE='2024-02-11T00:00:00+00:00' AIRFLOW_CTX_TRY_NUMBER='12' AIRFLOW_CTX_DAG_RUN_ID='scheduled__2024-02-11T00:00:00+00:00'
[2024-02-18T01:58:53.121+0000] {base.py:83} INFO - Using connection ID 'mysql_connection' for task execution.
[2024-02-18T01:58:53.156+0000] {sql.py:450} INFO - Running statement: SELECT id FROM cities WHERE name = 'Gwenborough';, parameters: None
[2024-02-18T01:58:53.171+0000] {sql.py:459} INFO - Rows affected: 1
[2024-02-18T01:58:53.188+0000] {base.py:83} INFO - Using connection ID 'mysql_connection' for task execution.
[2024-02-18T01:58:53.198+0000] {sql.py:450} INFO - Running statement: SELECT id FROM companies WHERE name = 'Romaguera-Crona';, parameters: None
[2024-02-18T01:58:53.201+0000] {sql.py:459} INFO - Rows affected: 1
[2024-02-18T01:58:53.226+0000] {base.py:83} INFO - Using connection ID 'mysql_connection' for task execution.
[2024-02-18T01:58:53.240+0000] {sql.py:450} INFO - Running statement: INSERT IGNORE INTO users(name, username, email, address, city_id, zipcode, latitud, longitud, phone, website, company_id) VALUES ('Leanne Graham','Bret','Sincere@april.biz','Kulas Light Apt. 556','7','92998-3874','-37.3159','81.1496','1-770-736-8031 x56442','hildegard.org','1');, parameters: None
[2024-02-18T01:58:53.247+0000] {sql.py:459} INFO - Rows affected: 0
[2024-02-18T01:58:53.270+0000] {base.py:83} INFO - Using connection ID 'postgres_connection' for task execution.
[2024-02-18T01:58:53.292+0000] {sql.py:450} INFO - Running statement: INSERT INTO users (name, username, email, address, city_id, zipcode, latitud, longitud, phone, website, company_id) VALUES ('Leanne Graham','Bret','Sincere@april.biz','Kulas Light Apt. 556','7','92998-3874','-37.3159','81.1496','1-770-736-8031 x56442','hildegard.org','1') ON CONFLICT (email) DO NOTHING;, parameters: None
[2024-02-18T01:58:53.300+0000] {sql.py:459} INFO - Rows affected: 0
[2024-02-18T01:58:53.348+0000] {base.py:83} INFO - Using connection ID 'mysql_connection' for task execution.
[2024-02-18T01:58:53.357+0000] {sql.py:450} INFO - Running statement: SELECT id FROM cities WHERE name = 'Wisokyburgh';, parameters: None
[2024-02-18T01:58:53.360+0000] {sql.py:459} INFO - Rows affected: 1
[2024-02-18T01:58:53.384+0000] {base.py:83} INFO - Using connection ID 'mysql_connection' for task execution.
[2024-02-18T01:58:53.390+0000] {sql.py:450} INFO - Running statement: SELECT id FROM companies WHERE name = 'Deckow-Crist';, parameters: None
[2024-02-18T01:58:53.392+0000] {sql.py:459} INFO - Rows affected: 1
[2024-02-18T01:58:53.419+0000] {base.py:83} INFO - Using connection ID 'mysql_connection' for task execution.
[2024-02-18T01:58:53.440+0000] {sql.py:450} INFO - Running statement: INSERT IGNORE INTO users(name, username, email, address, city_id, zipcode, latitud, longitud, phone, website, company_id) VALUES ('Ervin Howell','Antonette','Shanna@melissa.tv','Victor Plains Suite 879','5','90566-7771','-43.9509','-34.4618','010-692-6593 x09125','anastasia.net','2');, parameters: None
[2024-02-18T01:58:53.446+0000] {sql.py:459} INFO - Rows affected: 0
[2024-02-18T01:58:53.467+0000] {base.py:83} INFO - Using connection ID 'postgres_connection' for task execution.
[2024-02-18T01:58:53.476+0000] {sql.py:450} INFO - Running statement: INSERT INTO users (name, username, email, address, city_id, zipcode, latitud, longitud, phone, website, company_id) VALUES ('Ervin Howell','Antonette','Shanna@melissa.tv','Victor Plains Suite 879','5','90566-7771','-43.9509','-34.4618','010-692-6593 x09125','anastasia.net','2') ON CONFLICT (email) DO NOTHING;, parameters: None
[2024-02-18T01:58:53.481+0000] {sql.py:459} INFO - Rows affected: 0
[2024-02-18T01:58:53.498+0000] {base.py:83} INFO - Using connection ID 'mysql_connection' for task execution.
[2024-02-18T01:58:53.510+0000] {sql.py:450} INFO - Running statement: SELECT id FROM cities WHERE name = 'McKenziehaven';, parameters: None
[2024-02-18T01:58:53.515+0000] {sql.py:459} INFO - Rows affected: 1
[2024-02-18T01:58:53.538+0000] {base.py:83} INFO - Using connection ID 'mysql_connection' for task execution.
[2024-02-18T01:58:53.553+0000] {sql.py:450} INFO - Running statement: SELECT id FROM companies WHERE name = 'Romaguera-Jacobson';, parameters: None
[2024-02-18T01:58:53.555+0000] {sql.py:459} INFO - Rows affected: 1
[2024-02-18T01:58:53.578+0000] {base.py:83} INFO - Using connection ID 'mysql_connection' for task execution.
[2024-02-18T01:58:53.591+0000] {sql.py:450} INFO - Running statement: INSERT IGNORE INTO users(name, username, email, address, city_id, zipcode, latitud, longitud, phone, website, company_id) VALUES ('Clementine Bauch','Samantha','Nathan@yesenia.net','Douglas Extension Suite 847','10','59590-4157','-68.6102','-47.0653','1-463-123-4447','ramiro.info','3');, parameters: None
[2024-02-18T01:58:53.609+0000] {sql.py:459} INFO - Rows affected: 0
[2024-02-18T01:58:53.634+0000] {base.py:83} INFO - Using connection ID 'postgres_connection' for task execution.
[2024-02-18T01:58:53.651+0000] {sql.py:450} INFO - Running statement: INSERT INTO users (name, username, email, address, city_id, zipcode, latitud, longitud, phone, website, company_id) VALUES ('Clementine Bauch','Samantha','Nathan@yesenia.net','Douglas Extension Suite 847','10','59590-4157','-68.6102','-47.0653','1-463-123-4447','ramiro.info','3') ON CONFLICT (email) DO NOTHING;, parameters: None
[2024-02-18T01:58:53.658+0000] {sql.py:459} INFO - Rows affected: 0
[2024-02-18T01:58:53.702+0000] {base.py:83} INFO - Using connection ID 'mysql_connection' for task execution.
[2024-02-18T01:58:53.713+0000] {sql.py:450} INFO - Running statement: SELECT id FROM cities WHERE name = 'South Elvis';, parameters: None
[2024-02-18T01:58:53.715+0000] {sql.py:459} INFO - Rows affected: 1
[2024-02-18T01:58:53.733+0000] {base.py:83} INFO - Using connection ID 'mysql_connection' for task execution.
[2024-02-18T01:58:53.752+0000] {sql.py:450} INFO - Running statement: SELECT id FROM companies WHERE name = 'Robel-Corkery';, parameters: None
[2024-02-18T01:58:53.756+0000] {sql.py:459} INFO - Rows affected: 1
[2024-02-18T01:58:53.784+0000] {base.py:83} INFO - Using connection ID 'mysql_connection' for task execution.
[2024-02-18T01:58:53.800+0000] {sql.py:450} INFO - Running statement: INSERT IGNORE INTO users(name, username, email, address, city_id, zipcode, latitud, longitud, phone, website, company_id) VALUES ('Patricia Lebsack','Karianne','Julianne.OConner@kory.org','Hoeger Mall Apt. 692','4','53919-4257','29.4572','-164.2990','493-170-9623 x156','kale.biz','4');, parameters: None
[2024-02-18T01:58:53.804+0000] {sql.py:459} INFO - Rows affected: 0
[2024-02-18T01:58:53.823+0000] {base.py:83} INFO - Using connection ID 'postgres_connection' for task execution.
[2024-02-18T01:58:53.836+0000] {sql.py:450} INFO - Running statement: INSERT INTO users (name, username, email, address, city_id, zipcode, latitud, longitud, phone, website, company_id) VALUES ('Patricia Lebsack','Karianne','Julianne.OConner@kory.org','Hoeger Mall Apt. 692','4','53919-4257','29.4572','-164.2990','493-170-9623 x156','kale.biz','4') ON CONFLICT (email) DO NOTHING;, parameters: None
[2024-02-18T01:58:53.856+0000] {taskinstance.py:2698} ERROR - Task failed with exception
Traceback (most recent call last):
  File "/home/airflow/.local/lib/python3.8/site-packages/airflow/models/taskinstance.py", line 433, in _execute_task
    result = execute_callable(context=context, **execute_callable_kwargs)
  File "/home/airflow/.local/lib/python3.8/site-packages/airflow/decorators/base.py", line 241, in execute
    return_value = super().execute(context)
  File "/home/airflow/.local/lib/python3.8/site-packages/airflow/operators/python.py", line 199, in execute
    return_value = self.execute_callable()
  File "/home/airflow/.local/lib/python3.8/site-packages/airflow/operators/python.py", line 216, in execute_callable
    return self.python_callable(*self.op_args, **self.op_kwargs)
  File "/opt/airflow/dags/CRM.py", line 99, in Load_users_registers
    user_register.save()
  File "/opt/airflow/dags/models/User.py", line 28, in save
    postgres_hook.run(postgres_statement)
  File "/home/airflow/.local/lib/python3.8/site-packages/airflow/providers/common/sql/hooks/sql.py", line 398, in run
    self._run_command(cur, sql_statement, parameters)
  File "/home/airflow/.local/lib/python3.8/site-packages/airflow/providers/common/sql/hooks/sql.py", line 455, in _run_command
    cur.execute(sql_statement)
psycopg2.errors.ForeignKeyViolation: insert or update on table "users" violates foreign key constraint "users_city_id_fkey"
DETAIL:  Key (city_id)=(4) is not present in table "cities".

[2024-02-18T01:58:53.910+0000] {taskinstance.py:1138} INFO - Marking task as UP_FOR_RETRY. dag_id=Read_and_load_of_API_to_MySQLDB, task_id=Load_users_registers, execution_date=20240211T000000, start_date=20240218T015852, end_date=20240218T015853
[2024-02-18T01:58:53.946+0000] {standard_task_runner.py:107} ERROR - Failed to execute job 545 for task Load_users_registers (insert or update on table "users" violates foreign key constraint "users_city_id_fkey"
DETAIL:  Key (city_id)=(4) is not present in table "cities".
; 2160)
[2024-02-18T01:58:54.015+0000] {local_task_job_runner.py:234} INFO - Task exited with return code 1
[2024-02-18T01:58:54.133+0000] {taskinstance.py:3280} INFO - 0 downstream tasks scheduled from follow-on schedule check
