[2024-02-06T02:29:44.156+0000] {taskinstance.py:1956} INFO - Dependencies all met for dep_context=non-requeueable deps ti=<TaskInstance: Read_and_load_of_API_to_MySQLDB.Load_companies_registers manual__2024-02-06T02:26:39.564943+00:00 [queued]>
[2024-02-06T02:29:44.192+0000] {taskinstance.py:1956} INFO - Dependencies all met for dep_context=requeueable deps ti=<TaskInstance: Read_and_load_of_API_to_MySQLDB.Load_companies_registers manual__2024-02-06T02:26:39.564943+00:00 [queued]>
[2024-02-06T02:29:44.195+0000] {taskinstance.py:2170} INFO - Starting attempt 4 of 9
[2024-02-06T02:29:44.237+0000] {taskinstance.py:2191} INFO - Executing <Task(_PythonDecoratedOperator): Load_companies_registers> on 2024-02-06 02:26:39.564943+00:00
[2024-02-06T02:29:44.256+0000] {standard_task_runner.py:60} INFO - Started process 544 to run task
[2024-02-06T02:29:44.263+0000] {standard_task_runner.py:87} INFO - Running: ['***', 'tasks', 'run', 'Read_and_load_of_API_to_MySQLDB', 'Load_companies_registers', 'manual__2024-02-06T02:26:39.564943+00:00', '--job-id', '111', '--raw', '--subdir', 'DAGS_FOLDER/CRM.py', '--cfg-path', '/tmp/tmp6i2qdm5q']
[2024-02-06T02:29:44.266+0000] {standard_task_runner.py:88} INFO - Job 111: Subtask Load_companies_registers
[2024-02-06T02:29:44.408+0000] {task_command.py:423} INFO - Running <TaskInstance: Read_and_load_of_API_to_MySQLDB.Load_companies_registers manual__2024-02-06T02:26:39.564943+00:00 [running]> on host 648978c3a8b9
[2024-02-06T02:29:44.775+0000] {taskinstance.py:2480} INFO - Exporting env vars: AIRFLOW_CTX_DAG_OWNER='jmoc' AIRFLOW_CTX_DAG_ID='Read_and_load_of_API_to_MySQLDB' AIRFLOW_CTX_TASK_ID='Load_companies_registers' AIRFLOW_CTX_EXECUTION_DATE='2024-02-06T02:26:39.564943+00:00' AIRFLOW_CTX_TRY_NUMBER='4' AIRFLOW_CTX_DAG_RUN_ID='manual__2024-02-06T02:26:39.564943+00:00'
[2024-02-06T02:29:44.838+0000] {logging_mixin.py:188} INFO - INSERT IGNORE INTO companies VALUES (('Romaguera-Crona',),('Multi-layered client-server neural-net',), harness real-time e-markets)
[2024-02-06T02:29:44.840+0000] {logging_mixin.py:188} INFO - INSERT IGNORE INTO companies VALUES (('Deckow-Crist',),('Proactive didactic contingency',), synergize scalable supply-chains)
[2024-02-06T02:29:44.841+0000] {logging_mixin.py:188} INFO - INSERT IGNORE INTO companies VALUES (('Romaguera-Jacobson',),('Face to face bifurcated interface',), e-enable strategic applications)
[2024-02-06T02:29:44.848+0000] {logging_mixin.py:188} INFO - INSERT IGNORE INTO companies VALUES (('Robel-Corkery',),('Multi-tiered zero tolerance productivity',), transition cutting-edge web services)
[2024-02-06T02:29:44.850+0000] {logging_mixin.py:188} INFO - INSERT IGNORE INTO companies VALUES (('Keebler LLC',),('User-centric fault-tolerant solution',), revolutionize end-to-end systems)
[2024-02-06T02:29:44.854+0000] {logging_mixin.py:188} INFO - INSERT IGNORE INTO companies VALUES (('Considine-Lockman',),('Synchronised bottom-line interface',), e-enable innovative applications)
[2024-02-06T02:29:44.856+0000] {logging_mixin.py:188} INFO - INSERT IGNORE INTO companies VALUES (('Johns Group',),('Configurable multimedia task-force',), generate enterprise e-tailers)
[2024-02-06T02:29:44.857+0000] {logging_mixin.py:188} INFO - INSERT IGNORE INTO companies VALUES (('Abernathy Group',),('Implemented secondary concept',), e-enable extensible e-tailers)
[2024-02-06T02:29:44.858+0000] {logging_mixin.py:188} INFO - INSERT IGNORE INTO companies VALUES (('Yost and Sons',),('Switchable contextually-based project',), aggregate real-time technologies)
[2024-02-06T02:29:44.862+0000] {logging_mixin.py:188} INFO - INSERT IGNORE INTO companies VALUES (('Hoeger LLC',),('Centralized empowering task-force',), target end-to-end models)
[2024-02-06T02:29:44.874+0000] {logging_mixin.py:188} INFO - [{'name': 'Romaguera-Crona', 'catchPhrase': 'Multi-layered client-server neural-net', 'bs': 'harness real-time e-markets'}, {'name': 'Deckow-Crist', 'catchPhrase': 'Proactive didactic contingency', 'bs': 'synergize scalable supply-chains'}, {'name': 'Romaguera-Jacobson', 'catchPhrase': 'Face to face bifurcated interface', 'bs': 'e-enable strategic applications'}, {'name': 'Robel-Corkery', 'catchPhrase': 'Multi-tiered zero tolerance productivity', 'bs': 'transition cutting-edge web services'}, {'name': 'Keebler LLC', 'catchPhrase': 'User-centric fault-tolerant solution', 'bs': 'revolutionize end-to-end systems'}, {'name': 'Considine-Lockman', 'catchPhrase': 'Synchronised bottom-line interface', 'bs': 'e-enable innovative applications'}, {'name': 'Johns Group', 'catchPhrase': 'Configurable multimedia task-force', 'bs': 'generate enterprise e-tailers'}, {'name': 'Abernathy Group', 'catchPhrase': 'Implemented secondary concept', 'bs': 'e-enable extensible e-tailers'}, {'name': 'Yost and Sons', 'catchPhrase': 'Switchable contextually-based project', 'bs': 'aggregate real-time technologies'}, {'name': 'Hoeger LLC', 'catchPhrase': 'Centralized empowering task-force', 'bs': 'target end-to-end models'}]
[2024-02-06T02:29:44.888+0000] {python.py:201} INFO - Done. Returned value was: None
[2024-02-06T02:29:44.924+0000] {taskinstance.py:1138} INFO - Marking task as SUCCESS. dag_id=Read_and_load_of_API_to_MySQLDB, task_id=Load_companies_registers, execution_date=20240206T022639, start_date=20240206T022944, end_date=20240206T022944
[2024-02-06T02:29:45.060+0000] {local_task_job_runner.py:234} INFO - Task exited with return code 0
[2024-02-06T02:29:45.105+0000] {taskinstance.py:3280} INFO - 0 downstream tasks scheduled from follow-on schedule check
