[2024-02-06T02:53:42.700+0000] {taskinstance.py:1956} INFO - Dependencies all met for dep_context=non-requeueable deps ti=<TaskInstance: Read_and_load_of_API_to_MySQLDB.Load_companies_registers manual__2024-02-06T02:26:39.564943+00:00 [queued]>
[2024-02-06T02:53:42.729+0000] {taskinstance.py:1956} INFO - Dependencies all met for dep_context=requeueable deps ti=<TaskInstance: Read_and_load_of_API_to_MySQLDB.Load_companies_registers manual__2024-02-06T02:26:39.564943+00:00 [queued]>
[2024-02-06T02:53:42.730+0000] {taskinstance.py:2170} INFO - Starting attempt 21 of 26
[2024-02-06T02:53:42.776+0000] {taskinstance.py:2191} INFO - Executing <Task(_PythonDecoratedOperator): Load_companies_registers> on 2024-02-06 02:26:39.564943+00:00
[2024-02-06T02:53:42.788+0000] {standard_task_runner.py:60} INFO - Started process 1116 to run task
[2024-02-06T02:53:42.792+0000] {standard_task_runner.py:87} INFO - Running: ['***', 'tasks', 'run', 'Read_and_load_of_API_to_MySQLDB', 'Load_companies_registers', 'manual__2024-02-06T02:26:39.564943+00:00', '--job-id', '128', '--raw', '--subdir', 'DAGS_FOLDER/CRM.py', '--cfg-path', '/tmp/tmpbydzhok3']
[2024-02-06T02:53:42.795+0000] {standard_task_runner.py:88} INFO - Job 128: Subtask Load_companies_registers
[2024-02-06T02:53:42.905+0000] {task_command.py:423} INFO - Running <TaskInstance: Read_and_load_of_API_to_MySQLDB.Load_companies_registers manual__2024-02-06T02:26:39.564943+00:00 [running]> on host 648978c3a8b9
[2024-02-06T02:53:43.114+0000] {taskinstance.py:2480} INFO - Exporting env vars: AIRFLOW_CTX_DAG_OWNER='jmoc' AIRFLOW_CTX_DAG_ID='Read_and_load_of_API_to_MySQLDB' AIRFLOW_CTX_TASK_ID='Load_companies_registers' AIRFLOW_CTX_EXECUTION_DATE='2024-02-06T02:26:39.564943+00:00' AIRFLOW_CTX_TRY_NUMBER='21' AIRFLOW_CTX_DAG_RUN_ID='manual__2024-02-06T02:26:39.564943+00:00'
[2024-02-06T02:53:43.140+0000] {taskinstance.py:2698} ERROR - Task failed with exception
Traceback (most recent call last):
  File "/home/airflow/.local/lib/python3.8/site-packages/airflow/models/taskinstance.py", line 433, in _execute_task
    result = execute_callable(context=context, **execute_callable_kwargs)
  File "/home/airflow/.local/lib/python3.8/site-packages/airflow/decorators/base.py", line 241, in execute
    return_value = super().execute(context)
  File "/home/airflow/.local/lib/python3.8/site-packages/airflow/operators/python.py", line 199, in execute
    return_value = self.execute_callable()
  File "/home/airflow/.local/lib/python3.8/site-packages/airflow/operators/python.py", line 216, in execute_callable
    return self.python_callable(*self.op_args, **self.op_kwargs)
  File "/opt/airflow/dags/CRM.py", line 77, in Load_companies_registers
    company_register.save(db.get_name())
  File "/opt/airflow/dags/models/Company.py", line 15, in save
    hook.run(mysql_statement,database=db)
TypeError: run() got an unexpected keyword argument 'database'
[2024-02-06T02:53:43.171+0000] {taskinstance.py:1138} INFO - Marking task as UP_FOR_RETRY. dag_id=Read_and_load_of_API_to_MySQLDB, task_id=Load_companies_registers, execution_date=20240206T022639, start_date=20240206T025342, end_date=20240206T025343
[2024-02-06T02:53:43.196+0000] {standard_task_runner.py:107} ERROR - Failed to execute job 128 for task Load_companies_registers (run() got an unexpected keyword argument 'database'; 1116)
[2024-02-06T02:53:43.215+0000] {local_task_job_runner.py:234} INFO - Task exited with return code 1
[2024-02-06T02:53:43.256+0000] {taskinstance.py:3280} INFO - 0 downstream tasks scheduled from follow-on schedule check
