[2024-02-18T01:46:32.723+0000] {taskinstance.py:1956} INFO - Dependencies all met for dep_context=non-requeueable deps ti=<TaskInstance: Read_and_load_of_API_to_MySQLDB.Load_companies_registers scheduled__2024-02-11T00:00:00+00:00 [queued]>
[2024-02-18T01:46:32.782+0000] {taskinstance.py:1956} INFO - Dependencies all met for dep_context=requeueable deps ti=<TaskInstance: Read_and_load_of_API_to_MySQLDB.Load_companies_registers scheduled__2024-02-11T00:00:00+00:00 [queued]>
[2024-02-18T01:46:32.784+0000] {taskinstance.py:2170} INFO - Starting attempt 8 of 13
[2024-02-18T01:46:32.855+0000] {taskinstance.py:2191} INFO - Executing <Task(_PythonDecoratedOperator): Load_companies_registers> on 2024-02-11 00:00:00+00:00
[2024-02-18T01:46:32.864+0000] {standard_task_runner.py:60} INFO - Started process 1857 to run task
[2024-02-18T01:46:32.875+0000] {standard_task_runner.py:87} INFO - Running: ['***', 'tasks', 'run', 'Read_and_load_of_API_to_MySQLDB', 'Load_companies_registers', 'scheduled__2024-02-11T00:00:00+00:00', '--job-id', '523', '--raw', '--subdir', 'DAGS_FOLDER/CRM.py', '--cfg-path', '/tmp/tmpiullzlq5']
[2024-02-18T01:46:32.881+0000] {standard_task_runner.py:88} INFO - Job 523: Subtask Load_companies_registers
[2024-02-18T01:46:33.074+0000] {task_command.py:423} INFO - Running <TaskInstance: Read_and_load_of_API_to_MySQLDB.Load_companies_registers scheduled__2024-02-11T00:00:00+00:00 [running]> on host 091c4b0f3ebe
[2024-02-18T01:46:33.774+0000] {taskinstance.py:2480} INFO - Exporting env vars: AIRFLOW_CTX_DAG_OWNER='jmoc' AIRFLOW_CTX_DAG_ID='Read_and_load_of_API_to_MySQLDB' AIRFLOW_CTX_TASK_ID='Load_companies_registers' AIRFLOW_CTX_EXECUTION_DATE='2024-02-11T00:00:00+00:00' AIRFLOW_CTX_TRY_NUMBER='8' AIRFLOW_CTX_DAG_RUN_ID='scheduled__2024-02-11T00:00:00+00:00'
[2024-02-18T01:46:37.695+0000] {base.py:83} INFO - Using connection ID 'mysql_connection' for task execution.
[2024-02-18T01:46:38.039+0000] {sql.py:450} INFO - Running statement: INSERT IGNORE INTO companies(name, catchPhrase, bs) VALUES ('Romaguera-Crona','Multi-layered client-server neural-net', 'harness real-time e-markets');, parameters: None
[2024-02-18T01:46:38.127+0000] {sql.py:459} INFO - Rows affected: 1
[2024-02-18T01:46:38.246+0000] {base.py:83} INFO - Using connection ID 'postgres_connection' for task execution.
[2024-02-18T01:46:38.278+0000] {sql.py:450} INFO - Running statement: INSERT INTO companies(name, catchPhrase, bs) VALUES ('Romaguera-Crona','Multi-layered client-server neural-net', 'harness real-time e-markets') ON CONFLICT DO NOTHING;, parameters: None
[2024-02-18T01:46:38.291+0000] {sql.py:459} INFO - Rows affected: 1
[2024-02-18T01:46:38.333+0000] {base.py:83} INFO - Using connection ID 'mysql_connection' for task execution.
[2024-02-18T01:46:38.357+0000] {sql.py:450} INFO - Running statement: INSERT IGNORE INTO companies(name, catchPhrase, bs) VALUES ('Deckow-Crist','Proactive didactic contingency', 'synergize scalable supply-chains');, parameters: None
[2024-02-18T01:46:38.362+0000] {sql.py:459} INFO - Rows affected: 1
[2024-02-18T01:46:38.401+0000] {base.py:83} INFO - Using connection ID 'postgres_connection' for task execution.
[2024-02-18T01:46:38.424+0000] {sql.py:450} INFO - Running statement: INSERT INTO companies(name, catchPhrase, bs) VALUES ('Deckow-Crist','Proactive didactic contingency', 'synergize scalable supply-chains') ON CONFLICT DO NOTHING;, parameters: None
[2024-02-18T01:46:38.427+0000] {sql.py:459} INFO - Rows affected: 1
[2024-02-18T01:46:38.452+0000] {base.py:83} INFO - Using connection ID 'mysql_connection' for task execution.
[2024-02-18T01:46:38.459+0000] {sql.py:450} INFO - Running statement: INSERT IGNORE INTO companies(name, catchPhrase, bs) VALUES ('Romaguera-Jacobson','Face to face bifurcated interface', 'e-enable strategic applications');, parameters: None
[2024-02-18T01:46:38.462+0000] {sql.py:459} INFO - Rows affected: 1
[2024-02-18T01:46:38.497+0000] {base.py:83} INFO - Using connection ID 'postgres_connection' for task execution.
[2024-02-18T01:46:38.513+0000] {sql.py:450} INFO - Running statement: INSERT INTO companies(name, catchPhrase, bs) VALUES ('Romaguera-Jacobson','Face to face bifurcated interface', 'e-enable strategic applications') ON CONFLICT DO NOTHING;, parameters: None
[2024-02-18T01:46:38.523+0000] {sql.py:459} INFO - Rows affected: 1
[2024-02-18T01:46:38.551+0000] {base.py:83} INFO - Using connection ID 'mysql_connection' for task execution.
[2024-02-18T01:46:38.558+0000] {sql.py:450} INFO - Running statement: INSERT IGNORE INTO companies(name, catchPhrase, bs) VALUES ('Robel-Corkery','Multi-tiered zero tolerance productivity', 'transition cutting-edge web services');, parameters: None
[2024-02-18T01:46:38.567+0000] {sql.py:459} INFO - Rows affected: 1
[2024-02-18T01:46:38.600+0000] {base.py:83} INFO - Using connection ID 'postgres_connection' for task execution.
[2024-02-18T01:46:38.608+0000] {sql.py:450} INFO - Running statement: INSERT INTO companies(name, catchPhrase, bs) VALUES ('Robel-Corkery','Multi-tiered zero tolerance productivity', 'transition cutting-edge web services') ON CONFLICT DO NOTHING;, parameters: None
[2024-02-18T01:46:38.611+0000] {sql.py:459} INFO - Rows affected: 1
[2024-02-18T01:46:38.644+0000] {base.py:83} INFO - Using connection ID 'mysql_connection' for task execution.
[2024-02-18T01:46:38.686+0000] {sql.py:450} INFO - Running statement: INSERT IGNORE INTO companies(name, catchPhrase, bs) VALUES ('Keebler LLC','User-centric fault-tolerant solution', 'revolutionize end-to-end systems');, parameters: None
[2024-02-18T01:46:38.688+0000] {sql.py:459} INFO - Rows affected: 1
[2024-02-18T01:46:38.757+0000] {base.py:83} INFO - Using connection ID 'postgres_connection' for task execution.
[2024-02-18T01:46:38.770+0000] {sql.py:450} INFO - Running statement: INSERT INTO companies(name, catchPhrase, bs) VALUES ('Keebler LLC','User-centric fault-tolerant solution', 'revolutionize end-to-end systems') ON CONFLICT DO NOTHING;, parameters: None
[2024-02-18T01:46:38.779+0000] {sql.py:459} INFO - Rows affected: 1
[2024-02-18T01:46:38.812+0000] {base.py:83} INFO - Using connection ID 'mysql_connection' for task execution.
[2024-02-18T01:46:38.823+0000] {sql.py:450} INFO - Running statement: INSERT IGNORE INTO companies(name, catchPhrase, bs) VALUES ('Considine-Lockman','Synchronised bottom-line interface', 'e-enable innovative applications');, parameters: None
[2024-02-18T01:46:38.829+0000] {sql.py:459} INFO - Rows affected: 1
[2024-02-18T01:46:38.875+0000] {base.py:83} INFO - Using connection ID 'postgres_connection' for task execution.
[2024-02-18T01:46:38.903+0000] {sql.py:450} INFO - Running statement: INSERT INTO companies(name, catchPhrase, bs) VALUES ('Considine-Lockman','Synchronised bottom-line interface', 'e-enable innovative applications') ON CONFLICT DO NOTHING;, parameters: None
[2024-02-18T01:46:38.907+0000] {sql.py:459} INFO - Rows affected: 1
[2024-02-18T01:46:38.935+0000] {base.py:83} INFO - Using connection ID 'mysql_connection' for task execution.
[2024-02-18T01:46:38.950+0000] {sql.py:450} INFO - Running statement: INSERT IGNORE INTO companies(name, catchPhrase, bs) VALUES ('Johns Group','Configurable multimedia task-force', 'generate enterprise e-tailers');, parameters: None
[2024-02-18T01:46:38.952+0000] {sql.py:459} INFO - Rows affected: 1
[2024-02-18T01:46:38.992+0000] {base.py:83} INFO - Using connection ID 'postgres_connection' for task execution.
[2024-02-18T01:46:39.015+0000] {sql.py:450} INFO - Running statement: INSERT INTO companies(name, catchPhrase, bs) VALUES ('Johns Group','Configurable multimedia task-force', 'generate enterprise e-tailers') ON CONFLICT DO NOTHING;, parameters: None
[2024-02-18T01:46:39.030+0000] {sql.py:459} INFO - Rows affected: 1
[2024-02-18T01:46:39.087+0000] {base.py:83} INFO - Using connection ID 'mysql_connection' for task execution.
[2024-02-18T01:46:39.102+0000] {sql.py:450} INFO - Running statement: INSERT IGNORE INTO companies(name, catchPhrase, bs) VALUES ('Abernathy Group','Implemented secondary concept', 'e-enable extensible e-tailers');, parameters: None
[2024-02-18T01:46:39.113+0000] {sql.py:459} INFO - Rows affected: 1
[2024-02-18T01:46:39.195+0000] {base.py:83} INFO - Using connection ID 'postgres_connection' for task execution.
[2024-02-18T01:46:39.212+0000] {sql.py:450} INFO - Running statement: INSERT INTO companies(name, catchPhrase, bs) VALUES ('Abernathy Group','Implemented secondary concept', 'e-enable extensible e-tailers') ON CONFLICT DO NOTHING;, parameters: None
[2024-02-18T01:46:39.220+0000] {sql.py:459} INFO - Rows affected: 1
[2024-02-18T01:46:39.251+0000] {base.py:83} INFO - Using connection ID 'mysql_connection' for task execution.
[2024-02-18T01:46:39.266+0000] {sql.py:450} INFO - Running statement: INSERT IGNORE INTO companies(name, catchPhrase, bs) VALUES ('Yost and Sons','Switchable contextually-based project', 'aggregate real-time technologies');, parameters: None
[2024-02-18T01:46:39.270+0000] {sql.py:459} INFO - Rows affected: 1
[2024-02-18T01:46:39.310+0000] {base.py:83} INFO - Using connection ID 'postgres_connection' for task execution.
[2024-02-18T01:46:39.326+0000] {sql.py:450} INFO - Running statement: INSERT INTO companies(name, catchPhrase, bs) VALUES ('Yost and Sons','Switchable contextually-based project', 'aggregate real-time technologies') ON CONFLICT DO NOTHING;, parameters: None
[2024-02-18T01:46:39.334+0000] {sql.py:459} INFO - Rows affected: 1
[2024-02-18T01:46:39.373+0000] {base.py:83} INFO - Using connection ID 'mysql_connection' for task execution.
[2024-02-18T01:46:39.387+0000] {sql.py:450} INFO - Running statement: INSERT IGNORE INTO companies(name, catchPhrase, bs) VALUES ('Hoeger LLC','Centralized empowering task-force', 'target end-to-end models');, parameters: None
[2024-02-18T01:46:39.393+0000] {sql.py:459} INFO - Rows affected: 1
[2024-02-18T01:46:39.431+0000] {base.py:83} INFO - Using connection ID 'postgres_connection' for task execution.
[2024-02-18T01:46:39.441+0000] {sql.py:450} INFO - Running statement: INSERT INTO companies(name, catchPhrase, bs) VALUES ('Hoeger LLC','Centralized empowering task-force', 'target end-to-end models') ON CONFLICT DO NOTHING;, parameters: None
[2024-02-18T01:46:39.447+0000] {sql.py:459} INFO - Rows affected: 1
[2024-02-18T01:46:39.453+0000] {python.py:201} INFO - Done. Returned value was: None
[2024-02-18T01:46:39.499+0000] {taskinstance.py:1138} INFO - Marking task as SUCCESS. dag_id=Read_and_load_of_API_to_MySQLDB, task_id=Load_companies_registers, execution_date=20240211T000000, start_date=20240218T014632, end_date=20240218T014639
[2024-02-18T01:46:39.623+0000] {local_task_job_runner.py:234} INFO - Task exited with return code 0
[2024-02-18T01:46:39.698+0000] {taskinstance.py:3280} INFO - 1 downstream tasks scheduled from follow-on schedule check
