[2024-02-18T01:37:54.080+0000] {taskinstance.py:1956} INFO - Dependencies all met for dep_context=non-requeueable deps ti=<TaskInstance: Read_and_load_of_API_to_MySQLDB.Load_companies_registers scheduled__2024-02-11T00:00:00+00:00 [queued]>
[2024-02-18T01:37:54.108+0000] {taskinstance.py:1956} INFO - Dependencies all met for dep_context=requeueable deps ti=<TaskInstance: Read_and_load_of_API_to_MySQLDB.Load_companies_registers scheduled__2024-02-11T00:00:00+00:00 [queued]>
[2024-02-18T01:37:54.109+0000] {taskinstance.py:2170} INFO - Starting attempt 7 of 12
[2024-02-18T01:37:54.291+0000] {taskinstance.py:2191} INFO - Executing <Task(_PythonDecoratedOperator): Load_companies_registers> on 2024-02-11 00:00:00+00:00
[2024-02-18T01:37:54.364+0000] {standard_task_runner.py:60} INFO - Started process 1652 to run task
[2024-02-18T01:37:54.409+0000] {standard_task_runner.py:87} INFO - Running: ['***', 'tasks', 'run', 'Read_and_load_of_API_to_MySQLDB', 'Load_companies_registers', 'scheduled__2024-02-11T00:00:00+00:00', '--job-id', '511', '--raw', '--subdir', 'DAGS_FOLDER/CRM.py', '--cfg-path', '/tmp/tmpny4x7s86']
[2024-02-18T01:37:54.422+0000] {standard_task_runner.py:88} INFO - Job 511: Subtask Load_companies_registers
[2024-02-18T01:37:54.936+0000] {task_command.py:423} INFO - Running <TaskInstance: Read_and_load_of_API_to_MySQLDB.Load_companies_registers scheduled__2024-02-11T00:00:00+00:00 [running]> on host 091c4b0f3ebe
[2024-02-18T01:37:55.422+0000] {taskinstance.py:2480} INFO - Exporting env vars: AIRFLOW_CTX_DAG_OWNER='jmoc' AIRFLOW_CTX_DAG_ID='Read_and_load_of_API_to_MySQLDB' AIRFLOW_CTX_TASK_ID='Load_companies_registers' AIRFLOW_CTX_EXECUTION_DATE='2024-02-11T00:00:00+00:00' AIRFLOW_CTX_TRY_NUMBER='7' AIRFLOW_CTX_DAG_RUN_ID='scheduled__2024-02-11T00:00:00+00:00'
[2024-02-18T01:37:55.669+0000] {base.py:83} INFO - Using connection ID 'mysql_connection' for task execution.
[2024-02-18T01:37:55.755+0000] {sql.py:450} INFO - Running statement: INSERT IGNORE INTO companies(name, catchPhrase, bs) VALUES ('Romaguera-Crona','Multi-layered client-server neural-net', 'harness real-time e-markets');, parameters: None
[2024-02-18T01:37:55.862+0000] {sql.py:459} INFO - Rows affected: 0
[2024-02-18T01:37:55.981+0000] {base.py:83} INFO - Using connection ID 'postgres_connection' for task execution.
[2024-02-18T01:37:56.032+0000] {sql.py:450} INFO - Running statement: INSERT INTO companies(name, catchPhrase, bs) VALUES ('Romaguera-Crona','Multi-layered client-server neural-net', 'harness real-time e-markets') ON CONFLICT DO NOTHING;, parameters: None
[2024-02-18T01:37:56.045+0000] {sql.py:459} INFO - Rows affected: 1
[2024-02-18T01:37:56.124+0000] {base.py:83} INFO - Using connection ID 'mysql_connection' for task execution.
[2024-02-18T01:37:56.145+0000] {sql.py:450} INFO - Running statement: INSERT IGNORE INTO companies(name, catchPhrase, bs) VALUES ('Deckow-Crist','Proactive didactic contingency', 'synergize scalable supply-chains');, parameters: None
[2024-02-18T01:37:56.189+0000] {sql.py:459} INFO - Rows affected: 1
[2024-02-18T01:37:56.269+0000] {base.py:83} INFO - Using connection ID 'postgres_connection' for task execution.
[2024-02-18T01:37:56.284+0000] {sql.py:450} INFO - Running statement: INSERT INTO companies(name, catchPhrase, bs) VALUES ('Deckow-Crist','Proactive didactic contingency', 'synergize scalable supply-chains') ON CONFLICT DO NOTHING;, parameters: None
[2024-02-18T01:37:56.288+0000] {sql.py:459} INFO - Rows affected: 1
[2024-02-18T01:37:56.336+0000] {base.py:83} INFO - Using connection ID 'mysql_connection' for task execution.
[2024-02-18T01:37:56.360+0000] {sql.py:450} INFO - Running statement: INSERT IGNORE INTO companies(name, catchPhrase, bs) VALUES ('Romaguera-Jacobson','Face to face bifurcated interface', 'e-enable strategic applications');, parameters: None
[2024-02-18T01:37:56.368+0000] {sql.py:459} INFO - Rows affected: 1
[2024-02-18T01:37:56.402+0000] {base.py:83} INFO - Using connection ID 'postgres_connection' for task execution.
[2024-02-18T01:37:56.424+0000] {sql.py:450} INFO - Running statement: INSERT INTO companies(name, catchPhrase, bs) VALUES ('Romaguera-Jacobson','Face to face bifurcated interface', 'e-enable strategic applications') ON CONFLICT DO NOTHING;, parameters: None
[2024-02-18T01:37:56.438+0000] {sql.py:459} INFO - Rows affected: 1
[2024-02-18T01:37:56.473+0000] {base.py:83} INFO - Using connection ID 'mysql_connection' for task execution.
[2024-02-18T01:37:56.507+0000] {sql.py:450} INFO - Running statement: INSERT IGNORE INTO companies(name, catchPhrase, bs) VALUES ('Robel-Corkery','Multi-tiered zero tolerance productivity', 'transition cutting-edge web services');, parameters: None
[2024-02-18T01:37:56.521+0000] {sql.py:459} INFO - Rows affected: 1
[2024-02-18T01:37:56.585+0000] {base.py:83} INFO - Using connection ID 'postgres_connection' for task execution.
[2024-02-18T01:37:56.623+0000] {sql.py:450} INFO - Running statement: INSERT INTO companies(name, catchPhrase, bs) VALUES ('Robel-Corkery','Multi-tiered zero tolerance productivity', 'transition cutting-edge web services') ON CONFLICT DO NOTHING;, parameters: None
[2024-02-18T01:37:56.642+0000] {sql.py:459} INFO - Rows affected: 1
[2024-02-18T01:37:56.680+0000] {base.py:83} INFO - Using connection ID 'mysql_connection' for task execution.
[2024-02-18T01:37:56.715+0000] {sql.py:450} INFO - Running statement: INSERT IGNORE INTO companies(name, catchPhrase, bs) VALUES ('Keebler LLC','User-centric fault-tolerant solution', 'revolutionize end-to-end systems');, parameters: None
[2024-02-18T01:37:56.720+0000] {sql.py:459} INFO - Rows affected: 1
[2024-02-18T01:37:56.763+0000] {base.py:83} INFO - Using connection ID 'postgres_connection' for task execution.
[2024-02-18T01:37:56.781+0000] {sql.py:450} INFO - Running statement: INSERT INTO companies(name, catchPhrase, bs) VALUES ('Keebler LLC','User-centric fault-tolerant solution', 'revolutionize end-to-end systems') ON CONFLICT DO NOTHING;, parameters: None
[2024-02-18T01:37:56.785+0000] {sql.py:459} INFO - Rows affected: 1
[2024-02-18T01:37:56.825+0000] {base.py:83} INFO - Using connection ID 'mysql_connection' for task execution.
[2024-02-18T01:37:56.842+0000] {sql.py:450} INFO - Running statement: INSERT IGNORE INTO companies(name, catchPhrase, bs) VALUES ('Considine-Lockman','Synchronised bottom-line interface', 'e-enable innovative applications');, parameters: None
[2024-02-18T01:37:56.846+0000] {sql.py:459} INFO - Rows affected: 1
[2024-02-18T01:37:56.896+0000] {base.py:83} INFO - Using connection ID 'postgres_connection' for task execution.
[2024-02-18T01:37:56.921+0000] {sql.py:450} INFO - Running statement: INSERT INTO companies(name, catchPhrase, bs) VALUES ('Considine-Lockman','Synchronised bottom-line interface', 'e-enable innovative applications') ON CONFLICT DO NOTHING;, parameters: None
[2024-02-18T01:37:56.925+0000] {sql.py:459} INFO - Rows affected: 1
[2024-02-18T01:37:56.979+0000] {base.py:83} INFO - Using connection ID 'mysql_connection' for task execution.
[2024-02-18T01:37:57.016+0000] {sql.py:450} INFO - Running statement: INSERT IGNORE INTO companies(name, catchPhrase, bs) VALUES ('Johns Group','Configurable multimedia task-force', 'generate enterprise e-tailers');, parameters: None
[2024-02-18T01:37:57.026+0000] {sql.py:459} INFO - Rows affected: 1
[2024-02-18T01:37:57.106+0000] {base.py:83} INFO - Using connection ID 'postgres_connection' for task execution.
[2024-02-18T01:37:57.129+0000] {sql.py:450} INFO - Running statement: INSERT INTO companies(name, catchPhrase, bs) VALUES ('Johns Group','Configurable multimedia task-force', 'generate enterprise e-tailers') ON CONFLICT DO NOTHING;, parameters: None
[2024-02-18T01:37:57.133+0000] {sql.py:459} INFO - Rows affected: 1
[2024-02-18T01:37:57.156+0000] {base.py:83} INFO - Using connection ID 'mysql_connection' for task execution.
[2024-02-18T01:37:57.168+0000] {sql.py:450} INFO - Running statement: INSERT IGNORE INTO companies(name, catchPhrase, bs) VALUES ('Abernathy Group','Implemented secondary concept', 'e-enable extensible e-tailers');, parameters: None
[2024-02-18T01:37:57.174+0000] {sql.py:459} INFO - Rows affected: 1
[2024-02-18T01:37:57.204+0000] {base.py:83} INFO - Using connection ID 'postgres_connection' for task execution.
[2024-02-18T01:37:57.219+0000] {sql.py:450} INFO - Running statement: INSERT INTO companies(name, catchPhrase, bs) VALUES ('Abernathy Group','Implemented secondary concept', 'e-enable extensible e-tailers') ON CONFLICT DO NOTHING;, parameters: None
[2024-02-18T01:37:57.223+0000] {sql.py:459} INFO - Rows affected: 1
[2024-02-18T01:37:57.290+0000] {base.py:83} INFO - Using connection ID 'mysql_connection' for task execution.
[2024-02-18T01:37:57.304+0000] {sql.py:450} INFO - Running statement: INSERT IGNORE INTO companies(name, catchPhrase, bs) VALUES ('Yost and Sons','Switchable contextually-based project', 'aggregate real-time technologies');, parameters: None
[2024-02-18T01:37:57.306+0000] {sql.py:459} INFO - Rows affected: 1
[2024-02-18T01:37:57.330+0000] {base.py:83} INFO - Using connection ID 'postgres_connection' for task execution.
[2024-02-18T01:37:57.338+0000] {sql.py:450} INFO - Running statement: INSERT INTO companies(name, catchPhrase, bs) VALUES ('Yost and Sons','Switchable contextually-based project', 'aggregate real-time technologies') ON CONFLICT DO NOTHING;, parameters: None
[2024-02-18T01:37:57.341+0000] {sql.py:459} INFO - Rows affected: 1
[2024-02-18T01:37:57.360+0000] {base.py:83} INFO - Using connection ID 'mysql_connection' for task execution.
[2024-02-18T01:37:57.372+0000] {sql.py:450} INFO - Running statement: INSERT IGNORE INTO companies(name, catchPhrase, bs) VALUES ('Hoeger LLC','Centralized empowering task-force', 'target end-to-end models');, parameters: None
[2024-02-18T01:37:57.375+0000] {sql.py:459} INFO - Rows affected: 1
[2024-02-18T01:37:57.397+0000] {base.py:83} INFO - Using connection ID 'postgres_connection' for task execution.
[2024-02-18T01:37:57.405+0000] {sql.py:450} INFO - Running statement: INSERT INTO companies(name, catchPhrase, bs) VALUES ('Hoeger LLC','Centralized empowering task-force', 'target end-to-end models') ON CONFLICT DO NOTHING;, parameters: None
[2024-02-18T01:37:57.408+0000] {sql.py:459} INFO - Rows affected: 1
[2024-02-18T01:37:57.413+0000] {python.py:201} INFO - Done. Returned value was: None
[2024-02-18T01:37:57.435+0000] {taskinstance.py:1138} INFO - Marking task as SUCCESS. dag_id=Read_and_load_of_API_to_MySQLDB, task_id=Load_companies_registers, execution_date=20240211T000000, start_date=20240218T013754, end_date=20240218T013757
[2024-02-18T01:37:57.553+0000] {local_task_job_runner.py:234} INFO - Task exited with return code 0
[2024-02-18T01:37:57.672+0000] {taskinstance.py:3280} INFO - 1 downstream tasks scheduled from follow-on schedule check
