[2024-02-18T04:47:37.502+0000] {taskinstance.py:1956} INFO - Dependencies all met for dep_context=non-requeueable deps ti=<TaskInstance: ETL_From_an_API_to_MySQL_Postgres_and_Redis.cities_table_creation manual__2024-02-18T04:44:21.998683+00:00 [queued]>
[2024-02-18T04:47:37.529+0000] {taskinstance.py:1956} INFO - Dependencies all met for dep_context=requeueable deps ti=<TaskInstance: ETL_From_an_API_to_MySQL_Postgres_and_Redis.cities_table_creation manual__2024-02-18T04:44:21.998683+00:00 [queued]>
[2024-02-18T04:47:37.530+0000] {taskinstance.py:2170} INFO - Starting attempt 2 of 7
[2024-02-18T04:47:37.573+0000] {taskinstance.py:2191} INFO - Executing <Task(_PythonDecoratedOperator): cities_table_creation> on 2024-02-18 04:44:21.998683+00:00
[2024-02-18T04:47:37.590+0000] {standard_task_runner.py:60} INFO - Started process 5993 to run task
[2024-02-18T04:47:37.603+0000] {standard_task_runner.py:87} INFO - Running: ['***', 'tasks', 'run', 'ETL_From_an_API_to_MySQL_Postgres_and_Redis', 'cities_table_creation', 'manual__2024-02-18T04:44:21.998683+00:00', '--job-id', '609', '--raw', '--subdir', 'DAGS_FOLDER/CRM.py', '--cfg-path', '/tmp/tmpv_g5yssd']
[2024-02-18T04:47:37.608+0000] {standard_task_runner.py:88} INFO - Job 609: Subtask cities_table_creation
[2024-02-18T04:47:37.747+0000] {task_command.py:423} INFO - Running <TaskInstance: ETL_From_an_API_to_MySQL_Postgres_and_Redis.cities_table_creation manual__2024-02-18T04:44:21.998683+00:00 [running]> on host 091c4b0f3ebe
[2024-02-18T04:47:37.991+0000] {taskinstance.py:2480} INFO - Exporting env vars: AIRFLOW_CTX_DAG_OWNER='jmoc' AIRFLOW_CTX_DAG_ID='ETL_From_an_API_to_MySQL_Postgres_and_Redis' AIRFLOW_CTX_TASK_ID='cities_table_creation' AIRFLOW_CTX_EXECUTION_DATE='2024-02-18T04:44:21.998683+00:00' AIRFLOW_CTX_TRY_NUMBER='2' AIRFLOW_CTX_DAG_RUN_ID='manual__2024-02-18T04:44:21.998683+00:00'
[2024-02-18T04:47:38.016+0000] {base.py:83} INFO - Using connection ID 'mysql_connection' for task execution.
[2024-02-18T04:47:38.094+0000] {sql.py:450} INFO - Running statement: 
            CREATE TABLE IF NOT EXISTS cities(
              id INT AUTO_INCREMENT  PRIMARY KEY NOT NULL,
              name VARCHAR(25) NOT NULL UNIQUE  
            );

           , parameters: None
[2024-02-18T04:47:38.113+0000] {sql.py:459} INFO - Rows affected: 0
[2024-02-18T04:47:38.157+0000] {base.py:83} INFO - Using connection ID 'postgres_connection' for task execution.
[2024-02-18T04:47:38.178+0000] {sql.py:450} INFO - Running statement: 
            CREATE TABLE IF NOT EXISTS cities(
              id BIGSERIAL PRIMARY KEY NOT NULL,
              name VARCHAR(25) NOT NULL UNIQUE  
            );

           , parameters: None
[2024-02-18T04:47:38.197+0000] {python.py:201} INFO - Done. Returned value was: None
[2024-02-18T04:47:38.231+0000] {taskinstance.py:1138} INFO - Marking task as SUCCESS. dag_id=ETL_From_an_API_to_MySQL_Postgres_and_Redis, task_id=cities_table_creation, execution_date=20240218T044421, start_date=20240218T044737, end_date=20240218T044738
[2024-02-18T04:47:38.323+0000] {local_task_job_runner.py:234} INFO - Task exited with return code 0
[2024-02-18T04:47:38.460+0000] {taskinstance.py:3280} INFO - 1 downstream tasks scheduled from follow-on schedule check
