[2024-02-18T04:53:25.717+0000] {taskinstance.py:1956} INFO - Dependencies all met for dep_context=non-requeueable deps ti=<TaskInstance: ETL_From_an_API_to_MySQL_Postgres_and_Redis.load_companies_to_MySQL_and_Postgres scheduled__2024-02-04T00:00:00+00:00 [queued]>
[2024-02-18T04:53:25.754+0000] {taskinstance.py:1956} INFO - Dependencies all met for dep_context=requeueable deps ti=<TaskInstance: ETL_From_an_API_to_MySQL_Postgres_and_Redis.load_companies_to_MySQL_and_Postgres scheduled__2024-02-04T00:00:00+00:00 [queued]>
[2024-02-18T04:53:25.755+0000] {taskinstance.py:2170} INFO - Starting attempt 3 of 6
[2024-02-18T04:53:25.833+0000] {taskinstance.py:2191} INFO - Executing <Task(_PythonDecoratedOperator): load_companies_to_MySQL_and_Postgres> on 2024-02-04 00:00:00+00:00
[2024-02-18T04:53:25.845+0000] {standard_task_runner.py:60} INFO - Started process 6251 to run task
[2024-02-18T04:53:25.869+0000] {standard_task_runner.py:87} INFO - Running: ['***', 'tasks', 'run', 'ETL_From_an_API_to_MySQL_Postgres_and_Redis', 'load_companies_to_MySQL_and_Postgres', 'scheduled__2024-02-04T00:00:00+00:00', '--job-id', '675', '--raw', '--subdir', 'DAGS_FOLDER/CRM.py', '--cfg-path', '/tmp/tmpcljhb68y']
[2024-02-18T04:53:25.874+0000] {standard_task_runner.py:88} INFO - Job 675: Subtask load_companies_to_MySQL_and_Postgres
[2024-02-18T04:53:26.240+0000] {task_command.py:423} INFO - Running <TaskInstance: ETL_From_an_API_to_MySQL_Postgres_and_Redis.load_companies_to_MySQL_and_Postgres scheduled__2024-02-04T00:00:00+00:00 [running]> on host 091c4b0f3ebe
[2024-02-18T04:53:26.580+0000] {taskinstance.py:2480} INFO - Exporting env vars: AIRFLOW_CTX_DAG_OWNER='jmoc' AIRFLOW_CTX_DAG_ID='ETL_From_an_API_to_MySQL_Postgres_and_Redis' AIRFLOW_CTX_TASK_ID='load_companies_to_MySQL_and_Postgres' AIRFLOW_CTX_EXECUTION_DATE='2024-02-04T00:00:00+00:00' AIRFLOW_CTX_TRY_NUMBER='3' AIRFLOW_CTX_DAG_RUN_ID='scheduled__2024-02-04T00:00:00+00:00'
[2024-02-18T04:53:26.722+0000] {base.py:83} INFO - Using connection ID 'mysql_connection' for task execution.
[2024-02-18T04:53:26.752+0000] {sql.py:450} INFO - Running statement: INSERT IGNORE INTO companies(name, catchPhrase, bs) VALUES ('Romaguera-Crona','Multi-layered client-server neural-net', 'harness real-time e-markets');, parameters: None
[2024-02-18T04:53:26.758+0000] {sql.py:459} INFO - Rows affected: 0
[2024-02-18T04:53:26.789+0000] {base.py:83} INFO - Using connection ID 'postgres_connection' for task execution.
[2024-02-18T04:53:26.801+0000] {sql.py:450} INFO - Running statement: INSERT INTO companies(name, catchPhrase, bs) VALUES ('Romaguera-Crona','Multi-layered client-server neural-net', 'harness real-time e-markets') ON CONFLICT DO NOTHING;, parameters: None
[2024-02-18T04:53:26.805+0000] {sql.py:459} INFO - Rows affected: 0
[2024-02-18T04:53:26.831+0000] {base.py:83} INFO - Using connection ID 'mysql_connection' for task execution.
[2024-02-18T04:53:26.839+0000] {sql.py:450} INFO - Running statement: INSERT IGNORE INTO companies(name, catchPhrase, bs) VALUES ('Deckow-Crist','Proactive didactic contingency', 'synergize scalable supply-chains');, parameters: None
[2024-02-18T04:53:26.841+0000] {sql.py:459} INFO - Rows affected: 0
[2024-02-18T04:53:26.865+0000] {base.py:83} INFO - Using connection ID 'postgres_connection' for task execution.
[2024-02-18T04:53:26.877+0000] {sql.py:450} INFO - Running statement: INSERT INTO companies(name, catchPhrase, bs) VALUES ('Deckow-Crist','Proactive didactic contingency', 'synergize scalable supply-chains') ON CONFLICT DO NOTHING;, parameters: None
[2024-02-18T04:53:26.883+0000] {sql.py:459} INFO - Rows affected: 0
[2024-02-18T04:53:26.939+0000] {base.py:83} INFO - Using connection ID 'mysql_connection' for task execution.
[2024-02-18T04:53:26.949+0000] {sql.py:450} INFO - Running statement: INSERT IGNORE INTO companies(name, catchPhrase, bs) VALUES ('Romaguera-Jacobson','Face to face bifurcated interface', 'e-enable strategic applications');, parameters: None
[2024-02-18T04:53:26.952+0000] {sql.py:459} INFO - Rows affected: 0
[2024-02-18T04:53:26.997+0000] {base.py:83} INFO - Using connection ID 'postgres_connection' for task execution.
[2024-02-18T04:53:27.024+0000] {sql.py:450} INFO - Running statement: INSERT INTO companies(name, catchPhrase, bs) VALUES ('Romaguera-Jacobson','Face to face bifurcated interface', 'e-enable strategic applications') ON CONFLICT DO NOTHING;, parameters: None
[2024-02-18T04:53:27.045+0000] {sql.py:459} INFO - Rows affected: 0
[2024-02-18T04:53:27.122+0000] {base.py:83} INFO - Using connection ID 'mysql_connection' for task execution.
[2024-02-18T04:53:27.140+0000] {sql.py:450} INFO - Running statement: INSERT IGNORE INTO companies(name, catchPhrase, bs) VALUES ('Robel-Corkery','Multi-tiered zero tolerance productivity', 'transition cutting-edge web services');, parameters: None
[2024-02-18T04:53:27.143+0000] {sql.py:459} INFO - Rows affected: 0
[2024-02-18T04:53:27.185+0000] {base.py:83} INFO - Using connection ID 'postgres_connection' for task execution.
[2024-02-18T04:53:27.221+0000] {sql.py:450} INFO - Running statement: INSERT INTO companies(name, catchPhrase, bs) VALUES ('Robel-Corkery','Multi-tiered zero tolerance productivity', 'transition cutting-edge web services') ON CONFLICT DO NOTHING;, parameters: None
[2024-02-18T04:53:27.226+0000] {sql.py:459} INFO - Rows affected: 0
[2024-02-18T04:53:27.271+0000] {base.py:83} INFO - Using connection ID 'mysql_connection' for task execution.
[2024-02-18T04:53:27.279+0000] {sql.py:450} INFO - Running statement: INSERT IGNORE INTO companies(name, catchPhrase, bs) VALUES ('Keebler LLC','User-centric fault-tolerant solution', 'revolutionize end-to-end systems');, parameters: None
[2024-02-18T04:53:27.286+0000] {sql.py:459} INFO - Rows affected: 0
[2024-02-18T04:53:27.329+0000] {base.py:83} INFO - Using connection ID 'postgres_connection' for task execution.
[2024-02-18T04:53:27.340+0000] {sql.py:450} INFO - Running statement: INSERT INTO companies(name, catchPhrase, bs) VALUES ('Keebler LLC','User-centric fault-tolerant solution', 'revolutionize end-to-end systems') ON CONFLICT DO NOTHING;, parameters: None
[2024-02-18T04:53:27.344+0000] {sql.py:459} INFO - Rows affected: 0
[2024-02-18T04:53:27.388+0000] {base.py:83} INFO - Using connection ID 'mysql_connection' for task execution.
[2024-02-18T04:53:27.395+0000] {sql.py:450} INFO - Running statement: INSERT IGNORE INTO companies(name, catchPhrase, bs) VALUES ('Considine-Lockman','Synchronised bottom-line interface', 'e-enable innovative applications');, parameters: None
[2024-02-18T04:53:27.397+0000] {sql.py:459} INFO - Rows affected: 0
[2024-02-18T04:53:27.421+0000] {base.py:83} INFO - Using connection ID 'postgres_connection' for task execution.
[2024-02-18T04:53:27.432+0000] {sql.py:450} INFO - Running statement: INSERT INTO companies(name, catchPhrase, bs) VALUES ('Considine-Lockman','Synchronised bottom-line interface', 'e-enable innovative applications') ON CONFLICT DO NOTHING;, parameters: None
[2024-02-18T04:53:27.440+0000] {sql.py:459} INFO - Rows affected: 0
[2024-02-18T04:53:27.477+0000] {base.py:83} INFO - Using connection ID 'mysql_connection' for task execution.
[2024-02-18T04:53:27.487+0000] {sql.py:450} INFO - Running statement: INSERT IGNORE INTO companies(name, catchPhrase, bs) VALUES ('Johns Group','Configurable multimedia task-force', 'generate enterprise e-tailers');, parameters: None
[2024-02-18T04:53:27.491+0000] {sql.py:459} INFO - Rows affected: 0
[2024-02-18T04:53:27.521+0000] {base.py:83} INFO - Using connection ID 'postgres_connection' for task execution.
[2024-02-18T04:53:27.539+0000] {sql.py:450} INFO - Running statement: INSERT INTO companies(name, catchPhrase, bs) VALUES ('Johns Group','Configurable multimedia task-force', 'generate enterprise e-tailers') ON CONFLICT DO NOTHING;, parameters: None
[2024-02-18T04:53:27.548+0000] {sql.py:459} INFO - Rows affected: 0
[2024-02-18T04:53:27.574+0000] {base.py:83} INFO - Using connection ID 'mysql_connection' for task execution.
[2024-02-18T04:53:27.588+0000] {sql.py:450} INFO - Running statement: INSERT IGNORE INTO companies(name, catchPhrase, bs) VALUES ('Abernathy Group','Implemented secondary concept', 'e-enable extensible e-tailers');, parameters: None
[2024-02-18T04:53:27.591+0000] {sql.py:459} INFO - Rows affected: 0
[2024-02-18T04:53:27.641+0000] {base.py:83} INFO - Using connection ID 'postgres_connection' for task execution.
[2024-02-18T04:53:27.658+0000] {sql.py:450} INFO - Running statement: INSERT INTO companies(name, catchPhrase, bs) VALUES ('Abernathy Group','Implemented secondary concept', 'e-enable extensible e-tailers') ON CONFLICT DO NOTHING;, parameters: None
[2024-02-18T04:53:27.665+0000] {sql.py:459} INFO - Rows affected: 0
[2024-02-18T04:53:27.697+0000] {base.py:83} INFO - Using connection ID 'mysql_connection' for task execution.
[2024-02-18T04:53:27.704+0000] {sql.py:450} INFO - Running statement: INSERT IGNORE INTO companies(name, catchPhrase, bs) VALUES ('Yost and Sons','Switchable contextually-based project', 'aggregate real-time technologies');, parameters: None
[2024-02-18T04:53:27.708+0000] {sql.py:459} INFO - Rows affected: 0
[2024-02-18T04:53:27.742+0000] {base.py:83} INFO - Using connection ID 'postgres_connection' for task execution.
[2024-02-18T04:53:27.771+0000] {sql.py:450} INFO - Running statement: INSERT INTO companies(name, catchPhrase, bs) VALUES ('Yost and Sons','Switchable contextually-based project', 'aggregate real-time technologies') ON CONFLICT DO NOTHING;, parameters: None
[2024-02-18T04:53:27.778+0000] {sql.py:459} INFO - Rows affected: 0
[2024-02-18T04:53:27.861+0000] {base.py:83} INFO - Using connection ID 'mysql_connection' for task execution.
[2024-02-18T04:53:27.868+0000] {sql.py:450} INFO - Running statement: INSERT IGNORE INTO companies(name, catchPhrase, bs) VALUES ('Hoeger LLC','Centralized empowering task-force', 'target end-to-end models');, parameters: None
[2024-02-18T04:53:27.871+0000] {sql.py:459} INFO - Rows affected: 0
[2024-02-18T04:53:27.919+0000] {base.py:83} INFO - Using connection ID 'postgres_connection' for task execution.
[2024-02-18T04:53:27.943+0000] {sql.py:450} INFO - Running statement: INSERT INTO companies(name, catchPhrase, bs) VALUES ('Hoeger LLC','Centralized empowering task-force', 'target end-to-end models') ON CONFLICT DO NOTHING;, parameters: None
[2024-02-18T04:53:27.951+0000] {sql.py:459} INFO - Rows affected: 0
[2024-02-18T04:53:27.954+0000] {python.py:201} INFO - Done. Returned value was: None
[2024-02-18T04:53:27.983+0000] {taskinstance.py:1138} INFO - Marking task as SUCCESS. dag_id=ETL_From_an_API_to_MySQL_Postgres_and_Redis, task_id=load_companies_to_MySQL_and_Postgres, execution_date=20240204T000000, start_date=20240218T045325, end_date=20240218T045327
[2024-02-18T04:53:28.230+0000] {local_task_job_runner.py:234} INFO - Task exited with return code 0
[2024-02-18T04:53:28.369+0000] {taskinstance.py:3280} INFO - 0 downstream tasks scheduled from follow-on schedule check
