[2024-02-02T02:26:00.657+0000] {taskinstance.py:1956} INFO - Dependencies all met for dep_context=non-requeueable deps ti=<TaskInstance: Read_and_load_of_API_to_MySQLDB.Companies_table_Creation manual__2024-02-02T02:25:19.171007+00:00 [queued]>
[2024-02-02T02:26:01.176+0000] {taskinstance.py:1956} INFO - Dependencies all met for dep_context=requeueable deps ti=<TaskInstance: Read_and_load_of_API_to_MySQLDB.Companies_table_Creation manual__2024-02-02T02:25:19.171007+00:00 [queued]>
[2024-02-02T02:26:01.192+0000] {taskinstance.py:2170} INFO - Starting attempt 1 of 6
[2024-02-02T02:26:01.434+0000] {taskinstance.py:2191} INFO - Executing <Task(MySqlOperator): Companies_table_Creation> on 2024-02-02 02:25:19.171007+00:00
[2024-02-02T02:26:01.466+0000] {standard_task_runner.py:60} INFO - Started process 4567 to run task
[2024-02-02T02:26:01.479+0000] {standard_task_runner.py:87} INFO - Running: ['***', 'tasks', 'run', 'Read_and_load_of_API_to_MySQLDB', 'Companies_table_Creation', 'manual__2024-02-02T02:25:19.171007+00:00', '--job-id', '42', '--raw', '--subdir', 'DAGS_FOLDER/CRM.py', '--cfg-path', '/tmp/tmp794wteid']
[2024-02-02T02:26:01.519+0000] {standard_task_runner.py:88} INFO - Job 42: Subtask Companies_table_Creation
[2024-02-02T02:26:02.326+0000] {task_command.py:423} INFO - Running <TaskInstance: Read_and_load_of_API_to_MySQLDB.Companies_table_Creation manual__2024-02-02T02:25:19.171007+00:00 [running]> on host 648978c3a8b9
[2024-02-02T02:26:03.557+0000] {taskinstance.py:2480} INFO - Exporting env vars: AIRFLOW_CTX_DAG_OWNER='jmoc' AIRFLOW_CTX_DAG_ID='Read_and_load_of_API_to_MySQLDB' AIRFLOW_CTX_TASK_ID='Companies_table_Creation' AIRFLOW_CTX_EXECUTION_DATE='2024-02-02T02:25:19.171007+00:00' AIRFLOW_CTX_TRY_NUMBER='1' AIRFLOW_CTX_DAG_RUN_ID='manual__2024-02-02T02:25:19.171007+00:00'
[2024-02-02T02:26:03.559+0000] {sql.py:276} INFO - Executing: 
            CREATE TABLE IF NOT EXISTS companies(
              id INT PRIMARY KEY NOT NULL AUTO_INCREMENT,
              name VARCHAR(25) NOT NULL,
              catchPhrase VARCHAR(225) NOT NULL,
              bs VARCHAR(50) NOT NULL 
            )
            
[2024-02-02T02:26:03.620+0000] {base.py:83} INFO - Using connection ID 'mysql_connection' for task execution.
[2024-02-02T02:26:03.666+0000] {base.py:83} INFO - Using connection ID 'mysql_connection' for task execution.
[2024-02-02T02:26:03.721+0000] {sql.py:450} INFO - Running statement: 
            CREATE TABLE IF NOT EXISTS companies(
              id INT PRIMARY KEY NOT NULL AUTO_INCREMENT,
              name VARCHAR(25) NOT NULL,
              catchPhrase VARCHAR(225) NOT NULL,
              bs VARCHAR(50) NOT NULL 
            )
            , parameters: None
[2024-02-02T02:26:03.738+0000] {taskinstance.py:2698} ERROR - Task failed with exception
Traceback (most recent call last):
  File "/home/airflow/.local/lib/python3.8/site-packages/airflow/models/taskinstance.py", line 433, in _execute_task
    result = execute_callable(context=context, **execute_callable_kwargs)
  File "/home/airflow/.local/lib/python3.8/site-packages/airflow/providers/common/sql/operators/sql.py", line 282, in execute
    output = hook.run(
  File "/home/airflow/.local/lib/python3.8/site-packages/airflow/providers/common/sql/hooks/sql.py", line 398, in run
    self._run_command(cur, sql_statement, parameters)
  File "/home/airflow/.local/lib/python3.8/site-packages/airflow/providers/common/sql/hooks/sql.py", line 455, in _run_command
    cur.execute(sql_statement)
  File "/home/airflow/.local/lib/python3.8/site-packages/MySQLdb/cursors.py", line 179, in execute
    res = self._query(mogrified_query)
  File "/home/airflow/.local/lib/python3.8/site-packages/MySQLdb/cursors.py", line 330, in _query
    db.query(q)
  File "/home/airflow/.local/lib/python3.8/site-packages/MySQLdb/connections.py", line 257, in query
    _mysql.connection.query(self, query)
MySQLdb.OperationalError: (1046, 'No database selected')
[2024-02-02T02:26:03.776+0000] {taskinstance.py:1138} INFO - Marking task as UP_FOR_RETRY. dag_id=Read_and_load_of_API_to_MySQLDB, task_id=Companies_table_Creation, execution_date=20240202T022519, start_date=20240202T022600, end_date=20240202T022603
[2024-02-02T02:26:03.831+0000] {standard_task_runner.py:107} ERROR - Failed to execute job 42 for task Companies_table_Creation ((1046, 'No database selected'); 4567)
[2024-02-02T02:26:03.788+0000] {local_task_job_runner.py:234} INFO - Task exited with return code 1
[2024-02-02T02:26:03.957+0000] {taskinstance.py:3280} INFO - 0 downstream tasks scheduled from follow-on schedule check
