[2024-02-18T03:12:14.482+0000] {taskinstance.py:1946} INFO - Dependencies not met for <TaskInstance: Read_and_load_of_API_to_MySQLDB.companies_table_creation scheduled__2024-02-11T00:00:00+00:00 [success]>, dependency 'Task Instance State' FAILED: Task is in the 'success' state.
[2024-02-18T03:12:14.571+0000] {local_task_job_runner.py:160} INFO - Task is not able to be run
[2024-02-18T04:26:42.778+0000] {taskinstance.py:1956} INFO - Dependencies all met for dep_context=non-requeueable deps ti=<TaskInstance: Read_and_load_of_API_to_MySQLDB.companies_table_creation scheduled__2024-02-11T00:00:00+00:00 [queued]>
[2024-02-18T04:26:42.823+0000] {taskinstance.py:1956} INFO - Dependencies all met for dep_context=requeueable deps ti=<TaskInstance: Read_and_load_of_API_to_MySQLDB.companies_table_creation scheduled__2024-02-11T00:00:00+00:00 [queued]>
[2024-02-18T04:26:42.825+0000] {taskinstance.py:2170} INFO - Starting attempt 2 of 7
[2024-02-18T04:26:42.877+0000] {taskinstance.py:2191} INFO - Executing <Task(_PythonDecoratedOperator): companies_table_creation> on 2024-02-11 00:00:00+00:00
[2024-02-18T04:26:42.889+0000] {standard_task_runner.py:60} INFO - Started process 5454 to run task
[2024-02-18T04:26:42.897+0000] {standard_task_runner.py:87} INFO - Running: ['***', 'tasks', 'run', 'Read_and_load_of_API_to_MySQLDB', 'companies_table_creation', 'scheduled__2024-02-11T00:00:00+00:00', '--job-id', '568', '--raw', '--subdir', 'DAGS_FOLDER/CRM.py', '--cfg-path', '/tmp/tmp2ql66e8k']
[2024-02-18T04:26:42.910+0000] {standard_task_runner.py:88} INFO - Job 568: Subtask companies_table_creation
[2024-02-18T04:26:43.033+0000] {task_command.py:423} INFO - Running <TaskInstance: Read_and_load_of_API_to_MySQLDB.companies_table_creation scheduled__2024-02-11T00:00:00+00:00 [running]> on host 091c4b0f3ebe
[2024-02-18T04:26:43.327+0000] {taskinstance.py:2480} INFO - Exporting env vars: AIRFLOW_CTX_DAG_OWNER='jmoc' AIRFLOW_CTX_DAG_ID='Read_and_load_of_API_to_MySQLDB' AIRFLOW_CTX_TASK_ID='companies_table_creation' AIRFLOW_CTX_EXECUTION_DATE='2024-02-11T00:00:00+00:00' AIRFLOW_CTX_TRY_NUMBER='2' AIRFLOW_CTX_DAG_RUN_ID='scheduled__2024-02-11T00:00:00+00:00'
[2024-02-18T04:26:43.362+0000] {base.py:83} INFO - Using connection ID 'mysql_connection' for task execution.
[2024-02-18T04:26:43.556+0000] {sql.py:450} INFO - Running statement: 
            CREATE TABLE IF NOT EXISTS companies(
              id INT AUTO_INCREMENT  PRIMARY KEY NOT NULL,
              name VARCHAR(25) NOT NULL UNIQUE  ,
              catchPhrase VARCHAR(225) NOT NULL,
              bs VARCHAR(50) NOT NULL 
            );
            , parameters: None
[2024-02-18T04:26:43.610+0000] {sql.py:459} INFO - Rows affected: 0
[2024-02-18T04:26:43.628+0000] {base.py:83} INFO - Using connection ID 'postgres_connection' for task execution.
[2024-02-18T04:26:43.650+0000] {sql.py:450} INFO - Running statement: 
            CREATE TABLE IF NOT EXISTS companies(
              id BIGSERIAL PRIMARY KEY NOT NULL,
              name VARCHAR(25) NOT NULL UNIQUE  ,
              catchPhrase VARCHAR(225) NOT NULL,
              bs VARCHAR(50) NOT NULL 
            );
            , parameters: None
[2024-02-18T04:26:43.663+0000] {python.py:201} INFO - Done. Returned value was: None
[2024-02-18T04:26:43.695+0000] {taskinstance.py:1138} INFO - Marking task as SUCCESS. dag_id=Read_and_load_of_API_to_MySQLDB, task_id=companies_table_creation, execution_date=20240211T000000, start_date=20240218T042642, end_date=20240218T042643
[2024-02-18T04:26:43.791+0000] {local_task_job_runner.py:234} INFO - Task exited with return code 0
[2024-02-18T04:26:43.884+0000] {taskinstance.py:3280} INFO - 0 downstream tasks scheduled from follow-on schedule check
