[2024-02-18T01:46:18.717+0000] {taskinstance.py:1956} INFO - Dependencies all met for dep_context=non-requeueable deps ti=<TaskInstance: Read_and_load_of_API_to_MySQLDB.companies_table scheduled__2024-02-11T00:00:00+00:00 [queued]>
[2024-02-18T01:46:18.885+0000] {taskinstance.py:1956} INFO - Dependencies all met for dep_context=requeueable deps ti=<TaskInstance: Read_and_load_of_API_to_MySQLDB.companies_table scheduled__2024-02-11T00:00:00+00:00 [queued]>
[2024-02-18T01:46:18.886+0000] {taskinstance.py:2170} INFO - Starting attempt 10 of 15
[2024-02-18T01:46:19.125+0000] {taskinstance.py:2191} INFO - Executing <Task(_PythonDecoratedOperator): companies_table> on 2024-02-11 00:00:00+00:00
[2024-02-18T01:46:19.155+0000] {standard_task_runner.py:60} INFO - Started process 1840 to run task
[2024-02-18T01:46:19.197+0000] {standard_task_runner.py:87} INFO - Running: ['***', 'tasks', 'run', 'Read_and_load_of_API_to_MySQLDB', 'companies_table', 'scheduled__2024-02-11T00:00:00+00:00', '--job-id', '519', '--raw', '--subdir', 'DAGS_FOLDER/CRM.py', '--cfg-path', '/tmp/tmpmrq66u6z']
[2024-02-18T01:46:19.216+0000] {standard_task_runner.py:88} INFO - Job 519: Subtask companies_table
[2024-02-18T01:46:19.767+0000] {task_command.py:423} INFO - Running <TaskInstance: Read_and_load_of_API_to_MySQLDB.companies_table scheduled__2024-02-11T00:00:00+00:00 [running]> on host 091c4b0f3ebe
[2024-02-18T01:46:20.441+0000] {taskinstance.py:2480} INFO - Exporting env vars: AIRFLOW_CTX_DAG_OWNER='jmoc' AIRFLOW_CTX_DAG_ID='Read_and_load_of_API_to_MySQLDB' AIRFLOW_CTX_TASK_ID='companies_table' AIRFLOW_CTX_EXECUTION_DATE='2024-02-11T00:00:00+00:00' AIRFLOW_CTX_TRY_NUMBER='10' AIRFLOW_CTX_DAG_RUN_ID='scheduled__2024-02-11T00:00:00+00:00'
[2024-02-18T01:46:20.534+0000] {base.py:83} INFO - Using connection ID 'mysql_connection' for task execution.
[2024-02-18T01:46:20.752+0000] {sql.py:450} INFO - Running statement: 
            CREATE TABLE IF NOT EXISTS companies(
              id INT AUTO_INCREMENT  PRIMARY KEY NOT NULL,
              name VARCHAR(25) NOT NULL UNIQUE  ,
              catchPhrase VARCHAR(225) NOT NULL,
              bs VARCHAR(50) NOT NULL 
            );
            , parameters: None
[2024-02-18T01:46:20.898+0000] {sql.py:459} INFO - Rows affected: 0
[2024-02-18T01:46:20.921+0000] {base.py:83} INFO - Using connection ID 'postgres_connection' for task execution.
[2024-02-18T01:46:20.950+0000] {sql.py:450} INFO - Running statement: 
            CREATE TABLE IF NOT EXISTS companies(
              id BIGSERIAL PRIMARY KEY NOT NULL,
              name VARCHAR(25) NOT NULL UNIQUE  ,
              catchPhrase VARCHAR(225) NOT NULL,
              bs VARCHAR(50) NOT NULL 
            );
            , parameters: None
[2024-02-18T01:46:21.060+0000] {python.py:201} INFO - Done. Returned value was: None
[2024-02-18T01:46:21.088+0000] {taskinstance.py:1138} INFO - Marking task as SUCCESS. dag_id=Read_and_load_of_API_to_MySQLDB, task_id=companies_table, execution_date=20240211T000000, start_date=20240218T014618, end_date=20240218T014621
[2024-02-18T01:46:21.211+0000] {local_task_job_runner.py:234} INFO - Task exited with return code 0
[2024-02-18T01:46:21.280+0000] {taskinstance.py:3280} INFO - 1 downstream tasks scheduled from follow-on schedule check
