[2024-02-06T23:02:19.704+0000] {taskinstance.py:1956} INFO - Dependencies all met for dep_context=non-requeueable deps ti=<TaskInstance: Read_and_load_of_API_to_MySQLDB.cities_table manual__2024-02-06T23:01:45.347640+00:00 [queued]>
[2024-02-06T23:02:19.807+0000] {taskinstance.py:1956} INFO - Dependencies all met for dep_context=requeueable deps ti=<TaskInstance: Read_and_load_of_API_to_MySQLDB.cities_table manual__2024-02-06T23:01:45.347640+00:00 [queued]>
[2024-02-06T23:02:19.819+0000] {taskinstance.py:2170} INFO - Starting attempt 1 of 6
[2024-02-06T23:02:20.033+0000] {taskinstance.py:2191} INFO - Executing <Task(_PythonDecoratedOperator): cities_table> on 2024-02-06 23:01:45.347640+00:00
[2024-02-06T23:02:20.170+0000] {standard_task_runner.py:60} INFO - Started process 485 to run task
[2024-02-06T23:02:20.222+0000] {standard_task_runner.py:87} INFO - Running: ['***', 'tasks', 'run', 'Read_and_load_of_API_to_MySQLDB', 'cities_table', 'manual__2024-02-06T23:01:45.347640+00:00', '--job-id', '203', '--raw', '--subdir', 'DAGS_FOLDER/CRM.py', '--cfg-path', '/tmp/tmpdy7x8y2_']
[2024-02-06T23:02:20.330+0000] {standard_task_runner.py:88} INFO - Job 203: Subtask cities_table
[2024-02-06T23:02:20.965+0000] {task_command.py:423} INFO - Running <TaskInstance: Read_and_load_of_API_to_MySQLDB.cities_table manual__2024-02-06T23:01:45.347640+00:00 [running]> on host 1518ce13a9bd
[2024-02-06T23:02:21.908+0000] {taskinstance.py:2480} INFO - Exporting env vars: AIRFLOW_CTX_DAG_OWNER='jmoc' AIRFLOW_CTX_DAG_ID='Read_and_load_of_API_to_MySQLDB' AIRFLOW_CTX_TASK_ID='cities_table' AIRFLOW_CTX_EXECUTION_DATE='2024-02-06T23:01:45.347640+00:00' AIRFLOW_CTX_TRY_NUMBER='1' AIRFLOW_CTX_DAG_RUN_ID='manual__2024-02-06T23:01:45.347640+00:00'
[2024-02-06T23:02:21.990+0000] {base.py:83} INFO - Using connection ID 'mysql_connection' for task execution.
[2024-02-06T23:02:22.087+0000] {sql.py:450} INFO - Running statement: 
            CREATE TABLE IF NOT EXISTS ***_PI.cities(
              id INT PRIMARY KEY NOT NULL AUTO_INCREMENT,
              name VARCHAR(25) NOT NULL UNIQUE  
            )

           , parameters: None
[2024-02-06T23:02:23.310+0000] {sql.py:459} INFO - Rows affected: 0
[2024-02-06T23:02:23.314+0000] {python.py:201} INFO - Done. Returned value was: None
[2024-02-06T23:02:23.356+0000] {taskinstance.py:1138} INFO - Marking task as SUCCESS. dag_id=Read_and_load_of_API_to_MySQLDB, task_id=cities_table, execution_date=20240206T230145, start_date=20240206T230219, end_date=20240206T230223
[2024-02-06T23:02:23.610+0000] {local_task_job_runner.py:234} INFO - Task exited with return code 0
[2024-02-06T23:02:24.016+0000] {taskinstance.py:3280} INFO - 1 downstream tasks scheduled from follow-on schedule check
