[2024-02-06T19:19:13.585+0000] {taskinstance.py:1956} INFO - Dependencies all met for dep_context=non-requeueable deps ti=<TaskInstance: Read_and_load_of_API_to_MySQLDB.users_table manual__2024-02-06T03:05:04.018386+00:00 [queued]>
[2024-02-06T19:19:13.611+0000] {taskinstance.py:1956} INFO - Dependencies all met for dep_context=requeueable deps ti=<TaskInstance: Read_and_load_of_API_to_MySQLDB.users_table manual__2024-02-06T03:05:04.018386+00:00 [queued]>
[2024-02-06T19:19:13.612+0000] {taskinstance.py:2170} INFO - Starting attempt 3 of 8
[2024-02-06T19:19:13.638+0000] {taskinstance.py:2191} INFO - Executing <Task(_PythonDecoratedOperator): users_table> on 2024-02-06 03:05:04.018386+00:00
[2024-02-06T19:19:13.646+0000] {standard_task_runner.py:60} INFO - Started process 943 to run task
[2024-02-06T19:19:13.652+0000] {standard_task_runner.py:87} INFO - Running: ['***', 'tasks', 'run', 'Read_and_load_of_API_to_MySQLDB', 'users_table', 'manual__2024-02-06T03:05:04.018386+00:00', '--job-id', '184', '--raw', '--subdir', 'DAGS_FOLDER/CRM.py', '--cfg-path', '/tmp/tmplupd0byk']
[2024-02-06T19:19:13.659+0000] {standard_task_runner.py:88} INFO - Job 184: Subtask users_table
[2024-02-06T19:19:13.752+0000] {task_command.py:423} INFO - Running <TaskInstance: Read_and_load_of_API_to_MySQLDB.users_table manual__2024-02-06T03:05:04.018386+00:00 [running]> on host 648978c3a8b9
[2024-02-06T19:19:14.028+0000] {taskinstance.py:2480} INFO - Exporting env vars: AIRFLOW_CTX_DAG_OWNER='jmoc' AIRFLOW_CTX_DAG_ID='Read_and_load_of_API_to_MySQLDB' AIRFLOW_CTX_TASK_ID='users_table' AIRFLOW_CTX_EXECUTION_DATE='2024-02-06T03:05:04.018386+00:00' AIRFLOW_CTX_TRY_NUMBER='3' AIRFLOW_CTX_DAG_RUN_ID='manual__2024-02-06T03:05:04.018386+00:00'
[2024-02-06T19:19:14.112+0000] {base.py:83} INFO - Using connection ID 'mysql_connection' for task execution.
[2024-02-06T19:19:14.236+0000] {sql.py:450} INFO - Running statement: 
            CREATE TABLE IF NOT EXISTS ***_PI.users(
              id INT PRIMARY KEY NOT NULL AUTO_INCREMENT,
              name VARCHAR(25) NOT NULL,
              username VARCHAR(25) NOT NULL,
              email VARCHAR(255) NOT NULL UNIQUE,
              address VARCHAR(50),
              city_id INT,
              zipcode VARCHAR(10),
              latitud VARCHAR(20),
              longitud VARCHAR(20),
              phone VARCHAR(15),
              website VARCHAR(50),
              company_id INT,
              FOREIGN KEY (city_id) REFERENCES cities(id),
              FOREIGN KEY (company_id) REFERENCES companies(id)
            )
            , parameters: None
[2024-02-06T19:19:14.252+0000] {sql.py:459} INFO - Rows affected: 0
[2024-02-06T19:19:14.254+0000] {python.py:201} INFO - Done. Returned value was: None
[2024-02-06T19:19:14.291+0000] {taskinstance.py:1138} INFO - Marking task as SUCCESS. dag_id=Read_and_load_of_API_to_MySQLDB, task_id=users_table, execution_date=20240206T030504, start_date=20240206T191913, end_date=20240206T191914
[2024-02-06T19:19:14.330+0000] {local_task_job_runner.py:234} INFO - Task exited with return code 0
[2024-02-06T19:19:14.380+0000] {taskinstance.py:3280} INFO - 1 downstream tasks scheduled from follow-on schedule check
