[2024-02-18T04:45:44.686+0000] {taskinstance.py:1956} INFO - Dependencies all met for dep_context=non-requeueable deps ti=<TaskInstance: ETL_From_an_API_to_MySQL_Postgres_and_Redis.cities_table_creation scheduled__2024-02-11T00:00:00+00:00 [queued]>
[2024-02-18T04:45:45.040+0000] {taskinstance.py:1956} INFO - Dependencies all met for dep_context=requeueable deps ti=<TaskInstance: ETL_From_an_API_to_MySQL_Postgres_and_Redis.cities_table_creation scheduled__2024-02-11T00:00:00+00:00 [queued]>
[2024-02-18T04:45:45.058+0000] {taskinstance.py:2170} INFO - Starting attempt 1 of 6
[2024-02-18T04:46:05.630+0000] {taskinstance.py:2191} INFO - Executing <Task(_PythonDecoratedOperator): cities_table_creation> on 2024-02-11 00:00:00+00:00
[2024-02-18T04:46:05.800+0000] {standard_task_runner.py:60} INFO - Started process 5925 to run task
[2024-02-18T04:46:06.702+0000] {standard_task_runner.py:87} INFO - Running: ['***', 'tasks', 'run', 'ETL_From_an_API_to_MySQL_Postgres_and_Redis', 'cities_table_creation', 'scheduled__2024-02-11T00:00:00+00:00', '--job-id', '596', '--raw', '--subdir', 'DAGS_FOLDER/CRM.py', '--cfg-path', '/tmp/tmphtivmbh6']
[2024-02-18T04:46:06.836+0000] {standard_task_runner.py:88} INFO - Job 596: Subtask cities_table_creation
[2024-02-18T04:46:08.920+0000] {task_command.py:423} INFO - Running <TaskInstance: ETL_From_an_API_to_MySQL_Postgres_and_Redis.cities_table_creation scheduled__2024-02-11T00:00:00+00:00 [running]> on host 091c4b0f3ebe
[2024-02-18T04:46:11.585+0000] {taskinstance.py:2480} INFO - Exporting env vars: AIRFLOW_CTX_DAG_OWNER='jmoc' AIRFLOW_CTX_DAG_ID='ETL_From_an_API_to_MySQL_Postgres_and_Redis' AIRFLOW_CTX_TASK_ID='cities_table_creation' AIRFLOW_CTX_EXECUTION_DATE='2024-02-11T00:00:00+00:00' AIRFLOW_CTX_TRY_NUMBER='1' AIRFLOW_CTX_DAG_RUN_ID='scheduled__2024-02-11T00:00:00+00:00'
[2024-02-18T04:46:11.843+0000] {base.py:83} INFO - Using connection ID 'mysql_connection' for task execution.
[2024-02-18T04:46:12.015+0000] {sql.py:450} INFO - Running statement: 
            CREATE TABLE IF NOT EXISTS cities(
              id INT AUTO_INCREMENT  PRIMARY KEY NOT NULL,
              name VARCHAR(25) NOT NULL UNIQUE  
            );

           , parameters: None
[2024-02-18T04:46:12.052+0000] {sql.py:459} INFO - Rows affected: 0
[2024-02-18T04:46:12.149+0000] {base.py:83} INFO - Using connection ID 'postgres_connection' for task execution.
[2024-02-18T04:46:12.171+0000] {sql.py:450} INFO - Running statement: 
            CREATE TABLE IF NOT EXISTS cities(
              id BIGSERIAL PRIMARY KEY NOT NULL,
              name VARCHAR(25) NOT NULL UNIQUE  
            );

           , parameters: None
[2024-02-18T04:46:12.181+0000] {python.py:201} INFO - Done. Returned value was: None
[2024-02-18T04:46:12.260+0000] {taskinstance.py:1138} INFO - Marking task as SUCCESS. dag_id=ETL_From_an_API_to_MySQL_Postgres_and_Redis, task_id=cities_table_creation, execution_date=20240211T000000, start_date=20240218T044544, end_date=20240218T044612
[2024-02-18T04:46:12.426+0000] {local_task_job_runner.py:234} INFO - Task exited with return code 0
[2024-02-18T04:46:13.134+0000] {taskinstance.py:3280} INFO - 0 downstream tasks scheduled from follow-on schedule check
