[2024-02-06T19:20:15.844+0000] {taskinstance.py:1956} INFO - Dependencies all met for dep_context=non-requeueable deps ti=<TaskInstance: Read_and_load_of_API_to_MySQLDB.Load_users_registers manual__2024-02-06T03:05:04.018386+00:00 [queued]>
[2024-02-06T19:20:15.866+0000] {taskinstance.py:1956} INFO - Dependencies all met for dep_context=requeueable deps ti=<TaskInstance: Read_and_load_of_API_to_MySQLDB.Load_users_registers manual__2024-02-06T03:05:04.018386+00:00 [queued]>
[2024-02-06T19:20:15.868+0000] {taskinstance.py:2170} INFO - Starting attempt 20 of 25
[2024-02-06T19:20:15.917+0000] {taskinstance.py:2191} INFO - Executing <Task(_PythonDecoratedOperator): Load_users_registers> on 2024-02-06 03:05:04.018386+00:00
[2024-02-06T19:20:15.927+0000] {standard_task_runner.py:60} INFO - Started process 980 to run task
[2024-02-06T19:20:15.932+0000] {standard_task_runner.py:87} INFO - Running: ['***', 'tasks', 'run', 'Read_and_load_of_API_to_MySQLDB', 'Load_users_registers', 'manual__2024-02-06T03:05:04.018386+00:00', '--job-id', '189', '--raw', '--subdir', 'DAGS_FOLDER/CRM.py', '--cfg-path', '/tmp/tmppbdbf_ei']
[2024-02-06T19:20:15.936+0000] {standard_task_runner.py:88} INFO - Job 189: Subtask Load_users_registers
[2024-02-06T19:20:16.046+0000] {task_command.py:423} INFO - Running <TaskInstance: Read_and_load_of_API_to_MySQLDB.Load_users_registers manual__2024-02-06T03:05:04.018386+00:00 [running]> on host 648978c3a8b9
[2024-02-06T19:20:16.242+0000] {taskinstance.py:2480} INFO - Exporting env vars: AIRFLOW_CTX_DAG_OWNER='jmoc' AIRFLOW_CTX_DAG_ID='Read_and_load_of_API_to_MySQLDB' AIRFLOW_CTX_TASK_ID='Load_users_registers' AIRFLOW_CTX_EXECUTION_DATE='2024-02-06T03:05:04.018386+00:00' AIRFLOW_CTX_TRY_NUMBER='20' AIRFLOW_CTX_DAG_RUN_ID='manual__2024-02-06T03:05:04.018386+00:00'
[2024-02-06T19:20:16.293+0000] {base.py:83} INFO - Using connection ID 'mysql_connection' for task execution.
[2024-02-06T19:20:16.312+0000] {sql.py:450} INFO - Running statement: SELECT id FROM ***_PI.companies WHERE name = 'Romaguera-Crona', parameters: None
[2024-02-06T19:20:16.314+0000] {sql.py:459} INFO - Rows affected: 1
[2024-02-06T19:20:16.317+0000] {logging_mixin.py:188} INFO - 1
[2024-02-06T19:20:16.331+0000] {base.py:83} INFO - Using connection ID 'mysql_connection' for task execution.
[2024-02-06T19:20:16.344+0000] {sql.py:450} INFO - Running statement: SELECT id FROM ***_PI.companies WHERE name = 'Deckow-Crist', parameters: None
[2024-02-06T19:20:16.346+0000] {sql.py:459} INFO - Rows affected: 1
[2024-02-06T19:20:16.348+0000] {logging_mixin.py:188} INFO - 2
[2024-02-06T19:20:16.378+0000] {base.py:83} INFO - Using connection ID 'mysql_connection' for task execution.
[2024-02-06T19:20:16.395+0000] {sql.py:450} INFO - Running statement: SELECT id FROM ***_PI.companies WHERE name = 'Romaguera-Jacobson', parameters: None
[2024-02-06T19:20:16.396+0000] {sql.py:459} INFO - Rows affected: 1
[2024-02-06T19:20:16.398+0000] {logging_mixin.py:188} INFO - 3
[2024-02-06T19:20:16.461+0000] {base.py:83} INFO - Using connection ID 'mysql_connection' for task execution.
[2024-02-06T19:20:16.469+0000] {sql.py:450} INFO - Running statement: SELECT id FROM ***_PI.companies WHERE name = 'Robel-Corkery', parameters: None
[2024-02-06T19:20:16.472+0000] {sql.py:459} INFO - Rows affected: 1
[2024-02-06T19:20:16.476+0000] {logging_mixin.py:188} INFO - 4
[2024-02-06T19:20:16.489+0000] {base.py:83} INFO - Using connection ID 'mysql_connection' for task execution.
[2024-02-06T19:20:16.505+0000] {sql.py:450} INFO - Running statement: SELECT id FROM ***_PI.companies WHERE name = 'Keebler LLC', parameters: None
[2024-02-06T19:20:16.513+0000] {sql.py:459} INFO - Rows affected: 1
[2024-02-06T19:20:16.516+0000] {logging_mixin.py:188} INFO - 5
[2024-02-06T19:20:16.533+0000] {base.py:83} INFO - Using connection ID 'mysql_connection' for task execution.
[2024-02-06T19:20:16.545+0000] {sql.py:450} INFO - Running statement: SELECT id FROM ***_PI.companies WHERE name = 'Considine-Lockman', parameters: None
[2024-02-06T19:20:16.548+0000] {sql.py:459} INFO - Rows affected: 1
[2024-02-06T19:20:16.550+0000] {logging_mixin.py:188} INFO - 6
[2024-02-06T19:20:16.592+0000] {base.py:83} INFO - Using connection ID 'mysql_connection' for task execution.
[2024-02-06T19:20:16.603+0000] {sql.py:450} INFO - Running statement: SELECT id FROM ***_PI.companies WHERE name = 'Johns Group', parameters: None
[2024-02-06T19:20:16.609+0000] {sql.py:459} INFO - Rows affected: 1
[2024-02-06T19:20:16.622+0000] {logging_mixin.py:188} INFO - 7
[2024-02-06T19:20:16.672+0000] {base.py:83} INFO - Using connection ID 'mysql_connection' for task execution.
[2024-02-06T19:20:16.691+0000] {sql.py:450} INFO - Running statement: SELECT id FROM ***_PI.companies WHERE name = 'Abernathy Group', parameters: None
[2024-02-06T19:20:16.694+0000] {sql.py:459} INFO - Rows affected: 1
[2024-02-06T19:20:16.696+0000] {logging_mixin.py:188} INFO - 8
[2024-02-06T19:20:16.715+0000] {base.py:83} INFO - Using connection ID 'mysql_connection' for task execution.
[2024-02-06T19:20:16.740+0000] {sql.py:450} INFO - Running statement: SELECT id FROM ***_PI.companies WHERE name = 'Yost and Sons', parameters: None
[2024-02-06T19:20:16.744+0000] {sql.py:459} INFO - Rows affected: 1
[2024-02-06T19:20:16.747+0000] {logging_mixin.py:188} INFO - 9
[2024-02-06T19:20:16.769+0000] {base.py:83} INFO - Using connection ID 'mysql_connection' for task execution.
[2024-02-06T19:20:16.782+0000] {sql.py:450} INFO - Running statement: SELECT id FROM ***_PI.companies WHERE name = 'Hoeger LLC', parameters: None
[2024-02-06T19:20:16.787+0000] {sql.py:459} INFO - Rows affected: 1
[2024-02-06T19:20:16.789+0000] {logging_mixin.py:188} INFO - 10
[2024-02-06T19:20:16.791+0000] {python.py:201} INFO - Done. Returned value was: None
[2024-02-06T19:20:16.809+0000] {taskinstance.py:1138} INFO - Marking task as SUCCESS. dag_id=Read_and_load_of_API_to_MySQLDB, task_id=Load_users_registers, execution_date=20240206T030504, start_date=20240206T192015, end_date=20240206T192016
[2024-02-06T19:20:16.883+0000] {local_task_job_runner.py:234} INFO - Task exited with return code 0
[2024-02-06T19:20:16.921+0000] {taskinstance.py:3280} INFO - 0 downstream tasks scheduled from follow-on schedule check
