[2024-02-06T19:13:28.426+0000] {taskinstance.py:1956} INFO - Dependencies all met for dep_context=non-requeueable deps ti=<TaskInstance: Read_and_load_of_API_to_MySQLDB.Load_users_registers manual__2024-02-06T03:05:04.018386+00:00 [queued]>
[2024-02-06T19:13:28.445+0000] {taskinstance.py:1956} INFO - Dependencies all met for dep_context=requeueable deps ti=<TaskInstance: Read_and_load_of_API_to_MySQLDB.Load_users_registers manual__2024-02-06T03:05:04.018386+00:00 [queued]>
[2024-02-06T19:13:28.446+0000] {taskinstance.py:2170} INFO - Starting attempt 13 of 18
[2024-02-06T19:13:28.474+0000] {taskinstance.py:2191} INFO - Executing <Task(_PythonDecoratedOperator): Load_users_registers> on 2024-02-06 03:05:04.018386+00:00
[2024-02-06T19:13:28.485+0000] {standard_task_runner.py:60} INFO - Started process 779 to run task
[2024-02-06T19:13:28.492+0000] {standard_task_runner.py:87} INFO - Running: ['***', 'tasks', 'run', 'Read_and_load_of_API_to_MySQLDB', 'Load_users_registers', 'manual__2024-02-06T03:05:04.018386+00:00', '--job-id', '175', '--raw', '--subdir', 'DAGS_FOLDER/CRM.py', '--cfg-path', '/tmp/tmp5l5ll6wj']
[2024-02-06T19:13:28.510+0000] {standard_task_runner.py:88} INFO - Job 175: Subtask Load_users_registers
[2024-02-06T19:13:28.613+0000] {task_command.py:423} INFO - Running <TaskInstance: Read_and_load_of_API_to_MySQLDB.Load_users_registers manual__2024-02-06T03:05:04.018386+00:00 [running]> on host 648978c3a8b9
[2024-02-06T19:13:28.884+0000] {taskinstance.py:2480} INFO - Exporting env vars: AIRFLOW_CTX_DAG_OWNER='jmoc' AIRFLOW_CTX_DAG_ID='Read_and_load_of_API_to_MySQLDB' AIRFLOW_CTX_TASK_ID='Load_users_registers' AIRFLOW_CTX_EXECUTION_DATE='2024-02-06T03:05:04.018386+00:00' AIRFLOW_CTX_TRY_NUMBER='13' AIRFLOW_CTX_DAG_RUN_ID='manual__2024-02-06T03:05:04.018386+00:00'
[2024-02-06T19:13:28.928+0000] {base.py:83} INFO - Using connection ID 'mysql_connection' for task execution.
[2024-02-06T19:13:28.953+0000] {sql.py:450} INFO - Running statement: SELECT id FROM ***_PI.cities WHERE name = 'Gwenborough', parameters: None
[2024-02-06T19:13:28.955+0000] {sql.py:459} INFO - Rows affected: 1
[2024-02-06T19:13:28.957+0000] {logging_mixin.py:188} INFO - 3
[2024-02-06T19:13:28.977+0000] {base.py:83} INFO - Using connection ID 'mysql_connection' for task execution.
[2024-02-06T19:13:28.988+0000] {sql.py:450} INFO - Running statement: SELECT id FROM ***_PI.cities WHERE name = 'Wisokyburgh', parameters: None
[2024-02-06T19:13:28.990+0000] {sql.py:459} INFO - Rows affected: 1
[2024-02-06T19:13:28.992+0000] {logging_mixin.py:188} INFO - 2
[2024-02-06T19:13:29.008+0000] {base.py:83} INFO - Using connection ID 'mysql_connection' for task execution.
[2024-02-06T19:13:29.017+0000] {sql.py:450} INFO - Running statement: SELECT id FROM ***_PI.cities WHERE name = 'McKenziehaven', parameters: None
[2024-02-06T19:13:29.019+0000] {sql.py:459} INFO - Rows affected: 1
[2024-02-06T19:13:29.021+0000] {logging_mixin.py:188} INFO - 7
[2024-02-06T19:13:29.035+0000] {base.py:83} INFO - Using connection ID 'mysql_connection' for task execution.
[2024-02-06T19:13:29.043+0000] {sql.py:450} INFO - Running statement: SELECT id FROM ***_PI.cities WHERE name = 'South Elvis', parameters: None
[2024-02-06T19:13:29.045+0000] {sql.py:459} INFO - Rows affected: 1
[2024-02-06T19:13:29.047+0000] {logging_mixin.py:188} INFO - 10
[2024-02-06T19:13:29.059+0000] {base.py:83} INFO - Using connection ID 'mysql_connection' for task execution.
[2024-02-06T19:13:29.066+0000] {sql.py:450} INFO - Running statement: SELECT id FROM ***_PI.cities WHERE name = 'Roscoeview', parameters: None
[2024-02-06T19:13:29.068+0000] {sql.py:459} INFO - Rows affected: 1
[2024-02-06T19:13:29.070+0000] {logging_mixin.py:188} INFO - 9
[2024-02-06T19:13:29.081+0000] {base.py:83} INFO - Using connection ID 'mysql_connection' for task execution.
[2024-02-06T19:13:29.089+0000] {sql.py:450} INFO - Running statement: SELECT id FROM ***_PI.cities WHERE name = 'South Christy', parameters: None
[2024-02-06T19:13:29.091+0000] {sql.py:459} INFO - Rows affected: 1
[2024-02-06T19:13:29.093+0000] {logging_mixin.py:188} INFO - 4
[2024-02-06T19:13:29.107+0000] {base.py:83} INFO - Using connection ID 'mysql_connection' for task execution.
[2024-02-06T19:13:29.114+0000] {sql.py:450} INFO - Running statement: SELECT id FROM ***_PI.cities WHERE name = 'Howemouth', parameters: None
[2024-02-06T19:13:29.118+0000] {sql.py:459} INFO - Rows affected: 1
[2024-02-06T19:13:29.119+0000] {logging_mixin.py:188} INFO - 8
[2024-02-06T19:13:29.135+0000] {base.py:83} INFO - Using connection ID 'mysql_connection' for task execution.
[2024-02-06T19:13:29.142+0000] {sql.py:450} INFO - Running statement: SELECT id FROM ***_PI.cities WHERE name = 'Aliyaview', parameters: None
[2024-02-06T19:13:29.143+0000] {sql.py:459} INFO - Rows affected: 1
[2024-02-06T19:13:29.145+0000] {logging_mixin.py:188} INFO - 5
[2024-02-06T19:13:29.168+0000] {base.py:83} INFO - Using connection ID 'mysql_connection' for task execution.
[2024-02-06T19:13:29.178+0000] {sql.py:450} INFO - Running statement: SELECT id FROM ***_PI.cities WHERE name = 'Bartholomebury', parameters: None
[2024-02-06T19:13:29.180+0000] {sql.py:459} INFO - Rows affected: 1
[2024-02-06T19:13:29.183+0000] {logging_mixin.py:188} INFO - 1
[2024-02-06T19:13:29.196+0000] {base.py:83} INFO - Using connection ID 'mysql_connection' for task execution.
[2024-02-06T19:13:29.204+0000] {sql.py:450} INFO - Running statement: SELECT id FROM ***_PI.cities WHERE name = 'Lebsackbury', parameters: None
[2024-02-06T19:13:29.206+0000] {sql.py:459} INFO - Rows affected: 1
[2024-02-06T19:13:29.209+0000] {logging_mixin.py:188} INFO - 6
[2024-02-06T19:13:29.210+0000] {python.py:201} INFO - Done. Returned value was: None
[2024-02-06T19:13:29.226+0000] {taskinstance.py:1138} INFO - Marking task as SUCCESS. dag_id=Read_and_load_of_API_to_MySQLDB, task_id=Load_users_registers, execution_date=20240206T030504, start_date=20240206T191328, end_date=20240206T191329
[2024-02-06T19:13:29.296+0000] {local_task_job_runner.py:234} INFO - Task exited with return code 0
[2024-02-06T19:13:29.328+0000] {taskinstance.py:3280} INFO - 0 downstream tasks scheduled from follow-on schedule check
