[2024-02-06T19:13:15.672+0000] {taskinstance.py:1956} INFO - Dependencies all met for dep_context=non-requeueable deps ti=<TaskInstance: Read_and_load_of_API_to_MySQLDB.Load_users_registers manual__2024-02-06T03:05:04.018386+00:00 [queued]>
[2024-02-06T19:13:15.697+0000] {taskinstance.py:1956} INFO - Dependencies all met for dep_context=requeueable deps ti=<TaskInstance: Read_and_load_of_API_to_MySQLDB.Load_users_registers manual__2024-02-06T03:05:04.018386+00:00 [queued]>
[2024-02-06T19:13:15.698+0000] {taskinstance.py:2170} INFO - Starting attempt 12 of 17
[2024-02-06T19:13:15.730+0000] {taskinstance.py:2191} INFO - Executing <Task(_PythonDecoratedOperator): Load_users_registers> on 2024-02-06 03:05:04.018386+00:00
[2024-02-06T19:13:15.743+0000] {standard_task_runner.py:60} INFO - Started process 777 to run task
[2024-02-06T19:13:15.754+0000] {standard_task_runner.py:87} INFO - Running: ['***', 'tasks', 'run', 'Read_and_load_of_API_to_MySQLDB', 'Load_users_registers', 'manual__2024-02-06T03:05:04.018386+00:00', '--job-id', '174', '--raw', '--subdir', 'DAGS_FOLDER/CRM.py', '--cfg-path', '/tmp/tmpc1d9dlsc']
[2024-02-06T19:13:15.757+0000] {standard_task_runner.py:88} INFO - Job 174: Subtask Load_users_registers
[2024-02-06T19:13:15.842+0000] {task_command.py:423} INFO - Running <TaskInstance: Read_and_load_of_API_to_MySQLDB.Load_users_registers manual__2024-02-06T03:05:04.018386+00:00 [running]> on host 648978c3a8b9
[2024-02-06T19:13:16.115+0000] {taskinstance.py:2480} INFO - Exporting env vars: AIRFLOW_CTX_DAG_OWNER='jmoc' AIRFLOW_CTX_DAG_ID='Read_and_load_of_API_to_MySQLDB' AIRFLOW_CTX_TASK_ID='Load_users_registers' AIRFLOW_CTX_EXECUTION_DATE='2024-02-06T03:05:04.018386+00:00' AIRFLOW_CTX_TRY_NUMBER='12' AIRFLOW_CTX_DAG_RUN_ID='manual__2024-02-06T03:05:04.018386+00:00'
[2024-02-06T19:13:16.199+0000] {base.py:83} INFO - Using connection ID 'mysql_connection' for task execution.
[2024-02-06T19:13:16.230+0000] {sql.py:450} INFO - Running statement: SELECT id FROM ***_PI.cities WHERE name = 'Gwenborough', parameters: None
[2024-02-06T19:13:16.240+0000] {sql.py:459} INFO - Rows affected: 1
[2024-02-06T19:13:16.244+0000] {logging_mixin.py:188} INFO - (3,)
[2024-02-06T19:13:16.286+0000] {base.py:83} INFO - Using connection ID 'mysql_connection' for task execution.
[2024-02-06T19:13:16.323+0000] {sql.py:450} INFO - Running statement: SELECT id FROM ***_PI.cities WHERE name = 'Wisokyburgh', parameters: None
[2024-02-06T19:13:16.325+0000] {sql.py:459} INFO - Rows affected: 1
[2024-02-06T19:13:16.327+0000] {logging_mixin.py:188} INFO - (2,)
[2024-02-06T19:13:16.342+0000] {base.py:83} INFO - Using connection ID 'mysql_connection' for task execution.
[2024-02-06T19:13:16.351+0000] {sql.py:450} INFO - Running statement: SELECT id FROM ***_PI.cities WHERE name = 'McKenziehaven', parameters: None
[2024-02-06T19:13:16.353+0000] {sql.py:459} INFO - Rows affected: 1
[2024-02-06T19:13:16.354+0000] {logging_mixin.py:188} INFO - (7,)
[2024-02-06T19:13:16.368+0000] {base.py:83} INFO - Using connection ID 'mysql_connection' for task execution.
[2024-02-06T19:13:16.375+0000] {sql.py:450} INFO - Running statement: SELECT id FROM ***_PI.cities WHERE name = 'South Elvis', parameters: None
[2024-02-06T19:13:16.377+0000] {sql.py:459} INFO - Rows affected: 1
[2024-02-06T19:13:16.379+0000] {logging_mixin.py:188} INFO - (10,)
[2024-02-06T19:13:16.391+0000] {base.py:83} INFO - Using connection ID 'mysql_connection' for task execution.
[2024-02-06T19:13:16.400+0000] {sql.py:450} INFO - Running statement: SELECT id FROM ***_PI.cities WHERE name = 'Roscoeview', parameters: None
[2024-02-06T19:13:16.402+0000] {sql.py:459} INFO - Rows affected: 1
[2024-02-06T19:13:16.404+0000] {logging_mixin.py:188} INFO - (9,)
[2024-02-06T19:13:16.418+0000] {base.py:83} INFO - Using connection ID 'mysql_connection' for task execution.
[2024-02-06T19:13:16.425+0000] {sql.py:450} INFO - Running statement: SELECT id FROM ***_PI.cities WHERE name = 'South Christy', parameters: None
[2024-02-06T19:13:16.427+0000] {sql.py:459} INFO - Rows affected: 1
[2024-02-06T19:13:16.429+0000] {logging_mixin.py:188} INFO - (4,)
[2024-02-06T19:13:16.446+0000] {base.py:83} INFO - Using connection ID 'mysql_connection' for task execution.
[2024-02-06T19:13:16.461+0000] {sql.py:450} INFO - Running statement: SELECT id FROM ***_PI.cities WHERE name = 'Howemouth', parameters: None
[2024-02-06T19:13:16.462+0000] {sql.py:459} INFO - Rows affected: 1
[2024-02-06T19:13:16.464+0000] {logging_mixin.py:188} INFO - (8,)
[2024-02-06T19:13:16.477+0000] {base.py:83} INFO - Using connection ID 'mysql_connection' for task execution.
[2024-02-06T19:13:16.488+0000] {sql.py:450} INFO - Running statement: SELECT id FROM ***_PI.cities WHERE name = 'Aliyaview', parameters: None
[2024-02-06T19:13:16.490+0000] {sql.py:459} INFO - Rows affected: 1
[2024-02-06T19:13:16.492+0000] {logging_mixin.py:188} INFO - (5,)
[2024-02-06T19:13:16.503+0000] {base.py:83} INFO - Using connection ID 'mysql_connection' for task execution.
[2024-02-06T19:13:16.511+0000] {sql.py:450} INFO - Running statement: SELECT id FROM ***_PI.cities WHERE name = 'Bartholomebury', parameters: None
[2024-02-06T19:13:16.513+0000] {sql.py:459} INFO - Rows affected: 1
[2024-02-06T19:13:16.515+0000] {logging_mixin.py:188} INFO - (1,)
[2024-02-06T19:13:16.526+0000] {base.py:83} INFO - Using connection ID 'mysql_connection' for task execution.
[2024-02-06T19:13:16.535+0000] {sql.py:450} INFO - Running statement: SELECT id FROM ***_PI.cities WHERE name = 'Lebsackbury', parameters: None
[2024-02-06T19:13:16.536+0000] {sql.py:459} INFO - Rows affected: 1
[2024-02-06T19:13:16.538+0000] {logging_mixin.py:188} INFO - (6,)
[2024-02-06T19:13:16.539+0000] {python.py:201} INFO - Done. Returned value was: None
[2024-02-06T19:13:16.556+0000] {taskinstance.py:1138} INFO - Marking task as SUCCESS. dag_id=Read_and_load_of_API_to_MySQLDB, task_id=Load_users_registers, execution_date=20240206T030504, start_date=20240206T191315, end_date=20240206T191316
[2024-02-06T19:13:16.592+0000] {local_task_job_runner.py:234} INFO - Task exited with return code 0
[2024-02-06T19:13:16.619+0000] {taskinstance.py:3280} INFO - 0 downstream tasks scheduled from follow-on schedule check
