[2024-02-06T19:15:22.426+0000] {taskinstance.py:1956} INFO - Dependencies all met for dep_context=non-requeueable deps ti=<TaskInstance: Read_and_load_of_API_to_MySQLDB.Load_users_registers manual__2024-02-06T03:05:04.018386+00:00 [queued]>
[2024-02-06T19:15:22.449+0000] {taskinstance.py:1956} INFO - Dependencies all met for dep_context=requeueable deps ti=<TaskInstance: Read_and_load_of_API_to_MySQLDB.Load_users_registers manual__2024-02-06T03:05:04.018386+00:00 [queued]>
[2024-02-06T19:15:22.451+0000] {taskinstance.py:2170} INFO - Starting attempt 15 of 20
[2024-02-06T19:15:22.482+0000] {taskinstance.py:2191} INFO - Executing <Task(_PythonDecoratedOperator): Load_users_registers> on 2024-02-06 03:05:04.018386+00:00
[2024-02-06T19:15:22.493+0000] {standard_task_runner.py:60} INFO - Started process 838 to run task
[2024-02-06T19:15:22.502+0000] {standard_task_runner.py:87} INFO - Running: ['***', 'tasks', 'run', 'Read_and_load_of_API_to_MySQLDB', 'Load_users_registers', 'manual__2024-02-06T03:05:04.018386+00:00', '--job-id', '177', '--raw', '--subdir', 'DAGS_FOLDER/CRM.py', '--cfg-path', '/tmp/tmptds81d8n']
[2024-02-06T19:15:22.506+0000] {standard_task_runner.py:88} INFO - Job 177: Subtask Load_users_registers
[2024-02-06T19:15:22.640+0000] {task_command.py:423} INFO - Running <TaskInstance: Read_and_load_of_API_to_MySQLDB.Load_users_registers manual__2024-02-06T03:05:04.018386+00:00 [running]> on host 648978c3a8b9
[2024-02-06T19:15:22.841+0000] {taskinstance.py:2480} INFO - Exporting env vars: AIRFLOW_CTX_DAG_OWNER='jmoc' AIRFLOW_CTX_DAG_ID='Read_and_load_of_API_to_MySQLDB' AIRFLOW_CTX_TASK_ID='Load_users_registers' AIRFLOW_CTX_EXECUTION_DATE='2024-02-06T03:05:04.018386+00:00' AIRFLOW_CTX_TRY_NUMBER='15' AIRFLOW_CTX_DAG_RUN_ID='manual__2024-02-06T03:05:04.018386+00:00'
[2024-02-06T19:15:22.904+0000] {base.py:83} INFO - Using connection ID 'mysql_connection' for task execution.
[2024-02-06T19:15:22.926+0000] {sql.py:450} INFO - Running statement: SELECT id FROM ***_PI.cities WHERE name = 'Gwenborough', parameters: None
[2024-02-06T19:15:22.929+0000] {sql.py:459} INFO - Rows affected: 1
[2024-02-06T19:15:22.945+0000] {base.py:83} INFO - Using connection ID 'mysql_connection' for task execution.
[2024-02-06T19:15:22.955+0000] {sql.py:450} INFO - Running statement: SELECT id FROM ***_PI.companies WHERE name = 'Romaguera-Crona', parameters: None
[2024-02-06T19:15:22.974+0000] {sql.py:459} INFO - Rows affected: 1
[2024-02-06T19:15:22.979+0000] {logging_mixin.py:188} INFO - 1
[2024-02-06T19:15:22.998+0000] {base.py:83} INFO - Using connection ID 'mysql_connection' for task execution.
[2024-02-06T19:15:23.008+0000] {sql.py:450} INFO - Running statement: SELECT id FROM ***_PI.cities WHERE name = 'Wisokyburgh', parameters: None
[2024-02-06T19:15:23.010+0000] {sql.py:459} INFO - Rows affected: 1
[2024-02-06T19:15:23.025+0000] {base.py:83} INFO - Using connection ID 'mysql_connection' for task execution.
[2024-02-06T19:15:23.039+0000] {sql.py:450} INFO - Running statement: SELECT id FROM ***_PI.companies WHERE name = 'Deckow-Crist', parameters: None
[2024-02-06T19:15:23.042+0000] {sql.py:459} INFO - Rows affected: 1
[2024-02-06T19:15:23.044+0000] {logging_mixin.py:188} INFO - 2
[2024-02-06T19:15:23.059+0000] {base.py:83} INFO - Using connection ID 'mysql_connection' for task execution.
[2024-02-06T19:15:23.071+0000] {sql.py:450} INFO - Running statement: SELECT id FROM ***_PI.cities WHERE name = 'McKenziehaven', parameters: None
[2024-02-06T19:15:23.073+0000] {sql.py:459} INFO - Rows affected: 1
[2024-02-06T19:15:23.088+0000] {base.py:83} INFO - Using connection ID 'mysql_connection' for task execution.
[2024-02-06T19:15:23.097+0000] {sql.py:450} INFO - Running statement: SELECT id FROM ***_PI.companies WHERE name = 'Romaguera-Jacobson', parameters: None
[2024-02-06T19:15:23.099+0000] {sql.py:459} INFO - Rows affected: 1
[2024-02-06T19:15:23.104+0000] {logging_mixin.py:188} INFO - 3
[2024-02-06T19:15:23.122+0000] {base.py:83} INFO - Using connection ID 'mysql_connection' for task execution.
[2024-02-06T19:15:23.139+0000] {sql.py:450} INFO - Running statement: SELECT id FROM ***_PI.cities WHERE name = 'South Elvis', parameters: None
[2024-02-06T19:15:23.143+0000] {sql.py:459} INFO - Rows affected: 1
[2024-02-06T19:15:23.163+0000] {base.py:83} INFO - Using connection ID 'mysql_connection' for task execution.
[2024-02-06T19:15:23.178+0000] {sql.py:450} INFO - Running statement: SELECT id FROM ***_PI.companies WHERE name = 'Robel-Corkery', parameters: None
[2024-02-06T19:15:23.183+0000] {sql.py:459} INFO - Rows affected: 1
[2024-02-06T19:15:23.186+0000] {logging_mixin.py:188} INFO - 4
[2024-02-06T19:15:23.218+0000] {base.py:83} INFO - Using connection ID 'mysql_connection' for task execution.
[2024-02-06T19:15:23.278+0000] {sql.py:450} INFO - Running statement: SELECT id FROM ***_PI.cities WHERE name = 'Roscoeview', parameters: None
[2024-02-06T19:15:23.280+0000] {sql.py:459} INFO - Rows affected: 1
[2024-02-06T19:15:23.297+0000] {base.py:83} INFO - Using connection ID 'mysql_connection' for task execution.
[2024-02-06T19:15:23.307+0000] {sql.py:450} INFO - Running statement: SELECT id FROM ***_PI.companies WHERE name = 'Keebler LLC', parameters: None
[2024-02-06T19:15:23.309+0000] {sql.py:459} INFO - Rows affected: 1
[2024-02-06T19:15:23.312+0000] {logging_mixin.py:188} INFO - 5
[2024-02-06T19:15:23.330+0000] {base.py:83} INFO - Using connection ID 'mysql_connection' for task execution.
[2024-02-06T19:15:23.344+0000] {sql.py:450} INFO - Running statement: SELECT id FROM ***_PI.cities WHERE name = 'South Christy', parameters: None
[2024-02-06T19:15:23.346+0000] {sql.py:459} INFO - Rows affected: 1
[2024-02-06T19:15:23.373+0000] {base.py:83} INFO - Using connection ID 'mysql_connection' for task execution.
[2024-02-06T19:15:23.382+0000] {sql.py:450} INFO - Running statement: SELECT id FROM ***_PI.companies WHERE name = 'Considine-Lockman', parameters: None
[2024-02-06T19:15:23.384+0000] {sql.py:459} INFO - Rows affected: 1
[2024-02-06T19:15:23.388+0000] {logging_mixin.py:188} INFO - 6
[2024-02-06T19:15:23.404+0000] {base.py:83} INFO - Using connection ID 'mysql_connection' for task execution.
[2024-02-06T19:15:23.416+0000] {sql.py:450} INFO - Running statement: SELECT id FROM ***_PI.cities WHERE name = 'Howemouth', parameters: None
[2024-02-06T19:15:23.422+0000] {sql.py:459} INFO - Rows affected: 1
[2024-02-06T19:15:23.462+0000] {base.py:83} INFO - Using connection ID 'mysql_connection' for task execution.
[2024-02-06T19:15:23.532+0000] {sql.py:450} INFO - Running statement: SELECT id FROM ***_PI.companies WHERE name = 'Johns Group', parameters: None
[2024-02-06T19:15:23.537+0000] {sql.py:459} INFO - Rows affected: 1
[2024-02-06T19:15:23.540+0000] {logging_mixin.py:188} INFO - 7
[2024-02-06T19:15:23.573+0000] {base.py:83} INFO - Using connection ID 'mysql_connection' for task execution.
[2024-02-06T19:15:23.590+0000] {sql.py:450} INFO - Running statement: SELECT id FROM ***_PI.cities WHERE name = 'Aliyaview', parameters: None
[2024-02-06T19:15:23.592+0000] {sql.py:459} INFO - Rows affected: 1
[2024-02-06T19:15:23.607+0000] {base.py:83} INFO - Using connection ID 'mysql_connection' for task execution.
[2024-02-06T19:15:23.620+0000] {sql.py:450} INFO - Running statement: SELECT id FROM ***_PI.companies WHERE name = 'Abernathy Group', parameters: None
[2024-02-06T19:15:23.623+0000] {sql.py:459} INFO - Rows affected: 1
[2024-02-06T19:15:23.627+0000] {logging_mixin.py:188} INFO - 8
[2024-02-06T19:15:23.643+0000] {base.py:83} INFO - Using connection ID 'mysql_connection' for task execution.
[2024-02-06T19:15:23.664+0000] {sql.py:450} INFO - Running statement: SELECT id FROM ***_PI.cities WHERE name = 'Bartholomebury', parameters: None
[2024-02-06T19:15:23.674+0000] {sql.py:459} INFO - Rows affected: 1
[2024-02-06T19:15:23.696+0000] {base.py:83} INFO - Using connection ID 'mysql_connection' for task execution.
[2024-02-06T19:15:23.712+0000] {sql.py:450} INFO - Running statement: SELECT id FROM ***_PI.companies WHERE name = 'Yost and Sons', parameters: None
[2024-02-06T19:15:23.714+0000] {sql.py:459} INFO - Rows affected: 1
[2024-02-06T19:15:23.716+0000] {logging_mixin.py:188} INFO - 9
[2024-02-06T19:15:23.730+0000] {base.py:83} INFO - Using connection ID 'mysql_connection' for task execution.
[2024-02-06T19:15:23.738+0000] {sql.py:450} INFO - Running statement: SELECT id FROM ***_PI.cities WHERE name = 'Lebsackbury', parameters: None
[2024-02-06T19:15:23.740+0000] {sql.py:459} INFO - Rows affected: 1
[2024-02-06T19:15:23.753+0000] {base.py:83} INFO - Using connection ID 'mysql_connection' for task execution.
[2024-02-06T19:15:23.760+0000] {sql.py:450} INFO - Running statement: SELECT id FROM ***_PI.companies WHERE name = 'Hoeger LLC', parameters: None
[2024-02-06T19:15:23.762+0000] {sql.py:459} INFO - Rows affected: 1
[2024-02-06T19:15:23.763+0000] {logging_mixin.py:188} INFO - 10
[2024-02-06T19:15:23.764+0000] {python.py:201} INFO - Done. Returned value was: None
[2024-02-06T19:15:23.783+0000] {taskinstance.py:1138} INFO - Marking task as SUCCESS. dag_id=Read_and_load_of_API_to_MySQLDB, task_id=Load_users_registers, execution_date=20240206T030504, start_date=20240206T191522, end_date=20240206T191523
[2024-02-06T19:15:23.827+0000] {local_task_job_runner.py:234} INFO - Task exited with return code 0
[2024-02-06T19:15:23.872+0000] {taskinstance.py:3280} INFO - 0 downstream tasks scheduled from follow-on schedule check
