[2024-02-06T19:26:34.192+0000] {taskinstance.py:1956} INFO - Dependencies all met for dep_context=non-requeueable deps ti=<TaskInstance: Read_and_load_of_API_to_MySQLDB.Load_users_registers manual__2024-02-06T03:05:04.018386+00:00 [queued]>
[2024-02-06T19:26:34.213+0000] {taskinstance.py:1956} INFO - Dependencies all met for dep_context=requeueable deps ti=<TaskInstance: Read_and_load_of_API_to_MySQLDB.Load_users_registers manual__2024-02-06T03:05:04.018386+00:00 [queued]>
[2024-02-06T19:26:34.215+0000] {taskinstance.py:2170} INFO - Starting attempt 25 of 30
[2024-02-06T19:26:34.251+0000] {taskinstance.py:2191} INFO - Executing <Task(_PythonDecoratedOperator): Load_users_registers> on 2024-02-06 03:05:04.018386+00:00
[2024-02-06T19:26:34.261+0000] {standard_task_runner.py:60} INFO - Started process 1123 to run task
[2024-02-06T19:26:34.267+0000] {standard_task_runner.py:87} INFO - Running: ['***', 'tasks', 'run', 'Read_and_load_of_API_to_MySQLDB', 'Load_users_registers', 'manual__2024-02-06T03:05:04.018386+00:00', '--job-id', '194', '--raw', '--subdir', 'DAGS_FOLDER/CRM.py', '--cfg-path', '/tmp/tmpxj7fi1b6']
[2024-02-06T19:26:34.272+0000] {standard_task_runner.py:88} INFO - Job 194: Subtask Load_users_registers
[2024-02-06T19:26:34.398+0000] {task_command.py:423} INFO - Running <TaskInstance: Read_and_load_of_API_to_MySQLDB.Load_users_registers manual__2024-02-06T03:05:04.018386+00:00 [running]> on host 648978c3a8b9
[2024-02-06T19:26:34.581+0000] {taskinstance.py:2480} INFO - Exporting env vars: AIRFLOW_CTX_DAG_OWNER='jmoc' AIRFLOW_CTX_DAG_ID='Read_and_load_of_API_to_MySQLDB' AIRFLOW_CTX_TASK_ID='Load_users_registers' AIRFLOW_CTX_EXECUTION_DATE='2024-02-06T03:05:04.018386+00:00' AIRFLOW_CTX_TRY_NUMBER='25' AIRFLOW_CTX_DAG_RUN_ID='manual__2024-02-06T03:05:04.018386+00:00'
[2024-02-06T19:26:34.628+0000] {base.py:83} INFO - Using connection ID 'mysql_connection' for task execution.
[2024-02-06T19:26:34.657+0000] {sql.py:450} INFO - Running statement: SELECT id FROM ***_PI.cities WHERE name = 'Gwenborough', parameters: None
[2024-02-06T19:26:34.659+0000] {sql.py:459} INFO - Rows affected: 1
[2024-02-06T19:26:34.683+0000] {base.py:83} INFO - Using connection ID 'mysql_connection' for task execution.
[2024-02-06T19:26:34.698+0000] {sql.py:450} INFO - Running statement: SELECT id FROM ***_PI.companies WHERE name = 'Romaguera-Crona', parameters: None
[2024-02-06T19:26:34.701+0000] {sql.py:459} INFO - Rows affected: 1
[2024-02-06T19:26:34.704+0000] {taskinstance.py:2698} ERROR - Task failed with exception
Traceback (most recent call last):
  File "/home/airflow/.local/lib/python3.8/site-packages/airflow/models/taskinstance.py", line 433, in _execute_task
    result = execute_callable(context=context, **execute_callable_kwargs)
  File "/home/airflow/.local/lib/python3.8/site-packages/airflow/decorators/base.py", line 241, in execute
    return_value = super().execute(context)
  File "/home/airflow/.local/lib/python3.8/site-packages/airflow/operators/python.py", line 199, in execute
    return_value = self.execute_callable()
  File "/home/airflow/.local/lib/python3.8/site-packages/airflow/operators/python.py", line 216, in execute_callable
    return self.python_callable(*self.op_args, **self.op_kwargs)
  File "/opt/airflow/dags/CRM.py", line 93, in Load_users_registers
    user_register.save()
  File "/opt/airflow/dags/models/User.py", line 20, in save
    mysql_statement = f"INSERT IGNORE INTO airflow_PI.users(name, username, email, address, city_id, zipcode, latitud, longitud, phone, website, company_id) VALUES ('{self.__name[0]}','{self.__username[0]}','{self.__email[0]}','{self.__address[0]}','{self.__city_id[0]}','{self.__zipcode[0]}','{self.__latitud[0]}','{self.__longitud[0]}','{self.__phone[0]}','{self.__website[0]}','{self.__company_id[0]}',)"
TypeError: 'int' object is not subscriptable
[2024-02-06T19:26:34.738+0000] {taskinstance.py:1138} INFO - Marking task as UP_FOR_RETRY. dag_id=Read_and_load_of_API_to_MySQLDB, task_id=Load_users_registers, execution_date=20240206T030504, start_date=20240206T192634, end_date=20240206T192634
[2024-02-06T19:26:34.764+0000] {standard_task_runner.py:107} ERROR - Failed to execute job 194 for task Load_users_registers ('int' object is not subscriptable; 1123)
[2024-02-06T19:26:34.810+0000] {local_task_job_runner.py:234} INFO - Task exited with return code 1
[2024-02-06T19:26:34.850+0000] {taskinstance.py:3280} INFO - 0 downstream tasks scheduled from follow-on schedule check
