[2024-02-06T19:16:07.699+0000] {taskinstance.py:1956} INFO - Dependencies all met for dep_context=non-requeueable deps ti=<TaskInstance: Read_and_load_of_API_to_MySQLDB.Load_users_registers manual__2024-02-06T03:05:04.018386+00:00 [queued]>
[2024-02-06T19:16:07.740+0000] {taskinstance.py:1956} INFO - Dependencies all met for dep_context=requeueable deps ti=<TaskInstance: Read_and_load_of_API_to_MySQLDB.Load_users_registers manual__2024-02-06T03:05:04.018386+00:00 [queued]>
[2024-02-06T19:16:07.741+0000] {taskinstance.py:2170} INFO - Starting attempt 16 of 21
[2024-02-06T19:16:07.793+0000] {taskinstance.py:2191} INFO - Executing <Task(_PythonDecoratedOperator): Load_users_registers> on 2024-02-06 03:05:04.018386+00:00
[2024-02-06T19:16:07.801+0000] {standard_task_runner.py:60} INFO - Started process 852 to run task
[2024-02-06T19:16:07.806+0000] {standard_task_runner.py:87} INFO - Running: ['***', 'tasks', 'run', 'Read_and_load_of_API_to_MySQLDB', 'Load_users_registers', 'manual__2024-02-06T03:05:04.018386+00:00', '--job-id', '178', '--raw', '--subdir', 'DAGS_FOLDER/CRM.py', '--cfg-path', '/tmp/tmpjwfzcf1h']
[2024-02-06T19:16:07.811+0000] {standard_task_runner.py:88} INFO - Job 178: Subtask Load_users_registers
[2024-02-06T19:16:07.905+0000] {task_command.py:423} INFO - Running <TaskInstance: Read_and_load_of_API_to_MySQLDB.Load_users_registers manual__2024-02-06T03:05:04.018386+00:00 [running]> on host 648978c3a8b9
[2024-02-06T19:16:08.111+0000] {taskinstance.py:2480} INFO - Exporting env vars: AIRFLOW_CTX_DAG_OWNER='jmoc' AIRFLOW_CTX_DAG_ID='Read_and_load_of_API_to_MySQLDB' AIRFLOW_CTX_TASK_ID='Load_users_registers' AIRFLOW_CTX_EXECUTION_DATE='2024-02-06T03:05:04.018386+00:00' AIRFLOW_CTX_TRY_NUMBER='16' AIRFLOW_CTX_DAG_RUN_ID='manual__2024-02-06T03:05:04.018386+00:00'
[2024-02-06T19:16:08.147+0000] {base.py:83} INFO - Using connection ID 'mysql_connection' for task execution.
[2024-02-06T19:16:08.171+0000] {sql.py:450} INFO - Running statement: SELECT id FROM ***_PI.cities WHERE name = 'Gwenborough', parameters: None
[2024-02-06T19:16:08.173+0000] {sql.py:459} INFO - Rows affected: 1
[2024-02-06T19:16:08.193+0000] {base.py:83} INFO - Using connection ID 'mysql_connection' for task execution.
[2024-02-06T19:16:08.203+0000] {sql.py:450} INFO - Running statement: SELECT id FROM ***_PI.companies WHERE name = 'Romaguera-Crona', parameters: None
[2024-02-06T19:16:08.205+0000] {sql.py:459} INFO - Rows affected: 1
[2024-02-06T19:16:08.207+0000] {logging_mixin.py:188} INFO - (1,)
[2024-02-06T19:16:08.216+0000] {base.py:83} INFO - Using connection ID 'mysql_connection' for task execution.
[2024-02-06T19:16:08.223+0000] {sql.py:450} INFO - Running statement: SELECT id FROM ***_PI.cities WHERE name = 'Wisokyburgh', parameters: None
[2024-02-06T19:16:08.224+0000] {sql.py:459} INFO - Rows affected: 1
[2024-02-06T19:16:08.236+0000] {base.py:83} INFO - Using connection ID 'mysql_connection' for task execution.
[2024-02-06T19:16:08.243+0000] {sql.py:450} INFO - Running statement: SELECT id FROM ***_PI.companies WHERE name = 'Deckow-Crist', parameters: None
[2024-02-06T19:16:08.244+0000] {sql.py:459} INFO - Rows affected: 1
[2024-02-06T19:16:08.246+0000] {logging_mixin.py:188} INFO - (2,)
[2024-02-06T19:16:08.255+0000] {base.py:83} INFO - Using connection ID 'mysql_connection' for task execution.
[2024-02-06T19:16:08.264+0000] {sql.py:450} INFO - Running statement: SELECT id FROM ***_PI.cities WHERE name = 'McKenziehaven', parameters: None
[2024-02-06T19:16:08.265+0000] {sql.py:459} INFO - Rows affected: 1
[2024-02-06T19:16:08.277+0000] {base.py:83} INFO - Using connection ID 'mysql_connection' for task execution.
[2024-02-06T19:16:08.286+0000] {sql.py:450} INFO - Running statement: SELECT id FROM ***_PI.companies WHERE name = 'Romaguera-Jacobson', parameters: None
[2024-02-06T19:16:08.288+0000] {sql.py:459} INFO - Rows affected: 1
[2024-02-06T19:16:08.289+0000] {logging_mixin.py:188} INFO - (3,)
[2024-02-06T19:16:08.299+0000] {base.py:83} INFO - Using connection ID 'mysql_connection' for task execution.
[2024-02-06T19:16:08.308+0000] {sql.py:450} INFO - Running statement: SELECT id FROM ***_PI.cities WHERE name = 'South Elvis', parameters: None
[2024-02-06T19:16:08.310+0000] {sql.py:459} INFO - Rows affected: 1
[2024-02-06T19:16:08.321+0000] {base.py:83} INFO - Using connection ID 'mysql_connection' for task execution.
[2024-02-06T19:16:08.327+0000] {sql.py:450} INFO - Running statement: SELECT id FROM ***_PI.companies WHERE name = 'Robel-Corkery', parameters: None
[2024-02-06T19:16:08.328+0000] {sql.py:459} INFO - Rows affected: 1
[2024-02-06T19:16:08.330+0000] {logging_mixin.py:188} INFO - (4,)
[2024-02-06T19:16:08.341+0000] {base.py:83} INFO - Using connection ID 'mysql_connection' for task execution.
[2024-02-06T19:16:08.349+0000] {sql.py:450} INFO - Running statement: SELECT id FROM ***_PI.cities WHERE name = 'Roscoeview', parameters: None
[2024-02-06T19:16:08.351+0000] {sql.py:459} INFO - Rows affected: 1
[2024-02-06T19:16:08.363+0000] {base.py:83} INFO - Using connection ID 'mysql_connection' for task execution.
[2024-02-06T19:16:08.371+0000] {sql.py:450} INFO - Running statement: SELECT id FROM ***_PI.companies WHERE name = 'Keebler LLC', parameters: None
[2024-02-06T19:16:08.373+0000] {sql.py:459} INFO - Rows affected: 1
[2024-02-06T19:16:08.374+0000] {logging_mixin.py:188} INFO - (5,)
[2024-02-06T19:16:08.384+0000] {base.py:83} INFO - Using connection ID 'mysql_connection' for task execution.
[2024-02-06T19:16:08.392+0000] {sql.py:450} INFO - Running statement: SELECT id FROM ***_PI.cities WHERE name = 'South Christy', parameters: None
[2024-02-06T19:16:08.394+0000] {sql.py:459} INFO - Rows affected: 1
[2024-02-06T19:16:08.406+0000] {base.py:83} INFO - Using connection ID 'mysql_connection' for task execution.
[2024-02-06T19:16:08.413+0000] {sql.py:450} INFO - Running statement: SELECT id FROM ***_PI.companies WHERE name = 'Considine-Lockman', parameters: None
[2024-02-06T19:16:08.414+0000] {sql.py:459} INFO - Rows affected: 1
[2024-02-06T19:16:08.417+0000] {logging_mixin.py:188} INFO - (6,)
[2024-02-06T19:16:08.430+0000] {base.py:83} INFO - Using connection ID 'mysql_connection' for task execution.
[2024-02-06T19:16:08.440+0000] {sql.py:450} INFO - Running statement: SELECT id FROM ***_PI.cities WHERE name = 'Howemouth', parameters: None
[2024-02-06T19:16:08.442+0000] {sql.py:459} INFO - Rows affected: 1
[2024-02-06T19:16:08.456+0000] {base.py:83} INFO - Using connection ID 'mysql_connection' for task execution.
[2024-02-06T19:16:08.464+0000] {sql.py:450} INFO - Running statement: SELECT id FROM ***_PI.companies WHERE name = 'Johns Group', parameters: None
[2024-02-06T19:16:08.466+0000] {sql.py:459} INFO - Rows affected: 1
[2024-02-06T19:16:08.468+0000] {logging_mixin.py:188} INFO - (7,)
[2024-02-06T19:16:08.481+0000] {base.py:83} INFO - Using connection ID 'mysql_connection' for task execution.
[2024-02-06T19:16:08.491+0000] {sql.py:450} INFO - Running statement: SELECT id FROM ***_PI.cities WHERE name = 'Aliyaview', parameters: None
[2024-02-06T19:16:08.493+0000] {sql.py:459} INFO - Rows affected: 1
[2024-02-06T19:16:08.505+0000] {base.py:83} INFO - Using connection ID 'mysql_connection' for task execution.
[2024-02-06T19:16:08.516+0000] {sql.py:450} INFO - Running statement: SELECT id FROM ***_PI.companies WHERE name = 'Abernathy Group', parameters: None
[2024-02-06T19:16:08.518+0000] {sql.py:459} INFO - Rows affected: 1
[2024-02-06T19:16:08.521+0000] {logging_mixin.py:188} INFO - (8,)
[2024-02-06T19:16:08.534+0000] {base.py:83} INFO - Using connection ID 'mysql_connection' for task execution.
[2024-02-06T19:16:08.545+0000] {sql.py:450} INFO - Running statement: SELECT id FROM ***_PI.cities WHERE name = 'Bartholomebury', parameters: None
[2024-02-06T19:16:08.548+0000] {sql.py:459} INFO - Rows affected: 1
[2024-02-06T19:16:08.564+0000] {base.py:83} INFO - Using connection ID 'mysql_connection' for task execution.
[2024-02-06T19:16:08.580+0000] {sql.py:450} INFO - Running statement: SELECT id FROM ***_PI.companies WHERE name = 'Yost and Sons', parameters: None
[2024-02-06T19:16:08.584+0000] {sql.py:459} INFO - Rows affected: 1
[2024-02-06T19:16:08.589+0000] {logging_mixin.py:188} INFO - (9,)
[2024-02-06T19:16:08.609+0000] {base.py:83} INFO - Using connection ID 'mysql_connection' for task execution.
[2024-02-06T19:16:08.620+0000] {sql.py:450} INFO - Running statement: SELECT id FROM ***_PI.cities WHERE name = 'Lebsackbury', parameters: None
[2024-02-06T19:16:08.628+0000] {sql.py:459} INFO - Rows affected: 1
[2024-02-06T19:16:08.645+0000] {base.py:83} INFO - Using connection ID 'mysql_connection' for task execution.
[2024-02-06T19:16:08.660+0000] {sql.py:450} INFO - Running statement: SELECT id FROM ***_PI.companies WHERE name = 'Hoeger LLC', parameters: None
[2024-02-06T19:16:08.663+0000] {sql.py:459} INFO - Rows affected: 1
[2024-02-06T19:16:08.666+0000] {logging_mixin.py:188} INFO - (10,)
[2024-02-06T19:16:08.668+0000] {python.py:201} INFO - Done. Returned value was: None
[2024-02-06T19:16:08.684+0000] {taskinstance.py:1138} INFO - Marking task as SUCCESS. dag_id=Read_and_load_of_API_to_MySQLDB, task_id=Load_users_registers, execution_date=20240206T030504, start_date=20240206T191607, end_date=20240206T191608
[2024-02-06T19:16:08.752+0000] {local_task_job_runner.py:234} INFO - Task exited with return code 0
[2024-02-06T19:16:08.815+0000] {taskinstance.py:3280} INFO - 0 downstream tasks scheduled from follow-on schedule check
