[2024-02-06T19:00:36.960+0000] {taskinstance.py:1956} INFO - Dependencies all met for dep_context=non-requeueable deps ti=<TaskInstance: Read_and_load_of_API_to_MySQLDB.Load_users_registers manual__2024-02-06T03:05:04.018386+00:00 [queued]>
[2024-02-06T19:00:36.996+0000] {taskinstance.py:1956} INFO - Dependencies all met for dep_context=requeueable deps ti=<TaskInstance: Read_and_load_of_API_to_MySQLDB.Load_users_registers manual__2024-02-06T03:05:04.018386+00:00 [queued]>
[2024-02-06T19:00:36.998+0000] {taskinstance.py:2170} INFO - Starting attempt 4 of 9
[2024-02-06T19:00:37.067+0000] {taskinstance.py:2191} INFO - Executing <Task(_PythonDecoratedOperator): Load_users_registers> on 2024-02-06 03:05:04.018386+00:00
[2024-02-06T19:00:37.080+0000] {standard_task_runner.py:60} INFO - Started process 472 to run task
[2024-02-06T19:00:37.093+0000] {standard_task_runner.py:87} INFO - Running: ['***', 'tasks', 'run', 'Read_and_load_of_API_to_MySQLDB', 'Load_users_registers', 'manual__2024-02-06T03:05:04.018386+00:00', '--job-id', '166', '--raw', '--subdir', 'DAGS_FOLDER/CRM.py', '--cfg-path', '/tmp/tmph958309g']
[2024-02-06T19:00:37.104+0000] {standard_task_runner.py:88} INFO - Job 166: Subtask Load_users_registers
[2024-02-06T19:00:37.293+0000] {task_command.py:423} INFO - Running <TaskInstance: Read_and_load_of_API_to_MySQLDB.Load_users_registers manual__2024-02-06T03:05:04.018386+00:00 [running]> on host 648978c3a8b9
[2024-02-06T19:00:37.593+0000] {taskinstance.py:2480} INFO - Exporting env vars: AIRFLOW_CTX_DAG_OWNER='jmoc' AIRFLOW_CTX_DAG_ID='Read_and_load_of_API_to_MySQLDB' AIRFLOW_CTX_TASK_ID='Load_users_registers' AIRFLOW_CTX_EXECUTION_DATE='2024-02-06T03:05:04.018386+00:00' AIRFLOW_CTX_TRY_NUMBER='4' AIRFLOW_CTX_DAG_RUN_ID='manual__2024-02-06T03:05:04.018386+00:00'
[2024-02-06T19:00:37.631+0000] {logging_mixin.py:188} INFO - Kulas Light Apt. 556
[2024-02-06T19:00:37.637+0000] {logging_mixin.py:188} INFO - Victor Plains Suite 879
[2024-02-06T19:00:37.641+0000] {logging_mixin.py:188} INFO - Douglas Extension Suite 847
[2024-02-06T19:00:37.644+0000] {logging_mixin.py:188} INFO - Hoeger Mall Apt. 692
[2024-02-06T19:00:37.646+0000] {logging_mixin.py:188} INFO - Skiles Walks Suite 351
[2024-02-06T19:00:37.647+0000] {logging_mixin.py:188} INFO - Norberto Crossing Apt. 950
[2024-02-06T19:00:37.648+0000] {logging_mixin.py:188} INFO - Rex Trail Suite 280
[2024-02-06T19:00:37.649+0000] {logging_mixin.py:188} INFO - Ellsworth Summit Suite 729
[2024-02-06T19:00:37.650+0000] {logging_mixin.py:188} INFO - Dayna Park Suite 449
[2024-02-06T19:00:37.655+0000] {logging_mixin.py:188} INFO - Kattie Turnpike Suite 198
[2024-02-06T19:00:37.656+0000] {python.py:201} INFO - Done. Returned value was: None
[2024-02-06T19:00:37.690+0000] {taskinstance.py:1138} INFO - Marking task as SUCCESS. dag_id=Read_and_load_of_API_to_MySQLDB, task_id=Load_users_registers, execution_date=20240206T030504, start_date=20240206T190036, end_date=20240206T190037
[2024-02-06T19:00:37.824+0000] {local_task_job_runner.py:234} INFO - Task exited with return code 0
[2024-02-06T19:00:37.885+0000] {taskinstance.py:3280} INFO - 0 downstream tasks scheduled from follow-on schedule check
