[2024-02-18T04:51:50.289+0000] {taskinstance.py:1956} INFO - Dependencies all met for dep_context=non-requeueable deps ti=<TaskInstance: ETL_From_an_API_to_MySQL_Postgres_and_Redis.load_companies_to_MySQL_and_Postgres manual__2024-02-18T04:44:21.998683+00:00 [queued]>
[2024-02-18T04:51:50.313+0000] {taskinstance.py:1956} INFO - Dependencies all met for dep_context=requeueable deps ti=<TaskInstance: ETL_From_an_API_to_MySQL_Postgres_and_Redis.load_companies_to_MySQL_and_Postgres manual__2024-02-18T04:44:21.998683+00:00 [queued]>
[2024-02-18T04:51:50.316+0000] {taskinstance.py:2170} INFO - Starting attempt 4 of 9
[2024-02-18T04:51:50.388+0000] {taskinstance.py:2191} INFO - Executing <Task(_PythonDecoratedOperator): load_companies_to_MySQL_and_Postgres> on 2024-02-18 04:44:21.998683+00:00
[2024-02-18T04:51:50.417+0000] {standard_task_runner.py:60} INFO - Started process 6182 to run task
[2024-02-18T04:51:50.431+0000] {standard_task_runner.py:87} INFO - Running: ['***', 'tasks', 'run', 'ETL_From_an_API_to_MySQL_Postgres_and_Redis', 'load_companies_to_MySQL_and_Postgres', 'manual__2024-02-18T04:44:21.998683+00:00', '--job-id', '659', '--raw', '--subdir', 'DAGS_FOLDER/CRM.py', '--cfg-path', '/tmp/tmpupadt8pu']
[2024-02-18T04:51:50.438+0000] {standard_task_runner.py:88} INFO - Job 659: Subtask load_companies_to_MySQL_and_Postgres
[2024-02-18T04:51:50.588+0000] {task_command.py:423} INFO - Running <TaskInstance: ETL_From_an_API_to_MySQL_Postgres_and_Redis.load_companies_to_MySQL_and_Postgres manual__2024-02-18T04:44:21.998683+00:00 [running]> on host 091c4b0f3ebe
[2024-02-18T04:51:50.829+0000] {taskinstance.py:2480} INFO - Exporting env vars: AIRFLOW_CTX_DAG_OWNER='jmoc' AIRFLOW_CTX_DAG_ID='ETL_From_an_API_to_MySQL_Postgres_and_Redis' AIRFLOW_CTX_TASK_ID='load_companies_to_MySQL_and_Postgres' AIRFLOW_CTX_EXECUTION_DATE='2024-02-18T04:44:21.998683+00:00' AIRFLOW_CTX_TRY_NUMBER='4' AIRFLOW_CTX_DAG_RUN_ID='manual__2024-02-18T04:44:21.998683+00:00'
[2024-02-18T04:51:50.885+0000] {base.py:83} INFO - Using connection ID 'mysql_connection' for task execution.
[2024-02-18T04:51:50.908+0000] {sql.py:450} INFO - Running statement: INSERT IGNORE INTO companies(name, catchPhrase, bs) VALUES ('Romaguera-Crona','Multi-layered client-server neural-net', 'harness real-time e-markets');, parameters: None
[2024-02-18T04:51:50.952+0000] {sql.py:459} INFO - Rows affected: 0
[2024-02-18T04:51:50.971+0000] {base.py:83} INFO - Using connection ID 'postgres_connection' for task execution.
[2024-02-18T04:51:50.978+0000] {sql.py:450} INFO - Running statement: INSERT INTO companies(name, catchPhrase, bs) VALUES ('Romaguera-Crona','Multi-layered client-server neural-net', 'harness real-time e-markets') ON CONFLICT DO NOTHING;, parameters: None
[2024-02-18T04:51:51.052+0000] {sql.py:459} INFO - Rows affected: 0
[2024-02-18T04:51:51.072+0000] {base.py:83} INFO - Using connection ID 'mysql_connection' for task execution.
[2024-02-18T04:51:51.084+0000] {sql.py:450} INFO - Running statement: INSERT IGNORE INTO companies(name, catchPhrase, bs) VALUES ('Deckow-Crist','Proactive didactic contingency', 'synergize scalable supply-chains');, parameters: None
[2024-02-18T04:51:51.089+0000] {sql.py:459} INFO - Rows affected: 0
[2024-02-18T04:51:51.107+0000] {base.py:83} INFO - Using connection ID 'postgres_connection' for task execution.
[2024-02-18T04:51:51.135+0000] {sql.py:450} INFO - Running statement: INSERT INTO companies(name, catchPhrase, bs) VALUES ('Deckow-Crist','Proactive didactic contingency', 'synergize scalable supply-chains') ON CONFLICT DO NOTHING;, parameters: None
[2024-02-18T04:51:51.137+0000] {sql.py:459} INFO - Rows affected: 0
[2024-02-18T04:51:51.171+0000] {base.py:83} INFO - Using connection ID 'mysql_connection' for task execution.
[2024-02-18T04:51:51.184+0000] {sql.py:450} INFO - Running statement: INSERT IGNORE INTO companies(name, catchPhrase, bs) VALUES ('Romaguera-Jacobson','Face to face bifurcated interface', 'e-enable strategic applications');, parameters: None
[2024-02-18T04:51:51.191+0000] {sql.py:459} INFO - Rows affected: 0
[2024-02-18T04:51:51.223+0000] {base.py:83} INFO - Using connection ID 'postgres_connection' for task execution.
[2024-02-18T04:51:51.235+0000] {sql.py:450} INFO - Running statement: INSERT INTO companies(name, catchPhrase, bs) VALUES ('Romaguera-Jacobson','Face to face bifurcated interface', 'e-enable strategic applications') ON CONFLICT DO NOTHING;, parameters: None
[2024-02-18T04:51:51.241+0000] {sql.py:459} INFO - Rows affected: 0
[2024-02-18T04:51:51.259+0000] {base.py:83} INFO - Using connection ID 'mysql_connection' for task execution.
[2024-02-18T04:51:51.272+0000] {sql.py:450} INFO - Running statement: INSERT IGNORE INTO companies(name, catchPhrase, bs) VALUES ('Robel-Corkery','Multi-tiered zero tolerance productivity', 'transition cutting-edge web services');, parameters: None
[2024-02-18T04:51:51.276+0000] {sql.py:459} INFO - Rows affected: 0
[2024-02-18T04:51:51.302+0000] {base.py:83} INFO - Using connection ID 'postgres_connection' for task execution.
[2024-02-18T04:51:51.315+0000] {sql.py:450} INFO - Running statement: INSERT INTO companies(name, catchPhrase, bs) VALUES ('Robel-Corkery','Multi-tiered zero tolerance productivity', 'transition cutting-edge web services') ON CONFLICT DO NOTHING;, parameters: None
[2024-02-18T04:51:51.318+0000] {sql.py:459} INFO - Rows affected: 0
[2024-02-18T04:51:51.337+0000] {base.py:83} INFO - Using connection ID 'mysql_connection' for task execution.
[2024-02-18T04:51:51.355+0000] {sql.py:450} INFO - Running statement: INSERT IGNORE INTO companies(name, catchPhrase, bs) VALUES ('Keebler LLC','User-centric fault-tolerant solution', 'revolutionize end-to-end systems');, parameters: None
[2024-02-18T04:51:51.360+0000] {sql.py:459} INFO - Rows affected: 0
[2024-02-18T04:51:51.387+0000] {base.py:83} INFO - Using connection ID 'postgres_connection' for task execution.
[2024-02-18T04:51:51.403+0000] {sql.py:450} INFO - Running statement: INSERT INTO companies(name, catchPhrase, bs) VALUES ('Keebler LLC','User-centric fault-tolerant solution', 'revolutionize end-to-end systems') ON CONFLICT DO NOTHING;, parameters: None
[2024-02-18T04:51:51.408+0000] {sql.py:459} INFO - Rows affected: 0
[2024-02-18T04:51:51.430+0000] {base.py:83} INFO - Using connection ID 'mysql_connection' for task execution.
[2024-02-18T04:51:51.440+0000] {sql.py:450} INFO - Running statement: INSERT IGNORE INTO companies(name, catchPhrase, bs) VALUES ('Considine-Lockman','Synchronised bottom-line interface', 'e-enable innovative applications');, parameters: None
[2024-02-18T04:51:51.444+0000] {sql.py:459} INFO - Rows affected: 0
[2024-02-18T04:51:51.482+0000] {base.py:83} INFO - Using connection ID 'postgres_connection' for task execution.
[2024-02-18T04:51:51.489+0000] {sql.py:450} INFO - Running statement: INSERT INTO companies(name, catchPhrase, bs) VALUES ('Considine-Lockman','Synchronised bottom-line interface', 'e-enable innovative applications') ON CONFLICT DO NOTHING;, parameters: None
[2024-02-18T04:51:51.492+0000] {sql.py:459} INFO - Rows affected: 0
[2024-02-18T04:51:51.506+0000] {base.py:83} INFO - Using connection ID 'mysql_connection' for task execution.
[2024-02-18T04:51:51.514+0000] {sql.py:450} INFO - Running statement: INSERT IGNORE INTO companies(name, catchPhrase, bs) VALUES ('Johns Group','Configurable multimedia task-force', 'generate enterprise e-tailers');, parameters: None
[2024-02-18T04:51:51.520+0000] {sql.py:459} INFO - Rows affected: 0
[2024-02-18T04:51:51.543+0000] {base.py:83} INFO - Using connection ID 'postgres_connection' for task execution.
[2024-02-18T04:51:51.553+0000] {sql.py:450} INFO - Running statement: INSERT INTO companies(name, catchPhrase, bs) VALUES ('Johns Group','Configurable multimedia task-force', 'generate enterprise e-tailers') ON CONFLICT DO NOTHING;, parameters: None
[2024-02-18T04:51:51.557+0000] {sql.py:459} INFO - Rows affected: 0
[2024-02-18T04:51:51.572+0000] {base.py:83} INFO - Using connection ID 'mysql_connection' for task execution.
[2024-02-18T04:51:51.584+0000] {sql.py:450} INFO - Running statement: INSERT IGNORE INTO companies(name, catchPhrase, bs) VALUES ('Abernathy Group','Implemented secondary concept', 'e-enable extensible e-tailers');, parameters: None
[2024-02-18T04:51:51.587+0000] {sql.py:459} INFO - Rows affected: 0
[2024-02-18T04:51:51.605+0000] {base.py:83} INFO - Using connection ID 'postgres_connection' for task execution.
[2024-02-18T04:51:51.614+0000] {sql.py:450} INFO - Running statement: INSERT INTO companies(name, catchPhrase, bs) VALUES ('Abernathy Group','Implemented secondary concept', 'e-enable extensible e-tailers') ON CONFLICT DO NOTHING;, parameters: None
[2024-02-18T04:51:51.618+0000] {sql.py:459} INFO - Rows affected: 0
[2024-02-18T04:51:51.636+0000] {base.py:83} INFO - Using connection ID 'mysql_connection' for task execution.
[2024-02-18T04:51:51.647+0000] {sql.py:450} INFO - Running statement: INSERT IGNORE INTO companies(name, catchPhrase, bs) VALUES ('Yost and Sons','Switchable contextually-based project', 'aggregate real-time technologies');, parameters: None
[2024-02-18T04:51:51.651+0000] {sql.py:459} INFO - Rows affected: 0
[2024-02-18T04:51:51.675+0000] {base.py:83} INFO - Using connection ID 'postgres_connection' for task execution.
[2024-02-18T04:51:51.684+0000] {sql.py:450} INFO - Running statement: INSERT INTO companies(name, catchPhrase, bs) VALUES ('Yost and Sons','Switchable contextually-based project', 'aggregate real-time technologies') ON CONFLICT DO NOTHING;, parameters: None
[2024-02-18T04:51:51.689+0000] {sql.py:459} INFO - Rows affected: 0
[2024-02-18T04:51:51.706+0000] {base.py:83} INFO - Using connection ID 'mysql_connection' for task execution.
[2024-02-18T04:51:51.713+0000] {sql.py:450} INFO - Running statement: INSERT IGNORE INTO companies(name, catchPhrase, bs) VALUES ('Hoeger LLC','Centralized empowering task-force', 'target end-to-end models');, parameters: None
[2024-02-18T04:51:51.717+0000] {sql.py:459} INFO - Rows affected: 0
[2024-02-18T04:51:51.741+0000] {base.py:83} INFO - Using connection ID 'postgres_connection' for task execution.
[2024-02-18T04:51:51.758+0000] {sql.py:450} INFO - Running statement: INSERT INTO companies(name, catchPhrase, bs) VALUES ('Hoeger LLC','Centralized empowering task-force', 'target end-to-end models') ON CONFLICT DO NOTHING;, parameters: None
[2024-02-18T04:51:51.762+0000] {sql.py:459} INFO - Rows affected: 0
[2024-02-18T04:51:51.767+0000] {python.py:201} INFO - Done. Returned value was: None
[2024-02-18T04:51:51.790+0000] {taskinstance.py:1138} INFO - Marking task as SUCCESS. dag_id=ETL_From_an_API_to_MySQL_Postgres_and_Redis, task_id=load_companies_to_MySQL_and_Postgres, execution_date=20240218T044421, start_date=20240218T045150, end_date=20240218T045151
[2024-02-18T04:51:51.877+0000] {local_task_job_runner.py:234} INFO - Task exited with return code 0
[2024-02-18T04:51:51.962+0000] {taskinstance.py:3280} INFO - 0 downstream tasks scheduled from follow-on schedule check
