[2024-02-18T04:49:51.056+0000] {taskinstance.py:1956} INFO - Dependencies all met for dep_context=non-requeueable deps ti=<TaskInstance: ETL_From_an_API_to_MySQL_Postgres_and_Redis.load_companies_to_MySQL_and_Postgres manual__2024-02-18T04:44:21.998683+00:00 [queued]>
[2024-02-18T04:49:51.123+0000] {taskinstance.py:1956} INFO - Dependencies all met for dep_context=requeueable deps ti=<TaskInstance: ETL_From_an_API_to_MySQL_Postgres_and_Redis.load_companies_to_MySQL_and_Postgres manual__2024-02-18T04:44:21.998683+00:00 [queued]>
[2024-02-18T04:49:51.125+0000] {taskinstance.py:2170} INFO - Starting attempt 3 of 7
[2024-02-18T04:49:51.174+0000] {taskinstance.py:2191} INFO - Executing <Task(_PythonDecoratedOperator): load_companies_to_MySQL_and_Postgres> on 2024-02-18 04:44:21.998683+00:00
[2024-02-18T04:49:51.188+0000] {standard_task_runner.py:60} INFO - Started process 6100 to run task
[2024-02-18T04:49:51.196+0000] {standard_task_runner.py:87} INFO - Running: ['***', 'tasks', 'run', 'ETL_From_an_API_to_MySQL_Postgres_and_Redis', 'load_companies_to_MySQL_and_Postgres', 'manual__2024-02-18T04:44:21.998683+00:00', '--job-id', '641', '--raw', '--subdir', 'DAGS_FOLDER/CRM.py', '--cfg-path', '/tmp/tmp0le67xpj']
[2024-02-18T04:49:51.201+0000] {standard_task_runner.py:88} INFO - Job 641: Subtask load_companies_to_MySQL_and_Postgres
[2024-02-18T04:49:51.420+0000] {task_command.py:423} INFO - Running <TaskInstance: ETL_From_an_API_to_MySQL_Postgres_and_Redis.load_companies_to_MySQL_and_Postgres manual__2024-02-18T04:44:21.998683+00:00 [running]> on host 091c4b0f3ebe
[2024-02-18T04:49:51.822+0000] {taskinstance.py:2480} INFO - Exporting env vars: AIRFLOW_CTX_DAG_OWNER='jmoc' AIRFLOW_CTX_DAG_ID='ETL_From_an_API_to_MySQL_Postgres_and_Redis' AIRFLOW_CTX_TASK_ID='load_companies_to_MySQL_and_Postgres' AIRFLOW_CTX_EXECUTION_DATE='2024-02-18T04:44:21.998683+00:00' AIRFLOW_CTX_TRY_NUMBER='3' AIRFLOW_CTX_DAG_RUN_ID='manual__2024-02-18T04:44:21.998683+00:00'
[2024-02-18T04:49:51.873+0000] {taskinstance.py:2698} ERROR - Task failed with exception
Traceback (most recent call last):
  File "/home/airflow/.local/lib/python3.8/site-packages/airflow/models/taskinstance.py", line 433, in _execute_task
    result = execute_callable(context=context, **execute_callable_kwargs)
  File "/home/airflow/.local/lib/python3.8/site-packages/airflow/decorators/base.py", line 241, in execute
    return_value = super().execute(context)
  File "/home/airflow/.local/lib/python3.8/site-packages/airflow/operators/python.py", line 199, in execute
    return_value = self.execute_callable()
  File "/home/airflow/.local/lib/python3.8/site-packages/airflow/operators/python.py", line 216, in execute_callable
    return self.python_callable(*self.op_args, **self.op_kwargs)
  File "/opt/airflow/dags/CRM.py", line 80, in load_companies_to_MySQL_and_Postgres
    for x in companies:
TypeError: 'NoneType' object is not iterable
[2024-02-18T04:49:52.002+0000] {taskinstance.py:1138} INFO - Marking task as UP_FOR_RETRY. dag_id=ETL_From_an_API_to_MySQL_Postgres_and_Redis, task_id=load_companies_to_MySQL_and_Postgres, execution_date=20240218T044421, start_date=20240218T044951, end_date=20240218T044952
[2024-02-18T04:49:52.028+0000] {standard_task_runner.py:107} ERROR - Failed to execute job 641 for task load_companies_to_MySQL_and_Postgres ('NoneType' object is not iterable; 6100)
[2024-02-18T04:49:52.075+0000] {local_task_job_runner.py:234} INFO - Task exited with return code 1
[2024-02-18T04:49:52.174+0000] {taskinstance.py:3280} INFO - 0 downstream tasks scheduled from follow-on schedule check
