[2024-02-06T19:19:11.233+0000] {taskinstance.py:1956} INFO - Dependencies all met for dep_context=non-requeueable deps ti=<TaskInstance: Read_and_load_of_API_to_MySQLDB.cities_table manual__2024-02-06T03:05:04.018386+00:00 [queued]>
[2024-02-06T19:19:11.256+0000] {taskinstance.py:1956} INFO - Dependencies all met for dep_context=requeueable deps ti=<TaskInstance: Read_and_load_of_API_to_MySQLDB.cities_table manual__2024-02-06T03:05:04.018386+00:00 [queued]>
[2024-02-06T19:19:11.257+0000] {taskinstance.py:2170} INFO - Starting attempt 3 of 8
[2024-02-06T19:19:11.306+0000] {taskinstance.py:2191} INFO - Executing <Task(_PythonDecoratedOperator): cities_table> on 2024-02-06 03:05:04.018386+00:00
[2024-02-06T19:19:11.317+0000] {standard_task_runner.py:60} INFO - Started process 934 to run task
[2024-02-06T19:19:11.327+0000] {standard_task_runner.py:87} INFO - Running: ['***', 'tasks', 'run', 'Read_and_load_of_API_to_MySQLDB', 'cities_table', 'manual__2024-02-06T03:05:04.018386+00:00', '--job-id', '183', '--raw', '--subdir', 'DAGS_FOLDER/CRM.py', '--cfg-path', '/tmp/tmpeku79yua']
[2024-02-06T19:19:11.332+0000] {standard_task_runner.py:88} INFO - Job 183: Subtask cities_table
[2024-02-06T19:19:11.453+0000] {task_command.py:423} INFO - Running <TaskInstance: Read_and_load_of_API_to_MySQLDB.cities_table manual__2024-02-06T03:05:04.018386+00:00 [running]> on host 648978c3a8b9
[2024-02-06T19:19:11.674+0000] {taskinstance.py:2480} INFO - Exporting env vars: AIRFLOW_CTX_DAG_OWNER='jmoc' AIRFLOW_CTX_DAG_ID='Read_and_load_of_API_to_MySQLDB' AIRFLOW_CTX_TASK_ID='cities_table' AIRFLOW_CTX_EXECUTION_DATE='2024-02-06T03:05:04.018386+00:00' AIRFLOW_CTX_TRY_NUMBER='3' AIRFLOW_CTX_DAG_RUN_ID='manual__2024-02-06T03:05:04.018386+00:00'
[2024-02-06T19:19:11.697+0000] {base.py:83} INFO - Using connection ID 'mysql_connection' for task execution.
[2024-02-06T19:19:11.718+0000] {sql.py:450} INFO - Running statement: 
            CREATE TABLE IF NOT EXISTS ***_PI.cities(
              id INT PRIMARY KEY NOT NULL AUTO_INCREMENT,
              name VARCHAR(25) NOT NULL UNIQUE  
            )

           , parameters: None
[2024-02-06T19:19:11.730+0000] {sql.py:459} INFO - Rows affected: 0
[2024-02-06T19:19:11.732+0000] {python.py:201} INFO - Done. Returned value was: None
[2024-02-06T19:19:11.750+0000] {taskinstance.py:1138} INFO - Marking task as SUCCESS. dag_id=Read_and_load_of_API_to_MySQLDB, task_id=cities_table, execution_date=20240206T030504, start_date=20240206T191911, end_date=20240206T191911
[2024-02-06T19:19:11.823+0000] {local_task_job_runner.py:234} INFO - Task exited with return code 0
[2024-02-06T19:19:11.909+0000] {taskinstance.py:3280} INFO - 1 downstream tasks scheduled from follow-on schedule check
