[2024-02-06T03:22:22.362+0000] {taskinstance.py:1956} INFO - Dependencies all met for dep_context=non-requeueable deps ti=<TaskInstance: Read_and_load_of_API_to_MySQLDB.cities_table manual__2024-02-06T03:05:04.018386+00:00 [queued]>
[2024-02-06T03:22:22.420+0000] {taskinstance.py:1956} INFO - Dependencies all met for dep_context=requeueable deps ti=<TaskInstance: Read_and_load_of_API_to_MySQLDB.cities_table manual__2024-02-06T03:05:04.018386+00:00 [queued]>
[2024-02-06T03:22:22.430+0000] {taskinstance.py:2170} INFO - Starting attempt 2 of 7
[2024-02-06T03:22:22.532+0000] {taskinstance.py:2191} INFO - Executing <Task(_PythonDecoratedOperator): cities_table> on 2024-02-06 03:05:04.018386+00:00
[2024-02-06T03:22:22.553+0000] {standard_task_runner.py:60} INFO - Started process 1784 to run task
[2024-02-06T03:22:22.567+0000] {standard_task_runner.py:87} INFO - Running: ['***', 'tasks', 'run', 'Read_and_load_of_API_to_MySQLDB', 'cities_table', 'manual__2024-02-06T03:05:04.018386+00:00', '--job-id', '152', '--raw', '--subdir', 'DAGS_FOLDER/CRM.py', '--cfg-path', '/tmp/tmpm701qzdb']
[2024-02-06T03:22:22.579+0000] {standard_task_runner.py:88} INFO - Job 152: Subtask cities_table
[2024-02-06T03:22:22.779+0000] {task_command.py:423} INFO - Running <TaskInstance: Read_and_load_of_API_to_MySQLDB.cities_table manual__2024-02-06T03:05:04.018386+00:00 [running]> on host 648978c3a8b9
[2024-02-06T03:22:23.120+0000] {taskinstance.py:2480} INFO - Exporting env vars: AIRFLOW_CTX_DAG_OWNER='jmoc' AIRFLOW_CTX_DAG_ID='Read_and_load_of_API_to_MySQLDB' AIRFLOW_CTX_TASK_ID='cities_table' AIRFLOW_CTX_EXECUTION_DATE='2024-02-06T03:05:04.018386+00:00' AIRFLOW_CTX_TRY_NUMBER='2' AIRFLOW_CTX_DAG_RUN_ID='manual__2024-02-06T03:05:04.018386+00:00'
[2024-02-06T03:22:23.157+0000] {base.py:83} INFO - Using connection ID 'mysql_connection' for task execution.
[2024-02-06T03:22:23.231+0000] {sql.py:450} INFO - Running statement: 
            CREATE TABLE IF NOT EXISTS ***_PI.cities(
              id INT PRIMARY KEY NOT NULL AUTO_INCREMENT,
              name VARCHAR(25) NOT NULL UNIQUE  
            )

           , parameters: None
[2024-02-06T03:22:23.470+0000] {sql.py:459} INFO - Rows affected: 0
[2024-02-06T03:22:23.474+0000] {python.py:201} INFO - Done. Returned value was: None
[2024-02-06T03:22:23.507+0000] {taskinstance.py:1138} INFO - Marking task as SUCCESS. dag_id=Read_and_load_of_API_to_MySQLDB, task_id=cities_table, execution_date=20240206T030504, start_date=20240206T032222, end_date=20240206T032223
[2024-02-06T03:22:23.610+0000] {local_task_job_runner.py:234} INFO - Task exited with return code 0
[2024-02-06T03:22:23.735+0000] {taskinstance.py:3280} INFO - 1 downstream tasks scheduled from follow-on schedule check
