[2024-02-06T23:03:01.973+0000] {taskinstance.py:1956} INFO - Dependencies all met for dep_context=non-requeueable deps ti=<TaskInstance: Read_and_load_of_API_to_MySQLDB.Load_users_registers manual__2024-02-06T23:01:45.347640+00:00 [queued]>
[2024-02-06T23:03:02.019+0000] {taskinstance.py:1956} INFO - Dependencies all met for dep_context=requeueable deps ti=<TaskInstance: Read_and_load_of_API_to_MySQLDB.Load_users_registers manual__2024-02-06T23:01:45.347640+00:00 [queued]>
[2024-02-06T23:03:02.021+0000] {taskinstance.py:2170} INFO - Starting attempt 1 of 6
[2024-02-06T23:03:02.085+0000] {taskinstance.py:2191} INFO - Executing <Task(_PythonDecoratedOperator): Load_users_registers> on 2024-02-06 23:01:45.347640+00:00
[2024-02-06T23:03:02.109+0000] {standard_task_runner.py:60} INFO - Started process 507 to run task
[2024-02-06T23:03:02.122+0000] {standard_task_runner.py:87} INFO - Running: ['***', 'tasks', 'run', 'Read_and_load_of_API_to_MySQLDB', 'Load_users_registers', 'manual__2024-02-06T23:01:45.347640+00:00', '--job-id', '209', '--raw', '--subdir', 'DAGS_FOLDER/CRM.py', '--cfg-path', '/tmp/tmp1s61i7b8']
[2024-02-06T23:03:02.131+0000] {standard_task_runner.py:88} INFO - Job 209: Subtask Load_users_registers
[2024-02-06T23:03:02.510+0000] {task_command.py:423} INFO - Running <TaskInstance: Read_and_load_of_API_to_MySQLDB.Load_users_registers manual__2024-02-06T23:01:45.347640+00:00 [running]> on host 1518ce13a9bd
[2024-02-06T23:03:03.130+0000] {taskinstance.py:2480} INFO - Exporting env vars: AIRFLOW_CTX_DAG_OWNER='jmoc' AIRFLOW_CTX_DAG_ID='Read_and_load_of_API_to_MySQLDB' AIRFLOW_CTX_TASK_ID='Load_users_registers' AIRFLOW_CTX_EXECUTION_DATE='2024-02-06T23:01:45.347640+00:00' AIRFLOW_CTX_TRY_NUMBER='1' AIRFLOW_CTX_DAG_RUN_ID='manual__2024-02-06T23:01:45.347640+00:00'
[2024-02-06T23:03:03.328+0000] {base.py:83} INFO - Using connection ID 'mysql_connection' for task execution.
[2024-02-06T23:03:03.460+0000] {sql.py:450} INFO - Running statement: SELECT id FROM ***_PI.cities WHERE name = 'Gwenborough', parameters: None
[2024-02-06T23:03:03.698+0000] {sql.py:459} INFO - Rows affected: 1
[2024-02-06T23:03:03.765+0000] {base.py:83} INFO - Using connection ID 'mysql_connection' for task execution.
[2024-02-06T23:03:03.886+0000] {sql.py:450} INFO - Running statement: SELECT id FROM ***_PI.companies WHERE name = 'Romaguera-Crona', parameters: None
[2024-02-06T23:03:03.889+0000] {sql.py:459} INFO - Rows affected: 1
[2024-02-06T23:03:03.895+0000] {logging_mixin.py:188} INFO - INSERT IGNORE INTO ***_PI.users(name, username, email, address, city_id, zipcode, latitud, longitud, phone, website, company_id) VALUES ('Leanne Graham','Bret','Sincere@april.biz','Kulas Light Apt. 556','10','92998-3874','-37.3159','81.1496','1-770-736-8031 x56442','hildegard.org','1')
[2024-02-06T23:03:03.913+0000] {base.py:83} INFO - Using connection ID 'mysql_connection' for task execution.
[2024-02-06T23:03:04.014+0000] {sql.py:450} INFO - Running statement: INSERT IGNORE INTO ***_PI.users(name, username, email, address, city_id, zipcode, latitud, longitud, phone, website, company_id) VALUES ('Leanne Graham','Bret','Sincere@april.biz','Kulas Light Apt. 556','10','92998-3874','-37.3159','81.1496','1-770-736-8031 x56442','hildegard.org','1'), parameters: None
[2024-02-06T23:03:04.367+0000] {sql.py:459} INFO - Rows affected: 1
[2024-02-06T23:03:04.499+0000] {base.py:83} INFO - Using connection ID 'mysql_connection' for task execution.
[2024-02-06T23:03:04.605+0000] {sql.py:450} INFO - Running statement: SELECT id FROM ***_PI.cities WHERE name = 'Wisokyburgh', parameters: None
[2024-02-06T23:03:04.607+0000] {sql.py:459} INFO - Rows affected: 1
[2024-02-06T23:03:04.691+0000] {base.py:83} INFO - Using connection ID 'mysql_connection' for task execution.
[2024-02-06T23:03:04.803+0000] {sql.py:450} INFO - Running statement: SELECT id FROM ***_PI.companies WHERE name = 'Deckow-Crist', parameters: None
[2024-02-06T23:03:04.816+0000] {sql.py:459} INFO - Rows affected: 1
[2024-02-06T23:03:04.834+0000] {logging_mixin.py:188} INFO - INSERT IGNORE INTO ***_PI.users(name, username, email, address, city_id, zipcode, latitud, longitud, phone, website, company_id) VALUES ('Ervin Howell','Antonette','Shanna@melissa.tv','Victor Plains Suite 879','8','90566-7771','-43.9509','-34.4618','010-692-6593 x09125','anastasia.net','2')
[2024-02-06T23:03:04.900+0000] {base.py:83} INFO - Using connection ID 'mysql_connection' for task execution.
[2024-02-06T23:03:05.021+0000] {sql.py:450} INFO - Running statement: INSERT IGNORE INTO ***_PI.users(name, username, email, address, city_id, zipcode, latitud, longitud, phone, website, company_id) VALUES ('Ervin Howell','Antonette','Shanna@melissa.tv','Victor Plains Suite 879','8','90566-7771','-43.9509','-34.4618','010-692-6593 x09125','anastasia.net','2'), parameters: None
[2024-02-06T23:03:05.212+0000] {sql.py:459} INFO - Rows affected: 1
[2024-02-06T23:03:05.333+0000] {base.py:83} INFO - Using connection ID 'mysql_connection' for task execution.
[2024-02-06T23:03:05.410+0000] {sql.py:450} INFO - Running statement: SELECT id FROM ***_PI.cities WHERE name = 'McKenziehaven', parameters: None
[2024-02-06T23:03:05.429+0000] {sql.py:459} INFO - Rows affected: 1
[2024-02-06T23:03:05.475+0000] {base.py:83} INFO - Using connection ID 'mysql_connection' for task execution.
[2024-02-06T23:03:05.527+0000] {sql.py:450} INFO - Running statement: SELECT id FROM ***_PI.companies WHERE name = 'Romaguera-Jacobson', parameters: None
[2024-02-06T23:03:05.532+0000] {sql.py:459} INFO - Rows affected: 1
[2024-02-06T23:03:05.542+0000] {logging_mixin.py:188} INFO - INSERT IGNORE INTO ***_PI.users(name, username, email, address, city_id, zipcode, latitud, longitud, phone, website, company_id) VALUES ('Clementine Bauch','Samantha','Nathan@yesenia.net','Douglas Extension Suite 847','6','59590-4157','-68.6102','-47.0653','1-463-123-4447','ramiro.info','3')
[2024-02-06T23:03:05.589+0000] {base.py:83} INFO - Using connection ID 'mysql_connection' for task execution.
[2024-02-06T23:03:05.681+0000] {sql.py:450} INFO - Running statement: INSERT IGNORE INTO ***_PI.users(name, username, email, address, city_id, zipcode, latitud, longitud, phone, website, company_id) VALUES ('Clementine Bauch','Samantha','Nathan@yesenia.net','Douglas Extension Suite 847','6','59590-4157','-68.6102','-47.0653','1-463-123-4447','ramiro.info','3'), parameters: None
[2024-02-06T23:03:05.688+0000] {sql.py:459} INFO - Rows affected: 1
[2024-02-06T23:03:05.779+0000] {base.py:83} INFO - Using connection ID 'mysql_connection' for task execution.
[2024-02-06T23:03:05.862+0000] {sql.py:450} INFO - Running statement: SELECT id FROM ***_PI.cities WHERE name = 'South Elvis', parameters: None
[2024-02-06T23:03:05.869+0000] {sql.py:459} INFO - Rows affected: 1
[2024-02-06T23:03:05.915+0000] {base.py:83} INFO - Using connection ID 'mysql_connection' for task execution.
[2024-02-06T23:03:05.957+0000] {sql.py:450} INFO - Running statement: SELECT id FROM ***_PI.companies WHERE name = 'Robel-Corkery', parameters: None
[2024-02-06T23:03:05.971+0000] {sql.py:459} INFO - Rows affected: 1
[2024-02-06T23:03:05.976+0000] {logging_mixin.py:188} INFO - INSERT IGNORE INTO ***_PI.users(name, username, email, address, city_id, zipcode, latitud, longitud, phone, website, company_id) VALUES ('Patricia Lebsack','Karianne','Julianne.OConner@kory.org','Hoeger Mall Apt. 692','4','53919-4257','29.4572','-164.2990','493-170-9623 x156','kale.biz','4')
[2024-02-06T23:03:06.080+0000] {base.py:83} INFO - Using connection ID 'mysql_connection' for task execution.
[2024-02-06T23:03:06.199+0000] {sql.py:450} INFO - Running statement: INSERT IGNORE INTO ***_PI.users(name, username, email, address, city_id, zipcode, latitud, longitud, phone, website, company_id) VALUES ('Patricia Lebsack','Karianne','Julianne.OConner@kory.org','Hoeger Mall Apt. 692','4','53919-4257','29.4572','-164.2990','493-170-9623 x156','kale.biz','4'), parameters: None
[2024-02-06T23:03:06.220+0000] {sql.py:459} INFO - Rows affected: 1
[2024-02-06T23:03:06.342+0000] {base.py:83} INFO - Using connection ID 'mysql_connection' for task execution.
[2024-02-06T23:03:06.399+0000] {sql.py:450} INFO - Running statement: SELECT id FROM ***_PI.cities WHERE name = 'Roscoeview', parameters: None
[2024-02-06T23:03:06.404+0000] {sql.py:459} INFO - Rows affected: 1
[2024-02-06T23:03:06.451+0000] {base.py:83} INFO - Using connection ID 'mysql_connection' for task execution.
[2024-02-06T23:03:06.473+0000] {sql.py:450} INFO - Running statement: SELECT id FROM ***_PI.companies WHERE name = 'Keebler LLC', parameters: None
[2024-02-06T23:03:06.503+0000] {sql.py:459} INFO - Rows affected: 1
[2024-02-06T23:03:06.520+0000] {logging_mixin.py:188} INFO - INSERT IGNORE INTO ***_PI.users(name, username, email, address, city_id, zipcode, latitud, longitud, phone, website, company_id) VALUES ('Chelsey Dietrich','Kamren','Lucio_Hettinger@annie.ca','Skiles Walks Suite 351','5','33263','-31.8129','62.5342','(254)954-1289','demarco.info','5')
[2024-02-06T23:03:06.577+0000] {base.py:83} INFO - Using connection ID 'mysql_connection' for task execution.
[2024-02-06T23:03:06.629+0000] {sql.py:450} INFO - Running statement: INSERT IGNORE INTO ***_PI.users(name, username, email, address, city_id, zipcode, latitud, longitud, phone, website, company_id) VALUES ('Chelsey Dietrich','Kamren','Lucio_Hettinger@annie.ca','Skiles Walks Suite 351','5','33263','-31.8129','62.5342','(254)954-1289','demarco.info','5'), parameters: None
[2024-02-06T23:03:06.667+0000] {sql.py:459} INFO - Rows affected: 1
[2024-02-06T23:03:06.824+0000] {base.py:83} INFO - Using connection ID 'mysql_connection' for task execution.
[2024-02-06T23:03:06.882+0000] {sql.py:450} INFO - Running statement: SELECT id FROM ***_PI.cities WHERE name = 'South Christy', parameters: None
[2024-02-06T23:03:06.966+0000] {sql.py:459} INFO - Rows affected: 1
[2024-02-06T23:03:07.028+0000] {base.py:83} INFO - Using connection ID 'mysql_connection' for task execution.
[2024-02-06T23:03:07.110+0000] {sql.py:450} INFO - Running statement: SELECT id FROM ***_PI.companies WHERE name = 'Considine-Lockman', parameters: None
[2024-02-06T23:03:07.136+0000] {sql.py:459} INFO - Rows affected: 1
[2024-02-06T23:03:07.214+0000] {logging_mixin.py:188} INFO - INSERT IGNORE INTO ***_PI.users(name, username, email, address, city_id, zipcode, latitud, longitud, phone, website, company_id) VALUES ('Mrs. Dennis Schulist','Leopoldo_Corkery','Karley_Dach@jasper.info','Norberto Crossing Apt. 950','3','23505-1337','-71.4197','71.7478','1-477-935-8478 x6430','ola.org','6')
[2024-02-06T23:03:07.286+0000] {base.py:83} INFO - Using connection ID 'mysql_connection' for task execution.
[2024-02-06T23:03:07.342+0000] {sql.py:450} INFO - Running statement: INSERT IGNORE INTO ***_PI.users(name, username, email, address, city_id, zipcode, latitud, longitud, phone, website, company_id) VALUES ('Mrs. Dennis Schulist','Leopoldo_Corkery','Karley_Dach@jasper.info','Norberto Crossing Apt. 950','3','23505-1337','-71.4197','71.7478','1-477-935-8478 x6430','ola.org','6'), parameters: None
[2024-02-06T23:03:07.416+0000] {sql.py:459} INFO - Rows affected: 1
[2024-02-06T23:03:07.636+0000] {base.py:83} INFO - Using connection ID 'mysql_connection' for task execution.
[2024-02-06T23:03:07.719+0000] {sql.py:450} INFO - Running statement: SELECT id FROM ***_PI.cities WHERE name = 'Howemouth', parameters: None
[2024-02-06T23:03:07.747+0000] {sql.py:459} INFO - Rows affected: 1
[2024-02-06T23:03:07.784+0000] {base.py:83} INFO - Using connection ID 'mysql_connection' for task execution.
[2024-02-06T23:03:07.858+0000] {sql.py:450} INFO - Running statement: SELECT id FROM ***_PI.companies WHERE name = 'Johns Group', parameters: None
[2024-02-06T23:03:07.899+0000] {sql.py:459} INFO - Rows affected: 1
[2024-02-06T23:03:07.949+0000] {logging_mixin.py:188} INFO - INSERT IGNORE INTO ***_PI.users(name, username, email, address, city_id, zipcode, latitud, longitud, phone, website, company_id) VALUES ('Kurtis Weissnat','Elwyn.Skiles','Telly.Hoeger@billy.biz','Rex Trail Suite 280','2','58804-1099','24.8918','21.8984','210.067.6132','elvis.io','7')
[2024-02-06T23:03:08.010+0000] {base.py:83} INFO - Using connection ID 'mysql_connection' for task execution.
[2024-02-06T23:03:08.148+0000] {sql.py:450} INFO - Running statement: INSERT IGNORE INTO ***_PI.users(name, username, email, address, city_id, zipcode, latitud, longitud, phone, website, company_id) VALUES ('Kurtis Weissnat','Elwyn.Skiles','Telly.Hoeger@billy.biz','Rex Trail Suite 280','2','58804-1099','24.8918','21.8984','210.067.6132','elvis.io','7'), parameters: None
[2024-02-06T23:03:08.179+0000] {sql.py:459} INFO - Rows affected: 1
[2024-02-06T23:03:08.289+0000] {base.py:83} INFO - Using connection ID 'mysql_connection' for task execution.
[2024-02-06T23:03:08.365+0000] {sql.py:450} INFO - Running statement: SELECT id FROM ***_PI.cities WHERE name = 'Aliyaview', parameters: None
[2024-02-06T23:03:08.402+0000] {sql.py:459} INFO - Rows affected: 1
[2024-02-06T23:03:08.503+0000] {base.py:83} INFO - Using connection ID 'mysql_connection' for task execution.
[2024-02-06T23:03:08.552+0000] {sql.py:450} INFO - Running statement: SELECT id FROM ***_PI.companies WHERE name = 'Abernathy Group', parameters: None
[2024-02-06T23:03:08.570+0000] {sql.py:459} INFO - Rows affected: 1
[2024-02-06T23:03:08.585+0000] {logging_mixin.py:188} INFO - INSERT IGNORE INTO ***_PI.users(name, username, email, address, city_id, zipcode, latitud, longitud, phone, website, company_id) VALUES ('Nicholas Runolfsdottir V','Maxime_Nienow','Sherwood@rosamond.me','Ellsworth Summit Suite 729','1','45169','-14.3990','-120.7677','586.493.6943 x140','jacynthe.com','8')
[2024-02-06T23:03:08.635+0000] {base.py:83} INFO - Using connection ID 'mysql_connection' for task execution.
[2024-02-06T23:03:08.819+0000] {sql.py:450} INFO - Running statement: INSERT IGNORE INTO ***_PI.users(name, username, email, address, city_id, zipcode, latitud, longitud, phone, website, company_id) VALUES ('Nicholas Runolfsdottir V','Maxime_Nienow','Sherwood@rosamond.me','Ellsworth Summit Suite 729','1','45169','-14.3990','-120.7677','586.493.6943 x140','jacynthe.com','8'), parameters: None
[2024-02-06T23:03:08.880+0000] {sql.py:459} INFO - Rows affected: 1
[2024-02-06T23:03:09.035+0000] {base.py:83} INFO - Using connection ID 'mysql_connection' for task execution.
[2024-02-06T23:03:09.101+0000] {sql.py:450} INFO - Running statement: SELECT id FROM ***_PI.cities WHERE name = 'Bartholomebury', parameters: None
[2024-02-06T23:03:09.136+0000] {sql.py:459} INFO - Rows affected: 1
[2024-02-06T23:03:09.198+0000] {base.py:83} INFO - Using connection ID 'mysql_connection' for task execution.
[2024-02-06T23:03:09.250+0000] {sql.py:450} INFO - Running statement: SELECT id FROM ***_PI.companies WHERE name = 'Yost and Sons', parameters: None
[2024-02-06T23:03:09.273+0000] {sql.py:459} INFO - Rows affected: 1
[2024-02-06T23:03:09.286+0000] {logging_mixin.py:188} INFO - INSERT IGNORE INTO ***_PI.users(name, username, email, address, city_id, zipcode, latitud, longitud, phone, website, company_id) VALUES ('Glenna Reichert','Delphine','Chaim_McDermott@dana.io','Dayna Park Suite 449','7','76495-3109','24.6463','-168.8889','(775)976-6794 x41206','conrad.com','9')
[2024-02-06T23:03:09.378+0000] {base.py:83} INFO - Using connection ID 'mysql_connection' for task execution.
[2024-02-06T23:03:09.446+0000] {sql.py:450} INFO - Running statement: INSERT IGNORE INTO ***_PI.users(name, username, email, address, city_id, zipcode, latitud, longitud, phone, website, company_id) VALUES ('Glenna Reichert','Delphine','Chaim_McDermott@dana.io','Dayna Park Suite 449','7','76495-3109','24.6463','-168.8889','(775)976-6794 x41206','conrad.com','9'), parameters: None
[2024-02-06T23:03:09.533+0000] {sql.py:459} INFO - Rows affected: 1
[2024-02-06T23:03:09.677+0000] {base.py:83} INFO - Using connection ID 'mysql_connection' for task execution.
[2024-02-06T23:03:09.945+0000] {sql.py:450} INFO - Running statement: SELECT id FROM ***_PI.cities WHERE name = 'Lebsackbury', parameters: None
[2024-02-06T23:03:10.061+0000] {sql.py:459} INFO - Rows affected: 1
[2024-02-06T23:03:10.594+0000] {base.py:83} INFO - Using connection ID 'mysql_connection' for task execution.
[2024-02-06T23:03:10.913+0000] {sql.py:450} INFO - Running statement: SELECT id FROM ***_PI.companies WHERE name = 'Hoeger LLC', parameters: None
[2024-02-06T23:03:10.918+0000] {sql.py:459} INFO - Rows affected: 1
[2024-02-06T23:03:10.966+0000] {logging_mixin.py:188} INFO - INSERT IGNORE INTO ***_PI.users(name, username, email, address, city_id, zipcode, latitud, longitud, phone, website, company_id) VALUES ('Clementina DuBuque','Moriah.Stanton','Rey.Padberg@karina.biz','Kattie Turnpike Suite 198','9','31428-2261','-38.2386','57.2232','024-648-3804','ambrose.net','10')
[2024-02-06T23:03:11.183+0000] {base.py:83} INFO - Using connection ID 'mysql_connection' for task execution.
[2024-02-06T23:03:11.250+0000] {sql.py:450} INFO - Running statement: INSERT IGNORE INTO ***_PI.users(name, username, email, address, city_id, zipcode, latitud, longitud, phone, website, company_id) VALUES ('Clementina DuBuque','Moriah.Stanton','Rey.Padberg@karina.biz','Kattie Turnpike Suite 198','9','31428-2261','-38.2386','57.2232','024-648-3804','ambrose.net','10'), parameters: None
[2024-02-06T23:03:11.254+0000] {sql.py:459} INFO - Rows affected: 1
[2024-02-06T23:03:11.521+0000] {python.py:201} INFO - Done. Returned value was: None
[2024-02-06T23:03:11.859+0000] {taskinstance.py:1138} INFO - Marking task as SUCCESS. dag_id=Read_and_load_of_API_to_MySQLDB, task_id=Load_users_registers, execution_date=20240206T230145, start_date=20240206T230301, end_date=20240206T230311
[2024-02-06T23:03:12.367+0000] {local_task_job_runner.py:234} INFO - Task exited with return code 0
[2024-02-06T23:03:12.474+0000] {taskinstance.py:3280} INFO - 0 downstream tasks scheduled from follow-on schedule check
