[2024-02-18T04:51:50.246+0000] {taskinstance.py:1956} INFO - Dependencies all met for dep_context=non-requeueable deps ti=<TaskInstance: ETL_From_an_API_to_MySQL_Postgres_and_Redis.load_cities_to_MySQL_and_Postgres manual__2024-02-18T04:44:21.998683+00:00 [queued]>
[2024-02-18T04:51:50.287+0000] {taskinstance.py:1956} INFO - Dependencies all met for dep_context=requeueable deps ti=<TaskInstance: ETL_From_an_API_to_MySQL_Postgres_and_Redis.load_cities_to_MySQL_and_Postgres manual__2024-02-18T04:44:21.998683+00:00 [queued]>
[2024-02-18T04:51:50.294+0000] {taskinstance.py:2170} INFO - Starting attempt 4 of 9
[2024-02-18T04:51:50.372+0000] {taskinstance.py:2191} INFO - Executing <Task(_PythonDecoratedOperator): load_cities_to_MySQL_and_Postgres> on 2024-02-18 04:44:21.998683+00:00
[2024-02-18T04:51:50.391+0000] {standard_task_runner.py:60} INFO - Started process 6181 to run task
[2024-02-18T04:51:50.409+0000] {standard_task_runner.py:87} INFO - Running: ['***', 'tasks', 'run', 'ETL_From_an_API_to_MySQL_Postgres_and_Redis', 'load_cities_to_MySQL_and_Postgres', 'manual__2024-02-18T04:44:21.998683+00:00', '--job-id', '658', '--raw', '--subdir', 'DAGS_FOLDER/CRM.py', '--cfg-path', '/tmp/tmpd9dcrtf8']
[2024-02-18T04:51:50.426+0000] {standard_task_runner.py:88} INFO - Job 658: Subtask load_cities_to_MySQL_and_Postgres
[2024-02-18T04:51:50.619+0000] {task_command.py:423} INFO - Running <TaskInstance: ETL_From_an_API_to_MySQL_Postgres_and_Redis.load_cities_to_MySQL_and_Postgres manual__2024-02-18T04:44:21.998683+00:00 [running]> on host 091c4b0f3ebe
[2024-02-18T04:51:50.833+0000] {taskinstance.py:2480} INFO - Exporting env vars: AIRFLOW_CTX_DAG_OWNER='jmoc' AIRFLOW_CTX_DAG_ID='ETL_From_an_API_to_MySQL_Postgres_and_Redis' AIRFLOW_CTX_TASK_ID='load_cities_to_MySQL_and_Postgres' AIRFLOW_CTX_EXECUTION_DATE='2024-02-18T04:44:21.998683+00:00' AIRFLOW_CTX_TRY_NUMBER='4' AIRFLOW_CTX_DAG_RUN_ID='manual__2024-02-18T04:44:21.998683+00:00'
[2024-02-18T04:51:50.895+0000] {base.py:83} INFO - Using connection ID 'mysql_connection' for task execution.
[2024-02-18T04:51:50.921+0000] {sql.py:450} INFO - Running statement: INSERT IGNORE INTO cities(name) VALUES ('Roscoeview');, parameters: None
[2024-02-18T04:51:50.952+0000] {sql.py:459} INFO - Rows affected: 0
[2024-02-18T04:51:50.971+0000] {base.py:83} INFO - Using connection ID 'postgres_connection' for task execution.
[2024-02-18T04:51:50.982+0000] {sql.py:450} INFO - Running statement: INSERT INTO cities(name) VALUES ('Roscoeview') ON CONFLICT DO NOTHING;, parameters: None
[2024-02-18T04:51:51.029+0000] {sql.py:459} INFO - Rows affected: 0
[2024-02-18T04:51:51.045+0000] {base.py:83} INFO - Using connection ID 'mysql_connection' for task execution.
[2024-02-18T04:51:51.052+0000] {sql.py:450} INFO - Running statement: INSERT IGNORE INTO cities(name) VALUES ('Lebsackbury');, parameters: None
[2024-02-18T04:51:51.055+0000] {sql.py:459} INFO - Rows affected: 0
[2024-02-18T04:51:51.072+0000] {base.py:83} INFO - Using connection ID 'postgres_connection' for task execution.
[2024-02-18T04:51:51.086+0000] {sql.py:450} INFO - Running statement: INSERT INTO cities(name) VALUES ('Lebsackbury') ON CONFLICT DO NOTHING;, parameters: None
[2024-02-18T04:51:51.090+0000] {sql.py:459} INFO - Rows affected: 0
[2024-02-18T04:51:51.115+0000] {base.py:83} INFO - Using connection ID 'mysql_connection' for task execution.
[2024-02-18T04:51:51.124+0000] {sql.py:450} INFO - Running statement: INSERT IGNORE INTO cities(name) VALUES ('South Christy');, parameters: None
[2024-02-18T04:51:51.127+0000] {sql.py:459} INFO - Rows affected: 0
[2024-02-18T04:51:51.174+0000] {base.py:83} INFO - Using connection ID 'postgres_connection' for task execution.
[2024-02-18T04:51:51.191+0000] {sql.py:450} INFO - Running statement: INSERT INTO cities(name) VALUES ('South Christy') ON CONFLICT DO NOTHING;, parameters: None
[2024-02-18T04:51:51.196+0000] {sql.py:459} INFO - Rows affected: 0
[2024-02-18T04:51:51.217+0000] {base.py:83} INFO - Using connection ID 'mysql_connection' for task execution.
[2024-02-18T04:51:51.234+0000] {sql.py:450} INFO - Running statement: INSERT IGNORE INTO cities(name) VALUES ('South Elvis');, parameters: None
[2024-02-18T04:51:51.239+0000] {sql.py:459} INFO - Rows affected: 0
[2024-02-18T04:51:51.273+0000] {base.py:83} INFO - Using connection ID 'postgres_connection' for task execution.
[2024-02-18T04:51:51.284+0000] {sql.py:450} INFO - Running statement: INSERT INTO cities(name) VALUES ('South Elvis') ON CONFLICT DO NOTHING;, parameters: None
[2024-02-18T04:51:51.288+0000] {sql.py:459} INFO - Rows affected: 0
[2024-02-18T04:51:51.347+0000] {base.py:83} INFO - Using connection ID 'mysql_connection' for task execution.
[2024-02-18T04:51:51.359+0000] {sql.py:450} INFO - Running statement: INSERT IGNORE INTO cities(name) VALUES ('Wisokyburgh');, parameters: None
[2024-02-18T04:51:51.362+0000] {sql.py:459} INFO - Rows affected: 0
[2024-02-18T04:51:51.393+0000] {base.py:83} INFO - Using connection ID 'postgres_connection' for task execution.
[2024-02-18T04:51:51.417+0000] {sql.py:450} INFO - Running statement: INSERT INTO cities(name) VALUES ('Wisokyburgh') ON CONFLICT DO NOTHING;, parameters: None
[2024-02-18T04:51:51.423+0000] {sql.py:459} INFO - Rows affected: 0
[2024-02-18T04:51:51.453+0000] {base.py:83} INFO - Using connection ID 'mysql_connection' for task execution.
[2024-02-18T04:51:51.459+0000] {sql.py:450} INFO - Running statement: INSERT IGNORE INTO cities(name) VALUES ('Aliyaview');, parameters: None
[2024-02-18T04:51:51.462+0000] {sql.py:459} INFO - Rows affected: 0
[2024-02-18T04:51:51.500+0000] {base.py:83} INFO - Using connection ID 'postgres_connection' for task execution.
[2024-02-18T04:51:51.507+0000] {sql.py:450} INFO - Running statement: INSERT INTO cities(name) VALUES ('Aliyaview') ON CONFLICT DO NOTHING;, parameters: None
[2024-02-18T04:51:51.514+0000] {sql.py:459} INFO - Rows affected: 0
[2024-02-18T04:51:51.533+0000] {base.py:83} INFO - Using connection ID 'mysql_connection' for task execution.
[2024-02-18T04:51:51.540+0000] {sql.py:450} INFO - Running statement: INSERT IGNORE INTO cities(name) VALUES ('Gwenborough');, parameters: None
[2024-02-18T04:51:51.543+0000] {sql.py:459} INFO - Rows affected: 0
[2024-02-18T04:51:51.567+0000] {base.py:83} INFO - Using connection ID 'postgres_connection' for task execution.
[2024-02-18T04:51:51.581+0000] {sql.py:450} INFO - Running statement: INSERT INTO cities(name) VALUES ('Gwenborough') ON CONFLICT DO NOTHING;, parameters: None
[2024-02-18T04:51:51.586+0000] {sql.py:459} INFO - Rows affected: 0
[2024-02-18T04:51:51.603+0000] {base.py:83} INFO - Using connection ID 'mysql_connection' for task execution.
[2024-02-18T04:51:51.615+0000] {sql.py:450} INFO - Running statement: INSERT IGNORE INTO cities(name) VALUES ('Bartholomebury');, parameters: None
[2024-02-18T04:51:51.618+0000] {sql.py:459} INFO - Rows affected: 0
[2024-02-18T04:51:51.636+0000] {base.py:83} INFO - Using connection ID 'postgres_connection' for task execution.
[2024-02-18T04:51:51.648+0000] {sql.py:450} INFO - Running statement: INSERT INTO cities(name) VALUES ('Bartholomebury') ON CONFLICT DO NOTHING;, parameters: None
[2024-02-18T04:51:51.653+0000] {sql.py:459} INFO - Rows affected: 0
[2024-02-18T04:51:51.670+0000] {base.py:83} INFO - Using connection ID 'mysql_connection' for task execution.
[2024-02-18T04:51:51.684+0000] {sql.py:450} INFO - Running statement: INSERT IGNORE INTO cities(name) VALUES ('Howemouth');, parameters: None
[2024-02-18T04:51:51.687+0000] {sql.py:459} INFO - Rows affected: 0
[2024-02-18T04:51:51.707+0000] {base.py:83} INFO - Using connection ID 'postgres_connection' for task execution.
[2024-02-18T04:51:51.721+0000] {sql.py:450} INFO - Running statement: INSERT INTO cities(name) VALUES ('Howemouth') ON CONFLICT DO NOTHING;, parameters: None
[2024-02-18T04:51:51.725+0000] {sql.py:459} INFO - Rows affected: 0
[2024-02-18T04:51:51.741+0000] {base.py:83} INFO - Using connection ID 'mysql_connection' for task execution.
[2024-02-18T04:51:51.754+0000] {sql.py:450} INFO - Running statement: INSERT IGNORE INTO cities(name) VALUES ('McKenziehaven');, parameters: None
[2024-02-18T04:51:51.758+0000] {sql.py:459} INFO - Rows affected: 0
[2024-02-18T04:51:51.778+0000] {base.py:83} INFO - Using connection ID 'postgres_connection' for task execution.
[2024-02-18T04:51:51.787+0000] {sql.py:450} INFO - Running statement: INSERT INTO cities(name) VALUES ('McKenziehaven') ON CONFLICT DO NOTHING;, parameters: None
[2024-02-18T04:51:51.792+0000] {sql.py:459} INFO - Rows affected: 0
[2024-02-18T04:51:51.793+0000] {python.py:201} INFO - Done. Returned value was: None
[2024-02-18T04:51:51.813+0000] {taskinstance.py:1138} INFO - Marking task as SUCCESS. dag_id=ETL_From_an_API_to_MySQL_Postgres_and_Redis, task_id=load_cities_to_MySQL_and_Postgres, execution_date=20240218T044421, start_date=20240218T045150, end_date=20240218T045151
[2024-02-18T04:51:51.865+0000] {local_task_job_runner.py:234} INFO - Task exited with return code 0
[2024-02-18T04:51:51.921+0000] {taskinstance.py:3280} INFO - 1 downstream tasks scheduled from follow-on schedule check
