[2024-02-16T20:15:31.687+0000] {taskinstance.py:1956} INFO - Dependencies all met for dep_context=non-requeueable deps ti=<TaskInstance: Read_and_load_of_API_to_MySQLDB.db_creation scheduled__2024-02-04T00:00:00+00:00 [queued]>
[2024-02-16T20:15:31.722+0000] {taskinstance.py:1956} INFO - Dependencies all met for dep_context=requeueable deps ti=<TaskInstance: Read_and_load_of_API_to_MySQLDB.db_creation scheduled__2024-02-04T00:00:00+00:00 [queued]>
[2024-02-16T20:15:31.725+0000] {taskinstance.py:2170} INFO - Starting attempt 11 of 15
[2024-02-16T20:15:31.791+0000] {taskinstance.py:2191} INFO - Executing <Task(_PythonDecoratedOperator): db_creation> on 2024-02-04 00:00:00+00:00
[2024-02-16T20:15:31.801+0000] {standard_task_runner.py:60} INFO - Started process 256 to run task
[2024-02-16T20:15:31.816+0000] {standard_task_runner.py:87} INFO - Running: ['***', 'tasks', 'run', 'Read_and_load_of_API_to_MySQLDB', 'db_creation', 'scheduled__2024-02-04T00:00:00+00:00', '--job-id', '367', '--raw', '--subdir', 'DAGS_FOLDER/CRM.py', '--cfg-path', '/tmp/tmpxk80x4r8']
[2024-02-16T20:15:31.826+0000] {standard_task_runner.py:88} INFO - Job 367: Subtask db_creation
[2024-02-16T20:15:32.009+0000] {task_command.py:423} INFO - Running <TaskInstance: Read_and_load_of_API_to_MySQLDB.db_creation scheduled__2024-02-04T00:00:00+00:00 [running]> on host d007bfbe0fa2
[2024-02-16T20:15:32.369+0000] {taskinstance.py:2480} INFO - Exporting env vars: AIRFLOW_CTX_DAG_OWNER='jmoc' AIRFLOW_CTX_DAG_ID='Read_and_load_of_API_to_MySQLDB' AIRFLOW_CTX_TASK_ID='db_creation' AIRFLOW_CTX_EXECUTION_DATE='2024-02-04T00:00:00+00:00' AIRFLOW_CTX_TRY_NUMBER='11' AIRFLOW_CTX_DAG_RUN_ID='scheduled__2024-02-04T00:00:00+00:00'
[2024-02-16T20:15:32.394+0000] {base.py:83} INFO - Using connection ID 'mysql_connection' for task execution.
[2024-02-16T20:15:32.442+0000] {taskinstance.py:2698} ERROR - Task failed with exception
Traceback (most recent call last):
  File "/home/airflow/.local/lib/python3.8/site-packages/airflow/models/taskinstance.py", line 433, in _execute_task
    result = execute_callable(context=context, **execute_callable_kwargs)
  File "/home/airflow/.local/lib/python3.8/site-packages/airflow/decorators/base.py", line 241, in execute
    return_value = super().execute(context)
  File "/home/airflow/.local/lib/python3.8/site-packages/airflow/operators/python.py", line 199, in execute
    return_value = self.execute_callable()
  File "/home/airflow/.local/lib/python3.8/site-packages/airflow/operators/python.py", line 216, in execute_callable
    return self.python_callable(*self.op_args, **self.op_kwargs)
  File "/opt/airflow/dags/CRM.py", line 37, in db_creation
    mysql_hook.run(db.get_sql_command())
  File "/home/airflow/.local/lib/python3.8/site-packages/airflow/providers/common/sql/hooks/sql.py", line 391, in run
    with closing(self.get_conn()) as conn:
  File "/home/airflow/.local/lib/python3.8/site-packages/airflow/providers/mysql/hooks/mysql.py", line 195, in get_conn
    return MySQLdb.connect(**conn_config)
  File "/home/airflow/.local/lib/python3.8/site-packages/MySQLdb/__init__.py", line 121, in Connect
    return Connection(*args, **kwargs)
  File "/home/airflow/.local/lib/python3.8/site-packages/MySQLdb/connections.py", line 193, in __init__
    super().__init__(*args, **kwargs2)
MySQLdb.OperationalError: (1045, "Access denied for user 'root'@'172.19.0.8' (using password: YES)")
[2024-02-16T20:15:32.471+0000] {taskinstance.py:1138} INFO - Marking task as UP_FOR_RETRY. dag_id=Read_and_load_of_API_to_MySQLDB, task_id=db_creation, execution_date=20240204T000000, start_date=20240216T201531, end_date=20240216T201532
[2024-02-16T20:15:32.507+0000] {standard_task_runner.py:107} ERROR - Failed to execute job 367 for task db_creation ((1045, "Access denied for user 'root'@'172.19.0.8' (using password: YES)"); 256)
[2024-02-16T20:15:32.561+0000] {local_task_job_runner.py:234} INFO - Task exited with return code 1
[2024-02-16T20:15:32.637+0000] {taskinstance.py:3280} INFO - 0 downstream tasks scheduled from follow-on schedule check
