[2024-02-17T21:39:38.593+0000] {taskinstance.py:1956} INFO - Dependencies all met for dep_context=non-requeueable deps ti=<TaskInstance: Read_and_load_of_API_to_MySQLDB.db_creation scheduled__2024-02-04T00:00:00+00:00 [queued]>
[2024-02-17T21:39:38.623+0000] {taskinstance.py:1956} INFO - Dependencies all met for dep_context=requeueable deps ti=<TaskInstance: Read_and_load_of_API_to_MySQLDB.db_creation scheduled__2024-02-04T00:00:00+00:00 [queued]>
[2024-02-17T21:39:38.625+0000] {taskinstance.py:2170} INFO - Starting attempt 17 of 21
[2024-02-17T21:39:38.660+0000] {taskinstance.py:2191} INFO - Executing <Task(_PythonDecoratedOperator): db_creation> on 2024-02-04 00:00:00+00:00
[2024-02-17T21:39:38.669+0000] {standard_task_runner.py:60} INFO - Started process 401 to run task
[2024-02-17T21:39:38.674+0000] {standard_task_runner.py:87} INFO - Running: ['***', 'tasks', 'run', 'Read_and_load_of_API_to_MySQLDB', 'db_creation', 'scheduled__2024-02-04T00:00:00+00:00', '--job-id', '445', '--raw', '--subdir', 'DAGS_FOLDER/CRM.py', '--cfg-path', '/tmp/tmphdmfrsm5']
[2024-02-17T21:39:38.678+0000] {standard_task_runner.py:88} INFO - Job 445: Subtask db_creation
[2024-02-17T21:39:38.769+0000] {task_command.py:423} INFO - Running <TaskInstance: Read_and_load_of_API_to_MySQLDB.db_creation scheduled__2024-02-04T00:00:00+00:00 [running]> on host dc3e664d1cbb
[2024-02-17T21:39:38.927+0000] {taskinstance.py:2480} INFO - Exporting env vars: AIRFLOW_CTX_DAG_OWNER='jmoc' AIRFLOW_CTX_DAG_ID='Read_and_load_of_API_to_MySQLDB' AIRFLOW_CTX_TASK_ID='db_creation' AIRFLOW_CTX_EXECUTION_DATE='2024-02-04T00:00:00+00:00' AIRFLOW_CTX_TRY_NUMBER='17' AIRFLOW_CTX_DAG_RUN_ID='scheduled__2024-02-04T00:00:00+00:00'
[2024-02-17T21:39:38.944+0000] {base.py:83} INFO - Using connection ID 'mysql_connection' for task execution.
[2024-02-17T21:39:38.961+0000] {sql.py:450} INFO - Running statement: CREATE DATABASE IF NOT EXISTS ***_PI;, parameters: None
[2024-02-17T21:39:38.964+0000] {taskinstance.py:2698} ERROR - Task failed with exception
Traceback (most recent call last):
  File "/home/airflow/.local/lib/python3.8/site-packages/airflow/models/taskinstance.py", line 433, in _execute_task
    result = execute_callable(context=context, **execute_callable_kwargs)
  File "/home/airflow/.local/lib/python3.8/site-packages/airflow/decorators/base.py", line 241, in execute
    return_value = super().execute(context)
  File "/home/airflow/.local/lib/python3.8/site-packages/airflow/operators/python.py", line 199, in execute
    return_value = self.execute_callable()
  File "/home/airflow/.local/lib/python3.8/site-packages/airflow/operators/python.py", line 216, in execute_callable
    return self.python_callable(*self.op_args, **self.op_kwargs)
  File "/opt/airflow/dags/CRM.py", line 37, in db_creation
    mysql_hook.run(db.get_sql_command())
  File "/home/airflow/.local/lib/python3.8/site-packages/airflow/providers/common/sql/hooks/sql.py", line 398, in run
    self._run_command(cur, sql_statement, parameters)
  File "/home/airflow/.local/lib/python3.8/site-packages/airflow/providers/common/sql/hooks/sql.py", line 455, in _run_command
    cur.execute(sql_statement)
  File "/home/airflow/.local/lib/python3.8/site-packages/MySQLdb/cursors.py", line 179, in execute
    res = self._query(mogrified_query)
  File "/home/airflow/.local/lib/python3.8/site-packages/MySQLdb/cursors.py", line 330, in _query
    db.query(q)
  File "/home/airflow/.local/lib/python3.8/site-packages/MySQLdb/connections.py", line 257, in query
    _mysql.connection.query(self, query)
MySQLdb.OperationalError: (1044, "Access denied for user 'myuser'@'%' to database '***_pi'")
[2024-02-17T21:39:38.984+0000] {taskinstance.py:1138} INFO - Marking task as UP_FOR_RETRY. dag_id=Read_and_load_of_API_to_MySQLDB, task_id=db_creation, execution_date=20240204T000000, start_date=20240217T213938, end_date=20240217T213938
[2024-02-17T21:39:39.004+0000] {standard_task_runner.py:107} ERROR - Failed to execute job 445 for task db_creation ((1044, "Access denied for user 'myuser'@'%' to database '***_pi'"); 401)
[2024-02-17T21:39:39.048+0000] {local_task_job_runner.py:234} INFO - Task exited with return code 1
[2024-02-17T21:39:39.092+0000] {taskinstance.py:3280} INFO - 0 downstream tasks scheduled from follow-on schedule check
