[2024-02-15T19:49:19.547+0000] {taskinstance.py:1956} INFO - Dependencies all met for dep_context=non-requeueable deps ti=<TaskInstance: Read_and_load_of_API_to_MySQLDB.Load_cities_registers scheduled__2024-02-04T00:00:00+00:00 [queued]>
[2024-02-15T19:49:19.569+0000] {taskinstance.py:1956} INFO - Dependencies all met for dep_context=requeueable deps ti=<TaskInstance: Read_and_load_of_API_to_MySQLDB.Load_cities_registers scheduled__2024-02-04T00:00:00+00:00 [queued]>
[2024-02-15T19:49:19.572+0000] {taskinstance.py:2170} INFO - Starting attempt 2 of 7
[2024-02-15T19:49:19.607+0000] {taskinstance.py:2191} INFO - Executing <Task(_PythonDecoratedOperator): Load_cities_registers> on 2024-02-04 00:00:00+00:00
[2024-02-15T19:49:19.615+0000] {standard_task_runner.py:60} INFO - Started process 861 to run task
[2024-02-15T19:49:19.623+0000] {standard_task_runner.py:87} INFO - Running: ['***', 'tasks', 'run', 'Read_and_load_of_API_to_MySQLDB', 'Load_cities_registers', 'scheduled__2024-02-04T00:00:00+00:00', '--job-id', '310', '--raw', '--subdir', 'DAGS_FOLDER/CRM.py', '--cfg-path', '/tmp/tmph7ei1soh']
[2024-02-15T19:49:19.627+0000] {standard_task_runner.py:88} INFO - Job 310: Subtask Load_cities_registers
[2024-02-15T19:49:19.731+0000] {task_command.py:423} INFO - Running <TaskInstance: Read_and_load_of_API_to_MySQLDB.Load_cities_registers scheduled__2024-02-04T00:00:00+00:00 [running]> on host c35f28e50200
[2024-02-15T19:49:20.077+0000] {taskinstance.py:2480} INFO - Exporting env vars: AIRFLOW_CTX_DAG_OWNER='jmoc' AIRFLOW_CTX_DAG_ID='Read_and_load_of_API_to_MySQLDB' AIRFLOW_CTX_TASK_ID='Load_cities_registers' AIRFLOW_CTX_EXECUTION_DATE='2024-02-04T00:00:00+00:00' AIRFLOW_CTX_TRY_NUMBER='2' AIRFLOW_CTX_DAG_RUN_ID='scheduled__2024-02-04T00:00:00+00:00'
[2024-02-15T19:49:20.184+0000] {base.py:83} INFO - Using connection ID 'mysql_connection' for task execution.
[2024-02-15T19:49:20.218+0000] {sql.py:450} INFO - Running statement: INSERT IGNORE INTO ***_PI.cities(name) VALUES ('Howemouth'), parameters: None
[2024-02-15T19:49:20.230+0000] {sql.py:459} INFO - Rows affected: 0
[2024-02-15T19:49:20.269+0000] {base.py:83} INFO - Using connection ID 'mysql_connection' for task execution.
[2024-02-15T19:49:20.280+0000] {sql.py:450} INFO - Running statement: INSERT IGNORE INTO ***_PI.cities(name) VALUES ('Bartholomebury'), parameters: None
[2024-02-15T19:49:20.284+0000] {sql.py:459} INFO - Rows affected: 0
[2024-02-15T19:49:20.313+0000] {base.py:83} INFO - Using connection ID 'mysql_connection' for task execution.
[2024-02-15T19:49:20.325+0000] {sql.py:450} INFO - Running statement: INSERT IGNORE INTO ***_PI.cities(name) VALUES ('McKenziehaven'), parameters: None
[2024-02-15T19:49:20.329+0000] {sql.py:459} INFO - Rows affected: 0
[2024-02-15T19:49:20.352+0000] {base.py:83} INFO - Using connection ID 'mysql_connection' for task execution.
[2024-02-15T19:49:20.365+0000] {sql.py:450} INFO - Running statement: INSERT IGNORE INTO ***_PI.cities(name) VALUES ('Lebsackbury'), parameters: None
[2024-02-15T19:49:20.377+0000] {sql.py:459} INFO - Rows affected: 0
[2024-02-15T19:49:20.400+0000] {base.py:83} INFO - Using connection ID 'mysql_connection' for task execution.
[2024-02-15T19:49:20.410+0000] {sql.py:450} INFO - Running statement: INSERT IGNORE INTO ***_PI.cities(name) VALUES ('South Christy'), parameters: None
[2024-02-15T19:49:20.413+0000] {sql.py:459} INFO - Rows affected: 0
[2024-02-15T19:49:20.433+0000] {base.py:83} INFO - Using connection ID 'mysql_connection' for task execution.
[2024-02-15T19:49:20.449+0000] {sql.py:450} INFO - Running statement: INSERT IGNORE INTO ***_PI.cities(name) VALUES ('Wisokyburgh'), parameters: None
[2024-02-15T19:49:20.460+0000] {sql.py:459} INFO - Rows affected: 0
[2024-02-15T19:49:20.498+0000] {base.py:83} INFO - Using connection ID 'mysql_connection' for task execution.
[2024-02-15T19:49:20.516+0000] {sql.py:450} INFO - Running statement: INSERT IGNORE INTO ***_PI.cities(name) VALUES ('Gwenborough'), parameters: None
[2024-02-15T19:49:20.527+0000] {sql.py:459} INFO - Rows affected: 0
[2024-02-15T19:49:20.588+0000] {base.py:83} INFO - Using connection ID 'mysql_connection' for task execution.
[2024-02-15T19:49:20.618+0000] {sql.py:450} INFO - Running statement: INSERT IGNORE INTO ***_PI.cities(name) VALUES ('Aliyaview'), parameters: None
[2024-02-15T19:49:20.626+0000] {sql.py:459} INFO - Rows affected: 0
[2024-02-15T19:49:20.655+0000] {base.py:83} INFO - Using connection ID 'mysql_connection' for task execution.
[2024-02-15T19:49:20.669+0000] {sql.py:450} INFO - Running statement: INSERT IGNORE INTO ***_PI.cities(name) VALUES ('South Elvis'), parameters: None
[2024-02-15T19:49:20.675+0000] {sql.py:459} INFO - Rows affected: 0
[2024-02-15T19:49:20.701+0000] {base.py:83} INFO - Using connection ID 'mysql_connection' for task execution.
[2024-02-15T19:49:20.714+0000] {sql.py:450} INFO - Running statement: INSERT IGNORE INTO ***_PI.cities(name) VALUES ('Roscoeview'), parameters: None
[2024-02-15T19:49:20.718+0000] {sql.py:459} INFO - Rows affected: 0
[2024-02-15T19:49:20.739+0000] {python.py:201} INFO - Done. Returned value was: None
[2024-02-15T19:49:20.778+0000] {taskinstance.py:1138} INFO - Marking task as SUCCESS. dag_id=Read_and_load_of_API_to_MySQLDB, task_id=Load_cities_registers, execution_date=20240204T000000, start_date=20240215T194919, end_date=20240215T194920
[2024-02-15T19:49:20.832+0000] {local_task_job_runner.py:234} INFO - Task exited with return code 0
[2024-02-15T19:49:20.891+0000] {taskinstance.py:3280} INFO - 0 downstream tasks scheduled from follow-on schedule check
