[2024-02-14T18:15:06.797+0000] {taskinstance.py:1956} INFO - Dependencies all met for dep_context=non-requeueable deps ti=<TaskInstance: Read_and_load_of_API_to_MySQLDB.Load_cities_registers scheduled__2024-02-04T00:00:00+00:00 [queued]>
[2024-02-14T18:15:06.829+0000] {taskinstance.py:1956} INFO - Dependencies all met for dep_context=requeueable deps ti=<TaskInstance: Read_and_load_of_API_to_MySQLDB.Load_cities_registers scheduled__2024-02-04T00:00:00+00:00 [queued]>
[2024-02-14T18:15:06.830+0000] {taskinstance.py:2170} INFO - Starting attempt 1 of 6
[2024-02-14T18:15:06.915+0000] {taskinstance.py:2191} INFO - Executing <Task(_PythonDecoratedOperator): Load_cities_registers> on 2024-02-04 00:00:00+00:00
[2024-02-14T18:15:06.926+0000] {standard_task_runner.py:60} INFO - Started process 248 to run task
[2024-02-14T18:15:06.945+0000] {standard_task_runner.py:87} INFO - Running: ['***', 'tasks', 'run', 'Read_and_load_of_API_to_MySQLDB', 'Load_cities_registers', 'scheduled__2024-02-04T00:00:00+00:00', '--job-id', '294', '--raw', '--subdir', 'DAGS_FOLDER/CRM.py', '--cfg-path', '/tmp/tmp5br9ykkz']
[2024-02-14T18:15:06.950+0000] {standard_task_runner.py:88} INFO - Job 294: Subtask Load_cities_registers
[2024-02-14T18:15:07.181+0000] {task_command.py:423} INFO - Running <TaskInstance: Read_and_load_of_API_to_MySQLDB.Load_cities_registers scheduled__2024-02-04T00:00:00+00:00 [running]> on host c35f28e50200
[2024-02-14T18:15:07.913+0000] {taskinstance.py:2480} INFO - Exporting env vars: AIRFLOW_CTX_DAG_OWNER='jmoc' AIRFLOW_CTX_DAG_ID='Read_and_load_of_API_to_MySQLDB' AIRFLOW_CTX_TASK_ID='Load_cities_registers' AIRFLOW_CTX_EXECUTION_DATE='2024-02-04T00:00:00+00:00' AIRFLOW_CTX_TRY_NUMBER='1' AIRFLOW_CTX_DAG_RUN_ID='scheduled__2024-02-04T00:00:00+00:00'
[2024-02-14T18:15:08.154+0000] {base.py:83} INFO - Using connection ID 'mysql_connection' for task execution.
[2024-02-14T18:15:08.329+0000] {sql.py:450} INFO - Running statement: INSERT IGNORE INTO ***_PI.cities(name) VALUES ('South Elvis'), parameters: None
[2024-02-14T18:15:08.683+0000] {sql.py:459} INFO - Rows affected: 1
[2024-02-14T18:15:08.836+0000] {base.py:83} INFO - Using connection ID 'mysql_connection' for task execution.
[2024-02-14T18:15:08.847+0000] {sql.py:450} INFO - Running statement: INSERT IGNORE INTO ***_PI.cities(name) VALUES ('Bartholomebury'), parameters: None
[2024-02-14T18:15:08.851+0000] {sql.py:459} INFO - Rows affected: 1
[2024-02-14T18:15:08.953+0000] {base.py:83} INFO - Using connection ID 'mysql_connection' for task execution.
[2024-02-14T18:15:08.973+0000] {sql.py:450} INFO - Running statement: INSERT IGNORE INTO ***_PI.cities(name) VALUES ('Wisokyburgh'), parameters: None
[2024-02-14T18:15:08.977+0000] {sql.py:459} INFO - Rows affected: 1
[2024-02-14T18:15:09.031+0000] {base.py:83} INFO - Using connection ID 'mysql_connection' for task execution.
[2024-02-14T18:15:09.060+0000] {sql.py:450} INFO - Running statement: INSERT IGNORE INTO ***_PI.cities(name) VALUES ('South Christy'), parameters: None
[2024-02-14T18:15:09.064+0000] {sql.py:459} INFO - Rows affected: 1
[2024-02-14T18:15:09.137+0000] {base.py:83} INFO - Using connection ID 'mysql_connection' for task execution.
[2024-02-14T18:15:09.164+0000] {sql.py:450} INFO - Running statement: INSERT IGNORE INTO ***_PI.cities(name) VALUES ('Roscoeview'), parameters: None
[2024-02-14T18:15:09.170+0000] {sql.py:459} INFO - Rows affected: 1
[2024-02-14T18:15:09.281+0000] {base.py:83} INFO - Using connection ID 'mysql_connection' for task execution.
[2024-02-14T18:15:09.311+0000] {sql.py:450} INFO - Running statement: INSERT IGNORE INTO ***_PI.cities(name) VALUES ('Aliyaview'), parameters: None
[2024-02-14T18:15:09.319+0000] {sql.py:459} INFO - Rows affected: 1
[2024-02-14T18:15:09.383+0000] {base.py:83} INFO - Using connection ID 'mysql_connection' for task execution.
[2024-02-14T18:15:09.394+0000] {sql.py:450} INFO - Running statement: INSERT IGNORE INTO ***_PI.cities(name) VALUES ('Lebsackbury'), parameters: None
[2024-02-14T18:15:09.409+0000] {sql.py:459} INFO - Rows affected: 1
[2024-02-14T18:15:09.482+0000] {base.py:83} INFO - Using connection ID 'mysql_connection' for task execution.
[2024-02-14T18:15:09.540+0000] {sql.py:450} INFO - Running statement: INSERT IGNORE INTO ***_PI.cities(name) VALUES ('Howemouth'), parameters: None
[2024-02-14T18:15:09.564+0000] {sql.py:459} INFO - Rows affected: 1
[2024-02-14T18:15:09.643+0000] {base.py:83} INFO - Using connection ID 'mysql_connection' for task execution.
[2024-02-14T18:15:09.652+0000] {sql.py:450} INFO - Running statement: INSERT IGNORE INTO ***_PI.cities(name) VALUES ('McKenziehaven'), parameters: None
[2024-02-14T18:15:09.655+0000] {sql.py:459} INFO - Rows affected: 1
[2024-02-14T18:15:09.715+0000] {base.py:83} INFO - Using connection ID 'mysql_connection' for task execution.
[2024-02-14T18:15:09.731+0000] {sql.py:450} INFO - Running statement: INSERT IGNORE INTO ***_PI.cities(name) VALUES ('Gwenborough'), parameters: None
[2024-02-14T18:15:09.736+0000] {sql.py:459} INFO - Rows affected: 1
[2024-02-14T18:15:09.758+0000] {python.py:201} INFO - Done. Returned value was: None
[2024-02-14T18:15:09.794+0000] {taskinstance.py:1138} INFO - Marking task as SUCCESS. dag_id=Read_and_load_of_API_to_MySQLDB, task_id=Load_cities_registers, execution_date=20240204T000000, start_date=20240214T181506, end_date=20240214T181509
[2024-02-14T18:15:09.854+0000] {local_task_job_runner.py:234} INFO - Task exited with return code 0
[2024-02-14T18:15:09.925+0000] {taskinstance.py:3280} INFO - 1 downstream tasks scheduled from follow-on schedule check
