[2024-02-18T01:54:05.944+0000] {taskinstance.py:1956} INFO - Dependencies all met for dep_context=non-requeueable deps ti=<TaskInstance: Read_and_load_of_API_to_MySQLDB.Load_cities_registers scheduled__2024-02-11T00:00:00+00:00 [queued]>
[2024-02-18T01:54:05.979+0000] {taskinstance.py:1956} INFO - Dependencies all met for dep_context=requeueable deps ti=<TaskInstance: Read_and_load_of_API_to_MySQLDB.Load_cities_registers scheduled__2024-02-11T00:00:00+00:00 [queued]>
[2024-02-18T01:54:05.981+0000] {taskinstance.py:2170} INFO - Starting attempt 5 of 10
[2024-02-18T01:54:06.015+0000] {taskinstance.py:2191} INFO - Executing <Task(_PythonDecoratedOperator): Load_cities_registers> on 2024-02-11 00:00:00+00:00
[2024-02-18T01:54:06.029+0000] {standard_task_runner.py:60} INFO - Started process 2015 to run task
[2024-02-18T01:54:06.036+0000] {standard_task_runner.py:87} INFO - Running: ['***', 'tasks', 'run', 'Read_and_load_of_API_to_MySQLDB', 'Load_cities_registers', 'scheduled__2024-02-11T00:00:00+00:00', '--job-id', '529', '--raw', '--subdir', 'DAGS_FOLDER/CRM.py', '--cfg-path', '/tmp/tmpwi00w1au']
[2024-02-18T01:54:06.042+0000] {standard_task_runner.py:88} INFO - Job 529: Subtask Load_cities_registers
[2024-02-18T01:54:06.139+0000] {task_command.py:423} INFO - Running <TaskInstance: Read_and_load_of_API_to_MySQLDB.Load_cities_registers scheduled__2024-02-11T00:00:00+00:00 [running]> on host 091c4b0f3ebe
[2024-02-18T01:54:06.308+0000] {taskinstance.py:2480} INFO - Exporting env vars: AIRFLOW_CTX_DAG_OWNER='jmoc' AIRFLOW_CTX_DAG_ID='Read_and_load_of_API_to_MySQLDB' AIRFLOW_CTX_TASK_ID='Load_cities_registers' AIRFLOW_CTX_EXECUTION_DATE='2024-02-11T00:00:00+00:00' AIRFLOW_CTX_TRY_NUMBER='5' AIRFLOW_CTX_DAG_RUN_ID='scheduled__2024-02-11T00:00:00+00:00'
[2024-02-18T01:54:06.358+0000] {base.py:83} INFO - Using connection ID 'mysql_connection' for task execution.
[2024-02-18T01:54:06.560+0000] {sql.py:450} INFO - Running statement: INSERT IGNORE INTO cities(name) VALUES ('Roscoeview');, parameters: None
[2024-02-18T01:54:06.609+0000] {sql.py:459} INFO - Rows affected: 0
[2024-02-18T01:54:06.638+0000] {base.py:83} INFO - Using connection ID 'postgres_connection' for task execution.
[2024-02-18T01:54:06.657+0000] {sql.py:450} INFO - Running statement: INSERT INTO cities(name) VALUES ('R') ON CONFLICT DO NOTHING;, parameters: None
[2024-02-18T01:54:06.665+0000] {sql.py:459} INFO - Rows affected: 1
[2024-02-18T01:54:06.684+0000] {base.py:83} INFO - Using connection ID 'mysql_connection' for task execution.
[2024-02-18T01:54:06.699+0000] {sql.py:450} INFO - Running statement: INSERT IGNORE INTO cities(name) VALUES ('Lebsackbury');, parameters: None
[2024-02-18T01:54:06.712+0000] {sql.py:459} INFO - Rows affected: 0
[2024-02-18T01:54:06.736+0000] {base.py:83} INFO - Using connection ID 'postgres_connection' for task execution.
[2024-02-18T01:54:06.786+0000] {sql.py:450} INFO - Running statement: INSERT INTO cities(name) VALUES ('L') ON CONFLICT DO NOTHING;, parameters: None
[2024-02-18T01:54:06.802+0000] {sql.py:459} INFO - Rows affected: 1
[2024-02-18T01:54:06.831+0000] {base.py:83} INFO - Using connection ID 'mysql_connection' for task execution.
[2024-02-18T01:54:06.843+0000] {sql.py:450} INFO - Running statement: INSERT IGNORE INTO cities(name) VALUES ('South Christy');, parameters: None
[2024-02-18T01:54:06.862+0000] {sql.py:459} INFO - Rows affected: 0
[2024-02-18T01:54:06.893+0000] {base.py:83} INFO - Using connection ID 'postgres_connection' for task execution.
[2024-02-18T01:54:06.908+0000] {sql.py:450} INFO - Running statement: INSERT INTO cities(name) VALUES ('S') ON CONFLICT DO NOTHING;, parameters: None
[2024-02-18T01:54:06.922+0000] {sql.py:459} INFO - Rows affected: 1
[2024-02-18T01:54:06.955+0000] {base.py:83} INFO - Using connection ID 'mysql_connection' for task execution.
[2024-02-18T01:54:06.967+0000] {sql.py:450} INFO - Running statement: INSERT IGNORE INTO cities(name) VALUES ('South Elvis');, parameters: None
[2024-02-18T01:54:06.979+0000] {sql.py:459} INFO - Rows affected: 0
[2024-02-18T01:54:07.004+0000] {base.py:83} INFO - Using connection ID 'postgres_connection' for task execution.
[2024-02-18T01:54:07.019+0000] {sql.py:450} INFO - Running statement: INSERT INTO cities(name) VALUES ('S') ON CONFLICT DO NOTHING;, parameters: None
[2024-02-18T01:54:07.033+0000] {sql.py:459} INFO - Rows affected: 0
[2024-02-18T01:54:07.076+0000] {base.py:83} INFO - Using connection ID 'mysql_connection' for task execution.
[2024-02-18T01:54:07.099+0000] {sql.py:450} INFO - Running statement: INSERT IGNORE INTO cities(name) VALUES ('Wisokyburgh');, parameters: None
[2024-02-18T01:54:07.117+0000] {sql.py:459} INFO - Rows affected: 0
[2024-02-18T01:54:07.148+0000] {base.py:83} INFO - Using connection ID 'postgres_connection' for task execution.
[2024-02-18T01:54:07.164+0000] {sql.py:450} INFO - Running statement: INSERT INTO cities(name) VALUES ('W') ON CONFLICT DO NOTHING;, parameters: None
[2024-02-18T01:54:07.173+0000] {sql.py:459} INFO - Rows affected: 1
[2024-02-18T01:54:07.202+0000] {base.py:83} INFO - Using connection ID 'mysql_connection' for task execution.
[2024-02-18T01:54:07.228+0000] {sql.py:450} INFO - Running statement: INSERT IGNORE INTO cities(name) VALUES ('Aliyaview');, parameters: None
[2024-02-18T01:54:07.242+0000] {sql.py:459} INFO - Rows affected: 0
[2024-02-18T01:54:07.270+0000] {base.py:83} INFO - Using connection ID 'postgres_connection' for task execution.
[2024-02-18T01:54:07.279+0000] {sql.py:450} INFO - Running statement: INSERT INTO cities(name) VALUES ('A') ON CONFLICT DO NOTHING;, parameters: None
[2024-02-18T01:54:07.283+0000] {sql.py:459} INFO - Rows affected: 1
[2024-02-18T01:54:07.307+0000] {base.py:83} INFO - Using connection ID 'mysql_connection' for task execution.
[2024-02-18T01:54:07.328+0000] {sql.py:450} INFO - Running statement: INSERT IGNORE INTO cities(name) VALUES ('Gwenborough');, parameters: None
[2024-02-18T01:54:07.344+0000] {sql.py:459} INFO - Rows affected: 0
[2024-02-18T01:54:07.373+0000] {base.py:83} INFO - Using connection ID 'postgres_connection' for task execution.
[2024-02-18T01:54:07.393+0000] {sql.py:450} INFO - Running statement: INSERT INTO cities(name) VALUES ('G') ON CONFLICT DO NOTHING;, parameters: None
[2024-02-18T01:54:07.401+0000] {sql.py:459} INFO - Rows affected: 1
[2024-02-18T01:54:07.421+0000] {base.py:83} INFO - Using connection ID 'mysql_connection' for task execution.
[2024-02-18T01:54:07.449+0000] {sql.py:450} INFO - Running statement: INSERT IGNORE INTO cities(name) VALUES ('Bartholomebury');, parameters: None
[2024-02-18T01:54:07.461+0000] {sql.py:459} INFO - Rows affected: 0
[2024-02-18T01:54:07.485+0000] {base.py:83} INFO - Using connection ID 'postgres_connection' for task execution.
[2024-02-18T01:54:07.493+0000] {sql.py:450} INFO - Running statement: INSERT INTO cities(name) VALUES ('B') ON CONFLICT DO NOTHING;, parameters: None
[2024-02-18T01:54:07.500+0000] {sql.py:459} INFO - Rows affected: 1
[2024-02-18T01:54:07.522+0000] {base.py:83} INFO - Using connection ID 'mysql_connection' for task execution.
[2024-02-18T01:54:07.532+0000] {sql.py:450} INFO - Running statement: INSERT IGNORE INTO cities(name) VALUES ('Howemouth');, parameters: None
[2024-02-18T01:54:07.542+0000] {sql.py:459} INFO - Rows affected: 0
[2024-02-18T01:54:07.573+0000] {base.py:83} INFO - Using connection ID 'postgres_connection' for task execution.
[2024-02-18T01:54:07.585+0000] {sql.py:450} INFO - Running statement: INSERT INTO cities(name) VALUES ('H') ON CONFLICT DO NOTHING;, parameters: None
[2024-02-18T01:54:07.589+0000] {sql.py:459} INFO - Rows affected: 1
[2024-02-18T01:54:07.616+0000] {base.py:83} INFO - Using connection ID 'mysql_connection' for task execution.
[2024-02-18T01:54:07.623+0000] {sql.py:450} INFO - Running statement: INSERT IGNORE INTO cities(name) VALUES ('McKenziehaven');, parameters: None
[2024-02-18T01:54:07.627+0000] {sql.py:459} INFO - Rows affected: 0
[2024-02-18T01:54:07.661+0000] {base.py:83} INFO - Using connection ID 'postgres_connection' for task execution.
[2024-02-18T01:54:07.677+0000] {sql.py:450} INFO - Running statement: INSERT INTO cities(name) VALUES ('M') ON CONFLICT DO NOTHING;, parameters: None
[2024-02-18T01:54:07.688+0000] {sql.py:459} INFO - Rows affected: 1
[2024-02-18T01:54:07.694+0000] {python.py:201} INFO - Done. Returned value was: None
[2024-02-18T01:54:07.719+0000] {taskinstance.py:1138} INFO - Marking task as SUCCESS. dag_id=Read_and_load_of_API_to_MySQLDB, task_id=Load_cities_registers, execution_date=20240211T000000, start_date=20240218T015405, end_date=20240218T015407
[2024-02-18T01:54:07.778+0000] {local_task_job_runner.py:234} INFO - Task exited with return code 0
[2024-02-18T01:54:07.847+0000] {taskinstance.py:3280} INFO - 1 downstream tasks scheduled from follow-on schedule check
