[2024-02-18T01:58:50.018+0000] {taskinstance.py:1956} INFO - Dependencies all met for dep_context=non-requeueable deps ti=<TaskInstance: Read_and_load_of_API_to_MySQLDB.Load_cities_registers scheduled__2024-02-11T00:00:00+00:00 [queued]>
[2024-02-18T01:58:50.042+0000] {taskinstance.py:1956} INFO - Dependencies all met for dep_context=requeueable deps ti=<TaskInstance: Read_and_load_of_API_to_MySQLDB.Load_cities_registers scheduled__2024-02-11T00:00:00+00:00 [queued]>
[2024-02-18T01:58:50.043+0000] {taskinstance.py:2170} INFO - Starting attempt 9 of 14
[2024-02-18T01:58:50.070+0000] {taskinstance.py:2191} INFO - Executing <Task(_PythonDecoratedOperator): Load_cities_registers> on 2024-02-11 00:00:00+00:00
[2024-02-18T01:58:50.077+0000] {standard_task_runner.py:60} INFO - Started process 2158 to run task
[2024-02-18T01:58:50.082+0000] {standard_task_runner.py:87} INFO - Running: ['***', 'tasks', 'run', 'Read_and_load_of_API_to_MySQLDB', 'Load_cities_registers', 'scheduled__2024-02-11T00:00:00+00:00', '--job-id', '544', '--raw', '--subdir', 'DAGS_FOLDER/CRM.py', '--cfg-path', '/tmp/tmphd540iic']
[2024-02-18T01:58:50.088+0000] {standard_task_runner.py:88} INFO - Job 544: Subtask Load_cities_registers
[2024-02-18T01:58:50.191+0000] {task_command.py:423} INFO - Running <TaskInstance: Read_and_load_of_API_to_MySQLDB.Load_cities_registers scheduled__2024-02-11T00:00:00+00:00 [running]> on host 091c4b0f3ebe
[2024-02-18T01:58:50.460+0000] {taskinstance.py:2480} INFO - Exporting env vars: AIRFLOW_CTX_DAG_OWNER='jmoc' AIRFLOW_CTX_DAG_ID='Read_and_load_of_API_to_MySQLDB' AIRFLOW_CTX_TASK_ID='Load_cities_registers' AIRFLOW_CTX_EXECUTION_DATE='2024-02-11T00:00:00+00:00' AIRFLOW_CTX_TRY_NUMBER='9' AIRFLOW_CTX_DAG_RUN_ID='scheduled__2024-02-11T00:00:00+00:00'
[2024-02-18T01:58:50.485+0000] {logging_mixin.py:188} INFO - Roscoeview
[2024-02-18T01:58:50.504+0000] {base.py:83} INFO - Using connection ID 'mysql_connection' for task execution.
[2024-02-18T01:58:50.653+0000] {sql.py:450} INFO - Running statement: INSERT IGNORE INTO cities(name) VALUES ('Roscoeview');, parameters: None
[2024-02-18T01:58:50.691+0000] {sql.py:459} INFO - Rows affected: 0
[2024-02-18T01:58:50.726+0000] {base.py:83} INFO - Using connection ID 'postgres_connection' for task execution.
[2024-02-18T01:58:50.748+0000] {sql.py:450} INFO - Running statement: INSERT INTO cities(name) VALUES ('Roscoeview') ON CONFLICT DO NOTHING;, parameters: None
[2024-02-18T01:58:50.751+0000] {sql.py:459} INFO - Rows affected: 0
[2024-02-18T01:58:50.753+0000] {logging_mixin.py:188} INFO - Lebsackbury
[2024-02-18T01:58:50.773+0000] {base.py:83} INFO - Using connection ID 'mysql_connection' for task execution.
[2024-02-18T01:58:50.787+0000] {sql.py:450} INFO - Running statement: INSERT IGNORE INTO cities(name) VALUES ('Lebsackbury');, parameters: None
[2024-02-18T01:58:50.805+0000] {sql.py:459} INFO - Rows affected: 0
[2024-02-18T01:58:50.854+0000] {base.py:83} INFO - Using connection ID 'postgres_connection' for task execution.
[2024-02-18T01:58:50.867+0000] {sql.py:450} INFO - Running statement: INSERT INTO cities(name) VALUES ('Lebsackbury') ON CONFLICT DO NOTHING;, parameters: None
[2024-02-18T01:58:50.869+0000] {sql.py:459} INFO - Rows affected: 0
[2024-02-18T01:58:50.871+0000] {logging_mixin.py:188} INFO - South Christy
[2024-02-18T01:58:50.890+0000] {base.py:83} INFO - Using connection ID 'mysql_connection' for task execution.
[2024-02-18T01:58:50.898+0000] {sql.py:450} INFO - Running statement: INSERT IGNORE INTO cities(name) VALUES ('South Christy');, parameters: None
[2024-02-18T01:58:50.907+0000] {sql.py:459} INFO - Rows affected: 0
[2024-02-18T01:58:50.926+0000] {base.py:83} INFO - Using connection ID 'postgres_connection' for task execution.
[2024-02-18T01:58:50.936+0000] {sql.py:450} INFO - Running statement: INSERT INTO cities(name) VALUES ('South Christy') ON CONFLICT DO NOTHING;, parameters: None
[2024-02-18T01:58:50.939+0000] {sql.py:459} INFO - Rows affected: 0
[2024-02-18T01:58:50.940+0000] {logging_mixin.py:188} INFO - South Elvis
[2024-02-18T01:58:50.957+0000] {base.py:83} INFO - Using connection ID 'mysql_connection' for task execution.
[2024-02-18T01:58:50.966+0000] {sql.py:450} INFO - Running statement: INSERT IGNORE INTO cities(name) VALUES ('South Elvis');, parameters: None
[2024-02-18T01:58:50.970+0000] {sql.py:459} INFO - Rows affected: 0
[2024-02-18T01:58:50.987+0000] {base.py:83} INFO - Using connection ID 'postgres_connection' for task execution.
[2024-02-18T01:58:50.994+0000] {sql.py:450} INFO - Running statement: INSERT INTO cities(name) VALUES ('South Elvis') ON CONFLICT DO NOTHING;, parameters: None
[2024-02-18T01:58:50.998+0000] {sql.py:459} INFO - Rows affected: 0
[2024-02-18T01:58:51.000+0000] {logging_mixin.py:188} INFO - Wisokyburgh
[2024-02-18T01:58:51.013+0000] {base.py:83} INFO - Using connection ID 'mysql_connection' for task execution.
[2024-02-18T01:58:51.019+0000] {sql.py:450} INFO - Running statement: INSERT IGNORE INTO cities(name) VALUES ('Wisokyburgh');, parameters: None
[2024-02-18T01:58:51.022+0000] {sql.py:459} INFO - Rows affected: 0
[2024-02-18T01:58:51.039+0000] {base.py:83} INFO - Using connection ID 'postgres_connection' for task execution.
[2024-02-18T01:58:51.049+0000] {sql.py:450} INFO - Running statement: INSERT INTO cities(name) VALUES ('Wisokyburgh') ON CONFLICT DO NOTHING;, parameters: None
[2024-02-18T01:58:51.052+0000] {sql.py:459} INFO - Rows affected: 0
[2024-02-18T01:58:51.054+0000] {logging_mixin.py:188} INFO - Aliyaview
[2024-02-18T01:58:51.066+0000] {base.py:83} INFO - Using connection ID 'mysql_connection' for task execution.
[2024-02-18T01:58:51.072+0000] {sql.py:450} INFO - Running statement: INSERT IGNORE INTO cities(name) VALUES ('Aliyaview');, parameters: None
[2024-02-18T01:58:51.078+0000] {sql.py:459} INFO - Rows affected: 0
[2024-02-18T01:58:51.096+0000] {base.py:83} INFO - Using connection ID 'postgres_connection' for task execution.
[2024-02-18T01:58:51.105+0000] {sql.py:450} INFO - Running statement: INSERT INTO cities(name) VALUES ('Aliyaview') ON CONFLICT DO NOTHING;, parameters: None
[2024-02-18T01:58:51.108+0000] {sql.py:459} INFO - Rows affected: 0
[2024-02-18T01:58:51.109+0000] {logging_mixin.py:188} INFO - Gwenborough
[2024-02-18T01:58:51.123+0000] {base.py:83} INFO - Using connection ID 'mysql_connection' for task execution.
[2024-02-18T01:58:51.133+0000] {sql.py:450} INFO - Running statement: INSERT IGNORE INTO cities(name) VALUES ('Gwenborough');, parameters: None
[2024-02-18T01:58:51.139+0000] {sql.py:459} INFO - Rows affected: 0
[2024-02-18T01:58:51.156+0000] {base.py:83} INFO - Using connection ID 'postgres_connection' for task execution.
[2024-02-18T01:58:51.164+0000] {sql.py:450} INFO - Running statement: INSERT INTO cities(name) VALUES ('Gwenborough') ON CONFLICT DO NOTHING;, parameters: None
[2024-02-18T01:58:51.168+0000] {sql.py:459} INFO - Rows affected: 0
[2024-02-18T01:58:51.169+0000] {logging_mixin.py:188} INFO - Bartholomebury
[2024-02-18T01:58:51.187+0000] {base.py:83} INFO - Using connection ID 'mysql_connection' for task execution.
[2024-02-18T01:58:51.199+0000] {sql.py:450} INFO - Running statement: INSERT IGNORE INTO cities(name) VALUES ('Bartholomebury');, parameters: None
[2024-02-18T01:58:51.202+0000] {sql.py:459} INFO - Rows affected: 0
[2024-02-18T01:58:51.229+0000] {base.py:83} INFO - Using connection ID 'postgres_connection' for task execution.
[2024-02-18T01:58:51.237+0000] {sql.py:450} INFO - Running statement: INSERT INTO cities(name) VALUES ('Bartholomebury') ON CONFLICT DO NOTHING;, parameters: None
[2024-02-18T01:58:51.240+0000] {sql.py:459} INFO - Rows affected: 0
[2024-02-18T01:58:51.242+0000] {logging_mixin.py:188} INFO - Howemouth
[2024-02-18T01:58:51.256+0000] {base.py:83} INFO - Using connection ID 'mysql_connection' for task execution.
[2024-02-18T01:58:51.265+0000] {sql.py:450} INFO - Running statement: INSERT IGNORE INTO cities(name) VALUES ('Howemouth');, parameters: None
[2024-02-18T01:58:51.268+0000] {sql.py:459} INFO - Rows affected: 0
[2024-02-18T01:58:51.284+0000] {base.py:83} INFO - Using connection ID 'postgres_connection' for task execution.
[2024-02-18T01:58:51.291+0000] {sql.py:450} INFO - Running statement: INSERT INTO cities(name) VALUES ('Howemouth') ON CONFLICT DO NOTHING;, parameters: None
[2024-02-18T01:58:51.296+0000] {sql.py:459} INFO - Rows affected: 0
[2024-02-18T01:58:51.298+0000] {logging_mixin.py:188} INFO - McKenziehaven
[2024-02-18T01:58:51.309+0000] {base.py:83} INFO - Using connection ID 'mysql_connection' for task execution.
[2024-02-18T01:58:51.318+0000] {sql.py:450} INFO - Running statement: INSERT IGNORE INTO cities(name) VALUES ('McKenziehaven');, parameters: None
[2024-02-18T01:58:51.321+0000] {sql.py:459} INFO - Rows affected: 0
[2024-02-18T01:58:51.340+0000] {base.py:83} INFO - Using connection ID 'postgres_connection' for task execution.
[2024-02-18T01:58:51.351+0000] {sql.py:450} INFO - Running statement: INSERT INTO cities(name) VALUES ('McKenziehaven') ON CONFLICT DO NOTHING;, parameters: None
[2024-02-18T01:58:51.354+0000] {sql.py:459} INFO - Rows affected: 0
[2024-02-18T01:58:51.356+0000] {python.py:201} INFO - Done. Returned value was: None
[2024-02-18T01:58:51.376+0000] {taskinstance.py:1138} INFO - Marking task as SUCCESS. dag_id=Read_and_load_of_API_to_MySQLDB, task_id=Load_cities_registers, execution_date=20240211T000000, start_date=20240218T015850, end_date=20240218T015851
[2024-02-18T01:58:51.488+0000] {local_task_job_runner.py:234} INFO - Task exited with return code 0
[2024-02-18T01:58:51.551+0000] {taskinstance.py:3280} INFO - 0 downstream tasks scheduled from follow-on schedule check
