[2024-02-18T01:58:12.122+0000] {taskinstance.py:1956} INFO - Dependencies all met for dep_context=non-requeueable deps ti=<TaskInstance: Read_and_load_of_API_to_MySQLDB.Load_cities_registers scheduled__2024-02-11T00:00:00+00:00 [queued]>
[2024-02-18T01:58:12.150+0000] {taskinstance.py:1956} INFO - Dependencies all met for dep_context=requeueable deps ti=<TaskInstance: Read_and_load_of_API_to_MySQLDB.Load_cities_registers scheduled__2024-02-11T00:00:00+00:00 [queued]>
[2024-02-18T01:58:12.152+0000] {taskinstance.py:2170} INFO - Starting attempt 8 of 13
[2024-02-18T01:58:12.194+0000] {taskinstance.py:2191} INFO - Executing <Task(_PythonDecoratedOperator): Load_cities_registers> on 2024-02-11 00:00:00+00:00
[2024-02-18T01:58:12.204+0000] {standard_task_runner.py:60} INFO - Started process 2138 to run task
[2024-02-18T01:58:12.210+0000] {standard_task_runner.py:87} INFO - Running: ['***', 'tasks', 'run', 'Read_and_load_of_API_to_MySQLDB', 'Load_cities_registers', 'scheduled__2024-02-11T00:00:00+00:00', '--job-id', '542', '--raw', '--subdir', 'DAGS_FOLDER/CRM.py', '--cfg-path', '/tmp/tmp92_0nndl']
[2024-02-18T01:58:12.214+0000] {standard_task_runner.py:88} INFO - Job 542: Subtask Load_cities_registers
[2024-02-18T01:58:12.309+0000] {task_command.py:423} INFO - Running <TaskInstance: Read_and_load_of_API_to_MySQLDB.Load_cities_registers scheduled__2024-02-11T00:00:00+00:00 [running]> on host 091c4b0f3ebe
[2024-02-18T01:58:12.493+0000] {taskinstance.py:2480} INFO - Exporting env vars: AIRFLOW_CTX_DAG_OWNER='jmoc' AIRFLOW_CTX_DAG_ID='Read_and_load_of_API_to_MySQLDB' AIRFLOW_CTX_TASK_ID='Load_cities_registers' AIRFLOW_CTX_EXECUTION_DATE='2024-02-11T00:00:00+00:00' AIRFLOW_CTX_TRY_NUMBER='8' AIRFLOW_CTX_DAG_RUN_ID='scheduled__2024-02-11T00:00:00+00:00'
[2024-02-18T01:58:12.515+0000] {logging_mixin.py:188} INFO - <class 'set'>
[2024-02-18T01:58:12.535+0000] {base.py:83} INFO - Using connection ID 'mysql_connection' for task execution.
[2024-02-18T01:58:12.647+0000] {sql.py:450} INFO - Running statement: INSERT IGNORE INTO cities(name) VALUES ('Roscoeview');, parameters: None
[2024-02-18T01:58:12.707+0000] {sql.py:459} INFO - Rows affected: 0
[2024-02-18T01:58:12.726+0000] {base.py:83} INFO - Using connection ID 'postgres_connection' for task execution.
[2024-02-18T01:58:12.737+0000] {sql.py:450} INFO - Running statement: INSERT INTO cities(name) VALUES ('Roscoeview') ON CONFLICT DO NOTHING;, parameters: None
[2024-02-18T01:58:12.740+0000] {sql.py:459} INFO - Rows affected: 0
[2024-02-18T01:58:12.753+0000] {base.py:83} INFO - Using connection ID 'mysql_connection' for task execution.
[2024-02-18T01:58:12.759+0000] {sql.py:450} INFO - Running statement: INSERT IGNORE INTO cities(name) VALUES ('Lebsackbury');, parameters: None
[2024-02-18T01:58:12.761+0000] {sql.py:459} INFO - Rows affected: 0
[2024-02-18T01:58:12.777+0000] {base.py:83} INFO - Using connection ID 'postgres_connection' for task execution.
[2024-02-18T01:58:12.785+0000] {sql.py:450} INFO - Running statement: INSERT INTO cities(name) VALUES ('Lebsackbury') ON CONFLICT DO NOTHING;, parameters: None
[2024-02-18T01:58:12.788+0000] {sql.py:459} INFO - Rows affected: 0
[2024-02-18T01:58:12.801+0000] {base.py:83} INFO - Using connection ID 'mysql_connection' for task execution.
[2024-02-18T01:58:12.808+0000] {sql.py:450} INFO - Running statement: INSERT IGNORE INTO cities(name) VALUES ('South Christy');, parameters: None
[2024-02-18T01:58:12.810+0000] {sql.py:459} INFO - Rows affected: 0
[2024-02-18T01:58:12.829+0000] {base.py:83} INFO - Using connection ID 'postgres_connection' for task execution.
[2024-02-18T01:58:12.838+0000] {sql.py:450} INFO - Running statement: INSERT INTO cities(name) VALUES ('South Christy') ON CONFLICT DO NOTHING;, parameters: None
[2024-02-18T01:58:12.840+0000] {sql.py:459} INFO - Rows affected: 0
[2024-02-18T01:58:12.854+0000] {base.py:83} INFO - Using connection ID 'mysql_connection' for task execution.
[2024-02-18T01:58:12.861+0000] {sql.py:450} INFO - Running statement: INSERT IGNORE INTO cities(name) VALUES ('South Elvis');, parameters: None
[2024-02-18T01:58:12.868+0000] {sql.py:459} INFO - Rows affected: 0
[2024-02-18T01:58:12.885+0000] {base.py:83} INFO - Using connection ID 'postgres_connection' for task execution.
[2024-02-18T01:58:12.892+0000] {sql.py:450} INFO - Running statement: INSERT INTO cities(name) VALUES ('South Elvis') ON CONFLICT DO NOTHING;, parameters: None
[2024-02-18T01:58:12.895+0000] {sql.py:459} INFO - Rows affected: 0
[2024-02-18T01:58:12.908+0000] {base.py:83} INFO - Using connection ID 'mysql_connection' for task execution.
[2024-02-18T01:58:12.914+0000] {sql.py:450} INFO - Running statement: INSERT IGNORE INTO cities(name) VALUES ('Wisokyburgh');, parameters: None
[2024-02-18T01:58:12.922+0000] {sql.py:459} INFO - Rows affected: 0
[2024-02-18T01:58:12.941+0000] {base.py:83} INFO - Using connection ID 'postgres_connection' for task execution.
[2024-02-18T01:58:12.948+0000] {sql.py:450} INFO - Running statement: INSERT INTO cities(name) VALUES ('Wisokyburgh') ON CONFLICT DO NOTHING;, parameters: None
[2024-02-18T01:58:12.952+0000] {sql.py:459} INFO - Rows affected: 0
[2024-02-18T01:58:12.968+0000] {base.py:83} INFO - Using connection ID 'mysql_connection' for task execution.
[2024-02-18T01:58:12.976+0000] {sql.py:450} INFO - Running statement: INSERT IGNORE INTO cities(name) VALUES ('Aliyaview');, parameters: None
[2024-02-18T01:58:12.984+0000] {sql.py:459} INFO - Rows affected: 0
[2024-02-18T01:58:13.004+0000] {base.py:83} INFO - Using connection ID 'postgres_connection' for task execution.
[2024-02-18T01:58:13.013+0000] {sql.py:450} INFO - Running statement: INSERT INTO cities(name) VALUES ('Aliyaview') ON CONFLICT DO NOTHING;, parameters: None
[2024-02-18T01:58:13.019+0000] {sql.py:459} INFO - Rows affected: 0
[2024-02-18T01:58:13.037+0000] {base.py:83} INFO - Using connection ID 'mysql_connection' for task execution.
[2024-02-18T01:58:13.046+0000] {sql.py:450} INFO - Running statement: INSERT IGNORE INTO cities(name) VALUES ('Gwenborough');, parameters: None
[2024-02-18T01:58:13.058+0000] {sql.py:459} INFO - Rows affected: 0
[2024-02-18T01:58:13.089+0000] {base.py:83} INFO - Using connection ID 'postgres_connection' for task execution.
[2024-02-18T01:58:13.145+0000] {sql.py:450} INFO - Running statement: INSERT INTO cities(name) VALUES ('Gwenborough') ON CONFLICT DO NOTHING;, parameters: None
[2024-02-18T01:58:13.156+0000] {sql.py:459} INFO - Rows affected: 0
[2024-02-18T01:58:13.196+0000] {base.py:83} INFO - Using connection ID 'mysql_connection' for task execution.
[2024-02-18T01:58:13.210+0000] {sql.py:450} INFO - Running statement: INSERT IGNORE INTO cities(name) VALUES ('Bartholomebury');, parameters: None
[2024-02-18T01:58:13.226+0000] {sql.py:459} INFO - Rows affected: 0
[2024-02-18T01:58:13.259+0000] {base.py:83} INFO - Using connection ID 'postgres_connection' for task execution.
[2024-02-18T01:58:13.273+0000] {sql.py:450} INFO - Running statement: INSERT INTO cities(name) VALUES ('Bartholomebury') ON CONFLICT DO NOTHING;, parameters: None
[2024-02-18T01:58:13.276+0000] {sql.py:459} INFO - Rows affected: 0
[2024-02-18T01:58:13.290+0000] {base.py:83} INFO - Using connection ID 'mysql_connection' for task execution.
[2024-02-18T01:58:13.297+0000] {sql.py:450} INFO - Running statement: INSERT IGNORE INTO cities(name) VALUES ('Howemouth');, parameters: None
[2024-02-18T01:58:13.304+0000] {sql.py:459} INFO - Rows affected: 0
[2024-02-18T01:58:13.324+0000] {base.py:83} INFO - Using connection ID 'postgres_connection' for task execution.
[2024-02-18T01:58:13.338+0000] {sql.py:450} INFO - Running statement: INSERT INTO cities(name) VALUES ('Howemouth') ON CONFLICT DO NOTHING;, parameters: None
[2024-02-18T01:58:13.340+0000] {sql.py:459} INFO - Rows affected: 0
[2024-02-18T01:58:13.356+0000] {base.py:83} INFO - Using connection ID 'mysql_connection' for task execution.
[2024-02-18T01:58:13.364+0000] {sql.py:450} INFO - Running statement: INSERT IGNORE INTO cities(name) VALUES ('McKenziehaven');, parameters: None
[2024-02-18T01:58:13.369+0000] {sql.py:459} INFO - Rows affected: 0
[2024-02-18T01:58:13.396+0000] {base.py:83} INFO - Using connection ID 'postgres_connection' for task execution.
[2024-02-18T01:58:13.404+0000] {sql.py:450} INFO - Running statement: INSERT INTO cities(name) VALUES ('McKenziehaven') ON CONFLICT DO NOTHING;, parameters: None
[2024-02-18T01:58:13.406+0000] {sql.py:459} INFO - Rows affected: 0
[2024-02-18T01:58:13.408+0000] {python.py:201} INFO - Done. Returned value was: None
[2024-02-18T01:58:13.427+0000] {taskinstance.py:1138} INFO - Marking task as SUCCESS. dag_id=Read_and_load_of_API_to_MySQLDB, task_id=Load_cities_registers, execution_date=20240211T000000, start_date=20240218T015812, end_date=20240218T015813
[2024-02-18T01:58:13.494+0000] {local_task_job_runner.py:234} INFO - Task exited with return code 0
[2024-02-18T01:58:13.542+0000] {taskinstance.py:3280} INFO - 1 downstream tasks scheduled from follow-on schedule check
