[2024-02-18T03:12:21.490+0000] {taskinstance.py:1956} INFO - Dependencies all met for dep_context=non-requeueable deps ti=<TaskInstance: Read_and_load_of_API_to_MySQLDB.Load_cities_registers scheduled__2024-02-11T00:00:00+00:00 [queued]>
[2024-02-18T03:12:21.525+0000] {taskinstance.py:1956} INFO - Dependencies all met for dep_context=requeueable deps ti=<TaskInstance: Read_and_load_of_API_to_MySQLDB.Load_cities_registers scheduled__2024-02-11T00:00:00+00:00 [queued]>
[2024-02-18T03:12:21.526+0000] {taskinstance.py:2170} INFO - Starting attempt 11 of 16
[2024-02-18T03:12:21.584+0000] {taskinstance.py:2191} INFO - Executing <Task(_PythonDecoratedOperator): Load_cities_registers> on 2024-02-11 00:00:00+00:00
[2024-02-18T03:12:21.599+0000] {standard_task_runner.py:60} INFO - Started process 3803 to run task
[2024-02-18T03:12:21.605+0000] {standard_task_runner.py:87} INFO - Running: ['***', 'tasks', 'run', 'Read_and_load_of_API_to_MySQLDB', 'Load_cities_registers', 'scheduled__2024-02-11T00:00:00+00:00', '--job-id', '563', '--raw', '--subdir', 'DAGS_FOLDER/CRM.py', '--cfg-path', '/tmp/tmpsky6q0jr']
[2024-02-18T03:12:21.619+0000] {standard_task_runner.py:88} INFO - Job 563: Subtask Load_cities_registers
[2024-02-18T03:12:21.763+0000] {task_command.py:423} INFO - Running <TaskInstance: Read_and_load_of_API_to_MySQLDB.Load_cities_registers scheduled__2024-02-11T00:00:00+00:00 [running]> on host 091c4b0f3ebe
[2024-02-18T03:12:22.004+0000] {taskinstance.py:2480} INFO - Exporting env vars: AIRFLOW_CTX_DAG_OWNER='jmoc' AIRFLOW_CTX_DAG_ID='Read_and_load_of_API_to_MySQLDB' AIRFLOW_CTX_TASK_ID='Load_cities_registers' AIRFLOW_CTX_EXECUTION_DATE='2024-02-11T00:00:00+00:00' AIRFLOW_CTX_TRY_NUMBER='11' AIRFLOW_CTX_DAG_RUN_ID='scheduled__2024-02-11T00:00:00+00:00'
[2024-02-18T03:12:22.060+0000] {base.py:83} INFO - Using connection ID 'mysql_connection' for task execution.
[2024-02-18T03:12:22.226+0000] {sql.py:450} INFO - Running statement: INSERT IGNORE INTO cities(name) VALUES ('Roscoeview');, parameters: None
[2024-02-18T03:12:22.273+0000] {sql.py:459} INFO - Rows affected: 0
[2024-02-18T03:12:22.296+0000] {base.py:83} INFO - Using connection ID 'postgres_connection' for task execution.
[2024-02-18T03:12:22.311+0000] {sql.py:450} INFO - Running statement: INSERT INTO cities(name) VALUES ('Roscoeview') ON CONFLICT DO NOTHING;, parameters: None
[2024-02-18T03:12:22.330+0000] {sql.py:459} INFO - Rows affected: 0
[2024-02-18T03:12:22.349+0000] {base.py:83} INFO - Using connection ID 'mysql_connection' for task execution.
[2024-02-18T03:12:22.361+0000] {sql.py:450} INFO - Running statement: INSERT IGNORE INTO cities(name) VALUES ('Lebsackbury');, parameters: None
[2024-02-18T03:12:22.378+0000] {sql.py:459} INFO - Rows affected: 0
[2024-02-18T03:12:22.396+0000] {base.py:83} INFO - Using connection ID 'postgres_connection' for task execution.
[2024-02-18T03:12:22.408+0000] {sql.py:450} INFO - Running statement: INSERT INTO cities(name) VALUES ('Lebsackbury') ON CONFLICT DO NOTHING;, parameters: None
[2024-02-18T03:12:22.412+0000] {sql.py:459} INFO - Rows affected: 0
[2024-02-18T03:12:22.435+0000] {base.py:83} INFO - Using connection ID 'mysql_connection' for task execution.
[2024-02-18T03:12:22.447+0000] {sql.py:450} INFO - Running statement: INSERT IGNORE INTO cities(name) VALUES ('South Christy');, parameters: None
[2024-02-18T03:12:22.455+0000] {sql.py:459} INFO - Rows affected: 0
[2024-02-18T03:12:22.472+0000] {base.py:83} INFO - Using connection ID 'postgres_connection' for task execution.
[2024-02-18T03:12:22.481+0000] {sql.py:450} INFO - Running statement: INSERT INTO cities(name) VALUES ('South Christy') ON CONFLICT DO NOTHING;, parameters: None
[2024-02-18T03:12:22.486+0000] {sql.py:459} INFO - Rows affected: 0
[2024-02-18T03:12:22.535+0000] {base.py:83} INFO - Using connection ID 'mysql_connection' for task execution.
[2024-02-18T03:12:22.552+0000] {sql.py:450} INFO - Running statement: INSERT IGNORE INTO cities(name) VALUES ('South Elvis');, parameters: None
[2024-02-18T03:12:22.582+0000] {sql.py:459} INFO - Rows affected: 0
[2024-02-18T03:12:22.624+0000] {base.py:83} INFO - Using connection ID 'postgres_connection' for task execution.
[2024-02-18T03:12:22.632+0000] {sql.py:450} INFO - Running statement: INSERT INTO cities(name) VALUES ('South Elvis') ON CONFLICT DO NOTHING;, parameters: None
[2024-02-18T03:12:22.643+0000] {sql.py:459} INFO - Rows affected: 0
[2024-02-18T03:12:22.663+0000] {base.py:83} INFO - Using connection ID 'mysql_connection' for task execution.
[2024-02-18T03:12:22.692+0000] {sql.py:450} INFO - Running statement: INSERT IGNORE INTO cities(name) VALUES ('Wisokyburgh');, parameters: None
[2024-02-18T03:12:22.708+0000] {sql.py:459} INFO - Rows affected: 0
[2024-02-18T03:12:22.737+0000] {base.py:83} INFO - Using connection ID 'postgres_connection' for task execution.
[2024-02-18T03:12:22.745+0000] {sql.py:450} INFO - Running statement: INSERT INTO cities(name) VALUES ('Wisokyburgh') ON CONFLICT DO NOTHING;, parameters: None
[2024-02-18T03:12:22.748+0000] {sql.py:459} INFO - Rows affected: 0
[2024-02-18T03:12:22.770+0000] {base.py:83} INFO - Using connection ID 'mysql_connection' for task execution.
[2024-02-18T03:12:22.780+0000] {sql.py:450} INFO - Running statement: INSERT IGNORE INTO cities(name) VALUES ('Aliyaview');, parameters: None
[2024-02-18T03:12:22.794+0000] {sql.py:459} INFO - Rows affected: 0
[2024-02-18T03:12:22.827+0000] {base.py:83} INFO - Using connection ID 'postgres_connection' for task execution.
[2024-02-18T03:12:22.836+0000] {sql.py:450} INFO - Running statement: INSERT INTO cities(name) VALUES ('Aliyaview') ON CONFLICT DO NOTHING;, parameters: None
[2024-02-18T03:12:22.839+0000] {sql.py:459} INFO - Rows affected: 0
[2024-02-18T03:12:22.858+0000] {base.py:83} INFO - Using connection ID 'mysql_connection' for task execution.
[2024-02-18T03:12:22.872+0000] {sql.py:450} INFO - Running statement: INSERT IGNORE INTO cities(name) VALUES ('Gwenborough');, parameters: None
[2024-02-18T03:12:22.887+0000] {sql.py:459} INFO - Rows affected: 0
[2024-02-18T03:12:22.911+0000] {base.py:83} INFO - Using connection ID 'postgres_connection' for task execution.
[2024-02-18T03:12:22.925+0000] {sql.py:450} INFO - Running statement: INSERT INTO cities(name) VALUES ('Gwenborough') ON CONFLICT DO NOTHING;, parameters: None
[2024-02-18T03:12:22.928+0000] {sql.py:459} INFO - Rows affected: 0
[2024-02-18T03:12:22.946+0000] {base.py:83} INFO - Using connection ID 'mysql_connection' for task execution.
[2024-02-18T03:12:22.956+0000] {sql.py:450} INFO - Running statement: INSERT IGNORE INTO cities(name) VALUES ('Bartholomebury');, parameters: None
[2024-02-18T03:12:22.968+0000] {sql.py:459} INFO - Rows affected: 0
[2024-02-18T03:12:22.989+0000] {base.py:83} INFO - Using connection ID 'postgres_connection' for task execution.
[2024-02-18T03:12:22.997+0000] {sql.py:450} INFO - Running statement: INSERT INTO cities(name) VALUES ('Bartholomebury') ON CONFLICT DO NOTHING;, parameters: None
[2024-02-18T03:12:23.002+0000] {sql.py:459} INFO - Rows affected: 0
[2024-02-18T03:12:23.019+0000] {base.py:83} INFO - Using connection ID 'mysql_connection' for task execution.
[2024-02-18T03:12:23.030+0000] {sql.py:450} INFO - Running statement: INSERT IGNORE INTO cities(name) VALUES ('Howemouth');, parameters: None
[2024-02-18T03:12:23.043+0000] {sql.py:459} INFO - Rows affected: 0
[2024-02-18T03:12:23.064+0000] {base.py:83} INFO - Using connection ID 'postgres_connection' for task execution.
[2024-02-18T03:12:23.074+0000] {sql.py:450} INFO - Running statement: INSERT INTO cities(name) VALUES ('Howemouth') ON CONFLICT DO NOTHING;, parameters: None
[2024-02-18T03:12:23.078+0000] {sql.py:459} INFO - Rows affected: 0
[2024-02-18T03:12:23.096+0000] {base.py:83} INFO - Using connection ID 'mysql_connection' for task execution.
[2024-02-18T03:12:23.108+0000] {sql.py:450} INFO - Running statement: INSERT IGNORE INTO cities(name) VALUES ('McKenziehaven');, parameters: None
[2024-02-18T03:12:23.118+0000] {sql.py:459} INFO - Rows affected: 0
[2024-02-18T03:12:23.137+0000] {base.py:83} INFO - Using connection ID 'postgres_connection' for task execution.
[2024-02-18T03:12:23.146+0000] {sql.py:450} INFO - Running statement: INSERT INTO cities(name) VALUES ('McKenziehaven') ON CONFLICT DO NOTHING;, parameters: None
[2024-02-18T03:12:23.158+0000] {sql.py:459} INFO - Rows affected: 0
[2024-02-18T03:12:23.160+0000] {python.py:201} INFO - Done. Returned value was: None
[2024-02-18T03:12:23.189+0000] {taskinstance.py:1138} INFO - Marking task as SUCCESS. dag_id=Read_and_load_of_API_to_MySQLDB, task_id=Load_cities_registers, execution_date=20240211T000000, start_date=20240218T031221, end_date=20240218T031223
[2024-02-18T03:12:23.281+0000] {local_task_job_runner.py:234} INFO - Task exited with return code 0
[2024-02-18T03:12:23.407+0000] {taskinstance.py:3280} INFO - 0 downstream tasks scheduled from follow-on schedule check
