[2024-02-18T04:53:32.923+0000] {taskinstance.py:1956} INFO - Dependencies all met for dep_context=non-requeueable deps ti=<TaskInstance: ETL_From_an_API_to_MySQL_Postgres_and_Redis.load_users_to_MySQL_and_Postgres scheduled__2024-01-07T00:00:00+00:00 [queued]>
[2024-02-18T04:53:32.941+0000] {taskinstance.py:1956} INFO - Dependencies all met for dep_context=requeueable deps ti=<TaskInstance: ETL_From_an_API_to_MySQL_Postgres_and_Redis.load_users_to_MySQL_and_Postgres scheduled__2024-01-07T00:00:00+00:00 [queued]>
[2024-02-18T04:53:32.943+0000] {taskinstance.py:2170} INFO - Starting attempt 1 of 6
[2024-02-18T04:53:32.972+0000] {taskinstance.py:2191} INFO - Executing <Task(_PythonDecoratedOperator): load_users_to_MySQL_and_Postgres> on 2024-01-07 00:00:00+00:00
[2024-02-18T04:53:32.979+0000] {standard_task_runner.py:60} INFO - Started process 6269 to run task
[2024-02-18T04:53:32.983+0000] {standard_task_runner.py:87} INFO - Running: ['***', 'tasks', 'run', 'ETL_From_an_API_to_MySQL_Postgres_and_Redis', 'load_users_to_MySQL_and_Postgres', 'scheduled__2024-01-07T00:00:00+00:00', '--job-id', '682', '--raw', '--subdir', 'DAGS_FOLDER/CRM.py', '--cfg-path', '/tmp/tmposxpks2v']
[2024-02-18T04:53:32.986+0000] {standard_task_runner.py:88} INFO - Job 682: Subtask load_users_to_MySQL_and_Postgres
[2024-02-18T04:53:33.072+0000] {task_command.py:423} INFO - Running <TaskInstance: ETL_From_an_API_to_MySQL_Postgres_and_Redis.load_users_to_MySQL_and_Postgres scheduled__2024-01-07T00:00:00+00:00 [running]> on host 091c4b0f3ebe
[2024-02-18T04:53:33.221+0000] {taskinstance.py:2480} INFO - Exporting env vars: AIRFLOW_CTX_DAG_OWNER='jmoc' AIRFLOW_CTX_DAG_ID='ETL_From_an_API_to_MySQL_Postgres_and_Redis' AIRFLOW_CTX_TASK_ID='load_users_to_MySQL_and_Postgres' AIRFLOW_CTX_EXECUTION_DATE='2024-01-07T00:00:00+00:00' AIRFLOW_CTX_TRY_NUMBER='1' AIRFLOW_CTX_DAG_RUN_ID='scheduled__2024-01-07T00:00:00+00:00'
[2024-02-18T04:53:33.263+0000] {base.py:83} INFO - Using connection ID 'mysql_connection' for task execution.
[2024-02-18T04:53:33.280+0000] {sql.py:450} INFO - Running statement: SELECT id FROM cities WHERE name = 'Gwenborough';, parameters: None
[2024-02-18T04:53:33.282+0000] {sql.py:459} INFO - Rows affected: 1
[2024-02-18T04:53:33.297+0000] {base.py:83} INFO - Using connection ID 'mysql_connection' for task execution.
[2024-02-18T04:53:33.307+0000] {sql.py:450} INFO - Running statement: SELECT id FROM companies WHERE name = 'Romaguera-Crona';, parameters: None
[2024-02-18T04:53:33.309+0000] {sql.py:459} INFO - Rows affected: 1
[2024-02-18T04:53:33.326+0000] {base.py:83} INFO - Using connection ID 'mysql_connection' for task execution.
[2024-02-18T04:53:33.332+0000] {sql.py:450} INFO - Running statement: INSERT IGNORE INTO users(name, username, email, address, city_id, zipcode, latitud, longitud, phone, website, company_id) VALUES ('Leanne Graham','Bret','Sincere@april.biz','Kulas Light Apt. 556','7','92998-3874','-37.3159','81.1496','1-770-736-8031 x56442','hildegard.org','1');, parameters: None
[2024-02-18T04:53:33.334+0000] {sql.py:459} INFO - Rows affected: 0
[2024-02-18T04:53:33.351+0000] {base.py:83} INFO - Using connection ID 'postgres_connection' for task execution.
[2024-02-18T04:53:33.360+0000] {sql.py:450} INFO - Running statement: INSERT INTO users (name, username, email, address, city_id, zipcode, latitud, longitud, phone, website, company_id) VALUES ('Leanne Graham','Bret','Sincere@april.biz','Kulas Light Apt. 556','7','92998-3874','-37.3159','81.1496','1-770-736-8031 x56442','hildegard.org','1') ON CONFLICT (email) DO NOTHING;, parameters: None
[2024-02-18T04:53:33.363+0000] {sql.py:459} INFO - Rows affected: 0
[2024-02-18T04:53:33.388+0000] {base.py:83} INFO - Using connection ID 'mysql_connection' for task execution.
[2024-02-18T04:53:33.410+0000] {sql.py:450} INFO - Running statement: SELECT id FROM cities WHERE name = 'Wisokyburgh';, parameters: None
[2024-02-18T04:53:33.415+0000] {sql.py:459} INFO - Rows affected: 1
[2024-02-18T04:53:33.437+0000] {base.py:83} INFO - Using connection ID 'mysql_connection' for task execution.
[2024-02-18T04:53:33.450+0000] {sql.py:450} INFO - Running statement: SELECT id FROM companies WHERE name = 'Deckow-Crist';, parameters: None
[2024-02-18T04:53:33.454+0000] {sql.py:459} INFO - Rows affected: 1
[2024-02-18T04:53:33.476+0000] {base.py:83} INFO - Using connection ID 'mysql_connection' for task execution.
[2024-02-18T04:53:33.490+0000] {sql.py:450} INFO - Running statement: INSERT IGNORE INTO users(name, username, email, address, city_id, zipcode, latitud, longitud, phone, website, company_id) VALUES ('Ervin Howell','Antonette','Shanna@melissa.tv','Victor Plains Suite 879','5','90566-7771','-43.9509','-34.4618','010-692-6593 x09125','anastasia.net','2');, parameters: None
[2024-02-18T04:53:33.493+0000] {sql.py:459} INFO - Rows affected: 0
[2024-02-18T04:53:33.517+0000] {base.py:83} INFO - Using connection ID 'postgres_connection' for task execution.
[2024-02-18T04:53:33.531+0000] {sql.py:450} INFO - Running statement: INSERT INTO users (name, username, email, address, city_id, zipcode, latitud, longitud, phone, website, company_id) VALUES ('Ervin Howell','Antonette','Shanna@melissa.tv','Victor Plains Suite 879','5','90566-7771','-43.9509','-34.4618','010-692-6593 x09125','anastasia.net','2') ON CONFLICT (email) DO NOTHING;, parameters: None
[2024-02-18T04:53:33.539+0000] {sql.py:459} INFO - Rows affected: 0
[2024-02-18T04:53:33.559+0000] {base.py:83} INFO - Using connection ID 'mysql_connection' for task execution.
[2024-02-18T04:53:33.570+0000] {sql.py:450} INFO - Running statement: SELECT id FROM cities WHERE name = 'McKenziehaven';, parameters: None
[2024-02-18T04:53:33.572+0000] {sql.py:459} INFO - Rows affected: 1
[2024-02-18T04:53:33.586+0000] {base.py:83} INFO - Using connection ID 'mysql_connection' for task execution.
[2024-02-18T04:53:33.590+0000] {sql.py:450} INFO - Running statement: SELECT id FROM companies WHERE name = 'Romaguera-Jacobson';, parameters: None
[2024-02-18T04:53:33.592+0000] {sql.py:459} INFO - Rows affected: 1
[2024-02-18T04:53:33.605+0000] {base.py:83} INFO - Using connection ID 'mysql_connection' for task execution.
[2024-02-18T04:53:33.614+0000] {sql.py:450} INFO - Running statement: INSERT IGNORE INTO users(name, username, email, address, city_id, zipcode, latitud, longitud, phone, website, company_id) VALUES ('Clementine Bauch','Samantha','Nathan@yesenia.net','Douglas Extension Suite 847','10','59590-4157','-68.6102','-47.0653','1-463-123-4447','ramiro.info','3');, parameters: None
[2024-02-18T04:53:33.616+0000] {sql.py:459} INFO - Rows affected: 0
[2024-02-18T04:53:33.641+0000] {base.py:83} INFO - Using connection ID 'postgres_connection' for task execution.
[2024-02-18T04:53:33.648+0000] {sql.py:450} INFO - Running statement: INSERT INTO users (name, username, email, address, city_id, zipcode, latitud, longitud, phone, website, company_id) VALUES ('Clementine Bauch','Samantha','Nathan@yesenia.net','Douglas Extension Suite 847','10','59590-4157','-68.6102','-47.0653','1-463-123-4447','ramiro.info','3') ON CONFLICT (email) DO NOTHING;, parameters: None
[2024-02-18T04:53:33.652+0000] {sql.py:459} INFO - Rows affected: 0
[2024-02-18T04:53:33.679+0000] {base.py:83} INFO - Using connection ID 'mysql_connection' for task execution.
[2024-02-18T04:53:33.687+0000] {sql.py:450} INFO - Running statement: SELECT id FROM cities WHERE name = 'South Elvis';, parameters: None
[2024-02-18T04:53:33.699+0000] {sql.py:459} INFO - Rows affected: 1
[2024-02-18T04:53:33.715+0000] {base.py:83} INFO - Using connection ID 'mysql_connection' for task execution.
[2024-02-18T04:53:33.727+0000] {sql.py:450} INFO - Running statement: SELECT id FROM companies WHERE name = 'Robel-Corkery';, parameters: None
[2024-02-18T04:53:33.731+0000] {sql.py:459} INFO - Rows affected: 1
[2024-02-18T04:53:33.752+0000] {base.py:83} INFO - Using connection ID 'mysql_connection' for task execution.
[2024-02-18T04:53:33.759+0000] {sql.py:450} INFO - Running statement: INSERT IGNORE INTO users(name, username, email, address, city_id, zipcode, latitud, longitud, phone, website, company_id) VALUES ('Patricia Lebsack','Karianne','Julianne.OConner@kory.org','Hoeger Mall Apt. 692','4','53919-4257','29.4572','-164.2990','493-170-9623 x156','kale.biz','4');, parameters: None
[2024-02-18T04:53:33.762+0000] {sql.py:459} INFO - Rows affected: 0
[2024-02-18T04:53:33.783+0000] {base.py:83} INFO - Using connection ID 'postgres_connection' for task execution.
[2024-02-18T04:53:33.792+0000] {sql.py:450} INFO - Running statement: INSERT INTO users (name, username, email, address, city_id, zipcode, latitud, longitud, phone, website, company_id) VALUES ('Patricia Lebsack','Karianne','Julianne.OConner@kory.org','Hoeger Mall Apt. 692','4','53919-4257','29.4572','-164.2990','493-170-9623 x156','kale.biz','4') ON CONFLICT (email) DO NOTHING;, parameters: None
[2024-02-18T04:53:33.797+0000] {sql.py:459} INFO - Rows affected: 0
[2024-02-18T04:53:33.813+0000] {base.py:83} INFO - Using connection ID 'mysql_connection' for task execution.
[2024-02-18T04:53:33.821+0000] {sql.py:450} INFO - Running statement: SELECT id FROM cities WHERE name = 'Roscoeview';, parameters: None
[2024-02-18T04:53:33.823+0000] {sql.py:459} INFO - Rows affected: 1
[2024-02-18T04:53:33.838+0000] {base.py:83} INFO - Using connection ID 'mysql_connection' for task execution.
[2024-02-18T04:53:33.850+0000] {sql.py:450} INFO - Running statement: SELECT id FROM companies WHERE name = 'Keebler LLC';, parameters: None
[2024-02-18T04:53:33.860+0000] {sql.py:459} INFO - Rows affected: 1
[2024-02-18T04:53:33.873+0000] {base.py:83} INFO - Using connection ID 'mysql_connection' for task execution.
[2024-02-18T04:53:33.880+0000] {sql.py:450} INFO - Running statement: INSERT IGNORE INTO users(name, username, email, address, city_id, zipcode, latitud, longitud, phone, website, company_id) VALUES ('Chelsey Dietrich','Kamren','Lucio_Hettinger@annie.ca','Skiles Walks Suite 351','1','33263','-31.8129','62.5342','(254)954-1289','demarco.info','5');, parameters: None
[2024-02-18T04:53:33.883+0000] {sql.py:459} INFO - Rows affected: 0
[2024-02-18T04:53:33.907+0000] {base.py:83} INFO - Using connection ID 'postgres_connection' for task execution.
[2024-02-18T04:53:33.915+0000] {sql.py:450} INFO - Running statement: INSERT INTO users (name, username, email, address, city_id, zipcode, latitud, longitud, phone, website, company_id) VALUES ('Chelsey Dietrich','Kamren','Lucio_Hettinger@annie.ca','Skiles Walks Suite 351','1','33263','-31.8129','62.5342','(254)954-1289','demarco.info','5') ON CONFLICT (email) DO NOTHING;, parameters: None
[2024-02-18T04:53:33.918+0000] {sql.py:459} INFO - Rows affected: 0
[2024-02-18T04:53:33.963+0000] {base.py:83} INFO - Using connection ID 'mysql_connection' for task execution.
[2024-02-18T04:53:33.970+0000] {sql.py:450} INFO - Running statement: SELECT id FROM cities WHERE name = 'South Christy';, parameters: None
[2024-02-18T04:53:33.973+0000] {sql.py:459} INFO - Rows affected: 1
[2024-02-18T04:53:33.990+0000] {base.py:83} INFO - Using connection ID 'mysql_connection' for task execution.
[2024-02-18T04:53:33.994+0000] {sql.py:450} INFO - Running statement: SELECT id FROM companies WHERE name = 'Considine-Lockman';, parameters: None
[2024-02-18T04:53:33.996+0000] {sql.py:459} INFO - Rows affected: 1
[2024-02-18T04:53:34.026+0000] {base.py:83} INFO - Using connection ID 'mysql_connection' for task execution.
[2024-02-18T04:53:34.033+0000] {sql.py:450} INFO - Running statement: INSERT IGNORE INTO users(name, username, email, address, city_id, zipcode, latitud, longitud, phone, website, company_id) VALUES ('Mrs. Dennis Schulist','Leopoldo_Corkery','Karley_Dach@jasper.info','Norberto Crossing Apt. 950','3','23505-1337','-71.4197','71.7478','1-477-935-8478 x6430','ola.org','6');, parameters: None
[2024-02-18T04:53:34.036+0000] {sql.py:459} INFO - Rows affected: 0
[2024-02-18T04:53:34.061+0000] {base.py:83} INFO - Using connection ID 'postgres_connection' for task execution.
[2024-02-18T04:53:34.073+0000] {sql.py:450} INFO - Running statement: INSERT INTO users (name, username, email, address, city_id, zipcode, latitud, longitud, phone, website, company_id) VALUES ('Mrs. Dennis Schulist','Leopoldo_Corkery','Karley_Dach@jasper.info','Norberto Crossing Apt. 950','3','23505-1337','-71.4197','71.7478','1-477-935-8478 x6430','ola.org','6') ON CONFLICT (email) DO NOTHING;, parameters: None
[2024-02-18T04:53:34.078+0000] {sql.py:459} INFO - Rows affected: 0
[2024-02-18T04:53:34.102+0000] {base.py:83} INFO - Using connection ID 'mysql_connection' for task execution.
[2024-02-18T04:53:34.110+0000] {sql.py:450} INFO - Running statement: SELECT id FROM cities WHERE name = 'Howemouth';, parameters: None
[2024-02-18T04:53:34.112+0000] {sql.py:459} INFO - Rows affected: 1
[2024-02-18T04:53:34.128+0000] {base.py:83} INFO - Using connection ID 'mysql_connection' for task execution.
[2024-02-18T04:53:34.138+0000] {sql.py:450} INFO - Running statement: SELECT id FROM companies WHERE name = 'Johns Group';, parameters: None
[2024-02-18T04:53:34.142+0000] {sql.py:459} INFO - Rows affected: 1
[2024-02-18T04:53:34.158+0000] {base.py:83} INFO - Using connection ID 'mysql_connection' for task execution.
[2024-02-18T04:53:34.163+0000] {sql.py:450} INFO - Running statement: INSERT IGNORE INTO users(name, username, email, address, city_id, zipcode, latitud, longitud, phone, website, company_id) VALUES ('Kurtis Weissnat','Elwyn.Skiles','Telly.Hoeger@billy.biz','Rex Trail Suite 280','9','58804-1099','24.8918','21.8984','210.067.6132','elvis.io','7');, parameters: None
[2024-02-18T04:53:34.166+0000] {sql.py:459} INFO - Rows affected: 0
[2024-02-18T04:53:34.186+0000] {base.py:83} INFO - Using connection ID 'postgres_connection' for task execution.
[2024-02-18T04:53:34.198+0000] {sql.py:450} INFO - Running statement: INSERT INTO users (name, username, email, address, city_id, zipcode, latitud, longitud, phone, website, company_id) VALUES ('Kurtis Weissnat','Elwyn.Skiles','Telly.Hoeger@billy.biz','Rex Trail Suite 280','9','58804-1099','24.8918','21.8984','210.067.6132','elvis.io','7') ON CONFLICT (email) DO NOTHING;, parameters: None
[2024-02-18T04:53:34.200+0000] {sql.py:459} INFO - Rows affected: 0
[2024-02-18T04:53:34.222+0000] {base.py:83} INFO - Using connection ID 'mysql_connection' for task execution.
[2024-02-18T04:53:34.236+0000] {sql.py:450} INFO - Running statement: SELECT id FROM cities WHERE name = 'Aliyaview';, parameters: None
[2024-02-18T04:53:34.246+0000] {sql.py:459} INFO - Rows affected: 1
[2024-02-18T04:53:34.260+0000] {base.py:83} INFO - Using connection ID 'mysql_connection' for task execution.
[2024-02-18T04:53:34.269+0000] {sql.py:450} INFO - Running statement: SELECT id FROM companies WHERE name = 'Abernathy Group';, parameters: None
[2024-02-18T04:53:34.277+0000] {sql.py:459} INFO - Rows affected: 1
[2024-02-18T04:53:34.314+0000] {base.py:83} INFO - Using connection ID 'mysql_connection' for task execution.
[2024-02-18T04:53:34.322+0000] {sql.py:450} INFO - Running statement: INSERT IGNORE INTO users(name, username, email, address, city_id, zipcode, latitud, longitud, phone, website, company_id) VALUES ('Nicholas Runolfsdottir V','Maxime_Nienow','Sherwood@rosamond.me','Ellsworth Summit Suite 729','6','45169','-14.3990','-120.7677','586.493.6943 x140','jacynthe.com','8');, parameters: None
[2024-02-18T04:53:34.324+0000] {sql.py:459} INFO - Rows affected: 0
[2024-02-18T04:53:34.347+0000] {base.py:83} INFO - Using connection ID 'postgres_connection' for task execution.
[2024-02-18T04:53:34.357+0000] {sql.py:450} INFO - Running statement: INSERT INTO users (name, username, email, address, city_id, zipcode, latitud, longitud, phone, website, company_id) VALUES ('Nicholas Runolfsdottir V','Maxime_Nienow','Sherwood@rosamond.me','Ellsworth Summit Suite 729','6','45169','-14.3990','-120.7677','586.493.6943 x140','jacynthe.com','8') ON CONFLICT (email) DO NOTHING;, parameters: None
[2024-02-18T04:53:34.360+0000] {sql.py:459} INFO - Rows affected: 0
[2024-02-18T04:53:34.379+0000] {base.py:83} INFO - Using connection ID 'mysql_connection' for task execution.
[2024-02-18T04:53:34.388+0000] {sql.py:450} INFO - Running statement: SELECT id FROM cities WHERE name = 'Bartholomebury';, parameters: None
[2024-02-18T04:53:34.390+0000] {sql.py:459} INFO - Rows affected: 1
[2024-02-18T04:53:34.407+0000] {base.py:83} INFO - Using connection ID 'mysql_connection' for task execution.
[2024-02-18T04:53:34.424+0000] {sql.py:450} INFO - Running statement: SELECT id FROM companies WHERE name = 'Yost and Sons';, parameters: None
[2024-02-18T04:53:34.428+0000] {sql.py:459} INFO - Rows affected: 1
[2024-02-18T04:53:34.479+0000] {base.py:83} INFO - Using connection ID 'mysql_connection' for task execution.
[2024-02-18T04:53:34.507+0000] {sql.py:450} INFO - Running statement: INSERT IGNORE INTO users(name, username, email, address, city_id, zipcode, latitud, longitud, phone, website, company_id) VALUES ('Glenna Reichert','Delphine','Chaim_McDermott@dana.io','Dayna Park Suite 449','8','76495-3109','24.6463','-168.8889','(775)976-6794 x41206','conrad.com','9');, parameters: None
[2024-02-18T04:53:34.511+0000] {sql.py:459} INFO - Rows affected: 0
[2024-02-18T04:53:34.531+0000] {base.py:83} INFO - Using connection ID 'postgres_connection' for task execution.
[2024-02-18T04:53:34.562+0000] {sql.py:450} INFO - Running statement: INSERT INTO users (name, username, email, address, city_id, zipcode, latitud, longitud, phone, website, company_id) VALUES ('Glenna Reichert','Delphine','Chaim_McDermott@dana.io','Dayna Park Suite 449','8','76495-3109','24.6463','-168.8889','(775)976-6794 x41206','conrad.com','9') ON CONFLICT (email) DO NOTHING;, parameters: None
[2024-02-18T04:53:34.570+0000] {sql.py:459} INFO - Rows affected: 0
[2024-02-18T04:53:34.586+0000] {base.py:83} INFO - Using connection ID 'mysql_connection' for task execution.
[2024-02-18T04:53:34.594+0000] {sql.py:450} INFO - Running statement: SELECT id FROM cities WHERE name = 'Lebsackbury';, parameters: None
[2024-02-18T04:53:34.597+0000] {sql.py:459} INFO - Rows affected: 1
[2024-02-18T04:53:34.616+0000] {base.py:83} INFO - Using connection ID 'mysql_connection' for task execution.
[2024-02-18T04:53:34.625+0000] {sql.py:450} INFO - Running statement: SELECT id FROM companies WHERE name = 'Hoeger LLC';, parameters: None
[2024-02-18T04:53:34.627+0000] {sql.py:459} INFO - Rows affected: 1
[2024-02-18T04:53:34.651+0000] {base.py:83} INFO - Using connection ID 'mysql_connection' for task execution.
[2024-02-18T04:53:34.660+0000] {sql.py:450} INFO - Running statement: INSERT IGNORE INTO users(name, username, email, address, city_id, zipcode, latitud, longitud, phone, website, company_id) VALUES ('Clementina DuBuque','Moriah.Stanton','Rey.Padberg@karina.biz','Kattie Turnpike Suite 198','2','31428-2261','-38.2386','57.2232','024-648-3804','ambrose.net','10');, parameters: None
[2024-02-18T04:53:34.663+0000] {sql.py:459} INFO - Rows affected: 0
[2024-02-18T04:53:34.693+0000] {base.py:83} INFO - Using connection ID 'postgres_connection' for task execution.
[2024-02-18T04:53:34.720+0000] {sql.py:450} INFO - Running statement: INSERT INTO users (name, username, email, address, city_id, zipcode, latitud, longitud, phone, website, company_id) VALUES ('Clementina DuBuque','Moriah.Stanton','Rey.Padberg@karina.biz','Kattie Turnpike Suite 198','2','31428-2261','-38.2386','57.2232','024-648-3804','ambrose.net','10') ON CONFLICT (email) DO NOTHING;, parameters: None
[2024-02-18T04:53:34.730+0000] {sql.py:459} INFO - Rows affected: 0
[2024-02-18T04:53:34.732+0000] {python.py:201} INFO - Done. Returned value was: None
[2024-02-18T04:53:34.761+0000] {taskinstance.py:1138} INFO - Marking task as SUCCESS. dag_id=ETL_From_an_API_to_MySQL_Postgres_and_Redis, task_id=load_users_to_MySQL_and_Postgres, execution_date=20240107T000000, start_date=20240218T045332, end_date=20240218T045334
[2024-02-18T04:53:34.868+0000] {local_task_job_runner.py:234} INFO - Task exited with return code 0
[2024-02-18T04:53:34.946+0000] {taskinstance.py:3280} INFO - 1 downstream tasks scheduled from follow-on schedule check
