[2024-02-06T19:19:18.632+0000] {taskinstance.py:1956} INFO - Dependencies all met for dep_context=non-requeueable deps ti=<TaskInstance: Read_and_load_of_API_to_MySQLDB.Load_companies_registers manual__2024-02-06T03:05:04.018386+00:00 [queued]>
[2024-02-06T19:19:18.672+0000] {taskinstance.py:1956} INFO - Dependencies all met for dep_context=requeueable deps ti=<TaskInstance: Read_and_load_of_API_to_MySQLDB.Load_companies_registers manual__2024-02-06T03:05:04.018386+00:00 [queued]>
[2024-02-06T19:19:18.674+0000] {taskinstance.py:2170} INFO - Starting attempt 6 of 11
[2024-02-06T19:19:18.716+0000] {taskinstance.py:2191} INFO - Executing <Task(_PythonDecoratedOperator): Load_companies_registers> on 2024-02-06 03:05:04.018386+00:00
[2024-02-06T19:19:18.729+0000] {standard_task_runner.py:60} INFO - Started process 948 to run task
[2024-02-06T19:19:18.735+0000] {standard_task_runner.py:87} INFO - Running: ['***', 'tasks', 'run', 'Read_and_load_of_API_to_MySQLDB', 'Load_companies_registers', 'manual__2024-02-06T03:05:04.018386+00:00', '--job-id', '186', '--raw', '--subdir', 'DAGS_FOLDER/CRM.py', '--cfg-path', '/tmp/tmp5esxudul']
[2024-02-06T19:19:18.742+0000] {standard_task_runner.py:88} INFO - Job 186: Subtask Load_companies_registers
[2024-02-06T19:19:18.852+0000] {task_command.py:423} INFO - Running <TaskInstance: Read_and_load_of_API_to_MySQLDB.Load_companies_registers manual__2024-02-06T03:05:04.018386+00:00 [running]> on host 648978c3a8b9
[2024-02-06T19:19:19.070+0000] {taskinstance.py:2480} INFO - Exporting env vars: AIRFLOW_CTX_DAG_OWNER='jmoc' AIRFLOW_CTX_DAG_ID='Read_and_load_of_API_to_MySQLDB' AIRFLOW_CTX_TASK_ID='Load_companies_registers' AIRFLOW_CTX_EXECUTION_DATE='2024-02-06T03:05:04.018386+00:00' AIRFLOW_CTX_TRY_NUMBER='6' AIRFLOW_CTX_DAG_RUN_ID='manual__2024-02-06T03:05:04.018386+00:00'
[2024-02-06T19:19:19.129+0000] {base.py:83} INFO - Using connection ID 'mysql_connection' for task execution.
[2024-02-06T19:19:19.147+0000] {sql.py:450} INFO - Running statement: INSERT IGNORE INTO ***_PI.companies(name, catchPhrase, bs) VALUES ('Romaguera-Crona','Multi-layered client-server neural-net', 'harness real-time e-markets'), parameters: None
[2024-02-06T19:19:19.162+0000] {sql.py:459} INFO - Rows affected: 0
[2024-02-06T19:19:19.203+0000] {base.py:83} INFO - Using connection ID 'mysql_connection' for task execution.
[2024-02-06T19:19:19.212+0000] {sql.py:450} INFO - Running statement: INSERT IGNORE INTO ***_PI.companies(name, catchPhrase, bs) VALUES ('Deckow-Crist','Proactive didactic contingency', 'synergize scalable supply-chains'), parameters: None
[2024-02-06T19:19:19.219+0000] {sql.py:459} INFO - Rows affected: 0
[2024-02-06T19:19:19.262+0000] {base.py:83} INFO - Using connection ID 'mysql_connection' for task execution.
[2024-02-06T19:19:19.277+0000] {sql.py:450} INFO - Running statement: INSERT IGNORE INTO ***_PI.companies(name, catchPhrase, bs) VALUES ('Romaguera-Jacobson','Face to face bifurcated interface', 'e-enable strategic applications'), parameters: None
[2024-02-06T19:19:19.285+0000] {sql.py:459} INFO - Rows affected: 0
[2024-02-06T19:19:19.323+0000] {base.py:83} INFO - Using connection ID 'mysql_connection' for task execution.
[2024-02-06T19:19:19.336+0000] {sql.py:450} INFO - Running statement: INSERT IGNORE INTO ***_PI.companies(name, catchPhrase, bs) VALUES ('Robel-Corkery','Multi-tiered zero tolerance productivity', 'transition cutting-edge web services'), parameters: None
[2024-02-06T19:19:19.343+0000] {sql.py:459} INFO - Rows affected: 0
[2024-02-06T19:19:19.384+0000] {base.py:83} INFO - Using connection ID 'mysql_connection' for task execution.
[2024-02-06T19:19:19.414+0000] {sql.py:450} INFO - Running statement: INSERT IGNORE INTO ***_PI.companies(name, catchPhrase, bs) VALUES ('Keebler LLC','User-centric fault-tolerant solution', 'revolutionize end-to-end systems'), parameters: None
[2024-02-06T19:19:19.439+0000] {sql.py:459} INFO - Rows affected: 0
[2024-02-06T19:19:19.481+0000] {base.py:83} INFO - Using connection ID 'mysql_connection' for task execution.
[2024-02-06T19:19:19.514+0000] {sql.py:450} INFO - Running statement: INSERT IGNORE INTO ***_PI.companies(name, catchPhrase, bs) VALUES ('Considine-Lockman','Synchronised bottom-line interface', 'e-enable innovative applications'), parameters: None
[2024-02-06T19:19:19.522+0000] {sql.py:459} INFO - Rows affected: 0
[2024-02-06T19:19:19.549+0000] {base.py:83} INFO - Using connection ID 'mysql_connection' for task execution.
[2024-02-06T19:19:19.561+0000] {sql.py:450} INFO - Running statement: INSERT IGNORE INTO ***_PI.companies(name, catchPhrase, bs) VALUES ('Johns Group','Configurable multimedia task-force', 'generate enterprise e-tailers'), parameters: None
[2024-02-06T19:19:19.566+0000] {sql.py:459} INFO - Rows affected: 0
[2024-02-06T19:19:19.589+0000] {base.py:83} INFO - Using connection ID 'mysql_connection' for task execution.
[2024-02-06T19:19:19.615+0000] {sql.py:450} INFO - Running statement: INSERT IGNORE INTO ***_PI.companies(name, catchPhrase, bs) VALUES ('Abernathy Group','Implemented secondary concept', 'e-enable extensible e-tailers'), parameters: None
[2024-02-06T19:19:19.626+0000] {sql.py:459} INFO - Rows affected: 0
[2024-02-06T19:19:19.685+0000] {base.py:83} INFO - Using connection ID 'mysql_connection' for task execution.
[2024-02-06T19:19:19.713+0000] {sql.py:450} INFO - Running statement: INSERT IGNORE INTO ***_PI.companies(name, catchPhrase, bs) VALUES ('Yost and Sons','Switchable contextually-based project', 'aggregate real-time technologies'), parameters: None
[2024-02-06T19:19:19.726+0000] {sql.py:459} INFO - Rows affected: 0
[2024-02-06T19:19:19.766+0000] {base.py:83} INFO - Using connection ID 'mysql_connection' for task execution.
[2024-02-06T19:19:19.780+0000] {sql.py:450} INFO - Running statement: INSERT IGNORE INTO ***_PI.companies(name, catchPhrase, bs) VALUES ('Hoeger LLC','Centralized empowering task-force', 'target end-to-end models'), parameters: None
[2024-02-06T19:19:19.784+0000] {sql.py:459} INFO - Rows affected: 0
[2024-02-06T19:19:19.798+0000] {python.py:201} INFO - Done. Returned value was: None
[2024-02-06T19:19:19.836+0000] {taskinstance.py:1138} INFO - Marking task as SUCCESS. dag_id=Read_and_load_of_API_to_MySQLDB, task_id=Load_companies_registers, execution_date=20240206T030504, start_date=20240206T191918, end_date=20240206T191919
[2024-02-06T19:19:19.927+0000] {local_task_job_runner.py:234} INFO - Task exited with return code 0
[2024-02-06T19:19:20.016+0000] {taskinstance.py:3280} INFO - 1 downstream tasks scheduled from follow-on schedule check
