[2024-02-06T03:20:36.923+0000] {taskinstance.py:1956} INFO - Dependencies all met for dep_context=non-requeueable deps ti=<TaskInstance: Read_and_load_of_API_to_MySQLDB.Load_companies_registers manual__2024-02-06T03:05:04.018386+00:00 [queued]>
[2024-02-06T03:20:37.005+0000] {taskinstance.py:1956} INFO - Dependencies all met for dep_context=requeueable deps ti=<TaskInstance: Read_and_load_of_API_to_MySQLDB.Load_companies_registers manual__2024-02-06T03:05:04.018386+00:00 [queued]>
[2024-02-06T03:20:37.019+0000] {taskinstance.py:2170} INFO - Starting attempt 3 of 8
[2024-02-06T03:20:37.176+0000] {taskinstance.py:2191} INFO - Executing <Task(_PythonDecoratedOperator): Load_companies_registers> on 2024-02-06 03:05:04.018386+00:00
[2024-02-06T03:20:37.278+0000] {standard_task_runner.py:60} INFO - Started process 1737 to run task
[2024-02-06T03:20:37.324+0000] {standard_task_runner.py:87} INFO - Running: ['***', 'tasks', 'run', 'Read_and_load_of_API_to_MySQLDB', 'Load_companies_registers', 'manual__2024-02-06T03:05:04.018386+00:00', '--job-id', '150', '--raw', '--subdir', 'DAGS_FOLDER/CRM.py', '--cfg-path', '/tmp/tmpdumfwfol']
[2024-02-06T03:20:37.355+0000] {standard_task_runner.py:88} INFO - Job 150: Subtask Load_companies_registers
[2024-02-06T03:20:37.726+0000] {task_command.py:423} INFO - Running <TaskInstance: Read_and_load_of_API_to_MySQLDB.Load_companies_registers manual__2024-02-06T03:05:04.018386+00:00 [running]> on host 648978c3a8b9
[2024-02-06T03:20:38.538+0000] {taskinstance.py:2480} INFO - Exporting env vars: AIRFLOW_CTX_DAG_OWNER='jmoc' AIRFLOW_CTX_DAG_ID='Read_and_load_of_API_to_MySQLDB' AIRFLOW_CTX_TASK_ID='Load_companies_registers' AIRFLOW_CTX_EXECUTION_DATE='2024-02-06T03:05:04.018386+00:00' AIRFLOW_CTX_TRY_NUMBER='3' AIRFLOW_CTX_DAG_RUN_ID='manual__2024-02-06T03:05:04.018386+00:00'
[2024-02-06T03:20:38.946+0000] {base.py:83} INFO - Using connection ID 'mysql_connection' for task execution.
[2024-02-06T03:20:39.177+0000] {sql.py:450} INFO - Running statement: INSERT IGNORE INTO ***_PI.companies(name, catchPhrase, bs) VALUES ('Romaguera-Crona','Multi-layered client-server neural-net', 'harness real-time e-markets'), parameters: None
[2024-02-06T03:20:39.284+0000] {sql.py:459} INFO - Rows affected: 0
[2024-02-06T03:20:39.434+0000] {base.py:83} INFO - Using connection ID 'mysql_connection' for task execution.
[2024-02-06T03:20:39.514+0000] {sql.py:450} INFO - Running statement: INSERT IGNORE INTO ***_PI.companies(name, catchPhrase, bs) VALUES ('Deckow-Crist','Proactive didactic contingency', 'synergize scalable supply-chains'), parameters: None
[2024-02-06T03:20:39.548+0000] {sql.py:459} INFO - Rows affected: 0
[2024-02-06T03:20:39.710+0000] {base.py:83} INFO - Using connection ID 'mysql_connection' for task execution.
[2024-02-06T03:20:39.726+0000] {sql.py:450} INFO - Running statement: INSERT IGNORE INTO ***_PI.companies(name, catchPhrase, bs) VALUES ('Romaguera-Jacobson','Face to face bifurcated interface', 'e-enable strategic applications'), parameters: None
[2024-02-06T03:20:39.733+0000] {sql.py:459} INFO - Rows affected: 0
[2024-02-06T03:20:39.764+0000] {base.py:83} INFO - Using connection ID 'mysql_connection' for task execution.
[2024-02-06T03:20:39.794+0000] {sql.py:450} INFO - Running statement: INSERT IGNORE INTO ***_PI.companies(name, catchPhrase, bs) VALUES ('Robel-Corkery','Multi-tiered zero tolerance productivity', 'transition cutting-edge web services'), parameters: None
[2024-02-06T03:20:39.802+0000] {sql.py:459} INFO - Rows affected: 0
[2024-02-06T03:20:39.837+0000] {base.py:83} INFO - Using connection ID 'mysql_connection' for task execution.
[2024-02-06T03:20:39.853+0000] {sql.py:450} INFO - Running statement: INSERT IGNORE INTO ***_PI.companies(name, catchPhrase, bs) VALUES ('Keebler LLC','User-centric fault-tolerant solution', 'revolutionize end-to-end systems'), parameters: None
[2024-02-06T03:20:39.865+0000] {sql.py:459} INFO - Rows affected: 0
[2024-02-06T03:20:39.894+0000] {base.py:83} INFO - Using connection ID 'mysql_connection' for task execution.
[2024-02-06T03:20:39.904+0000] {sql.py:450} INFO - Running statement: INSERT IGNORE INTO ***_PI.companies(name, catchPhrase, bs) VALUES ('Considine-Lockman','Synchronised bottom-line interface', 'e-enable innovative applications'), parameters: None
[2024-02-06T03:20:39.912+0000] {sql.py:459} INFO - Rows affected: 0
[2024-02-06T03:20:39.939+0000] {base.py:83} INFO - Using connection ID 'mysql_connection' for task execution.
[2024-02-06T03:20:39.951+0000] {sql.py:450} INFO - Running statement: INSERT IGNORE INTO ***_PI.companies(name, catchPhrase, bs) VALUES ('Johns Group','Configurable multimedia task-force', 'generate enterprise e-tailers'), parameters: None
[2024-02-06T03:20:39.960+0000] {sql.py:459} INFO - Rows affected: 0
[2024-02-06T03:20:39.980+0000] {base.py:83} INFO - Using connection ID 'mysql_connection' for task execution.
[2024-02-06T03:20:39.993+0000] {sql.py:450} INFO - Running statement: INSERT IGNORE INTO ***_PI.companies(name, catchPhrase, bs) VALUES ('Abernathy Group','Implemented secondary concept', 'e-enable extensible e-tailers'), parameters: None
[2024-02-06T03:20:39.999+0000] {sql.py:459} INFO - Rows affected: 0
[2024-02-06T03:20:40.033+0000] {base.py:83} INFO - Using connection ID 'mysql_connection' for task execution.
[2024-02-06T03:20:40.045+0000] {sql.py:450} INFO - Running statement: INSERT IGNORE INTO ***_PI.companies(name, catchPhrase, bs) VALUES ('Yost and Sons','Switchable contextually-based project', 'aggregate real-time technologies'), parameters: None
[2024-02-06T03:20:40.049+0000] {sql.py:459} INFO - Rows affected: 0
[2024-02-06T03:20:40.070+0000] {base.py:83} INFO - Using connection ID 'mysql_connection' for task execution.
[2024-02-06T03:20:40.093+0000] {sql.py:450} INFO - Running statement: INSERT IGNORE INTO ***_PI.companies(name, catchPhrase, bs) VALUES ('Hoeger LLC','Centralized empowering task-force', 'target end-to-end models'), parameters: None
[2024-02-06T03:20:40.098+0000] {sql.py:459} INFO - Rows affected: 0
[2024-02-06T03:20:40.114+0000] {python.py:201} INFO - Done. Returned value was: None
[2024-02-06T03:20:40.144+0000] {taskinstance.py:1138} INFO - Marking task as SUCCESS. dag_id=Read_and_load_of_API_to_MySQLDB, task_id=Load_companies_registers, execution_date=20240206T030504, start_date=20240206T032036, end_date=20240206T032040
[2024-02-06T03:20:40.313+0000] {local_task_job_runner.py:234} INFO - Task exited with return code 0
[2024-02-06T03:20:40.406+0000] {taskinstance.py:3280} INFO - 0 downstream tasks scheduled from follow-on schedule check
