[2024-02-18T04:45:44.670+0000] {taskinstance.py:1956} INFO - Dependencies all met for dep_context=non-requeueable deps ti=<TaskInstance: ETL_From_an_API_to_MySQL_Postgres_and_Redis.companies_table_creation scheduled__2024-02-11T00:00:00+00:00 [queued]>
[2024-02-18T04:45:45.041+0000] {taskinstance.py:1956} INFO - Dependencies all met for dep_context=requeueable deps ti=<TaskInstance: ETL_From_an_API_to_MySQL_Postgres_and_Redis.companies_table_creation scheduled__2024-02-11T00:00:00+00:00 [queued]>
[2024-02-18T04:45:45.060+0000] {taskinstance.py:2170} INFO - Starting attempt 1 of 6
[2024-02-18T04:46:05.275+0000] {taskinstance.py:2191} INFO - Executing <Task(_PythonDecoratedOperator): companies_table_creation> on 2024-02-11 00:00:00+00:00
[2024-02-18T04:46:05.637+0000] {standard_task_runner.py:60} INFO - Started process 5924 to run task
[2024-02-18T04:46:06.601+0000] {standard_task_runner.py:87} INFO - Running: ['***', 'tasks', 'run', 'ETL_From_an_API_to_MySQL_Postgres_and_Redis', 'companies_table_creation', 'scheduled__2024-02-11T00:00:00+00:00', '--job-id', '595', '--raw', '--subdir', 'DAGS_FOLDER/CRM.py', '--cfg-path', '/tmp/tmprdmb2p2u']
[2024-02-18T04:46:06.897+0000] {standard_task_runner.py:88} INFO - Job 595: Subtask companies_table_creation
[2024-02-18T04:46:08.913+0000] {task_command.py:423} INFO - Running <TaskInstance: ETL_From_an_API_to_MySQL_Postgres_and_Redis.companies_table_creation scheduled__2024-02-11T00:00:00+00:00 [running]> on host 091c4b0f3ebe
[2024-02-18T04:46:11.282+0000] {taskinstance.py:2480} INFO - Exporting env vars: AIRFLOW_CTX_DAG_OWNER='jmoc' AIRFLOW_CTX_DAG_ID='ETL_From_an_API_to_MySQL_Postgres_and_Redis' AIRFLOW_CTX_TASK_ID='companies_table_creation' AIRFLOW_CTX_EXECUTION_DATE='2024-02-11T00:00:00+00:00' AIRFLOW_CTX_TRY_NUMBER='1' AIRFLOW_CTX_DAG_RUN_ID='scheduled__2024-02-11T00:00:00+00:00'
[2024-02-18T04:46:11.385+0000] {base.py:83} INFO - Using connection ID 'mysql_connection' for task execution.
[2024-02-18T04:46:11.633+0000] {sql.py:450} INFO - Running statement: 
            CREATE TABLE IF NOT EXISTS companies(
              id INT AUTO_INCREMENT  PRIMARY KEY NOT NULL,
              name VARCHAR(25) NOT NULL UNIQUE  ,
              catchPhrase VARCHAR(225) NOT NULL,
              bs VARCHAR(50) NOT NULL 
            );
            , parameters: None
[2024-02-18T04:46:11.643+0000] {sql.py:459} INFO - Rows affected: 0
[2024-02-18T04:46:11.804+0000] {base.py:83} INFO - Using connection ID 'postgres_connection' for task execution.
[2024-02-18T04:46:11.932+0000] {sql.py:450} INFO - Running statement: 
            CREATE TABLE IF NOT EXISTS companies(
              id BIGSERIAL PRIMARY KEY NOT NULL,
              name VARCHAR(25) NOT NULL UNIQUE  ,
              catchPhrase VARCHAR(225) NOT NULL,
              bs VARCHAR(50) NOT NULL 
            );
            , parameters: None
[2024-02-18T04:46:11.943+0000] {python.py:201} INFO - Done. Returned value was: None
[2024-02-18T04:46:12.013+0000] {taskinstance.py:1138} INFO - Marking task as SUCCESS. dag_id=ETL_From_an_API_to_MySQL_Postgres_and_Redis, task_id=companies_table_creation, execution_date=20240211T000000, start_date=20240218T044544, end_date=20240218T044612
[2024-02-18T04:46:12.331+0000] {local_task_job_runner.py:234} INFO - Task exited with return code 0
[2024-02-18T04:46:12.754+0000] {taskinstance.py:3280} INFO - 1 downstream tasks scheduled from follow-on schedule check
