[2024-02-18T04:38:13.340+0000] {taskinstance.py:1956} INFO - Dependencies all met for dep_context=non-requeueable deps ti=<TaskInstance: Read_and_load_of_API_to_MySQLDB.load_cities_to_MySQL_and_Postgres scheduled__2024-02-11T00:00:00+00:00 [queued]>
[2024-02-18T04:38:13.361+0000] {taskinstance.py:1956} INFO - Dependencies all met for dep_context=requeueable deps ti=<TaskInstance: Read_and_load_of_API_to_MySQLDB.load_cities_to_MySQL_and_Postgres scheduled__2024-02-11T00:00:00+00:00 [queued]>
[2024-02-18T04:38:13.363+0000] {taskinstance.py:2170} INFO - Starting attempt 2 of 7
[2024-02-18T04:38:13.397+0000] {taskinstance.py:2191} INFO - Executing <Task(_PythonDecoratedOperator): load_cities_to_MySQL_and_Postgres> on 2024-02-11 00:00:00+00:00
[2024-02-18T04:38:13.405+0000] {standard_task_runner.py:60} INFO - Started process 5736 to run task
[2024-02-18T04:38:13.410+0000] {standard_task_runner.py:87} INFO - Running: ['***', 'tasks', 'run', 'Read_and_load_of_API_to_MySQLDB', 'load_cities_to_MySQL_and_Postgres', 'scheduled__2024-02-11T00:00:00+00:00', '--job-id', '579', '--raw', '--subdir', 'DAGS_FOLDER/CRM.py', '--cfg-path', '/tmp/tmpq83i8dc1']
[2024-02-18T04:38:13.415+0000] {standard_task_runner.py:88} INFO - Job 579: Subtask load_cities_to_MySQL_and_Postgres
[2024-02-18T04:38:13.559+0000] {task_command.py:423} INFO - Running <TaskInstance: Read_and_load_of_API_to_MySQLDB.load_cities_to_MySQL_and_Postgres scheduled__2024-02-11T00:00:00+00:00 [running]> on host 091c4b0f3ebe
[2024-02-18T04:38:13.797+0000] {taskinstance.py:2480} INFO - Exporting env vars: AIRFLOW_CTX_DAG_OWNER='jmoc' AIRFLOW_CTX_DAG_ID='Read_and_load_of_API_to_MySQLDB' AIRFLOW_CTX_TASK_ID='load_cities_to_MySQL_and_Postgres' AIRFLOW_CTX_EXECUTION_DATE='2024-02-11T00:00:00+00:00' AIRFLOW_CTX_TRY_NUMBER='2' AIRFLOW_CTX_DAG_RUN_ID='scheduled__2024-02-11T00:00:00+00:00'
[2024-02-18T04:38:13.841+0000] {base.py:83} INFO - Using connection ID 'mysql_connection' for task execution.
[2024-02-18T04:38:13.862+0000] {sql.py:450} INFO - Running statement: INSERT IGNORE INTO cities(name) VALUES ('Roscoeview');, parameters: None
[2024-02-18T04:38:13.891+0000] {sql.py:459} INFO - Rows affected: 0
[2024-02-18T04:38:13.915+0000] {base.py:83} INFO - Using connection ID 'postgres_connection' for task execution.
[2024-02-18T04:38:13.934+0000] {sql.py:450} INFO - Running statement: INSERT INTO cities(name) VALUES ('Roscoeview') ON CONFLICT DO NOTHING;, parameters: None
[2024-02-18T04:38:13.953+0000] {sql.py:459} INFO - Rows affected: 0
[2024-02-18T04:38:14.035+0000] {base.py:83} INFO - Using connection ID 'mysql_connection' for task execution.
[2024-02-18T04:38:14.058+0000] {sql.py:450} INFO - Running statement: INSERT IGNORE INTO cities(name) VALUES ('Lebsackbury');, parameters: None
[2024-02-18T04:38:14.067+0000] {sql.py:459} INFO - Rows affected: 0
[2024-02-18T04:38:14.095+0000] {base.py:83} INFO - Using connection ID 'postgres_connection' for task execution.
[2024-02-18T04:38:14.126+0000] {sql.py:450} INFO - Running statement: INSERT INTO cities(name) VALUES ('Lebsackbury') ON CONFLICT DO NOTHING;, parameters: None
[2024-02-18T04:38:14.128+0000] {sql.py:459} INFO - Rows affected: 0
[2024-02-18T04:38:14.140+0000] {base.py:83} INFO - Using connection ID 'mysql_connection' for task execution.
[2024-02-18T04:38:14.149+0000] {sql.py:450} INFO - Running statement: INSERT IGNORE INTO cities(name) VALUES ('South Christy');, parameters: None
[2024-02-18T04:38:14.154+0000] {sql.py:459} INFO - Rows affected: 0
[2024-02-18T04:38:14.177+0000] {base.py:83} INFO - Using connection ID 'postgres_connection' for task execution.
[2024-02-18T04:38:14.184+0000] {sql.py:450} INFO - Running statement: INSERT INTO cities(name) VALUES ('South Christy') ON CONFLICT DO NOTHING;, parameters: None
[2024-02-18T04:38:14.187+0000] {sql.py:459} INFO - Rows affected: 0
[2024-02-18T04:38:14.201+0000] {base.py:83} INFO - Using connection ID 'mysql_connection' for task execution.
[2024-02-18T04:38:14.210+0000] {sql.py:450} INFO - Running statement: INSERT IGNORE INTO cities(name) VALUES ('South Elvis');, parameters: None
[2024-02-18T04:38:14.216+0000] {sql.py:459} INFO - Rows affected: 0
[2024-02-18T04:38:14.235+0000] {base.py:83} INFO - Using connection ID 'postgres_connection' for task execution.
[2024-02-18T04:38:14.246+0000] {sql.py:450} INFO - Running statement: INSERT INTO cities(name) VALUES ('South Elvis') ON CONFLICT DO NOTHING;, parameters: None
[2024-02-18T04:38:14.249+0000] {sql.py:459} INFO - Rows affected: 0
[2024-02-18T04:38:14.276+0000] {base.py:83} INFO - Using connection ID 'mysql_connection' for task execution.
[2024-02-18T04:38:14.292+0000] {sql.py:450} INFO - Running statement: INSERT IGNORE INTO cities(name) VALUES ('Wisokyburgh');, parameters: None
[2024-02-18T04:38:14.296+0000] {sql.py:459} INFO - Rows affected: 0
[2024-02-18T04:38:14.323+0000] {base.py:83} INFO - Using connection ID 'postgres_connection' for task execution.
[2024-02-18T04:38:14.342+0000] {sql.py:450} INFO - Running statement: INSERT INTO cities(name) VALUES ('Wisokyburgh') ON CONFLICT DO NOTHING;, parameters: None
[2024-02-18T04:38:14.345+0000] {sql.py:459} INFO - Rows affected: 0
[2024-02-18T04:38:14.365+0000] {base.py:83} INFO - Using connection ID 'mysql_connection' for task execution.
[2024-02-18T04:38:14.381+0000] {sql.py:450} INFO - Running statement: INSERT IGNORE INTO cities(name) VALUES ('Aliyaview');, parameters: None
[2024-02-18T04:38:14.385+0000] {sql.py:459} INFO - Rows affected: 0
[2024-02-18T04:38:14.401+0000] {base.py:83} INFO - Using connection ID 'postgres_connection' for task execution.
[2024-02-18T04:38:14.411+0000] {sql.py:450} INFO - Running statement: INSERT INTO cities(name) VALUES ('Aliyaview') ON CONFLICT DO NOTHING;, parameters: None
[2024-02-18T04:38:14.415+0000] {sql.py:459} INFO - Rows affected: 0
[2024-02-18T04:38:14.430+0000] {base.py:83} INFO - Using connection ID 'mysql_connection' for task execution.
[2024-02-18T04:38:14.438+0000] {sql.py:450} INFO - Running statement: INSERT IGNORE INTO cities(name) VALUES ('Gwenborough');, parameters: None
[2024-02-18T04:38:14.443+0000] {sql.py:459} INFO - Rows affected: 0
[2024-02-18T04:38:14.464+0000] {base.py:83} INFO - Using connection ID 'postgres_connection' for task execution.
[2024-02-18T04:38:14.472+0000] {sql.py:450} INFO - Running statement: INSERT INTO cities(name) VALUES ('Gwenborough') ON CONFLICT DO NOTHING;, parameters: None
[2024-02-18T04:38:14.475+0000] {sql.py:459} INFO - Rows affected: 0
[2024-02-18T04:38:14.494+0000] {base.py:83} INFO - Using connection ID 'mysql_connection' for task execution.
[2024-02-18T04:38:14.503+0000] {sql.py:450} INFO - Running statement: INSERT IGNORE INTO cities(name) VALUES ('Bartholomebury');, parameters: None
[2024-02-18T04:38:14.509+0000] {sql.py:459} INFO - Rows affected: 0
[2024-02-18T04:38:14.533+0000] {base.py:83} INFO - Using connection ID 'postgres_connection' for task execution.
[2024-02-18T04:38:14.542+0000] {sql.py:450} INFO - Running statement: INSERT INTO cities(name) VALUES ('Bartholomebury') ON CONFLICT DO NOTHING;, parameters: None
[2024-02-18T04:38:14.546+0000] {sql.py:459} INFO - Rows affected: 0
[2024-02-18T04:38:14.563+0000] {base.py:83} INFO - Using connection ID 'mysql_connection' for task execution.
[2024-02-18T04:38:14.571+0000] {sql.py:450} INFO - Running statement: INSERT IGNORE INTO cities(name) VALUES ('Howemouth');, parameters: None
[2024-02-18T04:38:14.575+0000] {sql.py:459} INFO - Rows affected: 0
[2024-02-18T04:38:14.590+0000] {base.py:83} INFO - Using connection ID 'postgres_connection' for task execution.
[2024-02-18T04:38:14.600+0000] {sql.py:450} INFO - Running statement: INSERT INTO cities(name) VALUES ('Howemouth') ON CONFLICT DO NOTHING;, parameters: None
[2024-02-18T04:38:14.604+0000] {sql.py:459} INFO - Rows affected: 0
[2024-02-18T04:38:14.636+0000] {base.py:83} INFO - Using connection ID 'mysql_connection' for task execution.
[2024-02-18T04:38:14.648+0000] {sql.py:450} INFO - Running statement: INSERT IGNORE INTO cities(name) VALUES ('McKenziehaven');, parameters: None
[2024-02-18T04:38:14.652+0000] {sql.py:459} INFO - Rows affected: 0
[2024-02-18T04:38:14.673+0000] {base.py:83} INFO - Using connection ID 'postgres_connection' for task execution.
[2024-02-18T04:38:14.692+0000] {sql.py:450} INFO - Running statement: INSERT INTO cities(name) VALUES ('McKenziehaven') ON CONFLICT DO NOTHING;, parameters: None
[2024-02-18T04:38:14.695+0000] {sql.py:459} INFO - Rows affected: 0
[2024-02-18T04:38:14.698+0000] {python.py:201} INFO - Done. Returned value was: None
[2024-02-18T04:38:14.764+0000] {taskinstance.py:1138} INFO - Marking task as SUCCESS. dag_id=Read_and_load_of_API_to_MySQLDB, task_id=load_cities_to_MySQL_and_Postgres, execution_date=20240211T000000, start_date=20240218T043813, end_date=20240218T043814
[2024-02-18T04:38:14.873+0000] {local_task_job_runner.py:234} INFO - Task exited with return code 0
[2024-02-18T04:38:14.957+0000] {taskinstance.py:3280} INFO - 1 downstream tasks scheduled from follow-on schedule check
