[2024-02-18T01:46:18.718+0000] {taskinstance.py:1956} INFO - Dependencies all met for dep_context=non-requeueable deps ti=<TaskInstance: Read_and_load_of_API_to_MySQLDB.cities_table scheduled__2024-02-11T00:00:00+00:00 [queued]>
[2024-02-18T01:46:18.895+0000] {taskinstance.py:1956} INFO - Dependencies all met for dep_context=requeueable deps ti=<TaskInstance: Read_and_load_of_API_to_MySQLDB.cities_table scheduled__2024-02-11T00:00:00+00:00 [queued]>
[2024-02-18T01:46:18.896+0000] {taskinstance.py:2170} INFO - Starting attempt 13 of 18
[2024-02-18T01:46:19.083+0000] {taskinstance.py:2191} INFO - Executing <Task(_PythonDecoratedOperator): cities_table> on 2024-02-11 00:00:00+00:00
[2024-02-18T01:46:19.111+0000] {standard_task_runner.py:60} INFO - Started process 1839 to run task
[2024-02-18T01:46:19.147+0000] {standard_task_runner.py:87} INFO - Running: ['***', 'tasks', 'run', 'Read_and_load_of_API_to_MySQLDB', 'cities_table', 'scheduled__2024-02-11T00:00:00+00:00', '--job-id', '520', '--raw', '--subdir', 'DAGS_FOLDER/CRM.py', '--cfg-path', '/tmp/tmpt7gojbd5']
[2024-02-18T01:46:19.164+0000] {standard_task_runner.py:88} INFO - Job 520: Subtask cities_table
[2024-02-18T01:46:19.789+0000] {task_command.py:423} INFO - Running <TaskInstance: Read_and_load_of_API_to_MySQLDB.cities_table scheduled__2024-02-11T00:00:00+00:00 [running]> on host 091c4b0f3ebe
[2024-02-18T01:46:20.447+0000] {taskinstance.py:2480} INFO - Exporting env vars: AIRFLOW_CTX_DAG_OWNER='jmoc' AIRFLOW_CTX_DAG_ID='Read_and_load_of_API_to_MySQLDB' AIRFLOW_CTX_TASK_ID='cities_table' AIRFLOW_CTX_EXECUTION_DATE='2024-02-11T00:00:00+00:00' AIRFLOW_CTX_TRY_NUMBER='13' AIRFLOW_CTX_DAG_RUN_ID='scheduled__2024-02-11T00:00:00+00:00'
[2024-02-18T01:46:20.532+0000] {base.py:83} INFO - Using connection ID 'mysql_connection' for task execution.
[2024-02-18T01:46:20.753+0000] {sql.py:450} INFO - Running statement: 
            CREATE TABLE IF NOT EXISTS cities(
              id INT AUTO_INCREMENT  PRIMARY KEY NOT NULL,
              name VARCHAR(25) NOT NULL UNIQUE  
            );

           , parameters: None
[2024-02-18T01:46:20.897+0000] {sql.py:459} INFO - Rows affected: 0
[2024-02-18T01:46:20.937+0000] {base.py:83} INFO - Using connection ID 'postgres_connection' for task execution.
[2024-02-18T01:46:20.953+0000] {sql.py:450} INFO - Running statement: 
            CREATE TABLE IF NOT EXISTS cities(
              id BIGSERIAL PRIMARY KEY NOT NULL,
              name VARCHAR(25) NOT NULL UNIQUE  
            );

           , parameters: None
[2024-02-18T01:46:21.052+0000] {python.py:201} INFO - Done. Returned value was: None
[2024-02-18T01:46:21.088+0000] {taskinstance.py:1138} INFO - Marking task as SUCCESS. dag_id=Read_and_load_of_API_to_MySQLDB, task_id=cities_table, execution_date=20240211T000000, start_date=20240218T014618, end_date=20240218T014621
[2024-02-18T01:46:21.211+0000] {local_task_job_runner.py:234} INFO - Task exited with return code 0
[2024-02-18T01:46:21.368+0000] {taskinstance.py:3280} INFO - 0 downstream tasks scheduled from follow-on schedule check
